Log file open, 07/28/17 13:25:03
LogInit:Display: Running engine for game: RTS
LogPlatformFile: Not using cached read wrapper
LogInit:Display: RandInit(1034004520) SRandInit(1034004520).
LogTaskGraph: Started task graph with 5 named threads and 8 total threads with 1 sets of task threads.
LogStats: Stats thread started at 0.075349
LogInit: Using libcurl 7.47.1
LogInit:  - built for x86_64-pc-win32
LogInit:  - supports SSL with OpenSSL/1.0.2g
LogInit:  - supports HTTP deflate (compression) using libz 1.2.8
LogInit:  - other features:
LogInit:      CURL_VERSION_SSL
LogInit:      CURL_VERSION_LIBZ
LogInit:      CURL_VERSION_IPV6
LogInit:      CURL_VERSION_ASYNCHDNS
LogInit:      CURL_VERSION_LARGEFILE
LogInit:      CURL_VERSION_IDN
LogInit:  CurlRequestOptions (configurable via config and command line):
LogInit:  - bVerifyPeer = false  - Libcurl will NOT verify peer certificate
LogInit:  - bUseHttpProxy = false  - Libcurl will NOT use HTTP proxy
LogInit:  - bDontReuseConnections = false  - Libcurl will reuse connections
LogInit:  - CertBundlePath = nullptr  - Libcurl will use whatever was configured at build time.
LogInit: WinSock: version 1.1 (2.2), MaxSocks=32767, MaxUdp=65467
LogInit: Build: ++UE4+Release-4.16-CL-3514769
LogInit: Engine Version: 4.16.2-3514769+++UE4+Release-4.16
LogInit: Compatible Engine Version: 4.16.0-3452394+++UE4+Release-4.16
LogInit: Net CL: 3452394
LogDevObjectVersion: Number of dev versions registered: 16
LogDevObjectVersion:   Dev-Blueprints (B0D832E4-1F89-4F0D-ACCF-7EB736FD4AA2): 9
LogDevObjectVersion:   Dev-Build (E1C64328-A22C-4D53-A36C-8E866417BD8C): 0
LogDevObjectVersion:   Dev-Core (375EC13C-06E4-48FB-B500-84F0262A717E): 2
LogDevObjectVersion:   Dev-Editor (E4B068ED-F494-42E9-A231-DA0B2E46BB41): 17
LogDevObjectVersion:   Dev-Framework (CFFC743F-43B0-4480-9391-14DF171D2073): 23
LogDevObjectVersion:   Dev-Mobile (B02B49B5-BB20-44E9-A304-32B752E40360): 0
LogDevObjectVersion:   Dev-Networking (A4E4105C-59A1-49B5-A7C5-40C4547EDFEE): 0
LogDevObjectVersion:   Dev-Online (39C831C9-5AE6-47DC-9A44-9C173E1C8E7C): 0
LogDevObjectVersion:   Dev-Physics (78F01B33-EBEA-4F98-B9B4-84EACCB95AA2): 0
LogDevObjectVersion:   Dev-Platform (6631380F-2D4D-43E0-8009-CF276956A95A): 0
LogDevObjectVersion:   Dev-Rendering (12F88B9F-8875-4AFC-A67C-D90C383ABD29): 15
LogDevObjectVersion:   Dev-Sequencer (7B5AE74C-D270-4C10-A958-57980B212A5A): 4
LogDevObjectVersion:   Dev-VR (D7296918-1DD6-4BDD-9DE2-64A83CC13884): 0
LogDevObjectVersion:   Dev-LoadTimes (C2A15278-BFE7-4AFE-6C17-90FF531DF755): 1
LogDevObjectVersion:   Private-Geometry (6EACA3D4-40EC-4CC1-B786-8BED09428FC5): 1
LogDevObjectVersion:   Dev-AnimPhys (29E575DD-E0A3-4627-9D10-D276232CDCEA): 3
LogInit: Compiled (64-bit): Jun 29 2017 02:03:24
LogInit: Compiled with Visual C++: 19.00.24215.01
LogInit: Build Configuration: Development
LogInit: Branch Name: ++UE4+Release-4.16
LogInit: Command line: -EpicPortal 
LogInit: Base directory: C:/Program Files/Epic Games/UE_4.16/Engine/Binaries/Win64/
LogInit: Installed Engine Build: 1
LogInit: Presizing for max 8388607 objects, including 0 objects not considered by GC, pre-allocating 0 bytes for permanent pool.
LogInit: Object subsystem initialized
[2017.07.28-11.25.03:581][  0]LogInit: Selected Device Profile: [Windows]
[2017.07.28-11.25.03:581][  0]LogInit: Applying CVar settings loaded from the selected device profile: [Windows]
[2017.07.28-11.25.03:592][  0]LogInit: Computer: DESKTOP-DQLM8VC
[2017.07.28-11.25.03:592][  0]LogInit: User: jmj19
[2017.07.28-11.25.03:592][  0]LogInit: CPU Page size=4096, Cores=4
[2017.07.28-11.25.03:592][  0]LogInit: High frequency timer resolution =3.703126 MHz
[2017.07.28-11.25.03:592][  0]LogMemory: Memory total: Physical=15.9GB (16GB approx)
[2017.07.28-11.25.03:592][  0]LogMemory: Platform Memory Stats for Windows
[2017.07.28-11.25.03:592][  0]LogMemory: Process Physical Memory: 273.73 MB used, 273.73 MB peak
[2017.07.28-11.25.03:592][  0]LogMemory: Process Virtual Memory: 266.71 MB used, 266.71 MB peak
[2017.07.28-11.25.03:592][  0]LogMemory: Physical Memory: 7940.40 MB used,  8386.96 MB free, 16327.37 MB total
[2017.07.28-11.25.03:592][  0]LogMemory: Virtual Memory: 645.12 MB used,  8386.96 MB free, 134217728.00 MB total
[2017.07.28-11.25.03:645][  0]LogInit: Using OS detected language (da-DK).
[2017.07.28-11.25.03:645][  0]LogInit: Using OS detected locale (da-DK).
[2017.07.28-11.25.03:646][  0]LogTextLocalizationManager: No localization for 'da-DK' exists, so 'en' will be used for the language.
[2017.07.28-11.25.03:646][  0]LogTextLocalizationManager: No localization for 'da-DK' exists, so 'en' will be used for the locale.
[2017.07.28-11.25.04:278][  0]LogD3D11RHI: D3D11 adapters:
[2017.07.28-11.25.04:725][  0]LogD3D11RHI:    0. 'NVIDIA GeForce GTX 1080 Ti' (Feature Level 11_0)
[2017.07.28-11.25.04:725][  0]LogD3D11RHI:       11117/0/8163 MB DedicatedVideo/DedicatedSystem/SharedSystem, Outputs:1, VendorId:0x10de
[2017.07.28-11.25.04:726][  0]LogD3D11RHI:    1. 'Microsoft Basic Render Driver' (Feature Level 11_0)
[2017.07.28-11.25.04:726][  0]LogD3D11RHI:       0/0/8163 MB DedicatedVideo/DedicatedSystem/SharedSystem, Outputs:0, VendorId:0x1414
[2017.07.28-11.25.04:726][  0]LogD3D11RHI: Chosen D3D11 Adapter: 0
[2017.07.28-11.25.04:731][  0]LogD3D11RHI: Creating new Direct3DDevice
[2017.07.28-11.25.04:731][  0]LogD3D11RHI:     GPU DeviceId: 0x1b06 (for the marketing name, search the web for "GPU Device Id")
[2017.07.28-11.25.04:731][  0]LogWindows: EnumDisplayDevices:
[2017.07.28-11.25.04:731][  0]LogWindows:    0. 'NVIDIA GeForce GTX 1080 Ti' (P:1 D:1)
[2017.07.28-11.25.04:731][  0]LogWindows:    1. 'NVIDIA GeForce GTX 1080 Ti' (P:0 D:0)
[2017.07.28-11.25.04:731][  0]LogWindows:    2. 'NVIDIA GeForce GTX 1080 Ti' (P:0 D:0)
[2017.07.28-11.25.04:731][  0]LogWindows:    3. 'NVIDIA GeForce GTX 1080 Ti' (P:0 D:0)
[2017.07.28-11.25.04:731][  0]LogWindows: DebugString: FoundDriverCount:4 
[2017.07.28-11.25.04:731][  0]LogD3D11RHI:     Adapter Name: NVIDIA GeForce GTX 1080 Ti
[2017.07.28-11.25.04:731][  0]LogD3D11RHI:   Driver Version: 384.76 (internal:22.21.13.8476, unified:384.76)
[2017.07.28-11.25.04:731][  0]LogD3D11RHI:      Driver Date: 6-27-2017
[2017.07.28-11.25.04:731][  0]LogRHI: Texture pool is 1361 MB (70% of 1945 MB)
[2017.07.28-11.25.05:155][  0]LogD3D11RHI: Async texture creation enabled
[2017.07.28-11.25.05:233][  0]LogD3D11RHI: GPU Timing Frequency: 1000.000000 (Debug: 2 2)
[2017.07.28-11.25.05:276][  0]LogShaderCompilers: Guid format shader working directory is -9 characters bigger than the processId version (../../../../../../Users/jmj19/Documents/GitHub/RTS2/RTS/Intermediate/Shaders/WorkingDirectory/6636/).
[2017.07.28-11.25.05:276][  0]LogShaderCompilers: Cleaned the shader compiler working directory 'C:/Users/jmj19/AppData/Local/Temp/UnrealShaderWorkingDir/E220203542EAB3D644832EB8DC1EA31B/'.
[2017.07.28-11.25.05:276][  0]LogShaderCompilers:Display: Using Local Shader Compiler.
[2017.07.28-11.25.06:060][  0]LogTemp:Display: Loaded TP AllDesktopTargetPlatform
[2017.07.28-11.25.06:094][  0]LogTemp:Display: Loaded TP MacClientTargetPlatform
[2017.07.28-11.25.06:128][  0]LogTemp:Display: Loaded TP MacNoEditorTargetPlatform
[2017.07.28-11.25.06:162][  0]LogTemp:Display: Loaded TP MacServerTargetPlatform
[2017.07.28-11.25.06:198][  0]LogTemp:Display: Loaded TP MacTargetPlatform
[2017.07.28-11.25.06:231][  0]LogTemp:Display: Loaded TP WindowsClientTargetPlatform
[2017.07.28-11.25.06:265][  0]LogTemp:Display: Loaded TP WindowsNoEditorTargetPlatform
[2017.07.28-11.25.06:299][  0]LogTemp:Display: Loaded TP WindowsServerTargetPlatform
[2017.07.28-11.25.06:328][  0]LogTemp:Display: Loaded TP WindowsTargetPlatform
[2017.07.28-11.25.06:361][  0]LogTemp:Display: Loaded TP AndroidTargetPlatform
[2017.07.28-11.25.06:395][  0]LogTemp:Display: Loaded TP Android_ASTCTargetPlatform
[2017.07.28-11.25.06:428][  0]LogTemp:Display: Loaded TP Android_ATCTargetPlatform
[2017.07.28-11.25.06:461][  0]LogTemp:Display: Loaded TP Android_DXTTargetPlatform
[2017.07.28-11.25.06:494][  0]LogTemp:Display: Loaded TP Android_ETC1TargetPlatform
[2017.07.28-11.25.06:526][  0]LogTemp:Display: Loaded TP Android_ETC2TargetPlatform
[2017.07.28-11.25.06:593][  0]LogTemp:Display: Loaded TP Android_MultiTargetPlatform
[2017.07.28-11.25.06:593][  0]LogTemp:Display: Loaded TP Android_PVRTCTargetPlatform
[2017.07.28-11.25.06:618][  0]LogTemp:Display: Loaded TP HTML5TargetPlatform
[2017.07.28-11.25.06:687][  0]LogTemp:Display: Loaded TP IOSTargetPlatform
[2017.07.28-11.25.06:707][  0]LogTemp:Display: Loaded TP TVOSTargetPlatform
[2017.07.28-11.25.06:740][  0]LogTemp:Display: Loaded TP LinuxClientTargetPlatform
[2017.07.28-11.25.06:773][  0]LogTemp:Display: Loaded TP LinuxNoEditorTargetPlatform
[2017.07.28-11.25.06:805][  0]LogTemp:Display: Loaded TP LinuxServerTargetPlatform
[2017.07.28-11.25.06:838][  0]LogTemp:Display: Loaded TP LinuxTargetPlatform
[2017.07.28-11.25.06:838][  0]LogTargetPlatformManager:Display: Building Assets For Windows
[2017.07.28-11.25.07:166][  0]LogDerivedDataCache:Display: Max Cache Size: 512 MB
[2017.07.28-11.25.07:240][  0]LogDerivedDataCache: Loaded boot cache 0.07s 90MB C:/Users/jmj19/AppData/Local/UnrealEngine/4.16/DerivedDataCache/Boot.ddc.
[2017.07.28-11.25.07:240][  0]LogDerivedDataCache:Display: Loaded Boot cache: C:/Users/jmj19/AppData/Local/UnrealEngine/4.16/DerivedDataCache/Boot.ddc
[2017.07.28-11.25.07:240][  0]LogDerivedDataCache: FDerivedDataBackendGraph:  Pak pak cache file ../../../../../../Users/jmj19/Documents/GitHub/RTS2/RTS/DerivedDataCache/DDC.ddp not found, will not use a pak cache.
[2017.07.28-11.25.07:240][  0]LogDerivedDataCache: Unable to find inner node Pak for hierarchical cache Hierarchy.
[2017.07.28-11.25.07:240][  0]LogDerivedDataCache: FDerivedDataBackendGraph:  CompressedPak pak cache file ../../../../../../Users/jmj19/Documents/GitHub/RTS2/RTS/DerivedDataCache/Compressed.ddp not found, will not use a pak cache.
[2017.07.28-11.25.07:240][  0]LogDerivedDataCache: Unable to find inner node CompressedPak for hierarchical cache Hierarchy.
[2017.07.28-11.25.07:251][  0]LogDerivedDataCache:Display: Pak cache opened for reading ../../../Engine/DerivedDataCache/Compressed.ddp.
[2017.07.28-11.25.07:262][  0]LogDerivedDataCache: Using Local data cache path C:/Users/jmj19/AppData/Local/UnrealEngine/Common/DerivedDataCache: Writable
[2017.07.28-11.25.07:269][  0]LogMaterial: Verifying Global Shaders for PCD3D_SM5
[2017.07.28-11.25.07:269][  0]LogSlate: Using Freetype 2.6.0
[2017.07.28-11.25.07:269][  0]LogSlate: SlateFontCache - WITH_FREETYPE: 1, WITH_HARFBUZZ: 1
[2017.07.28-11.25.07:270][  0]LogSlate: SlateFontCache - WITH_FREETYPE: 1, WITH_HARFBUZZ: 1
[2017.07.28-11.25.07:484][  0]LogInit: Selected Device Profile: [Windows]
[2017.07.28-11.25.07:536][  0]LogContentStreaming: Texture pool size is 0.00 MB
[2017.07.28-11.25.07:646][  0]LogMeshUtilities: Using QuadricMeshReduction for automatic static mesh reduction
[2017.07.28-11.25.07:678][  0]LogSimplygon: Simplygon DLL not present - disabling.
[2017.07.28-11.25.07:711][  0]LogMeshUtilities: Using SimplygonSwarm for distributed automatic mesh merging
[2017.07.28-11.25.07:711][  0]LogMeshUtilities: No automatic skeletal mesh reduction module available
[2017.07.28-11.25.07:711][  0]LogMeshUtilities: No automatic mesh merging module available
[2017.07.28-11.25.08:085][  0]LogNetVersion: RTS , NetCL: 3452394, EngineNetVer: 2, GameNetVer: 0 (Checksum: 2270150060)
[2017.07.28-11.25.08:132][  0]LogAssetRegistry: FAssetRegistry took 0.0238 seconds to start up
[2017.07.28-11.25.08:159][  0]LogPackageLocalizationCache: Processed 4 localized package path(s) for 1 prioritized culture(s) in 0.011677 seconds
[2017.07.28-11.25.08:163][  0]LogUObjectArray: 34194 objects as part of root set at end of initial load.
[2017.07.28-11.25.08:163][  0]LogUObjectAllocator: 7260416 out of 0 bytes used by permanent object pool.
[2017.07.28-11.25.08:163][  0]LogUObjectArray: CloseDisregardForGC: 0/0 objects in disregard for GC pool
[2017.07.28-11.25.09:839][  0]LogTcpMessaging: Initializing TcpMessaging bridge
[2017.07.28-11.25.09:869][  0]LogUdpMessaging: Initializing bridge on interface 0.0.0.0:0 to multicast group 230.0.0.1:6666.
[2017.07.28-11.25.10:239][  0]LogMaterial: Uniform references updated for custom material expression Custom.
[2017.07.28-11.25.10:498][  0]SourceControl: Info Source control is disabled
[2017.07.28-11.25.10:499][  0]SourceControl: Info Source control is disabled
[2017.07.28-11.25.10:530][  0]SourceControl: Info Source control is disabled
[2017.07.28-11.25.10:560][  0]SourceControl: Info Source control is disabled
[2017.07.28-11.25.10:965][  0]LogAndroidPermission: UAndroidPermissionCallbackProxy::GetInstance
[2017.07.28-11.25.11:354][  0]LogEngine: Initializing Engine...
[2017.07.28-11.25.11:354][  0]LogHMD: Failed to initialize OpenVR with code 110
[2017.07.28-11.25.11:500][  0]LogStats: UGameplayTagsManager::ConstructGameplayTagTree: Construct from data asset -  0.000 s
[2017.07.28-11.25.11:500][  0]LogStats: UGameplayTagsManager::ConstructGameplayTagTree: GameplayTagTreeChangedEvent.Broadcast -  0.000 s
[2017.07.28-11.25.11:588][  0]LogAIModule: Creating AISystem for world Untitled
[2017.07.28-11.25.11:595][  0]LogInit: XAudio2 using 'Højttalere (G510 Gaming Keyboard)' : 2 channels at 48 kHz using 16 bits per sample (channel mask 0x3)
[2017.07.28-11.25.11:602][  0]LogInit: FAudioDevice initialized.
[2017.07.28-11.25.11:637][  0]LogDerivedDataCache: Saved boot cache 0.04s 90MB C:/Users/jmj19/AppData/Local/UnrealEngine/4.16/DerivedDataCache/Boot.ddc.
[2017.07.28-11.25.11:649][  0]LogInit: Texture streaming: Enabled
[2017.07.28-11.25.11:714][  0]LogEngineSessionManager: EngineSessionManager initialized
[2017.07.28-11.25.11:859][  0]LogInit: Transaction tracking system initialized
[2017.07.28-11.25.12:065][  0]BlueprintLog: New page: Editor Load
[2017.07.28-11.25.12:698][  0]LocalizationService: Info Localization service is disabled
[2017.07.28-11.25.13:153][  0]LogConsoleResponse:Display: 
[2017.07.28-11.25.13:256][  0]LogCook:Display: Max memory allowance for cook 16384mb min free memory 0mb
[2017.07.28-11.25.13:256][  0]LogCook:Display: Mobile HDR setting 1
[2017.07.28-11.25.13:272][  0]LogFileCache: Scanning file cache for directory 'C:/Users/jmj19/Documents/GitHub/RTS2/RTS/Content/' took 0.01s
[2017.07.28-11.25.13:941][  0]SourceControl: Info Source control is disabled
[2017.07.28-11.25.13:941][  0]Cmd: MAP LOAD FILE="../../../../../../Users/jmj19/Documents/GitHub/RTS2/RTS/Content/Maps/MenuMap.umap" TEMPLATE=0 SHOWPROGRESS=1 FEATURELEVEL=3
[2017.07.28-11.25.13:941][  0]LightingResults: New page: Lighting Build
[2017.07.28-11.25.13:969][  0]MapCheck: New page: Map Check
[2017.07.28-11.25.13:969][  0]LightingResults: New page: Lighting Build
[2017.07.28-11.25.14:026][  0]LogAIModule: Creating AISystem for world MenuMap
[2017.07.28-11.25.14:027][  0]LogEditorServer: Finished looking for orphan Actors (0.000 secs)
[2017.07.28-11.25.14:033][  0]Cmd: MAP CHECKDEP NOCLEARLOG
[2017.07.28-11.25.14:062][  0]MapCheck: Info Map check complete: 0 Error(s), 0 Warning(s), took 28.992ms to complete.
[2017.07.28-11.25.14:062][  0]LogFileHelpers: Loading map 'MenuMap' took 0.122
[2017.07.28-11.25.14:137][  0]LogWindowsTextInputMethodSystem:Display: IME system now deactivated.
[2017.07.28-11.25.14:214][  0]LogCollectionManager: Loaded 0 collections in 0.001049 seconds
[2017.07.28-11.25.14:309][  0]LogFileCache: Scanning file cache for directory 'C:/Users/jmj19/Documents/GitHub/RTS2/RTS/Saved/Collections/' took 0.01s
[2017.07.28-11.25.14:309][  0]LogFileCache: Scanning file cache for directory 'C:/Users/jmj19/Documents/GitHub/RTS2/RTS/Content/Developers/jmj19/Collections/' took 0.01s
[2017.07.28-11.25.14:309][  0]LogFileCache: Scanning file cache for directory 'C:/Users/jmj19/Documents/GitHub/RTS2/RTS/Content/Collections/' took 0.01s
[2017.07.28-11.25.14:309][  0]LogCollectionManager: Rebuilt the GUID cache for 0 collections in 0.000002 seconds
[2017.07.28-11.25.14:322][  0]LogContentBrowser: Native class hierarchy populated in 0.0126 seconds. Added 2329 classes and 491 folders.
[2017.07.28-11.25.14:415][  0]LogContentBrowser: Native class hierarchy updated for 'WidgetCarousel' in 0.0007 seconds. Added 0 classes and 0 folders.
[2017.07.28-11.25.14:463][  0]LogContentBrowser: Native class hierarchy updated for 'AddContentDialog' in 0.0008 seconds. Added 0 classes and 0 folders.
[2017.07.28-11.25.14:507][  0]LogContentBrowser: Native class hierarchy updated for 'SceneOutliner' in 0.0005 seconds. Added 1 classes and 2 folders.
[2017.07.28-11.25.14:541][  0]LogCrashTracker: Crashtracker disabled due to settings.
[2017.07.28-11.25.14:545][  0]LogSlate: Took 0.000279 seconds to synchronously load lazily loaded font '../../../Engine/Content/Slate/Fonts/Roboto-Regular.ttf' (155K)
[2017.07.28-11.25.14:546][  0]LogSlate: Took 0.000197 seconds to synchronously load lazily loaded font '../../../Engine/Content/Slate/Fonts/Roboto-Bold.ttf' (160K)
[2017.07.28-11.25.14:551][  0]LogSlate: Took 0.000230 seconds to synchronously load lazily loaded font '../../../Engine/Content/Editor/Slate/Fonts/FontAwesome.ttf' (139K)
[2017.07.28-11.25.14:622][  0]LogRenderer: Reallocating scene render targets to support 1616x808 NumSamples 1 (Frame:1).
[2017.07.28-11.25.14:771][  0]LogContentBrowser: Native class hierarchy updated for 'HierarchicalLODOutliner' in 0.0004 seconds. Added 1 classes and 2 folders.
[2017.07.28-11.25.14:772][  0]LogLoad: (Engine Initialization) Total time: 12.42 seconds
[2017.07.28-11.25.14:772][  0]LogLoad: (Engine Initialization) Total Blueprint compile time: 0.05 seconds
[2017.07.28-11.25.14:772][  0]LogExternalProfiler: No external profilers were discovered.  External profiling features will not be available.
[2017.07.28-11.25.14:782][  0]LogOcInput: OculusInput pre-init called
[2017.07.28-11.25.14:782][  0]LogHMD: Starting GearVRController plugin
[2017.07.28-11.25.14:792][  0]LogAssetRegistry: Asset discovery search completed in 6.6809 seconds
[2017.07.28-11.25.14:793][  0]LogCollectionManager: Rebuilt the object cache for 0 collections in 0.000001 seconds (found 0 objects)
[2017.07.28-11.25.14:793][  0]LogCollectionManager: Fixed up redirectors for 0 collections in 0.000027 seconds (updated 0 objects)
[2017.07.28-11.25.14:795][  0]LogContentStreaming: Texture pool size now 1000 MB
[2017.07.28-11.25.15:794][113]LogSlate: Took 0.000139 seconds to synchronously load lazily loaded font '../../../Engine/Content/Slate/Fonts/Roboto-Light.ttf' (159K)
[2017.07.28-11.25.22:888][961]LogPlayLevel: PlayLevel: No blueprints needed recompiling
[2017.07.28-11.25.22:888][961]LogOnline:Display: OSS: FOnlineSubsystemNull::Shutdown()
[2017.07.28-11.25.22:888][961]LogOnline:Display: OSS: FOnlineAsyncTaskManager::Stop() ActiveTask:0000000000000000 Tasks[0/0]
[2017.07.28-11.25.22:900][961]LogOnline:Display: OSS: FOnlineAsyncTaskManager::Exit() started
[2017.07.28-11.25.22:900][961]LogOnline:Display: OSS: FOnlineAsyncTaskManager::Exit() finished
[2017.07.28-11.25.22:900][961]PIE: New page: PIE session: MenuMap (Jul 28, 2017, 3:25:22 PM)
[2017.07.28-11.25.22:900][961]LogPlayLevel: Creating play world package: /Game/Maps/UEDPIE_0_MenuMap
[2017.07.28-11.25.22:901][961]LogPlayLevel: PIE: StaticDuplicateObject took: (0.000368s)
[2017.07.28-11.25.22:901][961]LogAIModule: Creating AISystem for world MenuMap
[2017.07.28-11.25.22:901][961]LogPlayLevel: PIE: World Init took: (0.000393s)
[2017.07.28-11.25.22:901][961]LogPlayLevel: PIE: Created PIE world by copying editor world from /Game/Maps/MenuMap.MenuMap to /Game/Maps/UEDPIE_0_MenuMap.MenuMap (0.000887s)
[2017.07.28-11.25.22:910][961]LogInit: XAudio2 using 'Højttalere (G510 Gaming Keyboard)' : 2 channels at 48 kHz using 16 bits per sample (channel mask 0x3)
[2017.07.28-11.25.22:915][961]LogInit: FAudioDevice initialized.
[2017.07.28-11.25.22:956][961]LogLoad: Game class is 'BP_GameMode_Menu_C'
[2017.07.28-11.25.22:958][961]LogWorld: Bringing World /Game/Maps/UEDPIE_0_MenuMap.MenuMap up for play (max tick rate 0) at 2017.07.28-13.25.22
[2017.07.28-11.25.22:958][961]LogWorld: Bringing up level for play took: 0.000485
[2017.07.28-11.25.23:068][961]LogContentBrowser: Native class hierarchy updated for 'MovieSceneCapture' in 0.0009 seconds. Added 11 classes and 0 folders.
[2017.07.28-11.25.23:071][961]PIE: Info Play in editor start time for /Game/Maps/UEDPIE_0_MenuMap 0.596
[2017.07.28-11.25.26:865][413]LogInit: WinSock: I am DESKTOP-DQLM8VC (192.168.1.14:0)
[2017.07.28-11.25.31:859][ 13]LogBlueprintUserMessages: [BP_GameInstance_C_0] Lobby has been joined
[2017.07.28-11.25.31:863][ 13]LogNet: Browse: 192.168.1.13//Game/Maps/MenuMap
[2017.07.28-11.25.31:864][ 13]LogTemp:Display: ParseSettings for GameNetDriver
[2017.07.28-11.25.31:864][ 13]LogTemp:Display: ParseSettings for IpNetDriver_0
[2017.07.28-11.25.31:864][ 13]LogTemp:Display: ParseSettings for PendingNetDriver
[2017.07.28-11.25.31:864][ 13]LogInit: WinSock: Socket queue 32768 / 32768
[2017.07.28-11.25.31:864][ 13]PacketHandlerLog: Loaded PacketHandler component: Engine.EngineHandlerComponentFactory (StatelessConnectHandlerComponent)
[2017.07.28-11.25.31:864][ 13]LogNet: Game client on port 7777, rate 10000
[2017.07.28-11.25.31:864][ 13]LogNetVersion: RTS 1.0.0.0, NetCL: 3452394, EngineNetVer: 2, GameNetVer: 0 (Checksum: 2665052696)
[2017.07.28-11.25.31:864][ 13]LogNet: UPendingNetGame::InitNetDriver: Sending hello. [UNetConnection] RemoteAddr: 192.168.1.13:7777, Name: IpConnection_0, Driver: PendingNetDriver IpNetDriver_0, IsServer: NO, PC: NULL, Owner: NULL
[2017.07.28-11.25.31:872][ 14]LogHandshake: SendChallengeResponse. Timestamp: 13.474033, Cookie: 169065172194065121156093090110203236145123161160250184032090
[2017.07.28-11.25.31:905][ 18]LogNet: Welcomed by server (Level: /Game/Maps/UEDPIE_0_LobbyMap, Game: /Game/Blueprints/Menu/BP_GameMode_Lobby.BP_GameMode_Lobby_C)
[2017.07.28-11.25.31:905][ 18]LogLoad: LoadMap: 192.168.1.13//Game/Maps/UEDPIE_0_LobbyMap?game=/Game/Blueprints/Menu/BP_GameMode_Lobby.BP_GameMode_Lobby_C
[2017.07.28-11.25.31:912][ 18]Cmd: MEM
[2017.07.28-11.25.31:917][ 18]LogMemory: Platform Memory Stats for Windows
[2017.07.28-11.25.31:917][ 18]LogMemory: Process Physical Memory: 993.45 MB used, 1146.22 MB peak
[2017.07.28-11.25.31:917][ 18]LogMemory: Process Virtual Memory: 1449.81 MB used, 1525.09 MB peak
[2017.07.28-11.25.31:917][ 18]LogMemory: Physical Memory: 7843.04 MB used,  8484.32 MB free, 16327.37 MB total
[2017.07.28-11.25.31:917][ 18]LogMemory: Virtual Memory: 2312.37 MB used,  8484.32 MB free, 134217728.00 MB total
[2017.07.28-11.25.31:917][ 18]LogMemory: 
[2017.07.28-11.25.31:917][ 18]Allocator Stats for TBB: (not implemented)
[2017.07.28-11.25.31:917][ 18]LogLinker:Warning: Can't find file '/Game/Maps/UEDPIE_0_LobbyMap'
[2017.07.28-11.25.31:917][ 18]LogNet: Browse: /Game/Maps/MenuMap?Name=Player
[2017.07.28-11.25.31:917][ 18]LogLoad: LoadMap: /Game/Maps/MenuMap?Name=Player
[2017.07.28-11.25.31:923][ 18]Cmd: MEM
[2017.07.28-11.25.31:928][ 18]LogMemory: Platform Memory Stats for Windows
[2017.07.28-11.25.31:928][ 18]LogMemory: Process Physical Memory: 993.89 MB used, 1146.22 MB peak
[2017.07.28-11.25.31:928][ 18]LogMemory: Process Virtual Memory: 1449.81 MB used, 1525.09 MB peak
[2017.07.28-11.25.31:928][ 18]LogMemory: Physical Memory: 7843.07 MB used,  8484.29 MB free, 16327.37 MB total
[2017.07.28-11.25.31:928][ 18]LogMemory: Virtual Memory: 2312.37 MB used,  8484.29 MB free, 134217728.00 MB total
[2017.07.28-11.25.31:928][ 18]LogMemory: 
[2017.07.28-11.25.31:928][ 18]Allocator Stats for TBB: (not implemented)
[2017.07.28-11.25.31:928][ 18]LogPlayLevel: Creating play world package: /Game/Maps/UEDPIE_0_MenuMap
[2017.07.28-11.25.31:928][ 18]LogPlayLevel: PIE: StaticDuplicateObject took: (0.000365s)
[2017.07.28-11.25.31:929][ 18]LogAIModule: Creating AISystem for world MenuMap
[2017.07.28-11.25.31:929][ 18]LogPlayLevel: PIE: World Init took: (0.000432s)
[2017.07.28-11.25.31:929][ 18]LogPlayLevel: PIE: Created PIE world by copying editor world from /Game/Maps/MenuMap.MenuMap to /Game/Maps/UEDPIE_0_MenuMap.MenuMap (0.000903s)
[2017.07.28-11.25.31:929][ 18]LogLoad: Game class is 'BP_GameMode_Menu_C'
[2017.07.28-11.25.31:930][ 18]LogWorld: Bringing World /Game/Maps/UEDPIE_0_MenuMap.MenuMap up for play (max tick rate 0) at 2017.07.28-13.25.31
[2017.07.28-11.25.31:930][ 18]LogWorld: Bringing up level for play took: 0.000453
[2017.07.28-11.25.31:930][ 18]LogGameMode: FindPlayerStart: PATHS NOT DEFINED or NO PLAYERSTART with positive rating
[2017.07.28-11.25.31:931][ 18]LogLoad: Took 0.013999 seconds to LoadMap(/Game/Maps/UEDPIE_0_MenuMap)
[2017.07.28-11.25.31:931][ 18]LogNet:Warning: Travel Failure: [LoadMapFailure]: Failed to load package '/Game/Maps/UEDPIE_0_LobbyMap'
[2017.07.28-11.25.31:931][ 18]LogNet:Warning: TravelFailure: LoadMapFailure, Reason for Failure: 'Failed to load package '/Game/Maps/UEDPIE_0_LobbyMap''. Shutting down PIE.
[2017.07.28-11.25.31:931][ 18]PIE:Warning: Warning TravelFailure: LoadMapFailure, Reason for Failure: 'Failed to load package '/Game/Maps/UEDPIE_0_LobbyMap''. Shutting down PIE.
[2017.07.28-11.25.31:962][ 18]LogOnline:Display: OSS: FOnlineSubsystemNull::Shutdown()
[2017.07.28-11.25.31:962][ 18]LogOnline:Display: OSS: FOnlineAsyncTaskManager::Stop() ActiveTask:0000000000000000 Tasks[0/0]
[2017.07.28-11.25.31:963][ 18]LogOnline:Display: OSS: FOnlineAsyncTaskManager::Exit() started
[2017.07.28-11.25.31:963][ 18]LogOnline:Display: OSS: FOnlineAsyncTaskManager::Exit() finished
[2017.07.28-11.25.31:963][ 18]LogPlayLevel:Display: Shutting down PIE online subsystems
[2017.07.28-11.25.31:972][ 18]LogNet: UChannel::CleanUp: ChIndex == 0. Closing connection. [UChannel] ChIndex: 0, Closing: 0 [UNetConnection] RemoteAddr: 192.168.1.13:7777, Name: IpConnection_0, Driver: PendingNetDriver IpNetDriver_0, IsServer: NO, PC: NULL, Owner: NULL
[2017.07.28-11.25.31:972][ 18]LogNet: UNetConnection::Close: [UNetConnection] RemoteAddr: 192.168.1.13:7777, Name: IpConnection_0, Driver: PendingNetDriver IpNetDriver_0, IsServer: NO, PC: NULL, Owner: NULL, Channels: 2, Time: 2017.07.28-11.25.31
[2017.07.28-11.25.31:972][ 18]LogNet: UChannel::Close: Sending CloseBunch. ChIndex == 0. Name: [UChannel] ChIndex: 0, Closing: 0 [UNetConnection] RemoteAddr: 192.168.1.13:7777, Name: IpConnection_0, Driver: PendingNetDriver IpNetDriver_0, IsServer: NO, PC: NULL, Owner: NULL
[2017.07.28-11.25.31:974][ 18]LogExit: PendingNetDriver None shut down
[2017.07.28-11.25.32:023][ 20]LogPlayLevel:Display: Destroying online subsystem :Context_1
[2017.07.28-11.25.32:023][ 20]LogOnline:Display: OSS: FOnlineSubsystemNull::Shutdown()
[2017.07.28-11.28.51:206][656]LogSlate: Took 0.000105 seconds to synchronously load lazily loaded font '../../../Engine/Content/Slate/Fonts/Roboto-Light.ttf' (159K)
[2017.07.28-11.28.51:212][656]Cmd: OBJ SAVEPACKAGE PACKAGE="/Game/Maps/MenuMap" FILE="../../../../../../Users/jmj19/Documents/GitHub/RTS2/RTS/Saved/Autosaves/Game/Maps/UEDPCMenuMap.umap" SILENT=true AUTOSAVING=true KEEPDIRTY=true
[2017.07.28-11.28.51:228][656]LogSavePackage: Save=9.38ms
[2017.07.28-11.28.51:228][656]LogSavePackage: Moving '../../../../../../Users/jmj19/Documents/GitHub/RTS2/RTS/Saved/UEDPCMenuMapCB21070A4E5B77FC6CC884A8567FC2AD.tmp' to '../../../../../../Users/jmj19/Documents/GitHub/RTS2/RTS/Saved/Autosaves/Game/Maps/UEDPCMenuMap.umap'
[2017.07.28-11.28.51:229][656]LogSavePackage:Display: Finished SavePackage ../../../../../../Users/jmj19/Documents/GitHub/RTS2/RTS/Saved/Autosaves/Game/Maps/UEDPCMenuMap.umap
[2017.07.28-11.28.51:235][656]LogEditorTransaction: Undo Spawn Play From Here Start
[2017.07.28-11.30.03:991][ 66]LogWindowsTextInputMethodSystem:Display: IME system now deactivated.
[2017.07.28-11.30.04:155][ 67]Cmd: QUIT_EDITOR
[2017.07.28-11.30.04:211][ 67]LogExit: Preparing to exit.
[2017.07.28-11.30.05:068][ 67]LogDirectoryWatcher: A directory notification for 'C:/Users/jmj19/Documents/GitHub/RTS2/RTS/Content/' was aborted.
[2017.07.28-11.30.05:090][ 67]LogExit: Editor shut down
[2017.07.28-11.30.05:095][ 67]LogExit: Transaction tracking system shut down
[2017.07.28-11.30.05:142][ 67]LogObj: Freed 0b from 0 cluster array pools.
[2017.07.28-11.30.05:142][ 67]LogExit: Object subsystem successfully closed.
[2017.07.28-11.30.05:161][ 67]LogD3D11RHI: Shutdown
[2017.07.28-11.30.05:161][ 67]LogD3D11RHI: CleanupD3DDevice
[2017.07.28-11.30.05:202][ 67]LogD3D11RHI: ~FD3D11DynamicRHI
[2017.07.28-11.30.05:213][ 67]LogModuleManager: Shutting down and abandoning module MovieSceneCapture (528)
[2017.07.28-11.30.05:213][ 67]LogModuleManager: Shutting down and abandoning module Voice (526)
[2017.07.28-11.30.05:213][ 67]LogModuleManager: Shutting down and abandoning module HierarchicalLODOutliner (524)
[2017.07.28-11.30.05:213][ 67]LogModuleManager: Shutting down and abandoning module CrashTracker (522)
[2017.07.28-11.30.05:213][ 67]LogModuleManager: Shutting down and abandoning module SceneOutliner (520)
[2017.07.28-11.30.05:213][ 67]LogModuleManager: Shutting down and abandoning module AddContentDialog (518)
[2017.07.28-11.30.05:213][ 67]LogDirectoryWatcher: A directory notification for 'C:/Program Files/Epic Games/UE_4.16/FeaturePacks/' was aborted.
[2017.07.28-11.30.05:214][ 67]LogModuleManager: Shutting down and abandoning module WidgetCarousel (517)
[2017.07.28-11.30.05:214][ 67]LogModuleManager: Shutting down and abandoning module EditorWidgets (514)
[2017.07.28-11.30.05:214][ 67]LogModuleManager: Shutting down and abandoning module CollectionManager (512)
[2017.07.28-11.30.05:214][ 67]LogDirectoryWatcher: A directory notification for 'C:/Users/jmj19/Documents/GitHub/RTS2/RTS/Content/Collections/' was aborted.
[2017.07.28-11.30.05:214][ 67]LogDirectoryWatcher: A directory notification for 'C:/Users/jmj19/Documents/GitHub/RTS2/RTS/Content/Developers/jmj19/Collections/' was aborted.
[2017.07.28-11.30.05:214][ 67]LogDirectoryWatcher: A directory notification for 'C:/Users/jmj19/Documents/GitHub/RTS2/RTS/Saved/Collections/' was aborted.
[2017.07.28-11.30.05:214][ 67]LogModuleManager: Shutting down and abandoning module StatsViewer (510)
[2017.07.28-11.30.05:214][ 67]LogModuleManager: Shutting down and abandoning module FoliageEdit (508)
[2017.07.28-11.30.05:214][ 67]LogModuleManager: Shutting down and abandoning module LandscapeEditor (506)
[2017.07.28-11.30.05:214][ 67]LogModuleManager: Shutting down and abandoning module MeshPaintMode (504)
[2017.07.28-11.30.05:214][ 67]LogModuleManager: Shutting down and abandoning module SceneDepthPickerMode (502)
[2017.07.28-11.30.05:214][ 67]LogModuleManager: Shutting down and abandoning module ActorPickerMode (500)
[2017.07.28-11.30.05:214][ 67]LogModuleManager: Shutting down and abandoning module GeometryMode (498)
[2017.07.28-11.30.05:214][ 67]LogModuleManager: Shutting down and abandoning module TextureAlignMode (496)
[2017.07.28-11.30.05:214][ 67]LogModuleManager: Shutting down and abandoning module BspMode (494)
[2017.07.28-11.30.05:214][ 67]LogModuleManager: Shutting down and abandoning module HardwareSurvey (492)
[2017.07.28-11.30.05:214][ 67]LogModuleManager: Shutting down and abandoning module SequenceRecorderSections (490)
[2017.07.28-11.30.05:214][ 67]LogModuleManager: Shutting down and abandoning module AutomationWorker (488)
[2017.07.28-11.30.05:214][ 67]LogModuleManager: Shutting down and abandoning module MatineeToLevelSequence (486)
[2017.07.28-11.30.05:214][ 67]LogModuleManager: Shutting down and abandoning module LevelSequenceEditor (484)
[2017.07.28-11.30.05:214][ 67]LogModuleManager: Shutting down and abandoning module PlacementMode (483)
[2017.07.28-11.30.05:214][ 67]LogModuleManager: Shutting down and abandoning module WmfMediaFactory (480)
[2017.07.28-11.30.05:214][ 67]LogModuleManager: Shutting down and abandoning module WmfMediaEditor (478)
[2017.07.28-11.30.05:214][ 67]LogModuleManager: Shutting down and abandoning module AvfMediaFactory (476)
[2017.07.28-11.30.05:214][ 67]LogModuleManager: Shutting down and abandoning module AvfMediaEditor (474)
[2017.07.28-11.30.05:214][ 67]LogModuleManager: Shutting down and abandoning module AndroidMediaFactory (472)
[2017.07.28-11.30.05:214][ 67]LogModuleManager: Shutting down and abandoning module Media (471)
[2017.07.28-11.30.05:214][ 67]LogModuleManager: Shutting down and abandoning module AndroidMediaEditor (468)
[2017.07.28-11.30.05:214][ 67]LogModuleManager: Shutting down and abandoning module CharacterAI (466)
[2017.07.28-11.30.05:214][ 67]LogModuleManager: Shutting down and abandoning module AudioCapture (464)
[2017.07.28-11.30.05:214][ 67]LogModuleManager: Shutting down and abandoning module SequenceRecorder (463)
[2017.07.28-11.30.05:214][ 67]LogModuleManager: Shutting down and abandoning module SmartSnapping (460)
[2017.07.28-11.30.05:214][ 67]LogModuleManager: Shutting down and abandoning module SessionServices (458)
[2017.07.28-11.30.05:214][ 67]LogModuleManager: Shutting down and abandoning module ViewportSnapping (456)
[2017.07.28-11.30.05:214][ 67]LogModuleManager: Shutting down and abandoning module ViewportInteraction (454)
[2017.07.28-11.30.05:214][ 67]LogModuleManager: Shutting down and abandoning module ClothPainter (452)
[2017.07.28-11.30.05:214][ 67]LogModuleManager: Shutting down and abandoning module LogVisualizer (450)
[2017.07.28-11.30.05:215][ 67]LogModuleManager: Shutting down and abandoning module IntroTutorials (448)
[2017.07.28-11.30.05:215][ 67]LogModuleManager: Shutting down and abandoning module GameProjectGeneration (447)
[2017.07.28-11.30.05:215][ 67]LogModuleManager: Shutting down and abandoning module EditorLiveStreaming (444)
[2017.07.28-11.30.05:215][ 67]LogModuleManager: Shutting down and abandoning module IOSPlatformEditor (442)
[2017.07.28-11.30.05:215][ 67]LogModuleManager: Shutting down and abandoning module HTML5PlatformEditor (440)
[2017.07.28-11.30.05:215][ 67]LogModuleManager: Shutting down and abandoning module AndroidPlatformEditor (438)
[2017.07.28-11.30.05:215][ 67]LogModuleManager: Shutting down and abandoning module AndroidDeviceDetection (437)
[2017.07.28-11.30.05:970][ 67]LogModuleManager: Shutting down and abandoning module IOSRuntimeSettings (434)
[2017.07.28-11.30.05:970][ 67]LogModuleManager: Shutting down and abandoning module AndroidRuntimeSettings (432)
[2017.07.28-11.30.05:970][ 67]LogModuleManager: Shutting down and abandoning module InputBindingEditor (430)
[2017.07.28-11.30.05:970][ 67]LogModuleManager: Shutting down and abandoning module MergeActors (428)
[2017.07.28-11.30.05:970][ 67]LogModuleManager: Shutting down and abandoning module SizeMap (426)
[2017.07.28-11.30.05:970][ 67]LogModuleManager: Shutting down and abandoning module TreeMap (424)
[2017.07.28-11.30.05:970][ 67]LogModuleManager: Shutting down and abandoning module ReferenceViewer (422)
[2017.07.28-11.30.05:970][ 67]LogModuleManager: Shutting down and abandoning module LocalizationDashboard (420)
[2017.07.28-11.30.05:970][ 67]LogModuleManager: Shutting down and abandoning module LocalizationService (419)
[2017.07.28-11.30.05:970][ 67]LogModuleManager: Shutting down and abandoning module HardwareTargeting (416)
[2017.07.28-11.30.05:970][ 67]LogModuleManager: Shutting down and abandoning module DeviceProfileEditor (414)
[2017.07.28-11.30.05:970][ 67]LogModuleManager: Shutting down and abandoning module UndoHistory (412)
[2017.07.28-11.30.05:970][ 67]LogModuleManager: Shutting down and abandoning module UserFeedback (410)
[2017.07.28-11.30.05:970][ 67]LogModuleManager: Shutting down and abandoning module XmlParser (408)
[2017.07.28-11.30.05:970][ 67]LogModuleManager: Shutting down and abandoning module Blutility (406)
[2017.07.28-11.30.05:970][ 67]LogModuleManager: Shutting down and abandoning module ProjectSettingsViewer (404)
[2017.07.28-11.30.05:970][ 67]LogModuleManager: Shutting down and abandoning module ProjectTargetPlatformEditor (403)
[2017.07.28-11.30.05:971][ 67]LogModuleManager: Shutting down and abandoning module EditorSettingsViewer (400)
[2017.07.28-11.30.05:971][ 67]LogModuleManager: Shutting down and abandoning module SettingsEditor (398)
[2017.07.28-11.30.05:971][ 67]LogModuleManager: Shutting down and abandoning module ProjectLauncher (396)
[2017.07.28-11.30.05:971][ 67]LogModuleManager: Shutting down and abandoning module SessionFrontend (394)
[2017.07.28-11.30.05:971][ 67]LogModuleManager: Shutting down and abandoning module ProfilerClient (392)
[2017.07.28-11.30.05:971][ 67]LogModuleManager: Shutting down and abandoning module DeviceManager (390)
[2017.07.28-11.30.05:971][ 67]LogModuleManager: Shutting down and abandoning module TargetDeviceServices (389)
[2017.07.28-11.30.06:036][ 67]LogModuleManager: Shutting down and abandoning module AutomationController (386)
[2017.07.28-11.30.06:036][ 67]LogModuleManager: Shutting down and abandoning module AutomationWindow (384)
[2017.07.28-11.30.06:036][ 67]LogModuleManager: Shutting down and abandoning module Layers (382)
[2017.07.28-11.30.06:036][ 67]LogModuleManager: Shutting down and abandoning module ComponentVisualizers (380)
[2017.07.28-11.30.06:036][ 67]LogModuleManager: Shutting down and abandoning module DetailCustomizations (378)
[2017.07.28-11.30.06:036][ 67]LogModuleManager: Shutting down and abandoning module PackagesDialog (376)
[2017.07.28-11.30.06:036][ 67]LogModuleManager: Shutting down and abandoning module Persona (374)
[2017.07.28-11.30.06:036][ 67]LogModuleManager: Shutting down and abandoning module AdvancedPreviewScene (373)
[2017.07.28-11.30.06:036][ 67]LogModuleManager: Shutting down and abandoning module AnimGraph (371)
[2017.07.28-11.30.06:036][ 67]LogModuleManager: Shutting down and abandoning module Kismet (368)
[2017.07.28-11.30.06:036][ 67]LogModuleManager: Shutting down and abandoning module ClassViewer (366)
[2017.07.28-11.30.06:036][ 67]LogModuleManager: Shutting down and abandoning module Toolbox (364)
[2017.07.28-11.30.06:036][ 67]LogModuleManager: Shutting down and abandoning module ModuleUI (362)
[2017.07.28-11.30.06:036][ 67]LogModuleManager: Shutting down and abandoning module MovieSceneTools (360)
[2017.07.28-11.30.06:036][ 67]LogModuleManager: Shutting down and abandoning module OutputLog (358)
[2017.07.28-11.30.06:036][ 67]LogModuleManager: Shutting down and abandoning module GammaUI (356)
[2017.07.28-11.30.06:036][ 67]LogModuleManager: Shutting down and abandoning module Documentation (354)
[2017.07.28-11.30.06:036][ 67]LogModuleManager: Shutting down and abandoning module MovieSceneTracks (352)
[2017.07.28-11.30.06:036][ 67]LogModuleManager: Shutting down and abandoning module MovieScene (350)
[2017.07.28-11.30.06:036][ 67]LogModuleManager: Shutting down and abandoning module Niagara (348)
[2017.07.28-11.30.06:036][ 67]LogModuleManager: Shutting down and abandoning module NiagaraEditor (347)
[2017.07.28-11.30.06:036][ 67]LogModuleManager: Shutting down and abandoning module StreamingPauseRendering (344)
[2017.07.28-11.30.06:036][ 67]LogModuleManager: Shutting down and abandoning module AnalyticsET (342)
[2017.07.28-11.30.06:036][ 67]LogModuleManager: Shutting down and abandoning module PortalServices (340)
[2017.07.28-11.30.06:036][ 67]LogModuleManager: Shutting down and abandoning module PortalRpc (338)
[2017.07.28-11.30.06:036][ 67]LogModuleManager: Shutting down and abandoning module MessagingRpc (336)
[2017.07.28-11.30.06:036][ 67]LogModuleManager: Shutting down and abandoning module AIModule (334)
[2017.07.28-11.30.06:036][ 67]LogModuleManager: Shutting down and abandoning module GameplayDebugger (333)
[2017.07.28-11.30.06:037][ 67]LogModuleManager: Shutting down and abandoning module AITestSuite (331)
[2017.07.28-11.30.06:037][ 67]LogModuleManager: Shutting down and abandoning module ProfilerService (328)
[2017.07.28-11.30.06:106][ 67]LogModuleManager: Shutting down and abandoning module TaskGraph (326)
[2017.07.28-11.30.06:106][ 67]LogModuleManager: Shutting down and abandoning module SteamVRController (324)
[2017.07.28-11.30.06:106][ 67]LogModuleManager: Shutting down and abandoning module SteamVR (322)
[2017.07.28-11.30.06:106][ 67]LogModuleManager: Shutting down and abandoning module ProceduralMeshComponentEditor (320)
[2017.07.28-11.30.06:106][ 67]LogModuleManager: Shutting down and abandoning module ProceduralMeshComponent (318)
[2017.07.28-11.30.06:106][ 67]LogModuleManager: Shutting down and abandoning module OculusLibrary (316)
[2017.07.28-11.30.06:106][ 67]LogModuleManager: Shutting down and abandoning module OculusInput (314)
[2017.07.28-11.30.06:106][ 67]LogModuleManager: Shutting down and abandoning module MobilePatchingUtils (312)
[2017.07.28-11.30.06:106][ 67]LogModuleManager: Shutting down and abandoning module CustomMeshComponent (310)
[2017.07.28-11.30.06:106][ 67]LogModuleManager: Shutting down and abandoning module CableComponent (308)
[2017.07.28-11.30.06:106][ 67]LogModuleManager: Shutting down and abandoning module ArchVisCharacter (306)
[2017.07.28-11.30.06:106][ 67]LogModuleManager: Shutting down and abandoning module AndroidPermission (304)
[2017.07.28-11.30.06:106][ 67]LogModuleManager: Shutting down and abandoning module MediaPlayerEditor (302)
[2017.07.28-11.30.06:106][ 67]LogModuleManager: Shutting down and abandoning module HTML5Networking (300)
[2017.07.28-11.30.06:106][ 67]LogModuleManager: Shutting down and abandoning module AlembicImporter (298)
[2017.07.28-11.30.06:106][ 67]LogModuleManager: Shutting down and abandoning module AlembicLibrary (297)
[2017.07.28-11.30.06:106][ 67]LogModuleManager: Shutting down and abandoning module GeometryCache (296)
[2017.07.28-11.30.06:107][ 67]LogModuleManager: Shutting down and abandoning module GeometryCacheEd (295)
[2017.07.28-11.30.06:107][ 67]LogModuleManager: Shutting down and abandoning module SuperSearchEditor (290)
[2017.07.28-11.30.06:107][ 67]LogModuleManager: Shutting down and abandoning module SuperSearch (289)
[2017.07.28-11.30.06:107][ 67]LogModuleManager: Shutting down and abandoning module SpeedTreeImporter (286)
[2017.07.28-11.30.06:107][ 67]LogModuleManager: Shutting down and abandoning module PluginBrowser (284)
[2017.07.28-11.30.06:107][ 67]LogModuleManager: Shutting down and abandoning module MobileLauncherProfileWizard (282)
[2017.07.28-11.30.06:107][ 67]LogModuleManager: Shutting down and abandoning module VisualStudioSourceCodeAccess (280)
[2017.07.28-11.30.06:107][ 67]LogModuleManager: Shutting down and abandoning module DesktopPlatform (279)
[2017.07.28-11.30.06:107][ 67]LogModuleManager: Shutting down and abandoning module UObjectPlugin (276)
[2017.07.28-11.30.06:107][ 67]LogModuleManager: Shutting down and abandoning module SubversionSourceControl (274)
[2017.07.28-11.30.06:107][ 67]LogModuleManager: Shutting down and abandoning module PerforceSourceControl (272)
[2017.07.28-11.30.06:107][ 67]LogModuleManager: Shutting down and abandoning module GitSourceControl (270)
[2017.07.28-11.30.06:107][ 67]LogModuleManager: Shutting down and abandoning module SourceControl (269)
[2017.07.28-11.30.06:107][ 67]LogModuleManager: Shutting down and abandoning module LightPropagationVolumeEditor (266)
[2017.07.28-11.30.06:107][ 67]LogModuleManager: Shutting down and abandoning module PaperTiledImporter (264)
[2017.07.28-11.30.06:107][ 67]LogModuleManager: Shutting down and abandoning module PaperSpriteSheetImporter (262)
[2017.07.28-11.30.06:107][ 67]LogModuleManager: Shutting down and abandoning module Paper2DEditor (260)
[2017.07.28-11.30.06:107][ 67]LogModuleManager: Shutting down and abandoning module MeshPaint (259)
[2017.07.28-11.30.06:108][ 67]LogModuleManager: Shutting down and abandoning module LevelEditor (257)
[2017.07.28-11.30.06:109][ 67]LogModuleManager: Shutting down and abandoning module PixelInspectorModule (256)
[2017.07.28-11.30.06:109][ 67]LogModuleManager: Shutting down and abandoning module MainFrame (254)
[2017.07.28-11.30.06:110][ 67]LogModuleManager: Shutting down and abandoning module HotReload (253)
[2017.07.28-11.30.06:111][ 67]LogModuleManager: Shutting down and abandoning module PhysXVehiclesEditor (248)
[2017.07.28-11.30.06:111][ 67]LogModuleManager: Shutting down and abandoning module PhysXVehicles (246)
[2017.07.28-11.30.06:111][ 67]LogModuleManager: Shutting down and abandoning module LocationServicesBPLibrary (244)
[2017.07.28-11.30.06:111][ 67]LogModuleManager: Shutting down and abandoning module ImmediatePhysicsEditor (242)
[2017.07.28-11.30.06:111][ 67]LogModuleManager: Shutting down and abandoning module ImmediatePhysics (240)
[2017.07.28-11.30.06:111][ 67]LogModuleManager: Shutting down and abandoning module UdpMessaging (238)
[2017.07.28-11.30.06:212][ 67]LogModuleManager: Shutting down and abandoning module TcpMessaging (236)
[2017.07.28-11.30.06:331][ 67]LogModuleManager: Shutting down and abandoning module GameplayTagsEditor (234)
[2017.07.28-11.30.06:336][ 67]LogModuleManager: Shutting down and abandoning module FacialAnimationEditor (232)
[2017.07.28-11.30.06:336][ 67]LogModuleManager: Shutting down and abandoning module FacialAnimation (230)
[2017.07.28-11.30.06:336][ 67]LogModuleManager: Shutting down and abandoning module AssetManagerEditor (228)
[2017.07.28-11.30.06:336][ 67]LogModuleManager: Shutting down and abandoning module GraphEditor (227)
[2017.07.28-11.30.06:336][ 67]LogModuleManager: Shutting down and abandoning module ContentBrowser (225)
[2017.07.28-11.30.06:340][ 67]LogModuleManager: Shutting down and abandoning module LightPropagationVolumeRuntime (222)
[2017.07.28-11.30.06:340][ 67]LogModuleManager: Shutting down and abandoning module Paper2D (220)
[2017.07.28-11.30.06:340][ 67]LogModuleManager: Shutting down and abandoning module WindowsMoviePlayer (218)
[2017.07.28-11.30.06:340][ 67]LogModuleManager: Shutting down and abandoning module WmfMedia (216)
[2017.07.28-11.30.06:341][ 67]LogModuleManager: Shutting down and abandoning module ClothingSystemEditor (214)
[2017.07.28-11.30.06:341][ 67]LogModuleManager: Shutting down and abandoning module ClothingSystemRuntime (212)
[2017.07.28-11.30.06:341][ 67]LogModuleManager: Shutting down and abandoning module MediaAssets (210)
[2017.07.28-11.30.06:341][ 67]LogModuleManager: Shutting down and abandoning module GameLiveStreaming (208)
[2017.07.28-11.30.06:341][ 67]LogModuleManager: Shutting down and abandoning module VREditor (206)
[2017.07.28-11.30.06:341][ 67]LogModuleManager: Shutting down and abandoning module StringTableEditor (204)
[2017.07.28-11.30.06:342][ 67]LogModuleManager: Shutting down and abandoning module GameplayTasksEditor (202)
[2017.07.28-11.30.06:342][ 67]LogModuleManager: Shutting down and abandoning module BehaviorTreeEditor (200)
[2017.07.28-11.30.06:342][ 67]LogModuleManager: Shutting down and abandoning module FunctionalTesting (198)
[2017.07.28-11.30.06:342][ 67]LogModuleManager: Shutting down and abandoning module CollisionAnalyzer (196)
[2017.07.28-11.30.06:342][ 67]LogModuleManager: Shutting down and abandoning module UMG (194)
[2017.07.28-11.30.06:342][ 67]LogModuleManager: Shutting down and abandoning module UMGEditor (193)
[2017.07.28-11.30.06:342][ 67]LogModuleManager: Shutting down and abandoning module Sequencer (192)
[2017.07.28-11.30.06:342][ 67]LogModuleManager: Shutting down and abandoning module AssetTools (190)
[2017.07.28-11.30.06:342][ 67]LogModuleManager: Shutting down and abandoning module MessageLog (189)
[2017.07.28-11.30.06:342][ 67]LogModuleManager: Shutting down and abandoning module WorkspaceMenuStructure (188)
[2017.07.28-11.30.06:342][ 67]LogModuleManager: Shutting down and abandoning module SlateReflector (182)
[2017.07.28-11.30.06:342][ 67]LogModuleManager: Shutting down and abandoning module Slate (180)
[2017.07.28-11.30.06:342][ 67]LogModuleManager: Shutting down and abandoning module EditorStyle (178)
[2017.07.28-11.30.06:345][ 67]LogModuleManager: Shutting down and abandoning module SourceCodeAccess (176)
[2017.07.28-11.30.06:345][ 67]LogModuleManager: Shutting down and abandoning module HeadMountedDisplay (174)
[2017.07.28-11.30.06:345][ 67]LogModuleManager: Shutting down and abandoning module XAudio2 (172)
[2017.07.28-11.30.06:345][ 67]LogModuleManager: Shutting down and abandoning module Networking (170)
[2017.07.28-11.30.06:345][ 67]LogModuleManager: Shutting down and abandoning module Core (168)
[2017.07.28-11.30.06:345][ 67]LogModuleManager: Shutting down and abandoning module AssetRegistry (166)
[2017.07.28-11.30.06:585][ 67]LogDirectoryWatcher: A directory notification for '../../../Engine/Content/' was aborted.
[2017.07.28-11.30.06:585][ 67]LogDirectoryWatcher: A directory notification for '../../../../../../Users/jmj19/Documents/GitHub/RTS2/RTS/Content/' was aborted.
[2017.07.28-11.30.06:585][ 67]LogDirectoryWatcher: A directory notification for '../../../Engine/Plugins/2D/Paper2D/Content/' was aborted.
[2017.07.28-11.30.06:585][ 67]LogDirectoryWatcher: A directory notification for '../../../Engine/Plugins/Runtime/GearVR/Content/' was aborted.
[2017.07.28-11.30.06:587][ 67]LogModuleManager: Shutting down and abandoning module DirectoryWatcher (165)
[2017.07.28-11.30.06:587][ 67]LogModuleManager: Shutting down and abandoning module KismetCompiler (162)
[2017.07.28-11.30.06:587][ 67]LogModuleManager: Shutting down and abandoning module LevelSequence (160)
[2017.07.28-11.30.06:587][ 67]LogModuleManager: Shutting down and abandoning module PhysXFormats (158)
[2017.07.28-11.30.06:587][ 67]LogModuleManager: Shutting down and abandoning module MeshUtilities (156)
[2017.07.28-11.30.06:587][ 67]LogModuleManager: Shutting down and abandoning module SimplygonSwarm (155)
[2017.07.28-11.30.06:587][ 67]LogModuleManager: Shutting down and abandoning module SimplygonMeshReduction (153)
[2017.07.28-11.30.06:587][ 67]LogModuleManager: Shutting down and abandoning module QuadricMeshReduction (151)
[2017.07.28-11.30.06:587][ 67]LogModuleManager: Shutting down and abandoning module DerivedDataCache (148)
[2017.07.28-11.30.06:640][ 67]LogDerivedDataCache: Shutdown
[2017.07.28-11.30.06:640][ 67]LogModuleManager: Shutting down and abandoning module TargetPlatform (146)
[2017.07.28-11.30.06:640][ 67]LogModuleManager: Shutting down and abandoning module VulkanShaderFormat (145)
[2017.07.28-11.30.06:640][ 67]LogModuleManager: Shutting down and abandoning module ShaderFormatVectorVM (143)
[2017.07.28-11.30.06:640][ 67]LogModuleManager: Shutting down and abandoning module ShaderFormatOpenGL (141)
[2017.07.28-11.30.06:640][ 67]LogModuleManager: Shutting down and abandoning module ShaderFormatD3D (139)
[2017.07.28-11.30.06:640][ 67]LogModuleManager: Shutting down and abandoning module MetalShaderFormat (137)
[2017.07.28-11.30.06:640][ 67]LogModuleManager: Shutting down and abandoning module TextureFormatUncompressed (135)
[2017.07.28-11.30.06:640][ 67]LogModuleManager: Shutting down and abandoning module TextureFormatPVR (133)
[2017.07.28-11.30.06:640][ 67]LogModuleManager: Shutting down and abandoning module TextureFormatDXT (131)
[2017.07.28-11.30.06:640][ 67]LogModuleManager: Shutting down and abandoning module TextureFormatIntelISPCTexComp (129)
[2017.07.28-11.30.06:640][ 67]LogModuleManager: Shutting down and abandoning module TextureFormatASTC (127)
[2017.07.28-11.30.06:640][ 67]LogModuleManager: Shutting down and abandoning module ImageWrapper (126)
[2017.07.28-11.30.06:640][ 67]LogModuleManager: Shutting down and abandoning module TextureFormatAndroid (123)
[2017.07.28-11.30.06:640][ 67]LogModuleManager: Shutting down and abandoning module AudioFormatOpus (121)
[2017.07.28-11.30.06:640][ 67]LogModuleManager: Shutting down and abandoning module AudioFormatOgg (119)
[2017.07.28-11.30.06:640][ 67]LogModuleManager: Shutting down and abandoning module AudioFormatADPCM (117)
[2017.07.28-11.30.06:640][ 67]LogModuleManager: Shutting down and abandoning module LinuxTargetPlatform (115)
[2017.07.28-11.30.06:640][ 67]LogModuleManager: Shutting down and abandoning module LinuxServerTargetPlatform (113)
[2017.07.28-11.30.06:640][ 67]LogModuleManager: Shutting down and abandoning module LinuxNoEditorTargetPlatform (111)
[2017.07.28-11.30.06:640][ 67]LogModuleManager: Shutting down and abandoning module LinuxClientTargetPlatform (109)
[2017.07.28-11.30.06:640][ 67]LogModuleManager: Shutting down and abandoning module TVOSTargetPlatform (107)
[2017.07.28-11.30.06:640][ 67]LogModuleManager: Shutting down and abandoning module Messaging (105)
[2017.07.28-11.30.06:640][ 67]LogModuleManager: Shutting down and abandoning module IOSTargetPlatform (103)
[2017.07.28-11.30.06:640][ 67]LogModuleManager: Shutting down and abandoning module HTML5TargetPlatform (101)
[2017.07.28-11.30.06:640][ 67]LogModuleManager: Shutting down and abandoning module Android_PVRTCTargetPlatform (99)
[2017.07.28-11.30.06:640][ 67]LogModuleManager: Shutting down and abandoning module Android_MultiTargetPlatform (97)
[2017.07.28-11.30.06:640][ 67]LogModuleManager: Shutting down and abandoning module Android_ETC2TargetPlatform (95)
[2017.07.28-11.30.06:640][ 67]LogModuleManager: Shutting down and abandoning module Android_ETC1TargetPlatform (93)
[2017.07.28-11.30.06:640][ 67]LogModuleManager: Shutting down and abandoning module Android_DXTTargetPlatform (91)
[2017.07.28-11.30.06:640][ 67]LogModuleManager: Shutting down and abandoning module Android_ATCTargetPlatform (89)
[2017.07.28-11.30.06:640][ 67]LogModuleManager: Shutting down and abandoning module Android_ASTCTargetPlatform (87)
[2017.07.28-11.30.06:640][ 67]LogModuleManager: Shutting down and abandoning module AndroidTargetPlatform (85)
[2017.07.28-11.30.06:640][ 67]LogModuleManager: Shutting down and abandoning module WindowsTargetPlatform (83)
[2017.07.28-11.30.06:640][ 67]LogModuleManager: Shutting down and abandoning module WindowsServerTargetPlatform (81)
[2017.07.28-11.30.06:640][ 67]LogModuleManager: Shutting down and abandoning module WindowsNoEditorTargetPlatform (79)
[2017.07.28-11.30.06:640][ 67]LogModuleManager: Shutting down and abandoning module WindowsClientTargetPlatform (77)
[2017.07.28-11.30.06:640][ 67]LogModuleManager: Shutting down and abandoning module MacTargetPlatform (75)
[2017.07.28-11.30.06:640][ 67]LogModuleManager: Shutting down and abandoning module MacServerTargetPlatform (73)
[2017.07.28-11.30.06:640][ 67]LogModuleManager: Shutting down and abandoning module MacNoEditorTargetPlatform (71)
[2017.07.28-11.30.06:640][ 67]LogModuleManager: Shutting down and abandoning module MacClientTargetPlatform (69)
[2017.07.28-11.30.06:640][ 67]LogModuleManager: Shutting down and abandoning module AllDesktopTargetPlatform (67)
[2017.07.28-11.30.06:640][ 67]LogModuleManager: Shutting down and abandoning module InputCore (64)
[2017.07.28-11.30.06:640][ 67]LogModuleManager: Shutting down and abandoning module Settings (62)
[2017.07.28-11.30.06:640][ 67]LogModuleManager: Shutting down and abandoning module OculusRift (60)
[2017.07.28-11.30.06:640][ 67]LogModuleManager: Shutting down and abandoning module GearVRController (58)
[2017.07.28-11.30.06:640][ 67]LogModuleManager: Shutting down and abandoning module GearVR (56)
[2017.07.28-11.30.06:640][ 67]LogModuleManager: Shutting down and abandoning module ExampleDeviceProfileSelector (54)
[2017.07.28-11.30.06:640][ 67]LogModuleManager: Shutting down and abandoning module OnlineBlueprintSupport (52)
[2017.07.28-11.30.06:640][ 67]LogModuleManager: Shutting down and abandoning module OnlineSubsystem (48)
[2017.07.28-11.30.06:641][ 67]LogOnline:Display: OSS: FOnlineSubsystemNull::Shutdown()
[2017.07.28-11.30.06:641][ 67]LogOnline:Display: OSS: FOnlineAsyncTaskManager::Stop() ActiveTask:0000000000000000 Tasks[0/0]
[2017.07.28-11.30.06:641][ 67]LogOnline:Display: OSS: FOnlineAsyncTaskManager::Exit() started
[2017.07.28-11.30.06:641][ 67]LogOnline:Display: OSS: FOnlineAsyncTaskManager::Exit() finished
[2017.07.28-11.30.06:641][ 67]LogOnline:Display: Unloading online subsystem: NULL
[2017.07.28-11.30.06:641][ 67]LogModuleManager: Shutting down and abandoning module XMPP (43)
[2017.07.28-11.30.06:641][ 67]LogModuleManager: Shutting down and abandoning module HTTP (41)
[2017.07.28-11.30.06:642][ 67]LogHttp:Display: Http module shutting down, but needs to wait on 1 outstanding Http requests:
[2017.07.28-11.30.06:642][ 67]LogHttp:Display: 	verb=[POST] url=[https://datarouter.ol.epicgames.com/datarouter/api/v1/public/data?SessionID=%7B6599C331-407B-24E4-8906-58B6DD0239F4%7D&AppID=UEEditor.Rocket.Release&AppVersion=4.16.2-3514769%2B%2B%2BUE4%2BRelease-4.16&UserID=88cdea594b09842dfa8e89b9c2a408c0%7C6d4407e367784dc8a1235b18da1d44e8%7C5002d8f6-bcad-46b9-889e-b650476b589e&AppEnvironment=datacollector-binary&UploadType=eteventstream] status=Processing
[2017.07.28-11.30.06:661][ 67]LogModuleManager: Shutting down and abandoning module SSL (40)
[2017.07.28-11.30.06:662][ 67]LogModuleManager: Shutting down and abandoning module HTTPChunkInstaller (36)
[2017.07.28-11.30.06:662][ 67]LogModuleManager: Shutting down and abandoning module AnimationModifiers (34)
[2017.07.28-11.30.06:662][ 67]LogModuleManager: Shutting down and abandoning module PropertyEditor (33)
[2017.07.28-11.30.06:662][ 67]LogModuleManager: Shutting down and abandoning module AudioEditor (30)
[2017.07.28-11.30.06:662][ 67]LogModuleManager: Shutting down and abandoning module TextureCompressor (28)
[2017.07.28-11.30.06:662][ 67]LogModuleManager: Shutting down and abandoning module ShaderCore (26)
[2017.07.28-11.30.06:662][ 67]LogModuleManager: Shutting down and abandoning module Landscape (24)
[2017.07.28-11.30.06:662][ 67]LogModuleManager: Shutting down and abandoning module SlateRHIRenderer (22)
[2017.07.28-11.30.06:663][ 67]LogModuleManager: Shutting down and abandoning module OpenGLDrv (20)
[2017.07.28-11.30.06:663][ 67]LogModuleManager: Shutting down and abandoning module D3D11RHI (18)
[2017.07.28-11.30.06:663][ 67]LogModuleManager: Shutting down and abandoning module AnimGraphRuntime (16)
[2017.07.28-11.30.06:663][ 67]LogModuleManager: Shutting down and abandoning module Renderer (14)
[2017.07.28-11.30.06:663][ 67]LogModuleManager: Shutting down and abandoning module Engine (12)
[2017.07.28-11.30.06:663][ 67]LogModuleManager: Shutting down and abandoning module CoreUObject (10)
[2017.07.28-11.30.06:663][ 67]LogModuleManager: Shutting down and abandoning module NetworkFile (8)
[2017.07.28-11.30.06:663][ 67]LogModuleManager: Shutting down and abandoning module StreamingFile (6)
[2017.07.28-11.30.06:663][ 67]LogModuleManager: Shutting down and abandoning module SandboxFile (4)
[2017.07.28-11.30.06:663][ 67]LogModuleManager: Shutting down and abandoning module PakFile (2)
[2017.07.28-11.30.06:664][ 67]LogExit: Exiting.
[2017.07.28-11.30.06:678][ 67]Log file closed, 07/28/17 13:30:06
