Log file open, 07/28/17 12:21:04
LogInit:Display: Running engine for game: RTS
LogPlatformFile: Not using cached read wrapper
LogInit:Display: RandInit(1586508378) SRandInit(1586508378).
LogTaskGraph: Started task graph with 5 named threads and 6 total threads with 1 sets of task threads.
LogStats: Stats thread started at 0.121786
LogInit: Using libcurl 7.47.1
LogInit:  - built for x86_64-pc-win32
LogInit:  - supports SSL with OpenSSL/1.0.2g
LogInit:  - supports HTTP deflate (compression) using libz 1.2.8
LogInit:  - other features:
LogInit:      CURL_VERSION_SSL
LogInit:      CURL_VERSION_LIBZ
LogInit:      CURL_VERSION_IPV6
LogInit:      CURL_VERSION_ASYNCHDNS
LogInit:      CURL_VERSION_LARGEFILE
LogInit:      CURL_VERSION_IDN
LogInit:  CurlRequestOptions (configurable via config and command line):
LogInit:  - bVerifyPeer = false  - Libcurl will NOT verify peer certificate
LogInit:  - bUseHttpProxy = false  - Libcurl will NOT use HTTP proxy
LogInit:  - bDontReuseConnections = false  - Libcurl will reuse connections
LogInit:  - CertBundlePath = nullptr  - Libcurl will use whatever was configured at build time.
LogInit: WinSock: version 1.1 (2.2), MaxSocks=32767, MaxUdp=65467
LogInit: Build: ++UE4+Release-4.16-CL-3514769
LogInit: Engine Version: 4.16.2-3514769+++UE4+Release-4.16
LogInit: Compatible Engine Version: 4.16.0-3452394+++UE4+Release-4.16
LogInit: Net CL: 3452394
LogDevObjectVersion: Number of dev versions registered: 16
LogDevObjectVersion:   Dev-Blueprints (B0D832E4-1F89-4F0D-ACCF-7EB736FD4AA2): 9
LogDevObjectVersion:   Dev-Build (E1C64328-A22C-4D53-A36C-8E866417BD8C): 0
LogDevObjectVersion:   Dev-Core (375EC13C-06E4-48FB-B500-84F0262A717E): 2
LogDevObjectVersion:   Dev-Editor (E4B068ED-F494-42E9-A231-DA0B2E46BB41): 17
LogDevObjectVersion:   Dev-Framework (CFFC743F-43B0-4480-9391-14DF171D2073): 23
LogDevObjectVersion:   Dev-Mobile (B02B49B5-BB20-44E9-A304-32B752E40360): 0
LogDevObjectVersion:   Dev-Networking (A4E4105C-59A1-49B5-A7C5-40C4547EDFEE): 0
LogDevObjectVersion:   Dev-Online (39C831C9-5AE6-47DC-9A44-9C173E1C8E7C): 0
LogDevObjectVersion:   Dev-Physics (78F01B33-EBEA-4F98-B9B4-84EACCB95AA2): 0
LogDevObjectVersion:   Dev-Platform (6631380F-2D4D-43E0-8009-CF276956A95A): 0
LogDevObjectVersion:   Dev-Rendering (12F88B9F-8875-4AFC-A67C-D90C383ABD29): 15
LogDevObjectVersion:   Dev-Sequencer (7B5AE74C-D270-4C10-A958-57980B212A5A): 4
LogDevObjectVersion:   Dev-VR (D7296918-1DD6-4BDD-9DE2-64A83CC13884): 0
LogDevObjectVersion:   Dev-LoadTimes (C2A15278-BFE7-4AFE-6C17-90FF531DF755): 1
LogDevObjectVersion:   Private-Geometry (6EACA3D4-40EC-4CC1-B786-8BED09428FC5): 1
LogDevObjectVersion:   Dev-AnimPhys (29E575DD-E0A3-4627-9D10-D276232CDCEA): 3
LogInit: Compiled (64-bit): Jun 29 2017 02:03:24
LogInit: Compiled with Visual C++: 19.00.24215.01
LogInit: Build Configuration: Development
LogInit: Branch Name: ++UE4+Release-4.16
LogInit: Command line:  
LogInit: Base directory: C:/Program Files/Epic Games/UE_4.16/Engine/Binaries/Win64/
LogInit: Installed Engine Build: 1
LogInit: Presizing for max 8388607 objects, including 0 objects not considered by GC, pre-allocating 0 bytes for permanent pool.
LogInit: Object subsystem initialized
[2017.07.28-10.21.05:475][  0]LogInit: Selected Device Profile: [Windows]
[2017.07.28-10.21.05:475][  0]LogInit: Applying CVar settings loaded from the selected device profile: [Windows]
[2017.07.28-10.21.05:501][  0]LogInit: Computer: AWESOME-X1
[2017.07.28-10.21.05:501][  0]LogInit: User: FuckingWIN8
[2017.07.28-10.21.05:501][  0]LogInit: CPU Page size=4096, Cores=2
[2017.07.28-10.21.05:501][  0]LogInit: High frequency timer resolution =2.630635 MHz
[2017.07.28-10.21.05:501][  0]LogMemory: Memory total: Physical=7.9GB (8GB approx)
[2017.07.28-10.21.05:501][  0]LogMemory: Platform Memory Stats for Windows
[2017.07.28-10.21.05:501][  0]LogMemory: Process Physical Memory: 272.76 MB used, 272.76 MB peak
[2017.07.28-10.21.05:501][  0]LogMemory: Process Virtual Memory: 258.88 MB used, 258.88 MB peak
[2017.07.28-10.21.05:501][  0]LogMemory: Physical Memory: 4346.62 MB used,  3725.14 MB free, 8071.77 MB total
[2017.07.28-10.21.05:501][  0]LogMemory: Virtual Memory: 636.29 MB used,  3725.14 MB free, 134217728.00 MB total
[2017.07.28-10.21.05:661][  0]LogInit: Using OS detected language (da-DK).
[2017.07.28-10.21.05:661][  0]LogInit: Using OS detected locale (da-DK).
[2017.07.28-10.21.05:666][  0]LogTextLocalizationManager: No localization for 'da-DK' exists, so 'en' will be used for the language.
[2017.07.28-10.21.05:667][  0]LogTextLocalizationManager: No localization for 'da-DK' exists, so 'en' will be used for the locale.
[2017.07.28-10.21.07:448][  0]LogD3D11RHI: D3D11 adapters:
[2017.07.28-10.21.07:456][  0]LogD3D11RHI:    0. 'Intel(R) HD Graphics Family' (Feature Level 11_0)
[2017.07.28-10.21.07:456][  0]LogD3D11RHI:       112/0/2048 MB DedicatedVideo/DedicatedSystem/SharedSystem, Outputs:1, VendorId:0x8086
[2017.07.28-10.21.07:459][  0]LogD3D11RHI:    1. 'Microsoft Basic Render Driver' (Feature Level 11_0)
[2017.07.28-10.21.07:459][  0]LogD3D11RHI:       0/0/4035 MB DedicatedVideo/DedicatedSystem/SharedSystem, Outputs:0, VendorId:0x1414
[2017.07.28-10.21.07:459][  0]LogD3D11RHI: Chosen D3D11 Adapter: 0
[2017.07.28-10.21.07:466][  0]LogD3D11RHI: Creating new Direct3DDevice
[2017.07.28-10.21.07:466][  0]LogD3D11RHI:     GPU DeviceId: 0xa16 (for the marketing name, search the web for "GPU Device Id")
[2017.07.28-10.21.07:466][  0]LogWindows: EnumDisplayDevices:
[2017.07.28-10.21.07:467][  0]LogWindows:    0. 'Intel(R) HD Graphics Family' (P:1 D:1)
[2017.07.28-10.21.07:467][  0]LogWindows:    1. 'Intel(R) HD Graphics Family' (P:0 D:0)
[2017.07.28-10.21.07:467][  0]LogWindows:    2. 'Intel(R) HD Graphics Family' (P:0 D:0)
[2017.07.28-10.21.07:467][  0]LogWindows: DebugString: FoundDriverCount:3 
[2017.07.28-10.21.07:467][  0]LogD3D11RHI:     Adapter Name: Intel(R) HD Graphics Family
[2017.07.28-10.21.07:467][  0]LogD3D11RHI:   Driver Version: 20.19.15.4531 (internal:20.19.15.4531, unified:20.19.15.4531)
[2017.07.28-10.21.07:467][  0]LogD3D11RHI:      Driver Date: 9-29-2016
[2017.07.28-10.21.07:468][  0]LogRHI: Texture pool is 795 MB (70% of 1136 MB)
[2017.07.28-10.21.07:473][  0]LogD3D11RHI: Async texture creation enabled
[2017.07.28-10.21.07:479][  0]LogD3D11RHI: GPU Timing Frequency: 12.500000 (Debug: 2 0)
[2017.07.28-10.21.07:480][  0]LogShaderCompilers: Guid format shader working directory is -8 characters bigger than the processId version (../../../../../../Users/Fucking WIN8/Documents/GitHub/RTS/RTS/Intermediate/Shaders/WorkingDirectory/2076/).
[2017.07.28-10.21.07:480][  0]LogShaderCompilers: Cleaned the shader compiler working directory 'C:/Users/Fucking WIN8/AppData/Local/Temp/UnrealShaderWorkingDir/1C425C8B4A68AD53E59356925E3E83E3/'.
[2017.07.28-10.21.07:480][  0]LogShaderCompilers:Display: Using Local Shader Compiler.
[2017.07.28-10.21.09:612][  0]LogTemp:Display: Loaded TP AllDesktopTargetPlatform
[2017.07.28-10.21.09:723][  0]LogTemp:Display: Loaded TP MacClientTargetPlatform
[2017.07.28-10.21.09:837][  0]LogTemp:Display: Loaded TP MacNoEditorTargetPlatform
[2017.07.28-10.21.09:937][  0]LogTemp:Display: Loaded TP MacServerTargetPlatform
[2017.07.28-10.21.10:049][  0]LogTemp:Display: Loaded TP MacTargetPlatform
[2017.07.28-10.21.10:148][  0]LogTemp:Display: Loaded TP WindowsClientTargetPlatform
[2017.07.28-10.21.10:298][  0]LogTemp:Display: Loaded TP WindowsNoEditorTargetPlatform
[2017.07.28-10.21.10:398][  0]LogTemp:Display: Loaded TP WindowsServerTargetPlatform
[2017.07.28-10.21.10:474][  0]LogTemp:Display: Loaded TP WindowsTargetPlatform
[2017.07.28-10.21.10:569][  0]LogTemp:Display: Loaded TP AndroidTargetPlatform
[2017.07.28-10.21.10:647][  0]LogTemp:Display: Loaded TP Android_ASTCTargetPlatform
[2017.07.28-10.21.10:732][  0]LogTemp:Display: Loaded TP Android_ATCTargetPlatform
[2017.07.28-10.21.10:833][  0]LogTemp:Display: Loaded TP Android_DXTTargetPlatform
[2017.07.28-10.21.10:918][  0]LogTemp:Display: Loaded TP Android_ETC1TargetPlatform
[2017.07.28-10.21.11:024][  0]LogTemp:Display: Loaded TP Android_ETC2TargetPlatform
[2017.07.28-10.21.11:256][  0]LogTemp:Display: Loaded TP Android_MultiTargetPlatform
[2017.07.28-10.21.11:256][  0]LogTemp:Display: Loaded TP Android_PVRTCTargetPlatform
[2017.07.28-10.21.11:339][  0]LogTemp:Display: Loaded TP HTML5TargetPlatform
[2017.07.28-10.21.11:506][  0]LogTemp:Display: Loaded TP IOSTargetPlatform
[2017.07.28-10.21.11:570][  0]LogTemp:Display: Loaded TP TVOSTargetPlatform
[2017.07.28-10.21.11:693][  0]LogTemp:Display: Loaded TP LinuxClientTargetPlatform
[2017.07.28-10.21.11:793][  0]LogTemp:Display: Loaded TP LinuxNoEditorTargetPlatform
[2017.07.28-10.21.11:906][  0]LogTemp:Display: Loaded TP LinuxServerTargetPlatform
[2017.07.28-10.21.12:025][  0]LogTemp:Display: Loaded TP LinuxTargetPlatform
[2017.07.28-10.21.12:025][  0]LogTargetPlatformManager:Display: Building Assets For Windows
[2017.07.28-10.21.13:108][  0]LogDerivedDataCache:Display: Max Cache Size: 512 MB
[2017.07.28-10.21.13:222][  0]LogDerivedDataCache: Loaded boot cache 0.11s 90MB C:/Users/Fucking WIN8/AppData/Local/UnrealEngine/4.16/DerivedDataCache/Boot.ddc.
[2017.07.28-10.21.13:222][  0]LogDerivedDataCache:Display: Loaded Boot cache: C:/Users/Fucking WIN8/AppData/Local/UnrealEngine/4.16/DerivedDataCache/Boot.ddc
[2017.07.28-10.21.13:222][  0]LogDerivedDataCache: FDerivedDataBackendGraph:  Pak pak cache file ../../../../../../Users/Fucking WIN8/Documents/GitHub/RTS/RTS/DerivedDataCache/DDC.ddp not found, will not use a pak cache.
[2017.07.28-10.21.13:222][  0]LogDerivedDataCache: Unable to find inner node Pak for hierarchical cache Hierarchy.
[2017.07.28-10.21.13:222][  0]LogDerivedDataCache: FDerivedDataBackendGraph:  CompressedPak pak cache file ../../../../../../Users/Fucking WIN8/Documents/GitHub/RTS/RTS/DerivedDataCache/Compressed.ddp not found, will not use a pak cache.
[2017.07.28-10.21.13:222][  0]LogDerivedDataCache: Unable to find inner node CompressedPak for hierarchical cache Hierarchy.
[2017.07.28-10.21.13:263][  0]LogDerivedDataCache:Display: Pak cache opened for reading ../../../Engine/DerivedDataCache/Compressed.ddp.
[2017.07.28-10.21.13:275][  0]LogDerivedDataCache: Using Local data cache path C:/Users/Fucking WIN8/AppData/Local/UnrealEngine/Common/DerivedDataCache: Writable
[2017.07.28-10.21.13:297][  0]LogMaterial: Verifying Global Shaders for PCD3D_SM5
[2017.07.28-10.21.13:298][  0]LogSlate: Using Freetype 2.6.0
[2017.07.28-10.21.13:299][  0]LogSlate: SlateFontCache - WITH_FREETYPE: 1, WITH_HARFBUZZ: 1
[2017.07.28-10.21.13:299][  0]LogSlate: SlateFontCache - WITH_FREETYPE: 1, WITH_HARFBUZZ: 1
[2017.07.28-10.21.13:990][  0]LogInit: Selected Device Profile: [Windows]
[2017.07.28-10.21.14:103][  0]LogContentStreaming: Texture pool size is 0.00 MB
[2017.07.28-10.21.14:468][  0]LogMeshUtilities: Using QuadricMeshReduction for automatic static mesh reduction
[2017.07.28-10.21.14:567][  0]LogSimplygon: Simplygon DLL not present - disabling.
[2017.07.28-10.21.14:679][  0]LogMeshUtilities: Using SimplygonSwarm for distributed automatic mesh merging
[2017.07.28-10.21.14:679][  0]LogMeshUtilities: No automatic skeletal mesh reduction module available
[2017.07.28-10.21.14:679][  0]LogMeshUtilities: No automatic mesh merging module available
[2017.07.28-10.21.15:823][  0]LogNetVersion: RTS , NetCL: 3452394, EngineNetVer: 2, GameNetVer: 0 (Checksum: 2270150060)
[2017.07.28-10.21.15:935][  0]LogAssetRegistry: FAssetRegistry took 0.0325 seconds to start up
[2017.07.28-10.21.16:027][  0]LogPackageLocalizationCache: Processed 4 localized package path(s) for 1 prioritized culture(s) in 0.037282 seconds
[2017.07.28-10.21.16:038][  0]LogUObjectArray: 34194 objects as part of root set at end of initial load.
[2017.07.28-10.21.16:038][  0]LogUObjectAllocator: 7260416 out of 0 bytes used by permanent object pool.
[2017.07.28-10.21.16:038][  0]LogUObjectArray: CloseDisregardForGC: 0/0 objects in disregard for GC pool
[2017.07.28-10.21.20:903][  0]LogTcpMessaging: Initializing TcpMessaging bridge
[2017.07.28-10.21.21:032][  0]LogUdpMessaging: Initializing bridge on interface 0.0.0.0:0 to multicast group 230.0.0.1:6666.
[2017.07.28-10.21.22:126][  0]LogMaterial: Uniform references updated for custom material expression Custom.
[2017.07.28-10.21.22:975][  0]SourceControl: Info Source control is disabled
[2017.07.28-10.21.23:045][  0]SourceControl: Info Source control is disabled
[2017.07.28-10.21.23:164][  0]SourceControl: Info Source control is disabled
[2017.07.28-10.21.23:276][  0]SourceControl: Info Source control is disabled
[2017.07.28-10.21.24:485][  0]LogAndroidPermission: UAndroidPermissionCallbackProxy::GetInstance
[2017.07.28-10.21.25:612][  0]LogEngine: Initializing Engine...
[2017.07.28-10.21.25:612][  0]LogHMD: Failed to initialize OpenVR with code 110
[2017.07.28-10.21.25:921][  0]LogStats: UGameplayTagsManager::ConstructGameplayTagTree: Construct from data asset -  0.000 s
[2017.07.28-10.21.25:921][  0]LogStats: UGameplayTagsManager::ConstructGameplayTagTree: GameplayTagTreeChangedEvent.Broadcast -  0.000 s
[2017.07.28-10.21.26:148][  0]LogAIModule: Creating AISystem for world Untitled
[2017.07.28-10.21.26:158][  0]LogInit: XAudio2 using 'Speaker/HP (Realtek High Definition Audio)' : 2 channels at 48 kHz using 32 bits per sample (channel mask 0x3)
[2017.07.28-10.21.26:191][  0]LogInit: FAudioDevice initialized.
[2017.07.28-10.21.26:262][  0]LogDerivedDataCache: Saved boot cache 0.07s 90MB C:/Users/Fucking WIN8/AppData/Local/UnrealEngine/4.16/DerivedDataCache/Boot.ddc.
[2017.07.28-10.21.26:279][  0]LogInit: Texture streaming: Enabled
[2017.07.28-10.21.26:465][  0]LogEngineSessionManager: EngineSessionManager initialized
[2017.07.28-10.21.26:852][  0]LogInit: Transaction tracking system initialized
[2017.07.28-10.21.27:418][  0]BlueprintLog: New page: Editor Load
[2017.07.28-10.21.29:061][  0]LocalizationService: Info Localization service is disabled
[2017.07.28-10.21.30:274][  0]LogConsoleResponse:Display: 
[2017.07.28-10.21.30:556][  0]LogCook:Display: Max memory allowance for cook 16384mb min free memory 0mb
[2017.07.28-10.21.30:556][  0]LogCook:Display: Mobile HDR setting 1
[2017.07.28-10.21.31:402][  0]LogFileCache: Scanning file cache for directory 'C:/Users/Fucking WIN8/Documents/GitHub/RTS/RTS/Content/' took 0.01s
[2017.07.28-10.21.32:561][  0]SourceControl: Info Source control is disabled
[2017.07.28-10.21.32:561][  0]Cmd: MAP LOAD FILE="../../../../../../Users/Fucking WIN8/Documents/GitHub/RTS/RTS/Content/Maps/MenuMap.umap" TEMPLATE=0 SHOWPROGRESS=1 FEATURELEVEL=3
[2017.07.28-10.21.32:562][  0]LightingResults: New page: Lighting Build
[2017.07.28-10.21.32:645][  0]MapCheck: New page: Map Check
[2017.07.28-10.21.32:645][  0]LightingResults: New page: Lighting Build
[2017.07.28-10.21.32:825][  0]LogAIModule: Creating AISystem for world MenuMap
[2017.07.28-10.21.32:827][  0]LogEditorServer: Finished looking for orphan Actors (0.000 secs)
[2017.07.28-10.21.32:860][  0]Cmd: MAP CHECKDEP NOCLEARLOG
[2017.07.28-10.21.32:953][  0]MapCheck: Info Map check complete: 0 Error(s), 0 Warning(s), took 92.599ms to complete.
[2017.07.28-10.21.32:953][  0]LogFileHelpers: Loading map 'MenuMap' took 0.392
[2017.07.28-10.21.33:022][  0]LogWindowsTextInputMethodSystem:Display: IME system now deactivated.
[2017.07.28-10.21.33:174][  0]LogCollectionManager: Loaded 0 collections in 0.003880 seconds
[2017.07.28-10.21.33:302][  0]LogFileCache: Scanning file cache for directory 'C:/Users/Fucking WIN8/Documents/GitHub/RTS/RTS/Saved/Collections/' took 0.01s
[2017.07.28-10.21.33:302][  0]LogFileCache: Scanning file cache for directory 'C:/Users/Fucking WIN8/Documents/GitHub/RTS/RTS/Content/Developers/FuckingWIN8/Collections/' took 0.01s
[2017.07.28-10.21.33:302][  0]LogFileCache: Scanning file cache for directory 'C:/Users/Fucking WIN8/Documents/GitHub/RTS/RTS/Content/Collections/' took 0.01s
[2017.07.28-10.21.33:302][  0]LogCollectionManager: Rebuilt the GUID cache for 0 collections in 0.000005 seconds
[2017.07.28-10.21.33:321][  0]LogContentBrowser: Native class hierarchy populated in 0.0187 seconds. Added 2329 classes and 491 folders.
[2017.07.28-10.21.33:440][  0]LogContentBrowser: Native class hierarchy updated for 'WidgetCarousel' in 0.0011 seconds. Added 0 classes and 0 folders.
[2017.07.28-10.21.33:500][  0]LogContentBrowser: Native class hierarchy updated for 'AddContentDialog' in 0.0011 seconds. Added 0 classes and 0 folders.
[2017.07.28-10.21.33:580][  0]LogContentBrowser: Native class hierarchy updated for 'SceneOutliner' in 0.0012 seconds. Added 1 classes and 2 folders.
[2017.07.28-10.21.33:718][  0]LogCrashTracker: Crashtracker disabled due to settings.
[2017.07.28-10.21.35:231][  0]LogSlate: Only BGRA pngs, bmps or icos are supported in by External Image Picker
[2017.07.28-10.21.35:257][  0]LogSlate: Took 0.000219 seconds to synchronously load lazily loaded font '../../../Engine/Content/Slate/Fonts/Roboto-Regular.ttf' (155K)
[2017.07.28-10.21.35:260][  0]LogSlate: Took 0.000286 seconds to synchronously load lazily loaded font '../../../Engine/Content/Slate/Fonts/Roboto-Bold.ttf' (160K)
[2017.07.28-10.21.35:271][  0]LogSlate: Took 0.000272 seconds to synchronously load lazily loaded font '../../../Engine/Content/Editor/Slate/Fonts/FontAwesome.ttf' (139K)
[2017.07.28-10.21.35:450][  0]LogTemp: Executing iPhonePackager certificates Engine -bundlename com.YourCompany.RTS
[2017.07.28-10.21.35:450][  0]LogTemp: CWD: C:\Program Files\Epic Games\UE_4.16\Engine\Binaries\DotNET\IOS
[2017.07.28-10.21.35:450][  0]LogTemp: Initial Dir: C:\Program Files\Epic Games\UE_4.16
[2017.07.28-10.21.35:450][  0]LogTemp: Env CWD: C:\Program Files\Epic Games\UE_4.16\Engine\Binaries\DotNET\IOS
[2017.07.28-10.21.35:450][  0]LogTemp: BranchPath = AWESOME-X1/C/Program Files/Epic Games/UE_4.16/Engine/Binaries --- GameBranchPath = AWESOME-X1/C/Program Files/Epic Games/UE_4.16/Engine/Binaries
[2017.07.28-10.21.35:450][  0]LogTemp: IPP ERROR: Could not find provision directory 'C:\Users\Fucking WIN8\AppData\Local/Apple Computer/MobileDevice/Provisioning Profiles/'.
[2017.07.28-10.21.35:450][  0]LogRenderer: Reallocating scene render targets to support 804x340 NumSamples 1 (Frame:1).
[2017.07.28-10.21.36:060][  0]LogUObjectGlobals:Warning: Failed to find object 'Class None.'
[2017.07.28-10.21.36:158][  0]LogContentBrowser: Native class hierarchy updated for 'HierarchicalLODOutliner' in 0.0012 seconds. Added 1 classes and 2 folders.
[2017.07.28-10.21.36:159][  0]LogLoad: (Engine Initialization) Total time: 33.98 seconds
[2017.07.28-10.21.36:159][  0]LogLoad: (Engine Initialization) Total Blueprint compile time: 0.15 seconds
[2017.07.28-10.21.36:159][  0]LogExternalProfiler: Found external profiler: VSPerf
[2017.07.28-10.21.36:159][  0]LogExternalProfiler: Using external profiler: VSPerf
[2017.07.28-10.21.36:187][  0]LogOcInput: OculusInput pre-init called
[2017.07.28-10.21.36:187][  0]LogHMD: Starting GearVRController plugin
[2017.07.28-10.21.36:204][  0]LogContentStreaming: Texture pool size now 1000 MB
[2017.07.28-10.21.36:265][  0]LogSlate: Took 0.000244 seconds to synchronously load lazily loaded font '../../../Engine/Content/Slate/Fonts/Roboto-Light.ttf' (159K)
[2017.07.28-10.21.36:294][  1]LogAssetRegistry: Asset discovery search completed in 20.3819 seconds
[2017.07.28-10.21.36:298][  1]LogCollectionManager: Rebuilt the object cache for 0 collections in 0.000001 seconds (found 0 objects)
[2017.07.28-10.21.36:298][  1]LogCollectionManager: Fixed up redirectors for 0 collections in 0.000074 seconds (updated 0 objects)
[2017.07.28-10.21.37:875][ 72]LogTemp: Repeting last play command: Standalone Game
[2017.07.28-10.21.38:065][ 72]LogSlate: Took 0.000395 seconds to synchronously load lazily loaded font '../../../Engine/Content/Slate/Fonts/Roboto-Light.ttf' (159K)
[2017.07.28-10.21.38:123][ 72]LogSavePackage: Save=24.32ms
[2017.07.28-10.21.38:123][ 72]LogSavePackage: Moving '../../../../../../Users/Fucking WIN8/Documents/GitHub/RTS/RTS/Saved/UEDPCMenuMap105080B54AF3A6BCC8E5DEAEA0900359.tmp' to '../../../../../../Users/Fucking WIN8/Documents/GitHub/RTS/RTS/Saved/Autosaves/Game/Maps/UEDPCMenuMap.umap'
[2017.07.28-10.21.38:124][ 72]LogSavePackage:Display: Finished SavePackage ../../../../../../Users/Fucking WIN8/Documents/GitHub/RTS/RTS/Saved/Autosaves/Game/Maps/UEDPCMenuMap.umap
[2017.07.28-10.21.38:135][ 72]LogEditorTransaction: Undo Spawn Play From Here Start
[2017.07.28-10.22.53:054][317]LogPlayLevel: PlayLevel: No blueprints needed recompiling
[2017.07.28-10.22.53:054][317]LogOnline:Display: OSS: FOnlineSubsystemNull::Shutdown()
[2017.07.28-10.22.53:054][317]LogOnline:Display: OSS: FOnlineAsyncTaskManager::Stop() ActiveTask:0000000000000000 Tasks[0/0]
[2017.07.28-10.22.53:070][317]LogOnline:Display: OSS: FOnlineAsyncTaskManager::Exit() started
[2017.07.28-10.22.53:070][317]LogOnline:Display: OSS: FOnlineAsyncTaskManager::Exit() finished
[2017.07.28-10.22.53:070][317]PIE: New page: PIE session: MenuMap (Jul 28, 2017, 2:22:53 PM)
[2017.07.28-10.22.53:072][317]LogPlayLevel: Creating play world package: /Game/Maps/UEDPIE_0_MenuMap
[2017.07.28-10.22.53:074][317]LogPlayLevel: PIE: StaticDuplicateObject took: (0.002082s)
[2017.07.28-10.22.53:076][317]LogAIModule: Creating AISystem for world MenuMap
[2017.07.28-10.22.53:076][317]LogPlayLevel: PIE: World Init took: (0.001982s)
[2017.07.28-10.22.53:077][317]LogPlayLevel: PIE: Created PIE world by copying editor world from /Game/Maps/MenuMap.MenuMap to /Game/Maps/UEDPIE_0_MenuMap.MenuMap (0.004745s)
[2017.07.28-10.22.53:156][317]LogInit: XAudio2 using 'Speaker/HP (Realtek High Definition Audio)' : 2 channels at 48 kHz using 32 bits per sample (channel mask 0x3)
[2017.07.28-10.22.53:188][317]LogInit: FAudioDevice initialized.
[2017.07.28-10.22.53:239][317]LogLoad: Game class is 'BP_GameMode_Menu_C'
[2017.07.28-10.22.53:242][317]LogWorld: Bringing World /Game/Maps/UEDPIE_0_MenuMap.MenuMap up for play (max tick rate 60) at 2017.07.28-12.22.53
[2017.07.28-10.22.53:243][317]LogWorld: Bringing up level for play took: 0.002013
[2017.07.28-10.22.53:455][317]LogContentBrowser: Native class hierarchy updated for 'MovieSceneCapture' in 0.0016 seconds. Added 11 classes and 0 folders.
[2017.07.28-10.22.53:459][317]PIE: Info Play in editor start time for /Game/Maps/UEDPIE_0_MenuMap -0.207
[2017.07.28-10.22.56:766][444]LogInit: WinSock: I am Awesome-X1 (192.168.1.13:0)
[2017.07.28-10.23.00:668][567]LogOnline:Warning: OSS: Ignoring game search request while one is pending
[2017.07.28-10.23.01:770][615]LogScript:Warning: Attempted to access index 0 from array Temp_struct_Variable of length 0!
	BP_GameInstance_C /Engine/Transient.UnrealEdEngine_0:BP_GameInstance_C_0
	Function /Game/Blueprints/BP_GameInstance.BP_GameInstance_C:ExecuteUbergraph_BP_GameInstance:020D
[2017.07.28-10.23.01:771][615]LogBlueprintUserMessages: [BP_GameInstance_C_0] Could not join lobby
[2017.07.28-10.23.01:771][615]LogScript:Warning: Attempted to access index 0 from array Temp_struct_Variable of length 0!
	BP_GameInstance_C /Engine/Transient.UnrealEdEngine_0:BP_GameInstance_C_0
	Function /Game/Blueprints/BP_GameInstance.BP_GameInstance_C:ExecuteUbergraph_BP_GameInstance:020D
[2017.07.28-10.23.01:771][615]LogBlueprintUserMessages: [BP_GameInstance_C_0] Could not join lobby
[2017.07.28-10.23.29:698][822]LogAIModule: Creating AISystem for world LobbyMap
[2017.07.28-10.23.31:029][822]LogOnline:Display: OSS: FOnlineSubsystemNull::Shutdown()
[2017.07.28-10.23.31:030][822]LogOnline:Display: OSS: FOnlineAsyncTaskManager::Stop() ActiveTask:0000000000000000 Tasks[0/0]
[2017.07.28-10.23.31:030][822]LogOnline:Display: OSS: FOnlineAsyncTaskManager::Exit() started
[2017.07.28-10.23.31:031][822]LogOnline:Display: OSS: FOnlineAsyncTaskManager::Exit() finished
[2017.07.28-10.23.31:031][822]LogPlayLevel:Display: Shutting down PIE online subsystems
[2017.07.28-10.23.31:071][822]Cmd: MAP LOAD FILE="../../../../../../Users/Fucking WIN8/Documents/GitHub/RTS/RTS/Content/Maps/LobbyMap.umap" TEMPLATE=0 SHOWPROGRESS=1 FEATURELEVEL=3
[2017.07.28-10.23.31:084][822]LightingResults: New page: Lighting Build
[2017.07.28-10.23.31:086][822]LoadErrors: New page: Loading map: LobbyMap.umap
[2017.07.28-10.23.31:086][822]MapCheck: New page: Map Check
[2017.07.28-10.23.31:086][822]LightingResults: New page: Lighting Build
[2017.07.28-10.23.31:276][822]LogEditorServer: Finished looking for orphan Actors (0.000 secs)
[2017.07.28-10.23.31:311][822]LogSlate: Took 0.000282 seconds to synchronously load lazily loaded font '../../../Engine/Content/Slate/Fonts/Roboto-Regular.ttf' (155K)
[2017.07.28-10.23.31:376][822]Cmd: MAP CHECKDEP NOCLEARLOG
[2017.07.28-10.23.31:451][822]MapCheck: Info Map check complete: 0 Error(s), 0 Warning(s), took 74.242ms to complete.
[2017.07.28-10.23.31:451][822]LogFileHelpers: Loading map 'LobbyMap' took 1.692
[2017.07.28-10.23.31:489][823]LogPlayLevel:Display: Destroying online subsystem :Context_1
[2017.07.28-10.23.31:489][823]LogOnline:Display: OSS: FOnlineSubsystemNull::Shutdown()
[2017.07.28-10.23.44:143][258]Cmd: OBJ SAVEPACKAGE PACKAGE="/Game/Maps/LobbyMap" FILE="../../../../../../Users/Fucking WIN8/Documents/GitHub/RTS/RTS/Content/Maps/LobbyMap.umap" SILENT=true AUTOSAVING=false KEEPDIRTY=false
[2017.07.28-10.23.44:251][258]LogSavePackage: Save=34.76ms
[2017.07.28-10.23.44:251][258]LogSavePackage: Moving '../../../../../../Users/Fucking WIN8/Documents/GitHub/RTS/RTS/Saved/LobbyMap27E1F24F45490EA59F353CA40E0EE90B.tmp' to '../../../../../../Users/Fucking WIN8/Documents/GitHub/RTS/RTS/Content/Maps/LobbyMap.umap'
[2017.07.28-10.23.44:258][258]LogSavePackage:Display: Finished SavePackage ../../../../../../Users/Fucking WIN8/Documents/GitHub/RTS/RTS/Content/Maps/LobbyMap.umap
[2017.07.28-10.23.57:210][690]LogWindowsTextInputMethodSystem:Display: IME system now deactivated.
[2017.07.28-10.23.57:536][691]Cmd: QUIT_EDITOR
[2017.07.28-10.23.57:858][691]LogExit: Preparing to exit.
[2017.07.28-10.23.58:267][691]LogDirectoryWatcher: A directory notification for 'C:/Users/Fucking WIN8/Documents/GitHub/RTS/RTS/Content/' was aborted.
[2017.07.28-10.23.58:293][691]LogExit: Editor shut down
[2017.07.28-10.23.58:299][691]LogExit: Transaction tracking system shut down
[2017.07.28-10.23.58:391][691]LogObj: Freed 0b from 0 cluster array pools.
[2017.07.28-10.23.58:391][691]LogExit: Object subsystem successfully closed.
[2017.07.28-10.23.58:422][691]LogD3D11RHI: Shutdown
[2017.07.28-10.23.58:422][691]LogD3D11RHI: CleanupD3DDevice
[2017.07.28-10.23.58:664][691]LogD3D11RHI: ~FD3D11DynamicRHI
[2017.07.28-10.23.58:688][691]LogModuleManager: Shutting down and abandoning module MovieSceneCapture (530)
[2017.07.28-10.23.58:688][691]LogModuleManager: Shutting down and abandoning module Voice (528)
[2017.07.28-10.23.58:688][691]LogModuleManager: Shutting down and abandoning module HierarchicalLODOutliner (526)
[2017.07.28-10.23.58:688][691]LogModuleManager: Shutting down and abandoning module ExternalImagePicker (524)
[2017.07.28-10.23.58:688][691]LogModuleManager: Shutting down and abandoning module CrashTracker (522)
[2017.07.28-10.23.58:688][691]LogModuleManager: Shutting down and abandoning module SceneOutliner (520)
[2017.07.28-10.23.58:688][691]LogModuleManager: Shutting down and abandoning module AddContentDialog (518)
[2017.07.28-10.23.58:688][691]LogDirectoryWatcher: A directory notification for 'C:/Program Files/Epic Games/UE_4.16/FeaturePacks/' was aborted.
[2017.07.28-10.23.58:690][691]LogModuleManager: Shutting down and abandoning module WidgetCarousel (517)
[2017.07.28-10.23.58:690][691]LogModuleManager: Shutting down and abandoning module EditorWidgets (514)
[2017.07.28-10.23.58:690][691]LogModuleManager: Shutting down and abandoning module CollectionManager (512)
[2017.07.28-10.23.58:690][691]LogDirectoryWatcher: A directory notification for 'C:/Users/Fucking WIN8/Documents/GitHub/RTS/RTS/Content/Collections/' was aborted.
[2017.07.28-10.23.58:690][691]LogDirectoryWatcher: A directory notification for 'C:/Users/Fucking WIN8/Documents/GitHub/RTS/RTS/Content/Developers/FuckingWIN8/Collections/' was aborted.
[2017.07.28-10.23.58:690][691]LogDirectoryWatcher: A directory notification for 'C:/Users/Fucking WIN8/Documents/GitHub/RTS/RTS/Saved/Collections/' was aborted.
[2017.07.28-10.23.58:690][691]LogModuleManager: Shutting down and abandoning module StatsViewer (510)
[2017.07.28-10.23.58:690][691]LogModuleManager: Shutting down and abandoning module FoliageEdit (508)
[2017.07.28-10.23.58:690][691]LogModuleManager: Shutting down and abandoning module LandscapeEditor (506)
[2017.07.28-10.23.58:690][691]LogModuleManager: Shutting down and abandoning module MeshPaintMode (504)
[2017.07.28-10.23.58:690][691]LogModuleManager: Shutting down and abandoning module SceneDepthPickerMode (502)
[2017.07.28-10.23.58:690][691]LogModuleManager: Shutting down and abandoning module ActorPickerMode (500)
[2017.07.28-10.23.58:690][691]LogModuleManager: Shutting down and abandoning module GeometryMode (498)
[2017.07.28-10.23.58:690][691]LogModuleManager: Shutting down and abandoning module TextureAlignMode (496)
[2017.07.28-10.23.58:690][691]LogModuleManager: Shutting down and abandoning module BspMode (494)
[2017.07.28-10.23.58:690][691]LogModuleManager: Shutting down and abandoning module HardwareSurvey (492)
[2017.07.28-10.23.58:690][691]LogModuleManager: Shutting down and abandoning module SequenceRecorderSections (490)
[2017.07.28-10.23.58:690][691]LogModuleManager: Shutting down and abandoning module AutomationWorker (488)
[2017.07.28-10.23.58:690][691]LogModuleManager: Shutting down and abandoning module MatineeToLevelSequence (486)
[2017.07.28-10.23.58:690][691]LogModuleManager: Shutting down and abandoning module LevelSequenceEditor (484)
[2017.07.28-10.23.58:690][691]LogModuleManager: Shutting down and abandoning module PlacementMode (483)
[2017.07.28-10.23.58:690][691]LogModuleManager: Shutting down and abandoning module WmfMediaFactory (480)
[2017.07.28-10.23.58:690][691]LogModuleManager: Shutting down and abandoning module WmfMediaEditor (478)
[2017.07.28-10.23.58:690][691]LogModuleManager: Shutting down and abandoning module AvfMediaFactory (476)
[2017.07.28-10.23.58:690][691]LogModuleManager: Shutting down and abandoning module AvfMediaEditor (474)
[2017.07.28-10.23.58:690][691]LogModuleManager: Shutting down and abandoning module AndroidMediaFactory (472)
[2017.07.28-10.23.58:690][691]LogModuleManager: Shutting down and abandoning module Media (471)
[2017.07.28-10.23.58:690][691]LogModuleManager: Shutting down and abandoning module AndroidMediaEditor (468)
[2017.07.28-10.23.58:690][691]LogModuleManager: Shutting down and abandoning module CharacterAI (466)
[2017.07.28-10.23.58:690][691]LogModuleManager: Shutting down and abandoning module AudioCapture (464)
[2017.07.28-10.23.58:690][691]LogModuleManager: Shutting down and abandoning module SequenceRecorder (463)
[2017.07.28-10.23.58:690][691]LogModuleManager: Shutting down and abandoning module SmartSnapping (460)
[2017.07.28-10.23.58:690][691]LogModuleManager: Shutting down and abandoning module SessionServices (458)
[2017.07.28-10.23.58:691][691]LogModuleManager: Shutting down and abandoning module ViewportSnapping (456)
[2017.07.28-10.23.58:691][691]LogModuleManager: Shutting down and abandoning module ViewportInteraction (454)
[2017.07.28-10.23.58:691][691]LogModuleManager: Shutting down and abandoning module ClothPainter (452)
[2017.07.28-10.23.58:691][691]LogModuleManager: Shutting down and abandoning module LogVisualizer (450)
[2017.07.28-10.23.58:691][691]LogModuleManager: Shutting down and abandoning module IntroTutorials (448)
[2017.07.28-10.23.58:691][691]LogModuleManager: Shutting down and abandoning module GameProjectGeneration (447)
[2017.07.28-10.23.58:691][691]LogModuleManager: Shutting down and abandoning module EditorLiveStreaming (444)
[2017.07.28-10.23.58:691][691]LogModuleManager: Shutting down and abandoning module IOSPlatformEditor (442)
[2017.07.28-10.23.58:691][691]LogModuleManager: Shutting down and abandoning module HTML5PlatformEditor (440)
[2017.07.28-10.23.58:691][691]LogModuleManager: Shutting down and abandoning module AndroidPlatformEditor (438)
[2017.07.28-10.23.58:691][691]LogModuleManager: Shutting down and abandoning module AndroidDeviceDetection (437)
[2017.07.28-10.23.59:199][691]LogModuleManager: Shutting down and abandoning module IOSRuntimeSettings (434)
[2017.07.28-10.23.59:199][691]LogModuleManager: Shutting down and abandoning module AndroidRuntimeSettings (432)
[2017.07.28-10.23.59:199][691]LogModuleManager: Shutting down and abandoning module InputBindingEditor (430)
[2017.07.28-10.23.59:199][691]LogModuleManager: Shutting down and abandoning module MergeActors (428)
[2017.07.28-10.23.59:199][691]LogModuleManager: Shutting down and abandoning module SizeMap (426)
[2017.07.28-10.23.59:199][691]LogModuleManager: Shutting down and abandoning module TreeMap (424)
[2017.07.28-10.23.59:199][691]LogModuleManager: Shutting down and abandoning module ReferenceViewer (422)
[2017.07.28-10.23.59:199][691]LogModuleManager: Shutting down and abandoning module LocalizationDashboard (420)
[2017.07.28-10.23.59:199][691]LogModuleManager: Shutting down and abandoning module LocalizationService (419)
[2017.07.28-10.23.59:199][691]LogModuleManager: Shutting down and abandoning module HardwareTargeting (416)
[2017.07.28-10.23.59:199][691]LogModuleManager: Shutting down and abandoning module DeviceProfileEditor (414)
[2017.07.28-10.23.59:199][691]LogModuleManager: Shutting down and abandoning module UndoHistory (412)
[2017.07.28-10.23.59:199][691]LogModuleManager: Shutting down and abandoning module UserFeedback (410)
[2017.07.28-10.23.59:199][691]LogModuleManager: Shutting down and abandoning module XmlParser (408)
[2017.07.28-10.23.59:199][691]LogModuleManager: Shutting down and abandoning module Blutility (406)
[2017.07.28-10.23.59:199][691]LogModuleManager: Shutting down and abandoning module ProjectSettingsViewer (404)
[2017.07.28-10.23.59:199][691]LogModuleManager: Shutting down and abandoning module ProjectTargetPlatformEditor (403)
[2017.07.28-10.23.59:200][691]LogModuleManager: Shutting down and abandoning module EditorSettingsViewer (400)
[2017.07.28-10.23.59:200][691]LogModuleManager: Shutting down and abandoning module SettingsEditor (398)
[2017.07.28-10.23.59:200][691]LogModuleManager: Shutting down and abandoning module ProjectLauncher (396)
[2017.07.28-10.23.59:200][691]LogModuleManager: Shutting down and abandoning module SessionFrontend (394)
[2017.07.28-10.23.59:200][691]LogModuleManager: Shutting down and abandoning module ProfilerClient (392)
[2017.07.28-10.23.59:200][691]LogModuleManager: Shutting down and abandoning module DeviceManager (390)
[2017.07.28-10.23.59:200][691]LogModuleManager: Shutting down and abandoning module TargetDeviceServices (389)
[2017.07.28-10.23.59:255][691]LogModuleManager: Shutting down and abandoning module AutomationController (386)
[2017.07.28-10.23.59:255][691]LogModuleManager: Shutting down and abandoning module AutomationWindow (384)
[2017.07.28-10.23.59:255][691]LogModuleManager: Shutting down and abandoning module Layers (382)
[2017.07.28-10.23.59:255][691]LogModuleManager: Shutting down and abandoning module ComponentVisualizers (380)
[2017.07.28-10.23.59:255][691]LogModuleManager: Shutting down and abandoning module DetailCustomizations (378)
[2017.07.28-10.23.59:255][691]LogModuleManager: Shutting down and abandoning module PackagesDialog (376)
[2017.07.28-10.23.59:255][691]LogModuleManager: Shutting down and abandoning module Persona (374)
[2017.07.28-10.23.59:255][691]LogModuleManager: Shutting down and abandoning module AdvancedPreviewScene (373)
[2017.07.28-10.23.59:255][691]LogModuleManager: Shutting down and abandoning module AnimGraph (371)
[2017.07.28-10.23.59:255][691]LogModuleManager: Shutting down and abandoning module Kismet (368)
[2017.07.28-10.23.59:255][691]LogModuleManager: Shutting down and abandoning module ClassViewer (366)
[2017.07.28-10.23.59:255][691]LogModuleManager: Shutting down and abandoning module Toolbox (364)
[2017.07.28-10.23.59:255][691]LogModuleManager: Shutting down and abandoning module ModuleUI (362)
[2017.07.28-10.23.59:255][691]LogModuleManager: Shutting down and abandoning module MovieSceneTools (360)
[2017.07.28-10.23.59:256][691]LogModuleManager: Shutting down and abandoning module OutputLog (358)
[2017.07.28-10.23.59:256][691]LogModuleManager: Shutting down and abandoning module GammaUI (356)
[2017.07.28-10.23.59:256][691]LogModuleManager: Shutting down and abandoning module Documentation (354)
[2017.07.28-10.23.59:256][691]LogModuleManager: Shutting down and abandoning module MovieSceneTracks (352)
[2017.07.28-10.23.59:256][691]LogModuleManager: Shutting down and abandoning module MovieScene (350)
[2017.07.28-10.23.59:256][691]LogModuleManager: Shutting down and abandoning module Niagara (348)
[2017.07.28-10.23.59:256][691]LogModuleManager: Shutting down and abandoning module NiagaraEditor (347)
[2017.07.28-10.23.59:256][691]LogModuleManager: Shutting down and abandoning module StreamingPauseRendering (344)
[2017.07.28-10.23.59:256][691]LogModuleManager: Shutting down and abandoning module AnalyticsET (342)
[2017.07.28-10.23.59:256][691]LogModuleManager: Shutting down and abandoning module PortalServices (340)
[2017.07.28-10.23.59:256][691]LogModuleManager: Shutting down and abandoning module PortalRpc (338)
[2017.07.28-10.23.59:256][691]LogModuleManager: Shutting down and abandoning module MessagingRpc (336)
[2017.07.28-10.23.59:256][691]LogModuleManager: Shutting down and abandoning module AIModule (334)
[2017.07.28-10.23.59:256][691]LogModuleManager: Shutting down and abandoning module GameplayDebugger (333)
[2017.07.28-10.23.59:256][691]LogModuleManager: Shutting down and abandoning module AITestSuite (331)
[2017.07.28-10.23.59:256][691]LogModuleManager: Shutting down and abandoning module ProfilerService (328)
[2017.07.28-10.23.59:337][691]LogModuleManager: Shutting down and abandoning module TaskGraph (326)
[2017.07.28-10.23.59:337][691]LogModuleManager: Shutting down and abandoning module SteamVRController (324)
[2017.07.28-10.23.59:337][691]LogModuleManager: Shutting down and abandoning module SteamVR (322)
[2017.07.28-10.23.59:337][691]LogModuleManager: Shutting down and abandoning module ProceduralMeshComponentEditor (320)
[2017.07.28-10.23.59:337][691]LogModuleManager: Shutting down and abandoning module ProceduralMeshComponent (318)
[2017.07.28-10.23.59:337][691]LogModuleManager: Shutting down and abandoning module OculusLibrary (316)
[2017.07.28-10.23.59:337][691]LogModuleManager: Shutting down and abandoning module OculusInput (314)
[2017.07.28-10.23.59:337][691]LogModuleManager: Shutting down and abandoning module MobilePatchingUtils (312)
[2017.07.28-10.23.59:337][691]LogModuleManager: Shutting down and abandoning module CustomMeshComponent (310)
[2017.07.28-10.23.59:337][691]LogModuleManager: Shutting down and abandoning module CableComponent (308)
[2017.07.28-10.23.59:337][691]LogModuleManager: Shutting down and abandoning module ArchVisCharacter (306)
[2017.07.28-10.23.59:337][691]LogModuleManager: Shutting down and abandoning module AndroidPermission (304)
[2017.07.28-10.23.59:337][691]LogModuleManager: Shutting down and abandoning module MediaPlayerEditor (302)
[2017.07.28-10.23.59:337][691]LogModuleManager: Shutting down and abandoning module HTML5Networking (300)
[2017.07.28-10.23.59:337][691]LogModuleManager: Shutting down and abandoning module AlembicImporter (298)
[2017.07.28-10.23.59:337][691]LogModuleManager: Shutting down and abandoning module AlembicLibrary (297)
[2017.07.28-10.23.59:337][691]LogModuleManager: Shutting down and abandoning module GeometryCache (296)
[2017.07.28-10.23.59:337][691]LogModuleManager: Shutting down and abandoning module GeometryCacheEd (295)
[2017.07.28-10.23.59:337][691]LogModuleManager: Shutting down and abandoning module SuperSearchEditor (290)
[2017.07.28-10.23.59:337][691]LogModuleManager: Shutting down and abandoning module SuperSearch (289)
[2017.07.28-10.23.59:337][691]LogModuleManager: Shutting down and abandoning module SpeedTreeImporter (286)
[2017.07.28-10.23.59:337][691]LogModuleManager: Shutting down and abandoning module PluginBrowser (284)
[2017.07.28-10.23.59:338][691]LogModuleManager: Shutting down and abandoning module MobileLauncherProfileWizard (282)
[2017.07.28-10.23.59:338][691]LogModuleManager: Shutting down and abandoning module VisualStudioSourceCodeAccess (280)
[2017.07.28-10.23.59:338][691]LogModuleManager: Shutting down and abandoning module DesktopPlatform (279)
[2017.07.28-10.23.59:338][691]LogModuleManager: Shutting down and abandoning module UObjectPlugin (276)
[2017.07.28-10.23.59:338][691]LogModuleManager: Shutting down and abandoning module SubversionSourceControl (274)
[2017.07.28-10.23.59:338][691]LogModuleManager: Shutting down and abandoning module PerforceSourceControl (272)
[2017.07.28-10.23.59:338][691]LogModuleManager: Shutting down and abandoning module GitSourceControl (270)
[2017.07.28-10.23.59:338][691]LogModuleManager: Shutting down and abandoning module SourceControl (269)
[2017.07.28-10.23.59:338][691]LogModuleManager: Shutting down and abandoning module LightPropagationVolumeEditor (266)
[2017.07.28-10.23.59:338][691]LogModuleManager: Shutting down and abandoning module PaperTiledImporter (264)
[2017.07.28-10.23.59:338][691]LogModuleManager: Shutting down and abandoning module PaperSpriteSheetImporter (262)
[2017.07.28-10.23.59:338][691]LogModuleManager: Shutting down and abandoning module Paper2DEditor (260)
[2017.07.28-10.23.59:338][691]LogModuleManager: Shutting down and abandoning module MeshPaint (259)
[2017.07.28-10.23.59:338][691]LogModuleManager: Shutting down and abandoning module LevelEditor (257)
[2017.07.28-10.23.59:339][691]LogModuleManager: Shutting down and abandoning module PixelInspectorModule (256)
[2017.07.28-10.23.59:339][691]LogModuleManager: Shutting down and abandoning module MainFrame (254)
[2017.07.28-10.23.59:339][691]LogModuleManager: Shutting down and abandoning module HotReload (253)
[2017.07.28-10.23.59:339][691]LogModuleManager: Shutting down and abandoning module PhysXVehiclesEditor (248)
[2017.07.28-10.23.59:339][691]LogModuleManager: Shutting down and abandoning module PhysXVehicles (246)
[2017.07.28-10.23.59:339][691]LogModuleManager: Shutting down and abandoning module LocationServicesBPLibrary (244)
[2017.07.28-10.23.59:339][691]LogModuleManager: Shutting down and abandoning module ImmediatePhysicsEditor (242)
[2017.07.28-10.23.59:339][691]LogModuleManager: Shutting down and abandoning module ImmediatePhysics (240)
[2017.07.28-10.23.59:339][691]LogModuleManager: Shutting down and abandoning module UdpMessaging (238)
[2017.07.28-10.23.59:440][691]LogModuleManager: Shutting down and abandoning module TcpMessaging (236)
[2017.07.28-10.23.59:541][691]LogModuleManager: Shutting down and abandoning module GameplayTagsEditor (234)
[2017.07.28-10.23.59:541][691]LogModuleManager: Shutting down and abandoning module FacialAnimationEditor (232)
[2017.07.28-10.23.59:541][691]LogModuleManager: Shutting down and abandoning module FacialAnimation (230)
[2017.07.28-10.23.59:541][691]LogModuleManager: Shutting down and abandoning module AssetManagerEditor (228)
[2017.07.28-10.23.59:541][691]LogModuleManager: Shutting down and abandoning module GraphEditor (227)
[2017.07.28-10.23.59:541][691]LogModuleManager: Shutting down and abandoning module ContentBrowser (225)
[2017.07.28-10.23.59:543][691]LogModuleManager: Shutting down and abandoning module LightPropagationVolumeRuntime (222)
[2017.07.28-10.23.59:543][691]LogModuleManager: Shutting down and abandoning module Paper2D (220)
[2017.07.28-10.23.59:543][691]LogModuleManager: Shutting down and abandoning module WindowsMoviePlayer (218)
[2017.07.28-10.23.59:543][691]LogModuleManager: Shutting down and abandoning module WmfMedia (216)
[2017.07.28-10.23.59:543][691]LogModuleManager: Shutting down and abandoning module ClothingSystemEditor (214)
[2017.07.28-10.23.59:543][691]LogModuleManager: Shutting down and abandoning module ClothingSystemRuntime (212)
[2017.07.28-10.23.59:543][691]LogModuleManager: Shutting down and abandoning module MediaAssets (210)
[2017.07.28-10.23.59:543][691]LogModuleManager: Shutting down and abandoning module GameLiveStreaming (208)
[2017.07.28-10.23.59:543][691]LogModuleManager: Shutting down and abandoning module VREditor (206)
[2017.07.28-10.23.59:543][691]LogModuleManager: Shutting down and abandoning module StringTableEditor (204)
[2017.07.28-10.23.59:543][691]LogModuleManager: Shutting down and abandoning module GameplayTasksEditor (202)
[2017.07.28-10.23.59:543][691]LogModuleManager: Shutting down and abandoning module BehaviorTreeEditor (200)
[2017.07.28-10.23.59:543][691]LogModuleManager: Shutting down and abandoning module FunctionalTesting (198)
[2017.07.28-10.23.59:543][691]LogModuleManager: Shutting down and abandoning module CollisionAnalyzer (196)
[2017.07.28-10.23.59:543][691]LogModuleManager: Shutting down and abandoning module UMG (194)
[2017.07.28-10.23.59:543][691]LogModuleManager: Shutting down and abandoning module UMGEditor (193)
[2017.07.28-10.23.59:543][691]LogModuleManager: Shutting down and abandoning module Sequencer (192)
[2017.07.28-10.23.59:543][691]LogModuleManager: Shutting down and abandoning module AssetTools (190)
[2017.07.28-10.23.59:543][691]LogModuleManager: Shutting down and abandoning module MessageLog (189)
[2017.07.28-10.23.59:543][691]LogModuleManager: Shutting down and abandoning module WorkspaceMenuStructure (188)
[2017.07.28-10.23.59:544][691]LogModuleManager: Shutting down and abandoning module SlateReflector (182)
[2017.07.28-10.23.59:544][691]LogModuleManager: Shutting down and abandoning module Slate (180)
[2017.07.28-10.23.59:544][691]LogModuleManager: Shutting down and abandoning module EditorStyle (178)
[2017.07.28-10.23.59:547][691]LogModuleManager: Shutting down and abandoning module SourceCodeAccess (176)
[2017.07.28-10.23.59:547][691]LogModuleManager: Shutting down and abandoning module HeadMountedDisplay (174)
[2017.07.28-10.23.59:547][691]LogModuleManager: Shutting down and abandoning module XAudio2 (172)
[2017.07.28-10.23.59:547][691]LogModuleManager: Shutting down and abandoning module Networking (170)
[2017.07.28-10.23.59:547][691]LogModuleManager: Shutting down and abandoning module Core (168)
[2017.07.28-10.23.59:547][691]LogModuleManager: Shutting down and abandoning module AssetRegistry (166)
[2017.07.28-10.23.59:685][691]LogDirectoryWatcher: A directory notification for '../../../Engine/Content/' was aborted.
[2017.07.28-10.23.59:685][691]LogDirectoryWatcher: A directory notification for '../../../../../../Users/Fucking WIN8/Documents/GitHub/RTS/RTS/Content/' was aborted.
[2017.07.28-10.23.59:685][691]LogDirectoryWatcher: A directory notification for '../../../Engine/Plugins/2D/Paper2D/Content/' was aborted.
[2017.07.28-10.23.59:685][691]LogDirectoryWatcher: A directory notification for '../../../Engine/Plugins/Runtime/GearVR/Content/' was aborted.
[2017.07.28-10.23.59:689][691]LogModuleManager: Shutting down and abandoning module DirectoryWatcher (165)
[2017.07.28-10.23.59:690][691]LogModuleManager: Shutting down and abandoning module KismetCompiler (162)
[2017.07.28-10.23.59:690][691]LogModuleManager: Shutting down and abandoning module LevelSequence (160)
[2017.07.28-10.23.59:690][691]LogModuleManager: Shutting down and abandoning module PhysXFormats (158)
[2017.07.28-10.23.59:690][691]LogModuleManager: Shutting down and abandoning module MeshUtilities (156)
[2017.07.28-10.23.59:690][691]LogModuleManager: Shutting down and abandoning module SimplygonSwarm (155)
[2017.07.28-10.23.59:690][691]LogModuleManager: Shutting down and abandoning module SimplygonMeshReduction (153)
[2017.07.28-10.23.59:690][691]LogModuleManager: Shutting down and abandoning module QuadricMeshReduction (151)
[2017.07.28-10.23.59:690][691]LogModuleManager: Shutting down and abandoning module DerivedDataCache (148)
[2017.07.28-10.23.59:741][691]LogDerivedDataCache: Shutdown
[2017.07.28-10.23.59:741][691]LogModuleManager: Shutting down and abandoning module TargetPlatform (146)
[2017.07.28-10.23.59:741][691]LogModuleManager: Shutting down and abandoning module VulkanShaderFormat (145)
[2017.07.28-10.23.59:741][691]LogModuleManager: Shutting down and abandoning module ShaderFormatVectorVM (143)
[2017.07.28-10.23.59:741][691]LogModuleManager: Shutting down and abandoning module ShaderFormatOpenGL (141)
[2017.07.28-10.23.59:741][691]LogModuleManager: Shutting down and abandoning module ShaderFormatD3D (139)
[2017.07.28-10.23.59:741][691]LogModuleManager: Shutting down and abandoning module MetalShaderFormat (137)
[2017.07.28-10.23.59:742][691]LogModuleManager: Shutting down and abandoning module TextureFormatUncompressed (135)
[2017.07.28-10.23.59:742][691]LogModuleManager: Shutting down and abandoning module TextureFormatPVR (133)
[2017.07.28-10.23.59:742][691]LogModuleManager: Shutting down and abandoning module TextureFormatDXT (131)
[2017.07.28-10.23.59:742][691]LogModuleManager: Shutting down and abandoning module TextureFormatIntelISPCTexComp (129)
[2017.07.28-10.23.59:742][691]LogModuleManager: Shutting down and abandoning module TextureFormatASTC (127)
[2017.07.28-10.23.59:742][691]LogModuleManager: Shutting down and abandoning module ImageWrapper (126)
[2017.07.28-10.23.59:742][691]LogModuleManager: Shutting down and abandoning module TextureFormatAndroid (123)
[2017.07.28-10.23.59:742][691]LogModuleManager: Shutting down and abandoning module AudioFormatOpus (121)
[2017.07.28-10.23.59:742][691]LogModuleManager: Shutting down and abandoning module AudioFormatOgg (119)
[2017.07.28-10.23.59:742][691]LogModuleManager: Shutting down and abandoning module AudioFormatADPCM (117)
[2017.07.28-10.23.59:742][691]LogModuleManager: Shutting down and abandoning module LinuxTargetPlatform (115)
[2017.07.28-10.23.59:742][691]LogModuleManager: Shutting down and abandoning module LinuxServerTargetPlatform (113)
[2017.07.28-10.23.59:742][691]LogModuleManager: Shutting down and abandoning module LinuxNoEditorTargetPlatform (111)
[2017.07.28-10.23.59:742][691]LogModuleManager: Shutting down and abandoning module LinuxClientTargetPlatform (109)
[2017.07.28-10.23.59:742][691]LogModuleManager: Shutting down and abandoning module TVOSTargetPlatform (107)
[2017.07.28-10.23.59:742][691]LogModuleManager: Shutting down and abandoning module Messaging (105)
[2017.07.28-10.23.59:742][691]LogModuleManager: Shutting down and abandoning module IOSTargetPlatform (103)
[2017.07.28-10.23.59:742][691]LogModuleManager: Shutting down and abandoning module HTML5TargetPlatform (101)
[2017.07.28-10.23.59:742][691]LogModuleManager: Shutting down and abandoning module Android_PVRTCTargetPlatform (99)
[2017.07.28-10.23.59:742][691]LogModuleManager: Shutting down and abandoning module Android_MultiTargetPlatform (97)
[2017.07.28-10.23.59:742][691]LogModuleManager: Shutting down and abandoning module Android_ETC2TargetPlatform (95)
[2017.07.28-10.23.59:742][691]LogModuleManager: Shutting down and abandoning module Android_ETC1TargetPlatform (93)
[2017.07.28-10.23.59:742][691]LogModuleManager: Shutting down and abandoning module Android_DXTTargetPlatform (91)
[2017.07.28-10.23.59:742][691]LogModuleManager: Shutting down and abandoning module Android_ATCTargetPlatform (89)
[2017.07.28-10.23.59:742][691]LogModuleManager: Shutting down and abandoning module Android_ASTCTargetPlatform (87)
[2017.07.28-10.23.59:742][691]LogModuleManager: Shutting down and abandoning module AndroidTargetPlatform (85)
[2017.07.28-10.23.59:742][691]LogModuleManager: Shutting down and abandoning module WindowsTargetPlatform (83)
[2017.07.28-10.23.59:742][691]LogModuleManager: Shutting down and abandoning module WindowsServerTargetPlatform (81)
[2017.07.28-10.23.59:742][691]LogModuleManager: Shutting down and abandoning module WindowsNoEditorTargetPlatform (79)
[2017.07.28-10.23.59:742][691]LogModuleManager: Shutting down and abandoning module WindowsClientTargetPlatform (77)
[2017.07.28-10.23.59:742][691]LogModuleManager: Shutting down and abandoning module MacTargetPlatform (75)
[2017.07.28-10.23.59:742][691]LogModuleManager: Shutting down and abandoning module MacServerTargetPlatform (73)
[2017.07.28-10.23.59:742][691]LogModuleManager: Shutting down and abandoning module MacNoEditorTargetPlatform (71)
[2017.07.28-10.23.59:742][691]LogModuleManager: Shutting down and abandoning module MacClientTargetPlatform (69)
[2017.07.28-10.23.59:742][691]LogModuleManager: Shutting down and abandoning module AllDesktopTargetPlatform (67)
[2017.07.28-10.23.59:742][691]LogModuleManager: Shutting down and abandoning module InputCore (64)
[2017.07.28-10.23.59:742][691]LogModuleManager: Shutting down and abandoning module Settings (62)
[2017.07.28-10.23.59:742][691]LogModuleManager: Shutting down and abandoning module OculusRift (60)
[2017.07.28-10.23.59:742][691]LogModuleManager: Shutting down and abandoning module GearVRController (58)
[2017.07.28-10.23.59:742][691]LogModuleManager: Shutting down and abandoning module GearVR (56)
[2017.07.28-10.23.59:742][691]LogModuleManager: Shutting down and abandoning module ExampleDeviceProfileSelector (54)
[2017.07.28-10.23.59:743][691]LogModuleManager: Shutting down and abandoning module OnlineBlueprintSupport (52)
[2017.07.28-10.23.59:743][691]LogModuleManager: Shutting down and abandoning module OnlineSubsystem (48)
[2017.07.28-10.23.59:743][691]LogOnline:Display: OSS: FOnlineSubsystemNull::Shutdown()
[2017.07.28-10.23.59:743][691]LogOnline:Display: OSS: FOnlineAsyncTaskManager::Stop() ActiveTask:0000000000000000 Tasks[0/0]
[2017.07.28-10.23.59:743][691]LogOnline:Display: OSS: FOnlineAsyncTaskManager::Exit() started
[2017.07.28-10.23.59:743][691]LogOnline:Display: OSS: FOnlineAsyncTaskManager::Exit() finished
[2017.07.28-10.23.59:743][691]LogOnline:Display: Unloading online subsystem: NULL
[2017.07.28-10.23.59:743][691]LogModuleManager: Shutting down and abandoning module XMPP (43)
[2017.07.28-10.23.59:743][691]LogModuleManager: Shutting down and abandoning module HTTP (41)
[2017.07.28-10.23.59:743][691]LogHttp:Display: Http module shutting down, but needs to wait on 1 outstanding Http requests:
[2017.07.28-10.23.59:743][691]LogHttp:Display: 	verb=[POST] url=[https://datarouter.ol.epicgames.com/datarouter/api/v1/public/data?SessionID=%7B340C0A34-4B59-9A19-816C-F39DA5522C16%7D&AppID=UEEditor.Rocket.Release&AppVersion=4.16.2-3514769%2B%2B%2BUE4%2BRelease-4.16&UserID=9cdb6abd4f65134a51c37098b934dbff%7C6ce5f8b521c2485a8192789e2da115f6%7C46d3f44d-63df-4a07-8aa5-53a73837930d&AppEnvironment=datacollector-binary&UploadType=eteventstream] status=Processing
[2017.07.28-10.23.59:770][691]LogModuleManager: Shutting down and abandoning module SSL (40)
[2017.07.28-10.23.59:772][691]LogModuleManager: Shutting down and abandoning module HTTPChunkInstaller (36)
[2017.07.28-10.23.59:772][691]LogModuleManager: Shutting down and abandoning module AnimationModifiers (34)
[2017.07.28-10.23.59:772][691]LogModuleManager: Shutting down and abandoning module PropertyEditor (33)
[2017.07.28-10.23.59:772][691]LogModuleManager: Shutting down and abandoning module AudioEditor (30)
[2017.07.28-10.23.59:772][691]LogModuleManager: Shutting down and abandoning module TextureCompressor (28)
[2017.07.28-10.23.59:772][691]LogModuleManager: Shutting down and abandoning module ShaderCore (26)
[2017.07.28-10.23.59:772][691]LogModuleManager: Shutting down and abandoning module Landscape (24)
[2017.07.28-10.23.59:772][691]LogModuleManager: Shutting down and abandoning module SlateRHIRenderer (22)
[2017.07.28-10.23.59:773][691]LogModuleManager: Shutting down and abandoning module OpenGLDrv (20)
[2017.07.28-10.23.59:773][691]LogModuleManager: Shutting down and abandoning module D3D11RHI (18)
[2017.07.28-10.23.59:773][691]LogModuleManager: Shutting down and abandoning module AnimGraphRuntime (16)
[2017.07.28-10.23.59:773][691]LogModuleManager: Shutting down and abandoning module Renderer (14)
[2017.07.28-10.23.59:773][691]LogModuleManager: Shutting down and abandoning module Engine (12)
[2017.07.28-10.23.59:773][691]LogModuleManager: Shutting down and abandoning module CoreUObject (10)
[2017.07.28-10.23.59:773][691]LogModuleManager: Shutting down and abandoning module NetworkFile (8)
[2017.07.28-10.23.59:773][691]LogModuleManager: Shutting down and abandoning module StreamingFile (6)
[2017.07.28-10.23.59:773][691]LogModuleManager: Shutting down and abandoning module SandboxFile (4)
[2017.07.28-10.23.59:773][691]LogModuleManager: Shutting down and abandoning module PakFile (2)
[2017.07.28-10.23.59:774][691]LogExit: Exiting.
[2017.07.28-10.23.59:796][691]Log file closed, 07/28/17 12:23:59
