Log file open, 07/28/17 14:11:11
LogInit:Display: Running engine for game: RTS
LogPlatformFile: Not using cached read wrapper
LogInit:Display: RandInit(-1600389978) SRandInit(-1600389978).
LogTaskGraph: Started task graph with 5 named threads and 8 total threads with 1 sets of task threads.
LogStats: Stats thread started at 0.074625
LogInit: Using libcurl 7.47.1
LogInit:  - built for x86_64-pc-win32
LogInit:  - supports SSL with OpenSSL/1.0.2g
LogInit:  - supports HTTP deflate (compression) using libz 1.2.8
LogInit:  - other features:
LogInit:      CURL_VERSION_SSL
LogInit:      CURL_VERSION_LIBZ
LogInit:      CURL_VERSION_IPV6
LogInit:      CURL_VERSION_ASYNCHDNS
LogInit:      CURL_VERSION_LARGEFILE
LogInit:      CURL_VERSION_IDN
LogInit:  CurlRequestOptions (configurable via config and command line):
LogInit:  - bVerifyPeer = false  - Libcurl will NOT verify peer certificate
LogInit:  - bUseHttpProxy = false  - Libcurl will NOT use HTTP proxy
LogInit:  - bDontReuseConnections = false  - Libcurl will reuse connections
LogInit:  - CertBundlePath = nullptr  - Libcurl will use whatever was configured at build time.
LogInit: WinSock: version 1.1 (2.2), MaxSocks=32767, MaxUdp=65467
LogInit: Build: ++UE4+Release-4.16-CL-3514769
LogInit: Engine Version: 4.16.2-3514769+++UE4+Release-4.16
LogInit: Compatible Engine Version: 4.16.0-3452394+++UE4+Release-4.16
LogInit: Net CL: 3452394
LogDevObjectVersion: Number of dev versions registered: 16
LogDevObjectVersion:   Dev-Blueprints (B0D832E4-1F89-4F0D-ACCF-7EB736FD4AA2): 9
LogDevObjectVersion:   Dev-Build (E1C64328-A22C-4D53-A36C-8E866417BD8C): 0
LogDevObjectVersion:   Dev-Core (375EC13C-06E4-48FB-B500-84F0262A717E): 2
LogDevObjectVersion:   Dev-Editor (E4B068ED-F494-42E9-A231-DA0B2E46BB41): 17
LogDevObjectVersion:   Dev-Framework (CFFC743F-43B0-4480-9391-14DF171D2073): 23
LogDevObjectVersion:   Dev-Mobile (B02B49B5-BB20-44E9-A304-32B752E40360): 0
LogDevObjectVersion:   Dev-Networking (A4E4105C-59A1-49B5-A7C5-40C4547EDFEE): 0
LogDevObjectVersion:   Dev-Online (39C831C9-5AE6-47DC-9A44-9C173E1C8E7C): 0
LogDevObjectVersion:   Dev-Physics (78F01B33-EBEA-4F98-B9B4-84EACCB95AA2): 0
LogDevObjectVersion:   Dev-Platform (6631380F-2D4D-43E0-8009-CF276956A95A): 0
LogDevObjectVersion:   Dev-Rendering (12F88B9F-8875-4AFC-A67C-D90C383ABD29): 15
LogDevObjectVersion:   Dev-Sequencer (7B5AE74C-D270-4C10-A958-57980B212A5A): 4
LogDevObjectVersion:   Dev-VR (D7296918-1DD6-4BDD-9DE2-64A83CC13884): 0
LogDevObjectVersion:   Dev-LoadTimes (C2A15278-BFE7-4AFE-6C17-90FF531DF755): 1
LogDevObjectVersion:   Private-Geometry (6EACA3D4-40EC-4CC1-B786-8BED09428FC5): 1
LogDevObjectVersion:   Dev-AnimPhys (29E575DD-E0A3-4627-9D10-D276232CDCEA): 3
LogInit: Compiled (64-bit): Jun 29 2017 02:03:24
LogInit: Compiled with Visual C++: 19.00.24215.01
LogInit: Build Configuration: Development
LogInit: Branch Name: ++UE4+Release-4.16
LogInit: Command line: -EpicPortal 
LogInit: Base directory: C:/Program Files/Epic Games/UE_4.16/Engine/Binaries/Win64/
LogInit: Installed Engine Build: 1
LogInit: Presizing for max 8388607 objects, including 0 objects not considered by GC, pre-allocating 0 bytes for permanent pool.
LogInit: Object subsystem initialized
[2017.07.28-12.11.11:646][  0]LogInit: Selected Device Profile: [Windows]
[2017.07.28-12.11.11:646][  0]LogInit: Applying CVar settings loaded from the selected device profile: [Windows]
[2017.07.28-12.11.11:653][  0]LogInit: Computer: DESKTOP-DQLM8VC
[2017.07.28-12.11.11:653][  0]LogInit: User: jmj19
[2017.07.28-12.11.11:653][  0]LogInit: CPU Page size=4096, Cores=4
[2017.07.28-12.11.11:653][  0]LogInit: High frequency timer resolution =3.703126 MHz
[2017.07.28-12.11.11:654][  0]LogMemory: Memory total: Physical=15.9GB (16GB approx)
[2017.07.28-12.11.11:654][  0]LogMemory: Platform Memory Stats for Windows
[2017.07.28-12.11.11:654][  0]LogMemory: Process Physical Memory: 273.75 MB used, 273.75 MB peak
[2017.07.28-12.11.11:654][  0]LogMemory: Process Virtual Memory: 266.63 MB used, 266.63 MB peak
[2017.07.28-12.11.11:654][  0]LogMemory: Physical Memory: 7208.93 MB used,  9118.44 MB free, 16327.37 MB total
[2017.07.28-12.11.11:654][  0]LogMemory: Virtual Memory: 645.12 MB used,  9118.44 MB free, 134217728.00 MB total
[2017.07.28-12.11.11:700][  0]LogInit: Using OS detected language (da-DK).
[2017.07.28-12.11.11:700][  0]LogInit: Using OS detected locale (da-DK).
[2017.07.28-12.11.11:702][  0]LogTextLocalizationManager: No localization for 'da-DK' exists, so 'en' will be used for the language.
[2017.07.28-12.11.11:702][  0]LogTextLocalizationManager: No localization for 'da-DK' exists, so 'en' will be used for the locale.
[2017.07.28-12.11.12:334][  0]LogD3D11RHI: D3D11 adapters:
[2017.07.28-12.11.12:784][  0]LogD3D11RHI:    0. 'NVIDIA GeForce GTX 1080 Ti' (Feature Level 11_0)
[2017.07.28-12.11.12:784][  0]LogD3D11RHI:       11117/0/8163 MB DedicatedVideo/DedicatedSystem/SharedSystem, Outputs:1, VendorId:0x10de
[2017.07.28-12.11.12:785][  0]LogD3D11RHI:    1. 'Microsoft Basic Render Driver' (Feature Level 11_0)
[2017.07.28-12.11.12:785][  0]LogD3D11RHI:       0/0/8163 MB DedicatedVideo/DedicatedSystem/SharedSystem, Outputs:0, VendorId:0x1414
[2017.07.28-12.11.12:785][  0]LogD3D11RHI: Chosen D3D11 Adapter: 0
[2017.07.28-12.11.12:790][  0]LogD3D11RHI: Creating new Direct3DDevice
[2017.07.28-12.11.12:790][  0]LogD3D11RHI:     GPU DeviceId: 0x1b06 (for the marketing name, search the web for "GPU Device Id")
[2017.07.28-12.11.12:790][  0]LogWindows: EnumDisplayDevices:
[2017.07.28-12.11.12:790][  0]LogWindows:    0. 'NVIDIA GeForce GTX 1080 Ti' (P:1 D:1)
[2017.07.28-12.11.12:790][  0]LogWindows:    1. 'NVIDIA GeForce GTX 1080 Ti' (P:0 D:0)
[2017.07.28-12.11.12:790][  0]LogWindows:    2. 'NVIDIA GeForce GTX 1080 Ti' (P:0 D:0)
[2017.07.28-12.11.12:790][  0]LogWindows:    3. 'NVIDIA GeForce GTX 1080 Ti' (P:0 D:0)
[2017.07.28-12.11.12:790][  0]LogWindows: DebugString: FoundDriverCount:4 
[2017.07.28-12.11.12:790][  0]LogD3D11RHI:     Adapter Name: NVIDIA GeForce GTX 1080 Ti
[2017.07.28-12.11.12:790][  0]LogD3D11RHI:   Driver Version: 384.76 (internal:22.21.13.8476, unified:384.76)
[2017.07.28-12.11.12:790][  0]LogD3D11RHI:      Driver Date: 6-27-2017
[2017.07.28-12.11.12:790][  0]LogRHI: Texture pool is 1361 MB (70% of 1945 MB)
[2017.07.28-12.11.13:233][  0]LogD3D11RHI: Async texture creation enabled
[2017.07.28-12.11.13:315][  0]LogD3D11RHI: GPU Timing Frequency: 1000.000000 (Debug: 2 1)
[2017.07.28-12.11.13:357][  0]LogShaderCompilers: Guid format shader working directory is -9 characters bigger than the processId version (../../../../../../Users/jmj19/Documents/GitHub/RTS2/RTS/Intermediate/Shaders/WorkingDirectory/4880/).
[2017.07.28-12.11.13:357][  0]LogShaderCompilers: Cleaned the shader compiler working directory 'C:/Users/jmj19/AppData/Local/Temp/UnrealShaderWorkingDir/D232BF71452528CB253226886EDEE357/'.
[2017.07.28-12.11.13:357][  0]LogShaderCompilers:Display: Using Local Shader Compiler.
[2017.07.28-12.11.14:087][  0]LogTemp:Display: Loaded TP AllDesktopTargetPlatform
[2017.07.28-12.11.14:121][  0]LogTemp:Display: Loaded TP MacClientTargetPlatform
[2017.07.28-12.11.14:154][  0]LogTemp:Display: Loaded TP MacNoEditorTargetPlatform
[2017.07.28-12.11.14:188][  0]LogTemp:Display: Loaded TP MacServerTargetPlatform
[2017.07.28-12.11.14:222][  0]LogTemp:Display: Loaded TP MacTargetPlatform
[2017.07.28-12.11.14:256][  0]LogTemp:Display: Loaded TP WindowsClientTargetPlatform
[2017.07.28-12.11.14:290][  0]LogTemp:Display: Loaded TP WindowsNoEditorTargetPlatform
[2017.07.28-12.11.14:324][  0]LogTemp:Display: Loaded TP WindowsServerTargetPlatform
[2017.07.28-12.11.14:354][  0]LogTemp:Display: Loaded TP WindowsTargetPlatform
[2017.07.28-12.11.14:386][  0]LogTemp:Display: Loaded TP AndroidTargetPlatform
[2017.07.28-12.11.14:419][  0]LogTemp:Display: Loaded TP Android_ASTCTargetPlatform
[2017.07.28-12.11.14:452][  0]LogTemp:Display: Loaded TP Android_ATCTargetPlatform
[2017.07.28-12.11.14:486][  0]LogTemp:Display: Loaded TP Android_DXTTargetPlatform
[2017.07.28-12.11.14:519][  0]LogTemp:Display: Loaded TP Android_ETC1TargetPlatform
[2017.07.28-12.11.14:551][  0]LogTemp:Display: Loaded TP Android_ETC2TargetPlatform
[2017.07.28-12.11.14:618][  0]LogTemp:Display: Loaded TP Android_MultiTargetPlatform
[2017.07.28-12.11.14:618][  0]LogTemp:Display: Loaded TP Android_PVRTCTargetPlatform
[2017.07.28-12.11.14:644][  0]LogTemp:Display: Loaded TP HTML5TargetPlatform
[2017.07.28-12.11.14:712][  0]LogTemp:Display: Loaded TP IOSTargetPlatform
[2017.07.28-12.11.14:732][  0]LogTemp:Display: Loaded TP TVOSTargetPlatform
[2017.07.28-12.11.14:765][  0]LogTemp:Display: Loaded TP LinuxClientTargetPlatform
[2017.07.28-12.11.14:798][  0]LogTemp:Display: Loaded TP LinuxNoEditorTargetPlatform
[2017.07.28-12.11.14:831][  0]LogTemp:Display: Loaded TP LinuxServerTargetPlatform
[2017.07.28-12.11.14:864][  0]LogTemp:Display: Loaded TP LinuxTargetPlatform
[2017.07.28-12.11.14:864][  0]LogTargetPlatformManager:Display: Building Assets For Windows
[2017.07.28-12.11.15:192][  0]LogDerivedDataCache:Display: Max Cache Size: 512 MB
[2017.07.28-12.11.15:265][  0]LogDerivedDataCache: Loaded boot cache 0.07s 90MB C:/Users/jmj19/AppData/Local/UnrealEngine/4.16/DerivedDataCache/Boot.ddc.
[2017.07.28-12.11.15:265][  0]LogDerivedDataCache:Display: Loaded Boot cache: C:/Users/jmj19/AppData/Local/UnrealEngine/4.16/DerivedDataCache/Boot.ddc
[2017.07.28-12.11.15:265][  0]LogDerivedDataCache: FDerivedDataBackendGraph:  Pak pak cache file ../../../../../../Users/jmj19/Documents/GitHub/RTS2/RTS/DerivedDataCache/DDC.ddp not found, will not use a pak cache.
[2017.07.28-12.11.15:265][  0]LogDerivedDataCache: Unable to find inner node Pak for hierarchical cache Hierarchy.
[2017.07.28-12.11.15:265][  0]LogDerivedDataCache: FDerivedDataBackendGraph:  CompressedPak pak cache file ../../../../../../Users/jmj19/Documents/GitHub/RTS2/RTS/DerivedDataCache/Compressed.ddp not found, will not use a pak cache.
[2017.07.28-12.11.15:265][  0]LogDerivedDataCache: Unable to find inner node CompressedPak for hierarchical cache Hierarchy.
[2017.07.28-12.11.15:277][  0]LogDerivedDataCache:Display: Pak cache opened for reading ../../../Engine/DerivedDataCache/Compressed.ddp.
[2017.07.28-12.11.15:288][  0]LogDerivedDataCache: Using Local data cache path C:/Users/jmj19/AppData/Local/UnrealEngine/Common/DerivedDataCache: Writable
[2017.07.28-12.11.15:295][  0]LogMaterial: Verifying Global Shaders for PCD3D_SM5
[2017.07.28-12.11.15:295][  0]LogSlate: Using Freetype 2.6.0
[2017.07.28-12.11.15:295][  0]LogSlate: SlateFontCache - WITH_FREETYPE: 1, WITH_HARFBUZZ: 1
[2017.07.28-12.11.15:295][  0]LogSlate: SlateFontCache - WITH_FREETYPE: 1, WITH_HARFBUZZ: 1
[2017.07.28-12.11.15:510][  0]LogInit: Selected Device Profile: [Windows]
[2017.07.28-12.11.15:561][  0]LogContentStreaming: Texture pool size is 0.00 MB
[2017.07.28-12.11.15:668][  0]LogMeshUtilities: Using QuadricMeshReduction for automatic static mesh reduction
[2017.07.28-12.11.15:698][  0]LogSimplygon: Simplygon DLL not present - disabling.
[2017.07.28-12.11.15:729][  0]LogMeshUtilities: Using SimplygonSwarm for distributed automatic mesh merging
[2017.07.28-12.11.15:729][  0]LogMeshUtilities: No automatic skeletal mesh reduction module available
[2017.07.28-12.11.15:729][  0]LogMeshUtilities: No automatic mesh merging module available
[2017.07.28-12.11.16:088][  0]LogNetVersion: RTS , NetCL: 3452394, EngineNetVer: 2, GameNetVer: 0 (Checksum: 2270150060)
[2017.07.28-12.11.16:138][  0]LogAssetRegistry: FAssetRegistry took 0.0238 seconds to start up
[2017.07.28-12.11.16:164][  0]LogPackageLocalizationCache: Processed 4 localized package path(s) for 1 prioritized culture(s) in 0.011220 seconds
[2017.07.28-12.11.16:168][  0]LogUObjectArray: 34194 objects as part of root set at end of initial load.
[2017.07.28-12.11.16:168][  0]LogUObjectAllocator: 7260416 out of 0 bytes used by permanent object pool.
[2017.07.28-12.11.16:168][  0]LogUObjectArray: CloseDisregardForGC: 0/0 objects in disregard for GC pool
[2017.07.28-12.11.17:774][  0]LogTcpMessaging: Initializing TcpMessaging bridge
[2017.07.28-12.11.17:803][  0]LogUdpMessaging: Initializing bridge on interface 0.0.0.0:0 to multicast group 230.0.0.1:6666.
[2017.07.28-12.11.18:184][  0]LogMaterial: Uniform references updated for custom material expression Custom.
[2017.07.28-12.11.18:443][  0]SourceControl: Info Source control is disabled
[2017.07.28-12.11.18:444][  0]SourceControl: Info Source control is disabled
[2017.07.28-12.11.18:475][  0]SourceControl: Info Source control is disabled
[2017.07.28-12.11.18:506][  0]SourceControl: Info Source control is disabled
[2017.07.28-12.11.18:910][  0]LogAndroidPermission: UAndroidPermissionCallbackProxy::GetInstance
[2017.07.28-12.11.19:297][  0]LogEngine: Initializing Engine...
[2017.07.28-12.11.19:297][  0]LogHMD: Failed to initialize OpenVR with code 110
[2017.07.28-12.11.19:440][  0]LogStats: UGameplayTagsManager::ConstructGameplayTagTree: Construct from data asset -  0.000 s
[2017.07.28-12.11.19:440][  0]LogStats: UGameplayTagsManager::ConstructGameplayTagTree: GameplayTagTreeChangedEvent.Broadcast -  0.000 s
[2017.07.28-12.11.19:529][  0]LogAIModule: Creating AISystem for world Untitled
[2017.07.28-12.11.19:535][  0]LogInit: XAudio2 using 'Højttalere (G510 Gaming Keyboard)' : 2 channels at 48 kHz using 16 bits per sample (channel mask 0x3)
[2017.07.28-12.11.19:542][  0]LogInit: FAudioDevice initialized.
[2017.07.28-12.11.19:577][  0]LogDerivedDataCache: Saved boot cache 0.03s 90MB C:/Users/jmj19/AppData/Local/UnrealEngine/4.16/DerivedDataCache/Boot.ddc.
[2017.07.28-12.11.19:589][  0]LogInit: Texture streaming: Enabled
[2017.07.28-12.11.19:653][  0]LogEngineSessionManager: EngineSessionManager initialized
[2017.07.28-12.11.19:797][  0]LogInit: Transaction tracking system initialized
[2017.07.28-12.11.20:002][  0]BlueprintLog: New page: Editor Load
[2017.07.28-12.11.20:620][  0]LocalizationService: Info Localization service is disabled
[2017.07.28-12.11.21:074][  0]LogConsoleResponse:Display: 
[2017.07.28-12.11.21:192][  0]LogCook:Display: Max memory allowance for cook 16384mb min free memory 0mb
[2017.07.28-12.11.21:192][  0]LogCook:Display: Mobile HDR setting 1
[2017.07.28-12.11.21:860][  0]LogFileCache: Scanning file cache for directory 'C:/Users/jmj19/Documents/GitHub/RTS2/RTS/Content/' took 0.01s
[2017.07.28-12.11.21:860][  0]SourceControl: Info Source control is disabled
[2017.07.28-12.11.21:860][  0]Cmd: MAP LOAD FILE="../../../../../../Users/jmj19/Documents/GitHub/RTS2/RTS/Content/Maps/MenuMap.umap" TEMPLATE=0 SHOWPROGRESS=1 FEATURELEVEL=3
[2017.07.28-12.11.21:861][  0]LightingResults: New page: Lighting Build
[2017.07.28-12.11.21:888][  0]MapCheck: New page: Map Check
[2017.07.28-12.11.21:888][  0]LightingResults: New page: Lighting Build
[2017.07.28-12.11.21:946][  0]LogAIModule: Creating AISystem for world MenuMap
[2017.07.28-12.11.21:947][  0]LogEditorServer: Finished looking for orphan Actors (0.000 secs)
[2017.07.28-12.11.21:953][  0]Cmd: MAP CHECKDEP NOCLEARLOG
[2017.07.28-12.11.21:982][  0]MapCheck: Info Map check complete: 0 Error(s), 0 Warning(s), took 28.797ms to complete.
[2017.07.28-12.11.21:982][  0]LogFileHelpers: Loading map 'MenuMap' took 0.122
[2017.07.28-12.11.22:029][  0]LogWindowsTextInputMethodSystem:Display: IME system now deactivated.
[2017.07.28-12.11.22:104][  0]LogCollectionManager: Loaded 0 collections in 0.001221 seconds
[2017.07.28-12.11.22:176][  0]LogFileCache: Scanning file cache for directory 'C:/Users/jmj19/Documents/GitHub/RTS2/RTS/Saved/Collections/' took 0.01s
[2017.07.28-12.11.22:176][  0]LogFileCache: Scanning file cache for directory 'C:/Users/jmj19/Documents/GitHub/RTS2/RTS/Content/Developers/jmj19/Collections/' took 0.01s
[2017.07.28-12.11.22:176][  0]LogFileCache: Scanning file cache for directory 'C:/Users/jmj19/Documents/GitHub/RTS2/RTS/Content/Collections/' took 0.01s
[2017.07.28-12.11.22:176][  0]LogCollectionManager: Rebuilt the GUID cache for 0 collections in 0.000001 seconds
[2017.07.28-12.11.22:184][  0]LogContentBrowser: Native class hierarchy populated in 0.0080 seconds. Added 2329 classes and 491 folders.
[2017.07.28-12.11.22:235][  0]LogContentBrowser: Native class hierarchy updated for 'WidgetCarousel' in 0.0004 seconds. Added 0 classes and 0 folders.
[2017.07.28-12.11.22:258][  0]LogContentBrowser: Native class hierarchy updated for 'AddContentDialog' in 0.0004 seconds. Added 0 classes and 0 folders.
[2017.07.28-12.11.22:286][  0]LogContentBrowser: Native class hierarchy updated for 'SceneOutliner' in 0.0004 seconds. Added 1 classes and 2 folders.
[2017.07.28-12.11.22:313][  0]LogCrashTracker: Crashtracker disabled due to settings.
[2017.07.28-12.11.22:316][  0]LogSlate: Took 0.000124 seconds to synchronously load lazily loaded font '../../../Engine/Content/Slate/Fonts/Roboto-Regular.ttf' (155K)
[2017.07.28-12.11.22:318][  0]LogSlate: Took 0.000149 seconds to synchronously load lazily loaded font '../../../Engine/Content/Slate/Fonts/Roboto-Bold.ttf' (160K)
[2017.07.28-12.11.22:322][  0]LogSlate: Took 0.000193 seconds to synchronously load lazily loaded font '../../../Engine/Content/Editor/Slate/Fonts/FontAwesome.ttf' (139K)
[2017.07.28-12.11.22:389][  0]LogRenderer: Reallocating scene render targets to support 1616x808 NumSamples 1 (Frame:1).
[2017.07.28-12.11.22:530][  0]LogContentBrowser: Native class hierarchy updated for 'HierarchicalLODOutliner' in 0.0004 seconds. Added 1 classes and 2 folders.
[2017.07.28-12.11.22:530][  0]LogLoad: (Engine Initialization) Total time: 12.11 seconds
[2017.07.28-12.11.22:530][  0]LogLoad: (Engine Initialization) Total Blueprint compile time: 0.05 seconds
[2017.07.28-12.11.22:530][  0]LogExternalProfiler: No external profilers were discovered.  External profiling features will not be available.
[2017.07.28-12.11.22:540][  0]LogOcInput: OculusInput pre-init called
[2017.07.28-12.11.22:540][  0]LogHMD: Starting GearVRController plugin
[2017.07.28-12.11.22:550][  0]LogAssetRegistry: Asset discovery search completed in 6.4334 seconds
[2017.07.28-12.11.22:551][  0]LogCollectionManager: Rebuilt the object cache for 0 collections in 0.000000 seconds (found 0 objects)
[2017.07.28-12.11.22:551][  0]LogCollectionManager: Fixed up redirectors for 0 collections in 0.000020 seconds (updated 0 objects)
[2017.07.28-12.11.22:553][  0]LogContentStreaming: Texture pool size now 1000 MB
[2017.07.28-12.11.42:534][384]LogSlate: Took 0.000092 seconds to synchronously load lazily loaded font '../../../Engine/Content/Slate/Fonts/Roboto-Light.ttf' (159K)
[2017.07.28-12.11.42:542][384]Cmd: OBJ SAVEPACKAGE PACKAGE="/Game/Maps/MenuMap" FILE="../../../../../../Users/jmj19/Documents/GitHub/RTS2/RTS/Saved/Autosaves/Game/Maps/UEDPCMenuMap.umap" SILENT=true AUTOSAVING=true KEEPDIRTY=true
[2017.07.28-12.11.42:558][384]LogSavePackage: Save=9.25ms
[2017.07.28-12.11.42:558][384]LogSavePackage: Moving '../../../../../../Users/jmj19/Documents/GitHub/RTS2/RTS/Saved/UEDPCMenuMap35A8A9D449A2E3D4FE93B8A113E8296C.tmp' to '../../../../../../Users/jmj19/Documents/GitHub/RTS2/RTS/Saved/Autosaves/Game/Maps/UEDPCMenuMap.umap'
[2017.07.28-12.11.42:559][384]LogSavePackage:Display: Finished SavePackage ../../../../../../Users/jmj19/Documents/GitHub/RTS2/RTS/Saved/Autosaves/Game/Maps/UEDPCMenuMap.umap
[2017.07.28-12.11.42:565][384]LogEditorTransaction: Undo Spawn Play From Here Start
