Log file open, 07/28/17 16:01:03
LogInit:Display: Running engine for game: RTS
LogPlatformFile: Not using cached read wrapper
LogInit:Display: RandInit(1337479245) SRandInit(1337479245).
LogTaskGraph: Started task graph with 5 named threads and 8 total threads with 1 sets of task threads.
LogStats: Stats thread started at 0.078917
LogInit: Using libcurl 7.47.1
LogInit:  - built for x86_64-pc-win32
LogInit:  - supports SSL with OpenSSL/1.0.2g
LogInit:  - supports HTTP deflate (compression) using libz 1.2.8
LogInit:  - other features:
LogInit:      CURL_VERSION_SSL
LogInit:      CURL_VERSION_LIBZ
LogInit:      CURL_VERSION_IPV6
LogInit:      CURL_VERSION_ASYNCHDNS
LogInit:      CURL_VERSION_LARGEFILE
LogInit:      CURL_VERSION_IDN
LogInit:  CurlRequestOptions (configurable via config and command line):
LogInit:  - bVerifyPeer = false  - Libcurl will NOT verify peer certificate
LogInit:  - bUseHttpProxy = false  - Libcurl will NOT use HTTP proxy
LogInit:  - bDontReuseConnections = false  - Libcurl will reuse connections
LogInit:  - CertBundlePath = nullptr  - Libcurl will use whatever was configured at build time.
LogInit: WinSock: version 1.1 (2.2), MaxSocks=32767, MaxUdp=65467
LogInit: Build: ++UE4+Release-4.16-CL-3514769
LogInit: Engine Version: 4.16.2-3514769+++UE4+Release-4.16
LogInit: Compatible Engine Version: 4.16.0-3452394+++UE4+Release-4.16
LogInit: Net CL: 3452394
LogDevObjectVersion: Number of dev versions registered: 16
LogDevObjectVersion:   Dev-Blueprints (B0D832E4-1F89-4F0D-ACCF-7EB736FD4AA2): 9
LogDevObjectVersion:   Dev-Build (E1C64328-A22C-4D53-A36C-8E866417BD8C): 0
LogDevObjectVersion:   Dev-Core (375EC13C-06E4-48FB-B500-84F0262A717E): 2
LogDevObjectVersion:   Dev-Editor (E4B068ED-F494-42E9-A231-DA0B2E46BB41): 17
LogDevObjectVersion:   Dev-Framework (CFFC743F-43B0-4480-9391-14DF171D2073): 23
LogDevObjectVersion:   Dev-Mobile (B02B49B5-BB20-44E9-A304-32B752E40360): 0
LogDevObjectVersion:   Dev-Networking (A4E4105C-59A1-49B5-A7C5-40C4547EDFEE): 0
LogDevObjectVersion:   Dev-Online (39C831C9-5AE6-47DC-9A44-9C173E1C8E7C): 0
LogDevObjectVersion:   Dev-Physics (78F01B33-EBEA-4F98-B9B4-84EACCB95AA2): 0
LogDevObjectVersion:   Dev-Platform (6631380F-2D4D-43E0-8009-CF276956A95A): 0
LogDevObjectVersion:   Dev-Rendering (12F88B9F-8875-4AFC-A67C-D90C383ABD29): 15
LogDevObjectVersion:   Dev-Sequencer (7B5AE74C-D270-4C10-A958-57980B212A5A): 4
LogDevObjectVersion:   Dev-VR (D7296918-1DD6-4BDD-9DE2-64A83CC13884): 0
LogDevObjectVersion:   Dev-LoadTimes (C2A15278-BFE7-4AFE-6C17-90FF531DF755): 1
LogDevObjectVersion:   Private-Geometry (6EACA3D4-40EC-4CC1-B786-8BED09428FC5): 1
LogDevObjectVersion:   Dev-AnimPhys (29E575DD-E0A3-4627-9D10-D276232CDCEA): 3
LogInit: Compiled (64-bit): Jun 29 2017 02:03:24
LogInit: Compiled with Visual C++: 19.00.24215.01
LogInit: Build Configuration: Development
LogInit: Branch Name: ++UE4+Release-4.16
LogInit: Command line:  /Temp/Autosaves/Game/Maps/UEDPCWorld_01 -game -PIEVIACONSOLE -ResX=1280 -ResY=720  -Multiprocess -messaging -SessionName="Play in Standalone Game" -windowed 
LogInit: Base directory: C:/Program Files/Epic Games/UE_4.16/Engine/Binaries/Win64/
LogInit: Installed Engine Build: 1
LogInit: Presizing for max 8388607 objects, including 0 objects not considered by GC, pre-allocating 0 bytes for permanent pool.
LogInit: Object subsystem initialized
[2017.07.28-14.01.04:027][  0]LogInit: Selected Device Profile: [Windows]
[2017.07.28-14.01.04:027][  0]LogInit: Applying CVar settings loaded from the selected device profile: [Windows]
[2017.07.28-14.01.04:030][  0]LogInit: Computer: DESKTOP-DQLM8VC
[2017.07.28-14.01.04:030][  0]LogInit: User: jmj19
[2017.07.28-14.01.04:030][  0]LogInit: CPU Page size=4096, Cores=4
[2017.07.28-14.01.04:030][  0]LogInit: High frequency timer resolution =3.703126 MHz
[2017.07.28-14.01.04:031][  0]LogMemory: Memory total: Physical=15.9GB (16GB approx)
[2017.07.28-14.01.04:031][  0]LogMemory: Platform Memory Stats for Windows
[2017.07.28-14.01.04:031][  0]LogMemory: Process Physical Memory: 273.67 MB used, 273.67 MB peak
[2017.07.28-14.01.04:031][  0]LogMemory: Process Virtual Memory: 266.80 MB used, 266.80 MB peak
[2017.07.28-14.01.04:031][  0]LogMemory: Physical Memory: 8987.23 MB used,  7340.13 MB free, 16327.37 MB total
[2017.07.28-14.01.04:031][  0]LogMemory: Virtual Memory: 645.12 MB used,  7340.13 MB free, 134217728.00 MB total
[2017.07.28-14.01.04:106][  0]LogInit: Using OS detected language (da-DK).
[2017.07.28-14.01.04:106][  0]LogInit: Using OS detected locale (da-DK).
[2017.07.28-14.01.04:109][  0]LogTextLocalizationManager: No localization for 'da-DK' exists, so 'en' will be used for the language.
[2017.07.28-14.01.04:109][  0]LogTextLocalizationManager: No localization for 'da-DK' exists, so 'en' will be used for the locale.
[2017.07.28-14.01.04:672][  0]LogD3D11RHI: D3D11 adapters:
[2017.07.28-14.01.05:179][  0]LogD3D11RHI:    0. 'NVIDIA GeForce GTX 1080 Ti' (Feature Level 11_0)
[2017.07.28-14.01.05:179][  0]LogD3D11RHI:       11117/0/8163 MB DedicatedVideo/DedicatedSystem/SharedSystem, Outputs:1, VendorId:0x10de
[2017.07.28-14.01.05:180][  0]LogD3D11RHI:    1. 'Microsoft Basic Render Driver' (Feature Level 11_0)
[2017.07.28-14.01.05:180][  0]LogD3D11RHI:       0/0/8163 MB DedicatedVideo/DedicatedSystem/SharedSystem, Outputs:0, VendorId:0x1414
[2017.07.28-14.01.05:180][  0]LogD3D11RHI: Chosen D3D11 Adapter: 0
[2017.07.28-14.01.05:186][  0]LogD3D11RHI: Creating new Direct3DDevice
[2017.07.28-14.01.05:186][  0]LogD3D11RHI:     GPU DeviceId: 0x1b06 (for the marketing name, search the web for "GPU Device Id")
[2017.07.28-14.01.05:186][  0]LogWindows: EnumDisplayDevices:
[2017.07.28-14.01.05:186][  0]LogWindows:    0. 'NVIDIA GeForce GTX 1080 Ti' (P:1 D:1)
[2017.07.28-14.01.05:186][  0]LogWindows:    1. 'NVIDIA GeForce GTX 1080 Ti' (P:0 D:0)
[2017.07.28-14.01.05:186][  0]LogWindows:    2. 'NVIDIA GeForce GTX 1080 Ti' (P:0 D:0)
[2017.07.28-14.01.05:186][  0]LogWindows:    3. 'NVIDIA GeForce GTX 1080 Ti' (P:0 D:0)
[2017.07.28-14.01.05:186][  0]LogWindows: DebugString: FoundDriverCount:4 
[2017.07.28-14.01.05:186][  0]LogD3D11RHI:     Adapter Name: NVIDIA GeForce GTX 1080 Ti
[2017.07.28-14.01.05:186][  0]LogD3D11RHI:   Driver Version: 384.76 (internal:22.21.13.8476, unified:384.76)
[2017.07.28-14.01.05:186][  0]LogD3D11RHI:      Driver Date: 6-27-2017
[2017.07.28-14.01.05:186][  0]LogRHI: Texture pool is 1361 MB (70% of 1945 MB)
[2017.07.28-14.01.05:617][  0]LogD3D11RHI: Async texture creation enabled
[2017.07.28-14.01.05:704][  0]LogD3D11RHI: GPU Timing Frequency: 1000.000000 (Debug: 2 2)
[2017.07.28-14.01.05:746][  0]LogShaderCompilers: Guid format shader working directory is -10 characters bigger than the processId version (../../../../../../Users/jmj19/Documents/GitHub/RTS2/RTS/Intermediate/Shaders/WorkingDirectory/26696/).
[2017.07.28-14.01.05:746][  0]LogShaderCompilers: Cleaned the shader compiler working directory 'C:/Users/jmj19/AppData/Local/Temp/UnrealShaderWorkingDir/7EAFB5574F749B501EF94FA8FED52138/'.
[2017.07.28-14.01.05:746][  0]LogShaderCompilers:Display: Using Local Shader Compiler.
[2017.07.28-14.01.06:634][  0]LogTemp:Display: Loaded TP WindowsClientTargetPlatform
[2017.07.28-14.01.06:669][  0]LogTemp:Display: Loaded TP WindowsNoEditorTargetPlatform
[2017.07.28-14.01.06:706][  0]LogTemp:Display: Loaded TP WindowsServerTargetPlatform
[2017.07.28-14.01.06:740][  0]LogTemp:Display: Loaded TP WindowsTargetPlatform
[2017.07.28-14.01.06:740][  0]LogTargetPlatformManager:Display: Building Assets For Windows
[2017.07.28-14.01.07:077][  0]LogDerivedDataCache:Display: Max Cache Size: 512 MB
[2017.07.28-14.01.07:150][  0]LogDerivedDataCache: Loaded boot cache 0.07s 90MB C:/Users/jmj19/AppData/Local/UnrealEngine/4.16/DerivedDataCache/Boot.ddc.
[2017.07.28-14.01.07:150][  0]LogDerivedDataCache:Display: Loaded Boot cache: C:/Users/jmj19/AppData/Local/UnrealEngine/4.16/DerivedDataCache/Boot.ddc
[2017.07.28-14.01.07:150][  0]LogDerivedDataCache: FDerivedDataBackendGraph:  Pak pak cache file ../../../../../../Users/jmj19/Documents/GitHub/RTS2/RTS/DerivedDataCache/DDC.ddp not found, will not use a pak cache.
[2017.07.28-14.01.07:150][  0]LogDerivedDataCache: Unable to find inner node Pak for hierarchical cache Hierarchy.
[2017.07.28-14.01.07:150][  0]LogDerivedDataCache: FDerivedDataBackendGraph:  CompressedPak pak cache file ../../../../../../Users/jmj19/Documents/GitHub/RTS2/RTS/DerivedDataCache/Compressed.ddp not found, will not use a pak cache.
[2017.07.28-14.01.07:150][  0]LogDerivedDataCache: Unable to find inner node CompressedPak for hierarchical cache Hierarchy.
[2017.07.28-14.01.07:162][  0]LogDerivedDataCache:Display: Pak cache opened for reading ../../../Engine/DerivedDataCache/Compressed.ddp.
[2017.07.28-14.01.07:174][  0]LogDerivedDataCache: Using Local data cache path C:/Users/jmj19/AppData/Local/UnrealEngine/Common/DerivedDataCache: Writable
[2017.07.28-14.01.07:182][  0]LogMaterial: Verifying Global Shaders for PCD3D_SM5
[2017.07.28-14.01.07:182][  0]LogSlate: Using Freetype 2.6.0
[2017.07.28-14.01.07:183][  0]LogSlate: SlateFontCache - WITH_FREETYPE: 1, WITH_HARFBUZZ: 1
[2017.07.28-14.01.07:183][  0]LogSlate: SlateFontCache - WITH_FREETYPE: 1, WITH_HARFBUZZ: 1
[2017.07.28-14.01.07:356][  0]LogAssetRegistry: FAssetRegistry took 0.0028 seconds to start up
[2017.07.28-14.01.07:359][  0]LogPackageLocalizationCache: Processed 4 localized package path(s) for 1 prioritized culture(s) in 0.003134 seconds
[2017.07.28-14.01.07:416][  0]LogInit: Selected Device Profile: [Windows]
[2017.07.28-14.01.07:481][  0]LogContentStreaming: Texture pool size is 1000.00 MB
[2017.07.28-14.01.07:590][  0]LogMeshUtilities: Using QuadricMeshReduction for automatic static mesh reduction
[2017.07.28-14.01.07:621][  0]LogSimplygon: Simplygon DLL not present - disabling.
[2017.07.28-14.01.07:652][  0]LogMeshUtilities: Using SimplygonSwarm for distributed automatic mesh merging
[2017.07.28-14.01.07:652][  0]LogMeshUtilities: No automatic skeletal mesh reduction module available
[2017.07.28-14.01.07:652][  0]LogMeshUtilities: No automatic mesh merging module available
[2017.07.28-14.01.08:003][  0]LogNetVersion: RTS , NetCL: 3452394, EngineNetVer: 2, GameNetVer: 0 (Checksum: 2270150060)
[2017.07.28-14.01.08:756][  0]LogMoviePlayer: Initializing movie player
[2017.07.28-14.01.08:803][  0]LogWindowsTextInputMethodSystem:Display: IME system now deactivated.
[2017.07.28-14.01.09:040][  0]LogCollectionManager: Loaded 0 collections in 0.000970 seconds
[2017.07.28-14.01.09:087][  0]LogFileCache: Scanning file cache for directory 'C:/Users/jmj19/Documents/GitHub/RTS2/RTS/Saved/Collections/' took 0.01s
[2017.07.28-14.01.09:087][  0]LogFileCache: Scanning file cache for directory 'C:/Users/jmj19/Documents/GitHub/RTS2/RTS/Content/Developers/jmj19/Collections/' took 0.01s
[2017.07.28-14.01.09:087][  0]LogFileCache: Scanning file cache for directory 'C:/Users/jmj19/Documents/GitHub/RTS2/RTS/Content/Collections/' took 0.01s
[2017.07.28-14.01.09:087][  0]LogCollectionManager: Rebuilt the object cache for 0 collections in 0.000001 seconds (found 0 objects)
[2017.07.28-14.01.09:087][  0]LogCollectionManager: Fixed up redirectors for 0 collections in 0.000024 seconds (updated 0 objects)
[2017.07.28-14.01.09:198][  0]LogTcpMessaging: Initializing TcpMessaging bridge
[2017.07.28-14.01.09:228][  0]LogUdpMessaging: Initializing bridge on interface 0.0.0.0:0 to multicast group 230.0.0.1:6666.
[2017.07.28-14.01.09:562][  0]SourceControl: Info Source control is disabled
[2017.07.28-14.01.09:562][  0]SourceControl: Info Source control is disabled
[2017.07.28-14.01.09:594][  0]SourceControl: Info Source control is disabled
[2017.07.28-14.01.09:738][  0]LogAndroidPermission: UAndroidPermissionCallbackProxy::GetInstance
[2017.07.28-14.01.10:028][  0]LogUObjectArray: 37220 objects as part of root set at end of initial load.
[2017.07.28-14.01.10:028][  0]LogUObjectAllocator: 8398848 out of 0 bytes used by permanent object pool.
[2017.07.28-14.01.10:028][  0]LogUObjectArray: CloseDisregardForGC: 0/0 objects in disregard for GC pool
[2017.07.28-14.01.10:107][  0]LogEngine: Initializing Engine...
[2017.07.28-14.01.10:107][  0]LogHMD: Failed to initialize OpenVR with code 110
[2017.07.28-14.01.10:248][  0]LogStats: UGameplayTagsManager::ConstructGameplayTagTree: Construct from data asset -  0.000 s
[2017.07.28-14.01.10:248][  0]LogStats: UGameplayTagsManager::ConstructGameplayTagTree: GameplayTagTreeChangedEvent.Broadcast -  0.000 s
[2017.07.28-14.01.10:258][  0]LogInit: XAudio2 using 'Højttalere (G510 Gaming Keyboard)' : 2 channels at 48 kHz using 16 bits per sample (channel mask 0x3)
[2017.07.28-14.01.10:269][  0]LogInit: FAudioDevice initialized.
[2017.07.28-14.01.10:291][  0]LogInit: Texture streaming: Enabled
[2017.07.28-14.01.10:300][  0]LogMaterial: Uniform references updated for custom material expression Custom.
[2017.07.28-14.01.10:483][  0]LogSlateStyle:Warning: Unable to find Slate Widget Style 'NormalText'. Using FTextBlockStyle defaults instead.
[2017.07.28-14.01.10:483][  0]LogSlateStyle:Warning: Unable to find Slate Widget Style 'SpinBox'. Using FSpinBoxStyle defaults instead.
[2017.07.28-14.01.10:642][  0]LogInit:Display: Game Engine Initialized.
[2017.07.28-14.01.10:746][  0]LogInit:Display: Starting Game.
[2017.07.28-14.01.10:746][  0]LogNet: Browse: /Temp/Autosaves/Game/Maps/UEDPCWorld_01?Name=Player
[2017.07.28-14.01.10:749][  0]LogLoad: LoadMap: /Temp/Autosaves/Game/Maps/UEDPCWorld_01?Name=Player
[2017.07.28-14.01.10:763][  0]LogMemory: Platform Memory Stats for Windows
[2017.07.28-14.01.10:763][  0]LogMemory: Process Physical Memory: 808.68 MB used, 915.59 MB peak
[2017.07.28-14.01.10:763][  0]LogMemory: Process Virtual Memory: 912.63 MB used, 973.34 MB peak
[2017.07.28-14.01.10:763][  0]LogMemory: Physical Memory: 9422.34 MB used,  6905.03 MB free, 16327.37 MB total
[2017.07.28-14.01.10:763][  0]LogMemory: Virtual Memory: 1578.49 MB used,  6905.03 MB free, 134217728.00 MB total
[2017.07.28-14.01.10:763][  0]LogMemory: 
[2017.07.28-14.01.10:763][  0]Allocator Stats for TBB: (not implemented)
[2017.07.28-14.01.10:928][  0]LogAIModule: Creating AISystem for world World_01
[2017.07.28-14.01.10:995][  0]LogTexture:Display: Building textures: test (BGRA8, 500X250)
[2017.07.28-14.01.11:004][  0]LogMaterial: Missing cached shader map for material Material_052, compiling. 
[2017.07.28-14.01.11:025][  0]LogMaterial: Missing cached shader map for material Material_056, compiling. 
[2017.07.28-14.01.11:036][  0]LogMaterial: Missing cached shader map for material Material_055, compiling. 
[2017.07.28-14.01.11:047][  0]LogMaterial: Missing cached shader map for material Material_054, compiling. 
[2017.07.28-14.01.11:058][  0]LogMaterial: Missing cached shader map for material Material_053, compiling. 
[2017.07.28-14.01.11:070][  0]LogMaterial: Missing cached shader map for material Material_058, compiling. 
[2017.07.28-14.01.11:080][  0]LogStaticMesh: Building static mesh housedone...
[2017.07.28-14.01.11:091][  0]LogStaticMesh: Built static mesh [0.01s] /Game/Models/housedone.housedone
[2017.07.28-14.01.11:097][  0]LogMaterial: Missing cached shader map for material Material_059, compiling. 
[2017.07.28-14.01.11:108][  0]LogMaterial: Missing cached shader map for material Material_044, compiling. 
[2017.07.28-14.01.11:119][  0]LogMaterial: Missing cached shader map for material Material_043, compiling. 
[2017.07.28-14.01.11:130][  0]LogMaterial: Missing cached shader map for material Material_042, compiling. 
[2017.07.28-14.01.11:141][  0]LogMaterial: Missing cached shader map for material Material_041, compiling. 
[2017.07.28-14.01.11:153][  0]LogMaterial: Missing cached shader map for material Material_040, compiling. 
[2017.07.28-14.01.11:164][  0]LogMaterial: Missing cached shader map for material Material_039, compiling. 
[2017.07.28-14.01.11:175][  0]LogMaterial: Missing cached shader map for material Material_038, compiling. 
[2017.07.28-14.01.11:186][  0]LogMaterial: Missing cached shader map for material Material_037, compiling. 
[2017.07.28-14.01.11:197][  0]LogMaterial: Missing cached shader map for material Material_051, compiling. 
[2017.07.28-14.01.11:209][  0]LogMaterial: Missing cached shader map for material Material_050, compiling. 
[2017.07.28-14.01.11:220][  0]LogMaterial: Missing cached shader map for material Material_049, compiling. 
[2017.07.28-14.01.11:231][  0]LogMaterial: Missing cached shader map for material Material_048, compiling. 
[2017.07.28-14.01.11:243][  0]LogMaterial: Missing cached shader map for material Material_047, compiling. 
[2017.07.28-14.01.11:255][  0]LogMaterial: Missing cached shader map for material Material_046, compiling. 
[2017.07.28-14.01.11:266][  0]LogMaterial: Missing cached shader map for material Material_045, compiling. 
[2017.07.28-14.01.11:278][  0]LogMaterial: Missing cached shader map for material Material_022, compiling. 
[2017.07.28-14.01.11:290][  0]LogMaterial: Missing cached shader map for material Material_007, compiling. 
[2017.07.28-14.01.11:302][  0]LogMaterial: Missing cached shader map for material Material_026, compiling. 
[2017.07.28-14.01.11:315][  0]LogMaterial: Missing cached shader map for material Material_021, compiling. 
[2017.07.28-14.01.11:327][  0]LogMaterial: Missing cached shader map for material Material_001, compiling. 
[2017.07.28-14.01.11:351][  0]LogMaterial: Missing cached shader map for material Material_002, compiling. 
[2017.07.28-14.01.11:363][  0]LogMaterial: Missing cached shader map for material Material_029, compiling. 
[2017.07.28-14.01.11:375][  0]LogMaterial: Missing cached shader map for material Material_027, compiling. 
[2017.07.28-14.01.11:388][  0]LogMaterial: Missing cached shader map for material Material_036, compiling. 
[2017.07.28-14.01.11:401][  0]LogMaterial: Missing cached shader map for material Material_035, compiling. 
[2017.07.28-14.01.11:413][  0]LogMaterial: Missing cached shader map for material Material_034, compiling. 
[2017.07.28-14.01.11:425][  0]LogMaterial: Missing cached shader map for material Material_033, compiling. 
[2017.07.28-14.01.11:437][  0]LogMaterial: Missing cached shader map for material Material_032, compiling. 
[2017.07.28-14.01.11:449][  0]LogMaterial: Missing cached shader map for material Material_028, compiling. 
[2017.07.28-14.01.11:461][  0]LogMaterial: Missing cached shader map for material Material_031, compiling. 
[2017.07.28-14.01.11:473][  0]LogMaterial: Missing cached shader map for material Material_030, compiling. 
[2017.07.28-14.01.11:485][  0]LogMaterial: Missing cached shader map for material Material, compiling. 
[2017.07.28-14.01.11:496][  0]LogLoad: Game class is 'BP_GameMode_C'
[2017.07.28-14.01.11:498][  0]LogWorld: Bringing World /Temp/Autosaves/Game/Maps/UEDPCWorld_01.World_01 up for play (max tick rate 0) at 2017.07.28-16.01.11
[2017.07.28-14.01.11:499][  0]LogWorld: Bringing up level for play took: 0.001450
[2017.07.28-14.01.11:529][  0]LogLoad: Took 0.779920 seconds to LoadMap(/Temp/Autosaves/Game/Maps/UEDPCWorld_01)
[2017.07.28-14.01.11:697][  0]LogRenderer: Reallocating scene render targets to support 1280x720 NumSamples 1 (Frame:1).
[2017.07.28-14.01.11:697][  0]LogLoad: (Engine Initialization) Total time: 8.83 seconds
[2017.07.28-14.01.11:697][  0]LogLoad: (Engine Initialization) Total Blueprint compile time: 0.09 seconds
[2017.07.28-14.01.11:697][  0]LogExternalProfiler: No external profilers were discovered.  External profiling features will not be available.
[2017.07.28-14.01.11:715][  0]LogOcInput: OculusInput pre-init called
[2017.07.28-14.01.11:715][  0]LogHMD: Starting GearVRController plugin
[2017.07.28-14.01.34:081][303]LogD3D11RHI: Timed out while waiting for GPU to catch up. (0.5 s)
[2017.07.28-14.01.34:723][329]LogEngine: All Windows Closed
[2017.07.28-14.01.34:723][329]LogWindows: FPlatformMisc::RequestExit(0)
[2017.07.28-14.01.35:116][330]LogExit: Preparing to exit.
[2017.07.28-14.01.35:116][330]LogMoviePlayer: Shutting down movie player
[2017.07.28-14.01.35:359][330]LogExit: Game engine shut down
[2017.07.28-14.01.35:404][330]LogObj: Freed 0b from 0 cluster array pools.
[2017.07.28-14.01.35:404][330]LogExit: Object subsystem successfully closed.
[2017.07.28-14.01.35:415][330]LogD3D11RHI: Shutdown
[2017.07.28-14.01.35:415][330]LogD3D11RHI: CleanupD3DDevice
[2017.07.28-14.01.35:448][330]LogD3D11RHI: ~FD3D11DynamicRHI
[2017.07.28-14.01.35:456][330]LogModuleManager: Shutting down and abandoning module SequenceRecorderSections (298)
[2017.07.28-14.01.35:456][330]LogModuleManager: Shutting down and abandoning module SequenceRecorder (296)
[2017.07.28-14.01.35:456][330]LogModuleManager: Shutting down and abandoning module AutomationController (294)
[2017.07.28-14.01.35:456][330]LogModuleManager: Shutting down and abandoning module AutomationWorker (292)
[2017.07.28-14.01.35:456][330]LogModuleManager: Shutting down and abandoning module Voice (290)
[2017.07.28-14.01.35:456][330]LogModuleManager: Shutting down and abandoning module AIModule (288)
[2017.07.28-14.01.35:456][330]LogModuleManager: Shutting down and abandoning module GameplayDebugger (287)
[2017.07.28-14.01.35:456][330]LogModuleManager: Shutting down and abandoning module AITestSuite (285)
[2017.07.28-14.01.35:456][330]LogModuleManager: Shutting down and abandoning module WmfMediaFactory (282)
[2017.07.28-14.01.35:456][330]LogModuleManager: Shutting down and abandoning module AvfMediaFactory (280)
[2017.07.28-14.01.35:456][330]LogModuleManager: Shutting down and abandoning module AndroidMediaFactory (278)
[2017.07.28-14.01.35:456][330]LogModuleManager: Shutting down and abandoning module Media (277)
[2017.07.28-14.01.35:456][330]LogModuleManager: Shutting down and abandoning module CharacterAI (274)
[2017.07.28-14.01.35:456][330]LogModuleManager: Shutting down and abandoning module SessionServices (272)
[2017.07.28-14.01.35:456][330]LogModuleManager: Shutting down and abandoning module MovieSceneCapture (270)
[2017.07.28-14.01.35:456][330]LogModuleManager: Shutting down and abandoning module MovieSceneTracks (268)
[2017.07.28-14.01.35:456][330]LogModuleManager: Shutting down and abandoning module MovieScene (266)
[2017.07.28-14.01.35:456][330]LogModuleManager: Shutting down and abandoning module GeometryCache (264)
[2017.07.28-14.01.35:456][330]LogModuleManager: Shutting down and abandoning module GeometryCacheEd (263)
[2017.07.28-14.01.35:456][330]LogModuleManager: Shutting down and abandoning module Niagara (260)
[2017.07.28-14.01.35:456][330]LogModuleManager: Shutting down and abandoning module NiagaraEditor (259)
[2017.07.28-14.01.35:456][330]LogModuleManager: Shutting down and abandoning module StreamingPauseRendering (256)
[2017.07.28-14.01.35:456][330]LogModuleManager: Shutting down and abandoning module PortalServices (254)
[2017.07.28-14.01.35:456][330]LogModuleManager: Shutting down and abandoning module PortalRpc (252)
[2017.07.28-14.01.35:456][330]LogModuleManager: Shutting down and abandoning module MessagingRpc (250)
[2017.07.28-14.01.35:456][330]LogModuleManager: Shutting down and abandoning module ProfilerService (248)
