Log file open, 07/28/17 14:10:36
LogInit:Display: Running engine for game: RTS
LogPlatformFile: Not using cached read wrapper
LogInit:Display: RandInit(1687650394) SRandInit(1687650394).
LogTaskGraph: Started task graph with 5 named threads and 6 total threads with 1 sets of task threads.
LogStats: Stats thread started at 0.234296
LogInit: Using libcurl 7.47.1
LogInit:  - built for x86_64-pc-win32
LogInit:  - supports SSL with OpenSSL/1.0.2g
LogInit:  - supports HTTP deflate (compression) using libz 1.2.8
LogInit:  - other features:
LogInit:      CURL_VERSION_SSL
LogInit:      CURL_VERSION_LIBZ
LogInit:      CURL_VERSION_IPV6
LogInit:      CURL_VERSION_ASYNCHDNS
LogInit:      CURL_VERSION_LARGEFILE
LogInit:      CURL_VERSION_IDN
LogInit:  CurlRequestOptions (configurable via config and command line):
LogInit:  - bVerifyPeer = false  - Libcurl will NOT verify peer certificate
LogInit:  - bUseHttpProxy = false  - Libcurl will NOT use HTTP proxy
LogInit:  - bDontReuseConnections = false  - Libcurl will reuse connections
LogInit:  - CertBundlePath = nullptr  - Libcurl will use whatever was configured at build time.
LogInit: WinSock: version 1.1 (2.2), MaxSocks=32767, MaxUdp=65467
LogInit: Build: ++UE4+Release-4.16-CL-3514769
LogInit: Engine Version: 4.16.2-3514769+++UE4+Release-4.16
LogInit: Compatible Engine Version: 4.16.0-3452394+++UE4+Release-4.16
LogInit: Net CL: 3452394
LogDevObjectVersion: Number of dev versions registered: 16
LogDevObjectVersion:   Dev-Blueprints (B0D832E4-1F89-4F0D-ACCF-7EB736FD4AA2): 9
LogDevObjectVersion:   Dev-Build (E1C64328-A22C-4D53-A36C-8E866417BD8C): 0
LogDevObjectVersion:   Dev-Core (375EC13C-06E4-48FB-B500-84F0262A717E): 2
LogDevObjectVersion:   Dev-Editor (E4B068ED-F494-42E9-A231-DA0B2E46BB41): 17
LogDevObjectVersion:   Dev-Framework (CFFC743F-43B0-4480-9391-14DF171D2073): 23
LogDevObjectVersion:   Dev-Mobile (B02B49B5-BB20-44E9-A304-32B752E40360): 0
LogDevObjectVersion:   Dev-Networking (A4E4105C-59A1-49B5-A7C5-40C4547EDFEE): 0
LogDevObjectVersion:   Dev-Online (39C831C9-5AE6-47DC-9A44-9C173E1C8E7C): 0
LogDevObjectVersion:   Dev-Physics (78F01B33-EBEA-4F98-B9B4-84EACCB95AA2): 0
LogDevObjectVersion:   Dev-Platform (6631380F-2D4D-43E0-8009-CF276956A95A): 0
LogDevObjectVersion:   Dev-Rendering (12F88B9F-8875-4AFC-A67C-D90C383ABD29): 15
LogDevObjectVersion:   Dev-Sequencer (7B5AE74C-D270-4C10-A958-57980B212A5A): 4
LogDevObjectVersion:   Dev-VR (D7296918-1DD6-4BDD-9DE2-64A83CC13884): 0
LogDevObjectVersion:   Dev-LoadTimes (C2A15278-BFE7-4AFE-6C17-90FF531DF755): 1
LogDevObjectVersion:   Private-Geometry (6EACA3D4-40EC-4CC1-B786-8BED09428FC5): 1
LogDevObjectVersion:   Dev-AnimPhys (29E575DD-E0A3-4627-9D10-D276232CDCEA): 3
LogInit: Compiled (64-bit): Jun 29 2017 02:03:24
LogInit: Compiled with Visual C++: 19.00.24215.01
LogInit: Build Configuration: Development
LogInit: Branch Name: ++UE4+Release-4.16
LogInit: Command line:  /Temp/Autosaves/Game/Maps/UEDPCMenuMap -game -PIEVIACONSOLE -ResX=1280 -ResY=720  -Multiprocess -messaging -SessionName="Play in Standalone Game" -windowed 
LogInit: Base directory: C:/Program Files/Epic Games/UE_4.16/Engine/Binaries/Win64/
LogInit: Installed Engine Build: 1
LogInit: Presizing for max 8388607 objects, including 0 objects not considered by GC, pre-allocating 0 bytes for permanent pool.
LogInit: Object subsystem initialized
[2017.07.28-12.10.39:920][  0]LogInit: Selected Device Profile: [Windows]
[2017.07.28-12.10.39:920][  0]LogInit: Applying CVar settings loaded from the selected device profile: [Windows]
[2017.07.28-12.10.39:937][  0]LogInit: Computer: AWESOME-X1
[2017.07.28-12.10.39:937][  0]LogInit: User: FuckingWIN8
[2017.07.28-12.10.39:937][  0]LogInit: CPU Page size=4096, Cores=2
[2017.07.28-12.10.39:937][  0]LogInit: High frequency timer resolution =2.630635 MHz
[2017.07.28-12.10.39:938][  0]LogMemory: Memory total: Physical=7.9GB (8GB approx)
[2017.07.28-12.10.39:938][  0]LogMemory: Platform Memory Stats for Windows
[2017.07.28-12.10.39:938][  0]LogMemory: Process Physical Memory: 273.32 MB used, 273.32 MB peak
[2017.07.28-12.10.39:938][  0]LogMemory: Process Virtual Memory: 258.96 MB used, 258.96 MB peak
[2017.07.28-12.10.39:938][  0]LogMemory: Physical Memory: 5514.23 MB used,  2557.54 MB free, 8071.77 MB total
[2017.07.28-12.10.39:938][  0]LogMemory: Virtual Memory: 636.29 MB used,  2557.54 MB free, 134217728.00 MB total
[2017.07.28-12.10.40:476][  0]LogInit: Using OS detected language (da-DK).
[2017.07.28-12.10.40:476][  0]LogInit: Using OS detected locale (da-DK).
[2017.07.28-12.10.40:491][  0]LogTextLocalizationManager: No localization for 'da-DK' exists, so 'en' will be used for the language.
[2017.07.28-12.10.40:493][  0]LogTextLocalizationManager: No localization for 'da-DK' exists, so 'en' will be used for the locale.
[2017.07.28-12.10.43:430][  0]LogD3D11RHI: D3D11 adapters:
[2017.07.28-12.10.43:439][  0]LogD3D11RHI:    0. 'Intel(R) HD Graphics Family' (Feature Level 11_0)
[2017.07.28-12.10.43:439][  0]LogD3D11RHI:       112/0/2048 MB DedicatedVideo/DedicatedSystem/SharedSystem, Outputs:1, VendorId:0x8086
[2017.07.28-12.10.43:441][  0]LogD3D11RHI:    1. 'Microsoft Basic Render Driver' (Feature Level 11_0)
[2017.07.28-12.10.43:441][  0]LogD3D11RHI:       0/0/4035 MB DedicatedVideo/DedicatedSystem/SharedSystem, Outputs:0, VendorId:0x1414
[2017.07.28-12.10.43:441][  0]LogD3D11RHI: Chosen D3D11 Adapter: 0
[2017.07.28-12.10.43:448][  0]LogD3D11RHI: Creating new Direct3DDevice
[2017.07.28-12.10.43:448][  0]LogD3D11RHI:     GPU DeviceId: 0xa16 (for the marketing name, search the web for "GPU Device Id")
[2017.07.28-12.10.43:448][  0]LogWindows: EnumDisplayDevices:
[2017.07.28-12.10.43:448][  0]LogWindows:    0. 'Intel(R) HD Graphics Family' (P:1 D:1)
[2017.07.28-12.10.43:449][  0]LogWindows:    1. 'Intel(R) HD Graphics Family' (P:0 D:0)
[2017.07.28-12.10.43:449][  0]LogWindows:    2. 'Intel(R) HD Graphics Family' (P:0 D:0)
[2017.07.28-12.10.43:450][  0]LogWindows: DebugString: FoundDriverCount:3 
[2017.07.28-12.10.43:450][  0]LogD3D11RHI:     Adapter Name: Intel(R) HD Graphics Family
[2017.07.28-12.10.43:450][  0]LogD3D11RHI:   Driver Version: 20.19.15.4531 (internal:20.19.15.4531, unified:20.19.15.4531)
[2017.07.28-12.10.43:450][  0]LogD3D11RHI:      Driver Date: 9-29-2016
[2017.07.28-12.10.43:450][  0]LogRHI: Texture pool is 795 MB (70% of 1136 MB)
[2017.07.28-12.10.43:456][  0]LogD3D11RHI: Async texture creation enabled
[2017.07.28-12.10.43:462][  0]LogD3D11RHI: GPU Timing Frequency: 12.500000 (Debug: 2 0)
[2017.07.28-12.10.43:463][  0]LogShaderCompilers: Guid format shader working directory is -9 characters bigger than the processId version (../../../../../../Users/Fucking WIN8/Documents/GitHub/RTS/RTS/Intermediate/Shaders/WorkingDirectory/18276/).
[2017.07.28-12.10.43:463][  0]LogShaderCompilers: Cleaned the shader compiler working directory 'C:/Users/Fucking WIN8/AppData/Local/Temp/UnrealShaderWorkingDir/A1AF1E674F66D35F0CC52996823AB9C1/'.
[2017.07.28-12.10.43:463][  0]LogShaderCompilers:Display: Using Local Shader Compiler.
[2017.07.28-12.10.45:837][  0]LogTemp:Display: Loaded TP WindowsClientTargetPlatform
[2017.07.28-12.10.46:041][  0]LogTemp:Display: Loaded TP WindowsNoEditorTargetPlatform
[2017.07.28-12.10.46:173][  0]LogTemp:Display: Loaded TP WindowsServerTargetPlatform
[2017.07.28-12.10.46:314][  0]LogTemp:Display: Loaded TP WindowsTargetPlatform
[2017.07.28-12.10.46:314][  0]LogTargetPlatformManager:Display: Building Assets For Windows
[2017.07.28-12.10.47:730][  0]LogDerivedDataCache:Display: Max Cache Size: 512 MB
[2017.07.28-12.10.47:837][  0]LogDerivedDataCache: Loaded boot cache 0.11s 90MB C:/Users/Fucking WIN8/AppData/Local/UnrealEngine/4.16/DerivedDataCache/Boot.ddc.
[2017.07.28-12.10.47:837][  0]LogDerivedDataCache:Display: Loaded Boot cache: C:/Users/Fucking WIN8/AppData/Local/UnrealEngine/4.16/DerivedDataCache/Boot.ddc
[2017.07.28-12.10.47:837][  0]LogDerivedDataCache: FDerivedDataBackendGraph:  Pak pak cache file ../../../../../../Users/Fucking WIN8/Documents/GitHub/RTS/RTS/DerivedDataCache/DDC.ddp not found, will not use a pak cache.
[2017.07.28-12.10.47:837][  0]LogDerivedDataCache: Unable to find inner node Pak for hierarchical cache Hierarchy.
[2017.07.28-12.10.47:837][  0]LogDerivedDataCache: FDerivedDataBackendGraph:  CompressedPak pak cache file ../../../../../../Users/Fucking WIN8/Documents/GitHub/RTS/RTS/DerivedDataCache/Compressed.ddp not found, will not use a pak cache.
[2017.07.28-12.10.47:837][  0]LogDerivedDataCache: Unable to find inner node CompressedPak for hierarchical cache Hierarchy.
[2017.07.28-12.10.47:870][  0]LogDerivedDataCache:Display: Pak cache opened for reading ../../../Engine/DerivedDataCache/Compressed.ddp.
[2017.07.28-12.10.47:883][  0]LogDerivedDataCache: Using Local data cache path C:/Users/Fucking WIN8/AppData/Local/UnrealEngine/Common/DerivedDataCache: Writable
[2017.07.28-12.10.47:913][  0]LogMaterial: Verifying Global Shaders for PCD3D_SM5
[2017.07.28-12.10.47:913][  0]LogSlate: Using Freetype 2.6.0
[2017.07.28-12.10.47:914][  0]LogSlate: SlateFontCache - WITH_FREETYPE: 1, WITH_HARFBUZZ: 1
[2017.07.28-12.10.47:914][  0]LogSlate: SlateFontCache - WITH_FREETYPE: 1, WITH_HARFBUZZ: 1
[2017.07.28-12.10.48:393][  0]LogAssetRegistry: FAssetRegistry took 0.0072 seconds to start up
[2017.07.28-12.10.48:401][  0]LogPackageLocalizationCache: Processed 4 localized package path(s) for 1 prioritized culture(s) in 0.007662 seconds
[2017.07.28-12.10.48:598][  0]LogInit: Selected Device Profile: [Windows]
[2017.07.28-12.10.48:690][  0]LogContentStreaming: Texture pool size is 1000.00 MB
[2017.07.28-12.10.49:195][  0]LogMeshUtilities: Using QuadricMeshReduction for automatic static mesh reduction
[2017.07.28-12.10.49:364][  0]LogSimplygon: Simplygon DLL not present - disabling.
[2017.07.28-12.10.49:558][  0]LogMeshUtilities: Using SimplygonSwarm for distributed automatic mesh merging
[2017.07.28-12.10.49:558][  0]LogMeshUtilities: No automatic skeletal mesh reduction module available
[2017.07.28-12.10.49:558][  0]LogMeshUtilities: No automatic mesh merging module available
[2017.07.28-12.10.50:946][  0]LogNetVersion: RTS , NetCL: 3452394, EngineNetVer: 2, GameNetVer: 0 (Checksum: 2270150060)
[2017.07.28-12.10.55:091][  0]LogMoviePlayer: Initializing movie player
[2017.07.28-12.10.55:147][  0]LogWindowsTextInputMethodSystem:Display: IME system now deactivated.
[2017.07.28-12.10.56:079][  0]LogCollectionManager: Loaded 0 collections in 0.005105 seconds
[2017.07.28-12.10.56:185][  0]LogFileCache: Scanning file cache for directory 'C:/Users/Fucking WIN8/Documents/GitHub/RTS/RTS/Saved/Collections/' took 0.01s
[2017.07.28-12.10.56:185][  0]LogFileCache: Scanning file cache for directory 'C:/Users/Fucking WIN8/Documents/GitHub/RTS/RTS/Content/Developers/FuckingWIN8/Collections/' took 0.01s
[2017.07.28-12.10.56:185][  0]LogFileCache: Scanning file cache for directory 'C:/Users/Fucking WIN8/Documents/GitHub/RTS/RTS/Content/Collections/' took 0.01s
[2017.07.28-12.10.56:185][  0]LogCollectionManager: Rebuilt the object cache for 0 collections in 0.000003 seconds (found 0 objects)
[2017.07.28-12.10.56:185][  0]LogCollectionManager: Fixed up redirectors for 0 collections in 0.000057 seconds (updated 0 objects)
[2017.07.28-12.10.56:611][  0]LogTcpMessaging: Initializing TcpMessaging bridge
[2017.07.28-12.10.56:701][  0]LogUdpMessaging: Initializing bridge on interface 0.0.0.0:0 to multicast group 230.0.0.1:6666.
[2017.07.28-12.10.57:658][  0]SourceControl: Info Source control is disabled
[2017.07.28-12.10.57:658][  0]SourceControl: Info Source control is disabled
[2017.07.28-12.10.57:774][  0]SourceControl: Info Source control is disabled
[2017.07.28-12.10.58:316][  0]LogAndroidPermission: UAndroidPermissionCallbackProxy::GetInstance
[2017.07.28-12.10.59:525][  0]LogUObjectArray: 37220 objects as part of root set at end of initial load.
[2017.07.28-12.10.59:525][  0]LogUObjectAllocator: 8398840 out of 0 bytes used by permanent object pool.
[2017.07.28-12.10.59:525][  0]LogUObjectArray: CloseDisregardForGC: 0/0 objects in disregard for GC pool
[2017.07.28-12.10.59:766][  0]LogEngine: Initializing Engine...
[2017.07.28-12.10.59:767][  0]LogHMD: Failed to initialize OpenVR with code 110
[2017.07.28-12.11.00:047][  0]LogStats: UGameplayTagsManager::ConstructGameplayTagTree: Construct from data asset -  0.000 s
[2017.07.28-12.11.00:048][  0]LogStats: UGameplayTagsManager::ConstructGameplayTagTree: GameplayTagTreeChangedEvent.Broadcast -  0.000 s
[2017.07.28-12.11.00:062][  0]LogInit: XAudio2 using 'Speaker/HP (Realtek High Definition Audio)' : 2 channels at 48 kHz using 32 bits per sample (channel mask 0x3)
[2017.07.28-12.11.00:086][  0]LogInit: FAudioDevice initialized.
[2017.07.28-12.11.00:121][  0]LogInit: Texture streaming: Enabled
[2017.07.28-12.11.00:158][  0]LogMaterial: Uniform references updated for custom material expression Custom.
[2017.07.28-12.11.00:797][  0]LogSlateStyle:Warning: Unable to find Slate Widget Style 'NormalText'. Using FTextBlockStyle defaults instead.
[2017.07.28-12.11.00:797][  0]LogSlateStyle:Warning: Unable to find Slate Widget Style 'SpinBox'. Using FSpinBoxStyle defaults instead.
[2017.07.28-12.11.01:379][  0]LogInit:Display: Game Engine Initialized.
[2017.07.28-12.11.01:793][  0]LogInit:Display: Starting Game.
[2017.07.28-12.11.01:793][  0]LogNet: Browse: /Temp/Autosaves/Game/Maps/UEDPCMenuMap?Name=Player
[2017.07.28-12.11.01:793][  0]LogLoad: LoadMap: /Temp/Autosaves/Game/Maps/UEDPCMenuMap?Name=Player
[2017.07.28-12.11.01:849][  0]LogMemory: Platform Memory Stats for Windows
[2017.07.28-12.11.01:849][  0]LogMemory: Process Physical Memory: 802.29 MB used, 898.91 MB peak
[2017.07.28-12.11.01:849][  0]LogMemory: Process Virtual Memory: 825.75 MB used, 876.71 MB peak
[2017.07.28-12.11.01:849][  0]LogMemory: Physical Memory: 6281.40 MB used,  1790.37 MB free, 8071.77 MB total
[2017.07.28-12.11.01:849][  0]LogMemory: Virtual Memory: 1430.12 MB used,  1790.37 MB free, 134217728.00 MB total
[2017.07.28-12.11.01:849][  0]LogMemory: 
[2017.07.28-12.11.01:849][  0]Allocator Stats for TBB: (not implemented)
[2017.07.28-12.11.02:219][  0]LogAIModule: Creating AISystem for world MenuMap
[2017.07.28-12.11.02:219][  0]LogLoad: Game class is 'BP_GameMode_Menu_C'
[2017.07.28-12.11.02:220][  0]LogWorld: Bringing World /Temp/Autosaves/Game/Maps/UEDPCMenuMap.MenuMap up for play (max tick rate 0) at 2017.07.28-14.11.02
[2017.07.28-12.11.02:220][  0]LogWorld: Bringing up level for play took: 0.000693
[2017.07.28-12.11.02:289][  0]LogLoad: Took 0.496920 seconds to LoadMap(/Temp/Autosaves/Game/Maps/UEDPCMenuMap)
[2017.07.28-12.11.02:862][  0]LogRenderer: Reallocating scene render targets to support 1280x720 NumSamples 1 (Frame:1).
[2017.07.28-12.11.02:863][  0]LogLoad: (Engine Initialization) Total time: 31.65 seconds
[2017.07.28-12.11.02:863][  0]LogLoad: (Engine Initialization) Total Blueprint compile time: 0.21 seconds
[2017.07.28-12.11.02:863][  0]LogExternalProfiler: Found external profiler: VSPerf
[2017.07.28-12.11.02:863][  0]LogExternalProfiler: Using external profiler: VSPerf
[2017.07.28-12.11.02:881][  0]LogOcInput: OculusInput pre-init called
[2017.07.28-12.11.02:881][  0]LogHMD: Starting GearVRController plugin
[2017.07.28-12.11.17:274][335]LogNetVersion: RTS 1.0.0.0, NetCL: 3452394, EngineNetVer: 2, GameNetVer: 0 (Checksum: 2665052696)
[2017.07.28-12.11.17:281][335]LogInit: WinSock: I am Awesome-X1 (192.168.1.13:0)
[2017.07.28-12.11.17:498][335]LogPackageName: SearchForPackageOnDisk took   0.212s to resolve LobbyMap.umap.
[2017.07.28-12.11.17:603][335]LogPackageName: SearchForPackageOnDisk took   0.104s to resolve LobbyMap.umap.
[2017.07.28-12.11.17:603][335]LogNet: Browse: /Game/Maps/LobbyMap?listen
[2017.07.28-12.11.17:603][335]LogLoad: LoadMap: /Game/Maps/LobbyMap?listen
[2017.07.28-12.11.17:658][335]LogMemory: Platform Memory Stats for Windows
[2017.07.28-12.11.17:658][335]LogMemory: Process Physical Memory: 949.59 MB used, 986.78 MB peak
[2017.07.28-12.11.17:658][335]LogMemory: Process Virtual Memory: 931.02 MB used, 975.87 MB peak
[2017.07.28-12.11.17:658][335]LogMemory: Physical Memory: 6422.83 MB used,  1648.93 MB free, 8071.77 MB total
[2017.07.28-12.11.17:658][335]LogMemory: Virtual Memory: 1639.89 MB used,  1648.93 MB free, 134217728.00 MB total
[2017.07.28-12.11.17:658][335]LogMemory: 
[2017.07.28-12.11.17:658][335]Allocator Stats for TBB: (not implemented)
[2017.07.28-12.11.17:700][335]LogAIModule: Creating AISystem for world LobbyMap
[2017.07.28-12.11.17:700][335]LogLoad: Game class is 'BP_GameMode_Lobby_C'
[2017.07.28-12.11.17:701][335]LogTemp:Display: ParseSettings for GameNetDriver
[2017.07.28-12.11.17:701][335]LogTemp:Display: ParseSettings for IpNetDriver_0
[2017.07.28-12.11.17:701][335]LogTemp:Display: ParseSettings for GameNetDriver
[2017.07.28-12.11.17:701][335]LogInit: WinSock: Socket queue 131072 / 131072
[2017.07.28-12.11.17:702][335]PacketHandlerLog: Loaded PacketHandler component: Engine.EngineHandlerComponentFactory (StatelessConnectHandlerComponent)
[2017.07.28-12.11.17:702][335]LogNet: GameNetDriver IpNetDriver_0 IpNetDriver listening on port 7777
[2017.07.28-12.11.17:703][335]LogWorld: Bringing World /Game/Maps/LobbyMap.LobbyMap up for play (max tick rate 0) at 2017.07.28-14.11.17
[2017.07.28-12.11.17:703][335]LogWorld: Bringing up level for play took: 0.000765
[2017.07.28-12.11.17:703][335]LogGameMode: FindPlayerStart: PATHS NOT DEFINED or NO PLAYERSTART with positive rating
[2017.07.28-12.11.17:705][335]LogLoad: Took 0.101401 seconds to LoadMap(/Game/Maps/LobbyMap)
[2017.07.28-12.12.06:228][304]LogNet: NotifyAcceptingConnection accepted from: 192.168.1.14:58873
[2017.07.28-12.12.06:228][304]LogHandshake: SendConnectChallenge. Timestamp: 48.994221, Cookie: 223233067038244131240053236132099134042222045092052018080071
[2017.07.28-12.12.06:282][305]LogNet: NotifyAcceptingConnection accepted from: 192.168.1.14:58873
[2017.07.28-12.12.06:282][305]LogNet: Server accepting post-challenge connection from: 192.168.1.14:58873
[2017.07.28-12.12.06:282][305]PacketHandlerLog: Loaded PacketHandler component: Engine.EngineHandlerComponentFactory (StatelessConnectHandlerComponent)
[2017.07.28-12.12.06:283][305]LogNet: NotifyAcceptedConnection: Name: LobbyMap, TimeStamp: 07/28/17 14:12:06, [UNetConnection] RemoteAddr: 192.168.1.14:58873, Name: IpConnection_0, Driver: GameNetDriver IpNetDriver_0, IsServer: YES, PC: NULL, Owner: NULL
[2017.07.28-12.12.06:283][305]LogNet: AddClientConnection: Added client connection: [UNetConnection] RemoteAddr: 192.168.1.14:58873, Name: IpConnection_0, Driver: GameNetDriver IpNetDriver_0, IsServer: YES, PC: NULL, Owner: NULL
[2017.07.28-12.12.06:283][305]LogNet: NotifyAcceptingChannel Control 0 server World /Game/Maps/LobbyMap.LobbyMap: Accepted
[2017.07.28-12.12.06:283][305]LogNet: Remote platform little endian=1
[2017.07.28-12.12.06:283][305]LogNet: This platform little endian=1
[2017.07.28-12.12.06:327][306]LogNet: Login request: /Game/Maps/MenuMap?Name=DESKTOP-DQLM8VC-3C0FA4A344195C4C9B5F8F810E6FF87B userId: DESKTOP-DQLM8VC-3C0FA4A344195C4C9B5F8F810E6FF87B
[2017.07.28-12.12.06:382][307]LogNet: Client netspeed is 10000
[2017.07.28-12.12.06:427][308]LogNet: Join request: /Game/Maps/MenuMap?Name=DESKTOP-DQLM8VC-3C0FA4A344195C4C9B5F8F810E6FF87B?SplitscreenCount=1
[2017.07.28-12.12.06:430][308]LogGameMode: FindPlayerStart: PATHS NOT DEFINED or NO PLAYERSTART with positive rating
[2017.07.28-12.12.06:433][308]LogNet: Join succeeded: DESKTOP-DQLM8VC-3C0F
[2017.07.28-12.12.16:358][503]LogGameMode: ProcessServerTravel: /Game/Maps/World_01
[2017.07.28-12.12.16:397][504]LogNet: UChannel::ReceivedSequencedBunch: Bunch.bClose == true. ChIndex == 0. Calling ConditionalCleanUp.
[2017.07.28-12.12.16:397][504]LogNet: UChannel::CleanUp: ChIndex == 0. Closing connection. [UChannel] ChIndex: 0, Closing: 0 [UNetConnection] RemoteAddr: 192.168.1.14:58873, Name: IpConnection_0, Driver: GameNetDriver IpNetDriver_0, IsServer: YES, PC: BP_PlayerController_Lobby_C_1, Owner: BP_PlayerController_Lobby_C_1
[2017.07.28-12.12.16:397][504]LogNet: UNetConnection::Close: [UNetConnection] RemoteAddr: 192.168.1.14:58873, Name: IpConnection_0, Driver: GameNetDriver IpNetDriver_0, IsServer: YES, PC: BP_PlayerController_Lobby_C_1, Owner: BP_PlayerController_Lobby_C_1, Channels: 10, Time: 2017.07.28-12.12.16
[2017.07.28-12.12.16:397][504]LogNet: UChannel::Close: Sending CloseBunch. ChIndex == 0. Name: [UChannel] ChIndex: 0, Closing: 0 [UNetConnection] RemoteAddr: 192.168.1.14:58873, Name: IpConnection_0, Driver: GameNetDriver IpNetDriver_0, IsServer: YES, PC: BP_PlayerController_Lobby_C_1, Owner: BP_PlayerController_Lobby_C_1
[2017.07.28-12.12.16:397][504]LogNet: NotifyAcceptingConnection: Server LobbyMap refused
[2017.07.28-12.12.17:410][524]LogNet: NotifyAcceptingConnection: Server LobbyMap refused
[2017.07.28-12.12.18:455][544]LogNet: NotifyAcceptingConnection: Server LobbyMap refused
[2017.07.28-12.12.19:445][563]LogNet: NotifyAcceptingConnection: Server LobbyMap refused
[2017.07.28-12.12.20:329][580]LogEngine: Server switch level: /Game/Maps/World_01
[2017.07.28-12.12.20:330][580]LogNet: Browse: /Game/Maps/World_01?listen
[2017.07.28-12.12.20:383][580]LogLoad: LoadMap: /Game/Maps/World_01?listen
[2017.07.28-12.12.20:384][580]LogNet: World NetDriver shutdown IpNetDriver_0 [GameNetDriver]
[2017.07.28-12.12.20:384][580]LogNet: DestroyNamedNetDriver IpNetDriver_0 [GameNetDriver]
[2017.07.28-12.12.20:384][580]LogExit: GameNetDriver IpNetDriver_0 shut down
[2017.07.28-12.12.20:519][580]LogMemory: Platform Memory Stats for Windows
[2017.07.28-12.12.20:519][580]LogMemory: Process Physical Memory: 970.75 MB used, 1020.02 MB peak
[2017.07.28-12.12.20:519][580]LogMemory: Process Virtual Memory: 948.54 MB used, 1000.08 MB peak
[2017.07.28-12.12.20:519][580]LogMemory: Physical Memory: 5911.78 MB used,  2159.98 MB free, 8071.77 MB total
[2017.07.28-12.12.20:519][580]LogMemory: Virtual Memory: 1632.64 MB used,  2159.98 MB free, 134217728.00 MB total
[2017.07.28-12.12.20:519][580]LogMemory: 
[2017.07.28-12.12.20:519][580]Allocator Stats for TBB: (not implemented)
[2017.07.28-12.12.20:833][580]LogAIModule: Creating AISystem for world World_01
[2017.07.28-12.12.20:924][580]LogLoad: Game class is 'BP_GameMode_C'
[2017.07.28-12.12.20:924][580]LogTemp:Display: ParseSettings for GameNetDriver
[2017.07.28-12.12.20:924][580]LogTemp:Display: ParseSettings for IpNetDriver_1
[2017.07.28-12.12.20:924][580]LogTemp:Display: ParseSettings for GameNetDriver
[2017.07.28-12.12.20:925][580]LogInit: WinSock: Socket queue 131072 / 131072
[2017.07.28-12.12.20:925][580]PacketHandlerLog: Loaded PacketHandler component: Engine.EngineHandlerComponentFactory (StatelessConnectHandlerComponent)
[2017.07.28-12.12.20:925][580]LogNet: GameNetDriver IpNetDriver_1 IpNetDriver listening on port 7777
[2017.07.28-12.12.20:936][580]LogWorld: Bringing World /Game/Maps/World_01.World_01 up for play (max tick rate 0) at 2017.07.28-14.12.20
[2017.07.28-12.12.20:936][580]LogWorld: Bringing up level for play took: 0.010481
[2017.07.28-12.12.20:940][580]LogLoad: Took 0.556588 seconds to LoadMap(/Game/Maps/World_01)
[2017.07.28-12.12.21:477][589]LogNet: NotifyAcceptingConnection accepted from: 192.168.1.14:56795
[2017.07.28-12.12.21:477][589]LogHandshake: SendConnectChallenge. Timestamp: 1.199909, Cookie: 069207023067113197153140097232220159191175196070173060131186
[2017.07.28-12.12.21:533][590]LogNet: NotifyAcceptingConnection accepted from: 192.168.1.14:56795
[2017.07.28-12.12.21:533][590]LogNet: Server accepting post-challenge connection from: 192.168.1.14:56795
[2017.07.28-12.12.21:534][590]PacketHandlerLog: Loaded PacketHandler component: Engine.EngineHandlerComponentFactory (StatelessConnectHandlerComponent)
[2017.07.28-12.12.21:534][590]LogNet: NotifyAcceptedConnection: Name: World_01, TimeStamp: 07/28/17 14:12:21, [UNetConnection] RemoteAddr: 192.168.1.14:56795, Name: IpConnection_1, Driver: GameNetDriver IpNetDriver_1, IsServer: YES, PC: NULL, Owner: NULL
[2017.07.28-12.12.21:534][590]LogNet: AddClientConnection: Added client connection: [UNetConnection] RemoteAddr: 192.168.1.14:56795, Name: IpConnection_1, Driver: GameNetDriver IpNetDriver_1, IsServer: YES, PC: NULL, Owner: NULL
[2017.07.28-12.12.21:534][590]LogNet: NotifyAcceptingChannel Control 0 server World /Game/Maps/World_01.World_01: Accepted
[2017.07.28-12.12.21:534][590]LogNet: Remote platform little endian=1
[2017.07.28-12.12.21:534][590]LogNet: This platform little endian=1
[2017.07.28-12.12.21:591][591]LogNet: Login request: /Game/Maps/World_01?game=/Game/Blueprints/Menu/BP_GameMode_Lobby.BP_GameMode_Lobby_C?Name=DESKTOP-DQLM8VC-3C0FA4A344195C4C9B5F8F810E6FF87B userId: DESKTOP-DQLM8VC-3C0FA4A344195C4C9B5F8F810E6FF87B
[2017.07.28-12.12.21:645][592]LogNet: Client netspeed is 10000
[2017.07.28-12.12.21:755][594]LogNet: Join request: /Game/Maps/World_01?game=/Game/Blueprints/Menu/BP_GameMode_Lobby.BP_GameMode_Lobby_C?Name=DESKTOP-DQLM8VC-3C0FA4A344195C4C9B5F8F810E6FF87B?SplitscreenCount=1
[2017.07.28-12.12.21:759][594]LogNet: Join succeeded: DESKTOP-DQLM8VC-3C0F
[2017.07.28-12.13.22:340][686]LogNet: UChannel::ReceivedSequencedBunch: Bunch.bClose == true. ChIndex == 0. Calling ConditionalCleanUp.
[2017.07.28-12.13.22:340][686]LogNet: UChannel::CleanUp: ChIndex == 0. Closing connection. [UChannel] ChIndex: 0, Closing: 0 [UNetConnection] RemoteAddr: 192.168.1.14:56795, Name: IpConnection_1, Driver: GameNetDriver IpNetDriver_1, IsServer: YES, PC: BP_PlayerController_C_1, Owner: BP_PlayerController_C_1
[2017.07.28-12.13.22:340][686]LogNet: UNetConnection::Close: [UNetConnection] RemoteAddr: 192.168.1.14:56795, Name: IpConnection_1, Driver: GameNetDriver IpNetDriver_1, IsServer: YES, PC: BP_PlayerController_C_1, Owner: BP_PlayerController_C_1, Channels: 10, Time: 2017.07.28-12.13.22
[2017.07.28-12.13.22:340][686]LogNet: UChannel::Close: Sending CloseBunch. ChIndex == 0. Name: [UChannel] ChIndex: 0, Closing: 0 [UNetConnection] RemoteAddr: 192.168.1.14:56795, Name: IpConnection_1, Driver: GameNetDriver IpNetDriver_1, IsServer: YES, PC: BP_PlayerController_C_1, Owner: BP_PlayerController_C_1
[2017.07.28-12.19.59:742][144]LogWindowsTextInputMethodSystem:Display: IME system now deactivated.
[2017.07.28-12.19.59:747][145]LogEngine: All Windows Closed
[2017.07.28-12.19.59:747][145]LogWindows: FPlatformMisc::RequestExit(0)
[2017.07.28-12.19.59:978][146]LogNet: World NetDriver shutdown IpNetDriver_1 [GameNetDriver]
[2017.07.28-12.19.59:978][146]LogNet: DestroyNamedNetDriver IpNetDriver_1 [GameNetDriver]
[2017.07.28-12.19.59:978][146]LogExit: GameNetDriver IpNetDriver_1 shut down
[2017.07.28-12.19.59:982][146]LogExit: Preparing to exit.
[2017.07.28-12.19.59:982][146]LogMoviePlayer: Shutting down movie player
[2017.07.28-12.20.00:308][146]LogExit: Game engine shut down
[2017.07.28-12.20.00:417][146]LogObj: Freed 0b from 0 cluster array pools.
[2017.07.28-12.20.00:417][146]LogExit: Object subsystem successfully closed.
[2017.07.28-12.20.00:451][146]LogD3D11RHI: Shutdown
[2017.07.28-12.20.00:451][146]LogD3D11RHI: CleanupD3DDevice
[2017.07.28-12.20.00:575][146]LogD3D11RHI: ~FD3D11DynamicRHI
[2017.07.28-12.20.00:595][146]LogModuleManager: Shutting down and abandoning module SequenceRecorderSections (298)
[2017.07.28-12.20.00:595][146]LogModuleManager: Shutting down and abandoning module SequenceRecorder (296)
[2017.07.28-12.20.00:595][146]LogModuleManager: Shutting down and abandoning module AutomationController (294)
[2017.07.28-12.20.00:595][146]LogModuleManager: Shutting down and abandoning module AutomationWorker (292)
[2017.07.28-12.20.00:595][146]LogModuleManager: Shutting down and abandoning module Voice (290)
[2017.07.28-12.20.00:595][146]LogModuleManager: Shutting down and abandoning module AIModule (288)
[2017.07.28-12.20.00:595][146]LogModuleManager: Shutting down and abandoning module GameplayDebugger (287)
[2017.07.28-12.20.00:595][146]LogModuleManager: Shutting down and abandoning module AITestSuite (285)
[2017.07.28-12.20.00:595][146]LogModuleManager: Shutting down and abandoning module WmfMediaFactory (282)
[2017.07.28-12.20.00:595][146]LogModuleManager: Shutting down and abandoning module AvfMediaFactory (280)
[2017.07.28-12.20.00:595][146]LogModuleManager: Shutting down and abandoning module AndroidMediaFactory (278)
[2017.07.28-12.20.00:595][146]LogModuleManager: Shutting down and abandoning module Media (277)
[2017.07.28-12.20.00:595][146]LogModuleManager: Shutting down and abandoning module CharacterAI (274)
[2017.07.28-12.20.00:595][146]LogModuleManager: Shutting down and abandoning module SessionServices (272)
[2017.07.28-12.20.00:595][146]LogModuleManager: Shutting down and abandoning module MovieSceneCapture (270)
[2017.07.28-12.20.00:595][146]LogModuleManager: Shutting down and abandoning module MovieSceneTracks (268)
[2017.07.28-12.20.00:595][146]LogModuleManager: Shutting down and abandoning module MovieScene (266)
[2017.07.28-12.20.00:595][146]LogModuleManager: Shutting down and abandoning module GeometryCache (264)
[2017.07.28-12.20.00:595][146]LogModuleManager: Shutting down and abandoning module GeometryCacheEd (263)
[2017.07.28-12.20.00:595][146]LogModuleManager: Shutting down and abandoning module Niagara (260)
[2017.07.28-12.20.00:595][146]LogModuleManager: Shutting down and abandoning module NiagaraEditor (259)
[2017.07.28-12.20.00:595][146]LogModuleManager: Shutting down and abandoning module StreamingPauseRendering (256)
[2017.07.28-12.20.00:595][146]LogModuleManager: Shutting down and abandoning module PortalServices (254)
[2017.07.28-12.20.00:595][146]LogModuleManager: Shutting down and abandoning module PortalRpc (252)
[2017.07.28-12.20.00:596][146]LogModuleManager: Shutting down and abandoning module MessagingRpc (250)
[2017.07.28-12.20.00:596][146]LogModuleManager: Shutting down and abandoning module ProfilerService (248)
[2017.07.28-12.20.00:699][146]LogModuleManager: Shutting down and abandoning module TaskGraph (246)
[2017.07.28-12.20.00:699][146]LogModuleManager: Shutting down and abandoning module SteamVRController (244)
[2017.07.28-12.20.00:699][146]LogModuleManager: Shutting down and abandoning module SteamVR (242)
[2017.07.28-12.20.00:699][146]LogModuleManager: Shutting down and abandoning module ProceduralMeshComponent (240)
[2017.07.28-12.20.00:699][146]LogModuleManager: Shutting down and abandoning module OculusLibrary (238)
[2017.07.28-12.20.00:699][146]LogModuleManager: Shutting down and abandoning module OculusInput (236)
[2017.07.28-12.20.00:699][146]LogModuleManager: Shutting down and abandoning module MobilePatchingUtils (234)
[2017.07.28-12.20.00:699][146]LogModuleManager: Shutting down and abandoning module CustomMeshComponent (232)
[2017.07.28-12.20.00:699][146]LogModuleManager: Shutting down and abandoning module CableComponent (230)
[2017.07.28-12.20.00:699][146]LogModuleManager: Shutting down and abandoning module ArchVisCharacter (228)
[2017.07.28-12.20.00:699][146]LogModuleManager: Shutting down and abandoning module AndroidPermission (226)
[2017.07.28-12.20.00:699][146]LogModuleManager: Shutting down and abandoning module HTML5Networking (224)
[2017.07.28-12.20.00:699][146]LogModuleManager: Shutting down and abandoning module VisualStudioSourceCodeAccess (222)
[2017.07.28-12.20.00:699][146]LogModuleManager: Shutting down and abandoning module DesktopPlatform (221)
[2017.07.28-12.20.00:699][146]LogModuleManager: Shutting down and abandoning module HotReload (219)
[2017.07.28-12.20.00:699][146]LogModuleManager: Shutting down and abandoning module UObjectPlugin (216)
[2017.07.28-12.20.00:699][146]LogModuleManager: Shutting down and abandoning module SubversionSourceControl (214)
[2017.07.28-12.20.00:699][146]LogModuleManager: Shutting down and abandoning module PerforceSourceControl (212)
[2017.07.28-12.20.00:699][146]LogModuleManager: Shutting down and abandoning module SourceControl (211)
[2017.07.28-12.20.00:699][146]LogModuleManager: Shutting down and abandoning module PhysXVehiclesEditor (208)
[2017.07.28-12.20.00:700][146]LogModuleManager: Shutting down and abandoning module PhysXVehicles (206)
[2017.07.28-12.20.00:700][146]LogModuleManager: Shutting down and abandoning module LocationServicesBPLibrary (204)
[2017.07.28-12.20.00:700][146]LogModuleManager: Shutting down and abandoning module ImmediatePhysicsEditor (202)
[2017.07.28-12.20.00:700][146]LogModuleManager: Shutting down and abandoning module ImmediatePhysics (200)
[2017.07.28-12.20.00:700][146]LogModuleManager: Shutting down and abandoning module UdpMessaging (198)
[2017.07.28-12.20.00:801][146]LogModuleManager: Shutting down and abandoning module TcpMessaging (196)
[2017.07.28-12.20.00:911][146]LogModuleManager: Shutting down and abandoning module GameplayTagsEditor (194)
[2017.07.28-12.20.00:911][146]LogModuleManager: Shutting down and abandoning module FacialAnimation (192)
[2017.07.28-12.20.00:911][146]LogModuleManager: Shutting down and abandoning module AssetManagerEditor (190)
[2017.07.28-12.20.00:911][146]LogModuleManager: Shutting down and abandoning module GraphEditor (189)
[2017.07.28-12.20.00:911][146]LogModuleManager: Shutting down and abandoning module ContentBrowser (187)
[2017.07.28-12.20.00:911][146]LogModuleManager: Shutting down and abandoning module CollectionManager (186)
[2017.07.28-12.20.00:911][146]LogDirectoryWatcher: A directory notification for 'C:/Users/Fucking WIN8/Documents/GitHub/RTS/RTS/Content/Collections/' was aborted.
[2017.07.28-12.20.00:911][146]LogDirectoryWatcher: A directory notification for 'C:/Users/Fucking WIN8/Documents/GitHub/RTS/RTS/Content/Developers/FuckingWIN8/Collections/' was aborted.
[2017.07.28-12.20.00:911][146]LogDirectoryWatcher: A directory notification for 'C:/Users/Fucking WIN8/Documents/GitHub/RTS/RTS/Saved/Collections/' was aborted.
[2017.07.28-12.20.00:912][146]LogModuleManager: Shutting down and abandoning module DirectoryWatcher (185)
[2017.07.28-12.20.00:912][146]LogModuleManager: Shutting down and abandoning module LightPropagationVolumeRuntime (180)
[2017.07.28-12.20.00:912][146]LogModuleManager: Shutting down and abandoning module Paper2D (178)
[2017.07.28-12.20.00:912][146]LogModuleManager: Shutting down and abandoning module WindowsMoviePlayer (176)
[2017.07.28-12.20.00:912][146]LogModuleManager: Shutting down and abandoning module WmfMedia (174)
[2017.07.28-12.20.00:912][146]LogModuleManager: Shutting down and abandoning module ClothingSystemEditor (172)
[2017.07.28-12.20.00:912][146]LogModuleManager: Shutting down and abandoning module ClothingSystemRuntime (170)
[2017.07.28-12.20.00:912][146]LogModuleManager: Shutting down and abandoning module MediaAssets (168)
[2017.07.28-12.20.00:912][146]LogModuleManager: Shutting down and abandoning module GameLiveStreaming (166)
[2017.07.28-12.20.00:912][146]LogModuleManager: Shutting down and abandoning module VREditor (164)
[2017.07.28-12.20.00:912][146]LogModuleManager: Shutting down and abandoning module StringTableEditor (162)
[2017.07.28-12.20.00:912][146]LogModuleManager: Shutting down and abandoning module GameplayTasksEditor (160)
[2017.07.28-12.20.00:912][146]LogModuleManager: Shutting down and abandoning module BehaviorTreeEditor (158)
[2017.07.28-12.20.00:912][146]LogModuleManager: Shutting down and abandoning module FunctionalTesting (156)
[2017.07.28-12.20.00:912][146]LogModuleManager: Shutting down and abandoning module CollisionAnalyzer (154)
[2017.07.28-12.20.00:912][146]LogModuleManager: Shutting down and abandoning module UMG (152)
[2017.07.28-12.20.00:912][146]LogModuleManager: Shutting down and abandoning module UMGEditor (151)
[2017.07.28-12.20.00:912][146]LogModuleManager: Shutting down and abandoning module Sequencer (150)
[2017.07.28-12.20.00:912][146]LogModuleManager: Shutting down and abandoning module AssetTools (148)
[2017.07.28-12.20.00:913][146]LogModuleManager: Shutting down and abandoning module MessageLog (147)
[2017.07.28-12.20.00:913][146]LogModuleManager: Shutting down and abandoning module WorkspaceMenuStructure (146)
[2017.07.28-12.20.00:913][146]LogModuleManager: Shutting down and abandoning module SlateReflector (140)
[2017.07.28-12.20.00:913][146]LogModuleManager: Shutting down and abandoning module Slate (138)
[2017.07.28-12.20.00:913][146]LogModuleManager: Shutting down and abandoning module EditorStyle (136)
[2017.07.28-12.20.00:916][146]LogModuleManager: Shutting down and abandoning module Messaging (134)
[2017.07.28-12.20.00:917][146]LogModuleManager: Shutting down and abandoning module SourceCodeAccess (132)
[2017.07.28-12.20.00:917][146]LogModuleManager: Shutting down and abandoning module HeadMountedDisplay (130)
[2017.07.28-12.20.00:917][146]LogModuleManager: Shutting down and abandoning module XAudio2 (128)
[2017.07.28-12.20.00:917][146]LogModuleManager: Shutting down and abandoning module Networking (126)
[2017.07.28-12.20.00:917][146]LogModuleManager: Shutting down and abandoning module Core (124)
[2017.07.28-12.20.00:917][146]LogModuleManager: Shutting down and abandoning module KismetCompiler (122)
[2017.07.28-12.20.00:917][146]LogModuleManager: Shutting down and abandoning module LevelSequence (120)
[2017.07.28-12.20.00:917][146]LogModuleManager: Shutting down and abandoning module PhysXFormats (118)
[2017.07.28-12.20.00:917][146]LogModuleManager: Shutting down and abandoning module MeshUtilities (116)
[2017.07.28-12.20.00:917][146]LogModuleManager: Shutting down and abandoning module SimplygonSwarm (115)
[2017.07.28-12.20.00:917][146]LogModuleManager: Shutting down and abandoning module SimplygonMeshReduction (113)
[2017.07.28-12.20.00:917][146]LogModuleManager: Shutting down and abandoning module QuadricMeshReduction (111)
[2017.07.28-12.20.00:917][146]LogModuleManager: Shutting down and abandoning module AssetRegistry (108)
[2017.07.28-12.20.00:917][146]LogModuleManager: Shutting down and abandoning module DerivedDataCache (106)
[2017.07.28-12.20.00:921][146]LogDerivedDataCache: Shutdown
[2017.07.28-12.20.00:921][146]LogModuleManager: Shutting down and abandoning module TargetPlatform (104)
[2017.07.28-12.20.00:921][146]LogModuleManager: Shutting down and abandoning module VulkanShaderFormat (103)
[2017.07.28-12.20.00:921][146]LogModuleManager: Shutting down and abandoning module ShaderFormatVectorVM (101)
[2017.07.28-12.20.00:921][146]LogModuleManager: Shutting down and abandoning module ShaderFormatOpenGL (99)
[2017.07.28-12.20.00:921][146]LogModuleManager: Shutting down and abandoning module ShaderFormatD3D (97)
[2017.07.28-12.20.00:921][146]LogModuleManager: Shutting down and abandoning module MetalShaderFormat (95)
[2017.07.28-12.20.00:921][146]LogModuleManager: Shutting down and abandoning module TextureFormatUncompressed (93)
[2017.07.28-12.20.00:921][146]LogModuleManager: Shutting down and abandoning module TextureFormatPVR (91)
[2017.07.28-12.20.00:921][146]LogModuleManager: Shutting down and abandoning module TextureFormatDXT (89)
[2017.07.28-12.20.00:921][146]LogModuleManager: Shutting down and abandoning module TextureFormatIntelISPCTexComp (87)
[2017.07.28-12.20.00:921][146]LogModuleManager: Shutting down and abandoning module TextureFormatASTC (85)
[2017.07.28-12.20.00:921][146]LogModuleManager: Shutting down and abandoning module ImageWrapper (84)
[2017.07.28-12.20.00:921][146]LogModuleManager: Shutting down and abandoning module TextureFormatAndroid (81)
[2017.07.28-12.20.00:921][146]LogModuleManager: Shutting down and abandoning module AudioFormatOpus (79)
[2017.07.28-12.20.00:921][146]LogModuleManager: Shutting down and abandoning module AudioFormatOgg (77)
[2017.07.28-12.20.00:921][146]LogModuleManager: Shutting down and abandoning module AudioFormatADPCM (75)
[2017.07.28-12.20.00:921][146]LogModuleManager: Shutting down and abandoning module WindowsTargetPlatform (73)
[2017.07.28-12.20.00:921][146]LogModuleManager: Shutting down and abandoning module WindowsServerTargetPlatform (71)
[2017.07.28-12.20.00:922][146]LogModuleManager: Shutting down and abandoning module WindowsNoEditorTargetPlatform (69)
[2017.07.28-12.20.00:922][146]LogModuleManager: Shutting down and abandoning module WindowsClientTargetPlatform (67)
[2017.07.28-12.20.00:922][146]LogModuleManager: Shutting down and abandoning module InputCore (64)
[2017.07.28-12.20.00:922][146]LogModuleManager: Shutting down and abandoning module Settings (62)
[2017.07.28-12.20.00:922][146]LogModuleManager: Shutting down and abandoning module OculusRift (60)
[2017.07.28-12.20.00:922][146]LogModuleManager: Shutting down and abandoning module GearVRController (58)
[2017.07.28-12.20.00:922][146]LogModuleManager: Shutting down and abandoning module GearVR (56)
[2017.07.28-12.20.00:922][146]LogModuleManager: Shutting down and abandoning module ExampleDeviceProfileSelector (54)
[2017.07.28-12.20.00:922][146]LogModuleManager: Shutting down and abandoning module OnlineBlueprintSupport (52)
[2017.07.28-12.20.00:922][146]LogModuleManager: Shutting down and abandoning module OnlineSubsystem (48)
[2017.07.28-12.20.00:922][146]LogOnline:Display: OSS: FOnlineSubsystemNull::Shutdown()
[2017.07.28-12.20.00:922][146]LogOnline:Display: OSS: FOnlineAsyncTaskManager::Stop() ActiveTask:0000000000000000 Tasks[0/0]
[2017.07.28-12.20.00:923][146]LogOnline:Display: OSS: FOnlineAsyncTaskManager::Exit() started
[2017.07.28-12.20.00:923][146]LogOnline:Display: OSS: FOnlineAsyncTaskManager::Exit() finished
[2017.07.28-12.20.00:923][146]LogOnline:Display: Unloading online subsystem: NULL
[2017.07.28-12.20.00:923][146]LogModuleManager: Shutting down and abandoning module XMPP (43)
[2017.07.28-12.20.00:923][146]LogModuleManager: Shutting down and abandoning module HTTP (41)
[2017.07.28-12.20.00:948][146]LogModuleManager: Shutting down and abandoning module SSL (40)
[2017.07.28-12.20.00:952][146]LogModuleManager: Shutting down and abandoning module HTTPChunkInstaller (36)
[2017.07.28-12.20.00:952][146]LogModuleManager: Shutting down and abandoning module AnimationModifiers (34)
[2017.07.28-12.20.00:952][146]LogModuleManager: Shutting down and abandoning module PropertyEditor (33)
[2017.07.28-12.20.00:952][146]LogModuleManager: Shutting down and abandoning module AudioEditor (30)
[2017.07.28-12.20.00:953][146]LogModuleManager: Shutting down and abandoning module TextureCompressor (28)
[2017.07.28-12.20.00:953][146]LogModuleManager: Shutting down and abandoning module ShaderCore (26)
[2017.07.28-12.20.00:953][146]LogModuleManager: Shutting down and abandoning module Landscape (24)
[2017.07.28-12.20.00:953][146]LogModuleManager: Shutting down and abandoning module SlateRHIRenderer (22)
[2017.07.28-12.20.00:953][146]LogModuleManager: Shutting down and abandoning module OpenGLDrv (20)
[2017.07.28-12.20.00:953][146]LogModuleManager: Shutting down and abandoning module D3D11RHI (18)
[2017.07.28-12.20.00:953][146]LogModuleManager: Shutting down and abandoning module AnimGraphRuntime (16)
[2017.07.28-12.20.00:953][146]LogModuleManager: Shutting down and abandoning module Renderer (14)
[2017.07.28-12.20.00:953][146]LogModuleManager: Shutting down and abandoning module Engine (12)
[2017.07.28-12.20.00:953][146]LogModuleManager: Shutting down and abandoning module CoreUObject (10)
[2017.07.28-12.20.00:953][146]LogModuleManager: Shutting down and abandoning module NetworkFile (8)
[2017.07.28-12.20.00:953][146]LogModuleManager: Shutting down and abandoning module StreamingFile (6)
[2017.07.28-12.20.00:953][146]LogModuleManager: Shutting down and abandoning module SandboxFile (4)
[2017.07.28-12.20.00:953][146]LogModuleManager: Shutting down and abandoning module PakFile (2)
[2017.07.28-12.20.00:954][146]LogExit: Exiting.
[2017.07.28-12.20.00:966][146]Log file closed, 07/28/17 14:20:00
