Log file open, 07/28/17 14:20:17
LogInit:Display: Running engine for game: RTS
LogPlatformFile: Not using cached read wrapper
LogInit:Display: RandInit(-1079447776) SRandInit(-1079447776).
LogTaskGraph: Started task graph with 5 named threads and 6 total threads with 1 sets of task threads.
LogStats: Stats thread started at 0.187230
LogInit: Using libcurl 7.47.1
LogInit:  - built for x86_64-pc-win32
LogInit:  - supports SSL with OpenSSL/1.0.2g
LogInit:  - supports HTTP deflate (compression) using libz 1.2.8
LogInit:  - other features:
LogInit:      CURL_VERSION_SSL
LogInit:      CURL_VERSION_LIBZ
LogInit:      CURL_VERSION_IPV6
LogInit:      CURL_VERSION_ASYNCHDNS
LogInit:      CURL_VERSION_LARGEFILE
LogInit:      CURL_VERSION_IDN
LogInit:  CurlRequestOptions (configurable via config and command line):
LogInit:  - bVerifyPeer = false  - Libcurl will NOT verify peer certificate
LogInit:  - bUseHttpProxy = false  - Libcurl will NOT use HTTP proxy
LogInit:  - bDontReuseConnections = false  - Libcurl will reuse connections
LogInit:  - CertBundlePath = nullptr  - Libcurl will use whatever was configured at build time.
LogInit: WinSock: version 1.1 (2.2), MaxSocks=32767, MaxUdp=65467
LogInit: Build: ++UE4+Release-4.16-CL-3514769
LogInit: Engine Version: 4.16.2-3514769+++UE4+Release-4.16
LogInit: Compatible Engine Version: 4.16.0-3452394+++UE4+Release-4.16
LogInit: Net CL: 3452394
LogDevObjectVersion: Number of dev versions registered: 16
LogDevObjectVersion:   Dev-Blueprints (B0D832E4-1F89-4F0D-ACCF-7EB736FD4AA2): 9
LogDevObjectVersion:   Dev-Build (E1C64328-A22C-4D53-A36C-8E866417BD8C): 0
LogDevObjectVersion:   Dev-Core (375EC13C-06E4-48FB-B500-84F0262A717E): 2
LogDevObjectVersion:   Dev-Editor (E4B068ED-F494-42E9-A231-DA0B2E46BB41): 17
LogDevObjectVersion:   Dev-Framework (CFFC743F-43B0-4480-9391-14DF171D2073): 23
LogDevObjectVersion:   Dev-Mobile (B02B49B5-BB20-44E9-A304-32B752E40360): 0
LogDevObjectVersion:   Dev-Networking (A4E4105C-59A1-49B5-A7C5-40C4547EDFEE): 0
LogDevObjectVersion:   Dev-Online (39C831C9-5AE6-47DC-9A44-9C173E1C8E7C): 0
LogDevObjectVersion:   Dev-Physics (78F01B33-EBEA-4F98-B9B4-84EACCB95AA2): 0
LogDevObjectVersion:   Dev-Platform (6631380F-2D4D-43E0-8009-CF276956A95A): 0
LogDevObjectVersion:   Dev-Rendering (12F88B9F-8875-4AFC-A67C-D90C383ABD29): 15
LogDevObjectVersion:   Dev-Sequencer (7B5AE74C-D270-4C10-A958-57980B212A5A): 4
LogDevObjectVersion:   Dev-VR (D7296918-1DD6-4BDD-9DE2-64A83CC13884): 0
LogDevObjectVersion:   Dev-LoadTimes (C2A15278-BFE7-4AFE-6C17-90FF531DF755): 1
LogDevObjectVersion:   Private-Geometry (6EACA3D4-40EC-4CC1-B786-8BED09428FC5): 1
LogDevObjectVersion:   Dev-AnimPhys (29E575DD-E0A3-4627-9D10-D276232CDCEA): 3
LogInit: Compiled (64-bit): Jun 29 2017 02:03:24
LogInit: Compiled with Visual C++: 19.00.24215.01
LogInit: Build Configuration: Development
LogInit: Branch Name: ++UE4+Release-4.16
LogInit: Command line:  /Temp/Autosaves/Game/Maps/UEDPCMenuMap -game -PIEVIACONSOLE -ResX=1280 -ResY=720  -Multiprocess -messaging -SessionName="Play in Standalone Game" -windowed 
LogInit: Base directory: C:/Program Files/Epic Games/UE_4.16/Engine/Binaries/Win64/
LogInit: Installed Engine Build: 1
LogInit: Presizing for max 8388607 objects, including 0 objects not considered by GC, pre-allocating 0 bytes for permanent pool.
LogInit: Object subsystem initialized
[2017.07.28-12.20.20:973][  0]LogInit: Selected Device Profile: [Windows]
[2017.07.28-12.20.20:973][  0]LogInit: Applying CVar settings loaded from the selected device profile: [Windows]
[2017.07.28-12.20.20:994][  0]LogInit: Computer: AWESOME-X1
[2017.07.28-12.20.20:994][  0]LogInit: User: FuckingWIN8
[2017.07.28-12.20.20:994][  0]LogInit: CPU Page size=4096, Cores=2
[2017.07.28-12.20.20:994][  0]LogInit: High frequency timer resolution =2.630635 MHz
[2017.07.28-12.20.20:995][  0]LogMemory: Memory total: Physical=7.9GB (8GB approx)
[2017.07.28-12.20.20:995][  0]LogMemory: Platform Memory Stats for Windows
[2017.07.28-12.20.20:995][  0]LogMemory: Process Physical Memory: 273.33 MB used, 273.33 MB peak
[2017.07.28-12.20.20:995][  0]LogMemory: Process Virtual Memory: 258.89 MB used, 258.89 MB peak
[2017.07.28-12.20.20:995][  0]LogMemory: Physical Memory: 5122.73 MB used,  2949.03 MB free, 8071.77 MB total
[2017.07.28-12.20.20:995][  0]LogMemory: Virtual Memory: 636.29 MB used,  2949.03 MB free, 134217728.00 MB total
[2017.07.28-12.20.21:555][  0]LogInit: Using OS detected language (da-DK).
[2017.07.28-12.20.21:555][  0]LogInit: Using OS detected locale (da-DK).
[2017.07.28-12.20.21:569][  0]LogTextLocalizationManager: No localization for 'da-DK' exists, so 'en' will be used for the language.
[2017.07.28-12.20.21:571][  0]LogTextLocalizationManager: No localization for 'da-DK' exists, so 'en' will be used for the locale.
[2017.07.28-12.20.24:461][  0]LogD3D11RHI: D3D11 adapters:
[2017.07.28-12.20.24:470][  0]LogD3D11RHI:    0. 'Intel(R) HD Graphics Family' (Feature Level 11_0)
[2017.07.28-12.20.24:470][  0]LogD3D11RHI:       112/0/2048 MB DedicatedVideo/DedicatedSystem/SharedSystem, Outputs:1, VendorId:0x8086
[2017.07.28-12.20.24:472][  0]LogD3D11RHI:    1. 'Microsoft Basic Render Driver' (Feature Level 11_0)
[2017.07.28-12.20.24:473][  0]LogD3D11RHI:       0/0/4035 MB DedicatedVideo/DedicatedSystem/SharedSystem, Outputs:0, VendorId:0x1414
[2017.07.28-12.20.24:473][  0]LogD3D11RHI: Chosen D3D11 Adapter: 0
[2017.07.28-12.20.24:482][  0]LogD3D11RHI: Creating new Direct3DDevice
[2017.07.28-12.20.24:483][  0]LogD3D11RHI:     GPU DeviceId: 0xa16 (for the marketing name, search the web for "GPU Device Id")
[2017.07.28-12.20.24:483][  0]LogWindows: EnumDisplayDevices:
[2017.07.28-12.20.24:483][  0]LogWindows:    0. 'Intel(R) HD Graphics Family' (P:1 D:1)
[2017.07.28-12.20.24:483][  0]LogWindows:    1. 'Intel(R) HD Graphics Family' (P:0 D:0)
[2017.07.28-12.20.24:484][  0]LogWindows:    2. 'Intel(R) HD Graphics Family' (P:0 D:0)
[2017.07.28-12.20.24:484][  0]LogWindows: DebugString: FoundDriverCount:3 
[2017.07.28-12.20.24:484][  0]LogD3D11RHI:     Adapter Name: Intel(R) HD Graphics Family
[2017.07.28-12.20.24:484][  0]LogD3D11RHI:   Driver Version: 20.19.15.4531 (internal:20.19.15.4531, unified:20.19.15.4531)
[2017.07.28-12.20.24:484][  0]LogD3D11RHI:      Driver Date: 9-29-2016
[2017.07.28-12.20.24:484][  0]LogRHI: Texture pool is 795 MB (70% of 1136 MB)
[2017.07.28-12.20.24:490][  0]LogD3D11RHI: Async texture creation enabled
[2017.07.28-12.20.24:496][  0]LogD3D11RHI: GPU Timing Frequency: 12.500000 (Debug: 2 0)
[2017.07.28-12.20.24:497][  0]LogShaderCompilers: Guid format shader working directory is -8 characters bigger than the processId version (../../../../../../Users/Fucking WIN8/Documents/GitHub/RTS/RTS/Intermediate/Shaders/WorkingDirectory/3816/).
[2017.07.28-12.20.24:497][  0]LogShaderCompilers: Cleaned the shader compiler working directory 'C:/Users/Fucking WIN8/AppData/Local/Temp/UnrealShaderWorkingDir/0C7ADF89469346D3FB475AB2B61787FC/'.
[2017.07.28-12.20.24:497][  0]LogShaderCompilers:Display: Using Local Shader Compiler.
[2017.07.28-12.20.26:794][  0]LogTemp:Display: Loaded TP WindowsClientTargetPlatform
[2017.07.28-12.20.26:941][  0]LogTemp:Display: Loaded TP WindowsNoEditorTargetPlatform
[2017.07.28-12.20.27:078][  0]LogTemp:Display: Loaded TP WindowsServerTargetPlatform
[2017.07.28-12.20.27:221][  0]LogTemp:Display: Loaded TP WindowsTargetPlatform
[2017.07.28-12.20.27:221][  0]LogTargetPlatformManager:Display: Building Assets For Windows
[2017.07.28-12.20.28:609][  0]LogDerivedDataCache:Display: Max Cache Size: 512 MB
[2017.07.28-12.20.28:730][  0]LogDerivedDataCache: Loaded boot cache 0.12s 90MB C:/Users/Fucking WIN8/AppData/Local/UnrealEngine/4.16/DerivedDataCache/Boot.ddc.
[2017.07.28-12.20.28:730][  0]LogDerivedDataCache:Display: Loaded Boot cache: C:/Users/Fucking WIN8/AppData/Local/UnrealEngine/4.16/DerivedDataCache/Boot.ddc
[2017.07.28-12.20.28:731][  0]LogDerivedDataCache: FDerivedDataBackendGraph:  Pak pak cache file ../../../../../../Users/Fucking WIN8/Documents/GitHub/RTS/RTS/DerivedDataCache/DDC.ddp not found, will not use a pak cache.
[2017.07.28-12.20.28:731][  0]LogDerivedDataCache: Unable to find inner node Pak for hierarchical cache Hierarchy.
[2017.07.28-12.20.28:731][  0]LogDerivedDataCache: FDerivedDataBackendGraph:  CompressedPak pak cache file ../../../../../../Users/Fucking WIN8/Documents/GitHub/RTS/RTS/DerivedDataCache/Compressed.ddp not found, will not use a pak cache.
[2017.07.28-12.20.28:731][  0]LogDerivedDataCache: Unable to find inner node CompressedPak for hierarchical cache Hierarchy.
[2017.07.28-12.20.28:763][  0]LogDerivedDataCache:Display: Pak cache opened for reading ../../../Engine/DerivedDataCache/Compressed.ddp.
[2017.07.28-12.20.28:776][  0]LogDerivedDataCache: Using Local data cache path C:/Users/Fucking WIN8/AppData/Local/UnrealEngine/Common/DerivedDataCache: Writable
[2017.07.28-12.20.28:795][  0]LogMaterial: Verifying Global Shaders for PCD3D_SM5
[2017.07.28-12.20.28:796][  0]LogSlate: Using Freetype 2.6.0
[2017.07.28-12.20.28:796][  0]LogSlate: SlateFontCache - WITH_FREETYPE: 1, WITH_HARFBUZZ: 1
[2017.07.28-12.20.28:796][  0]LogSlate: SlateFontCache - WITH_FREETYPE: 1, WITH_HARFBUZZ: 1
[2017.07.28-12.20.29:293][  0]LogAssetRegistry: FAssetRegistry took 0.0090 seconds to start up
[2017.07.28-12.20.29:301][  0]LogPackageLocalizationCache: Processed 4 localized package path(s) for 1 prioritized culture(s) in 0.007914 seconds
[2017.07.28-12.20.29:468][  0]LogInit: Selected Device Profile: [Windows]
[2017.07.28-12.20.29:570][  0]LogContentStreaming: Texture pool size is 1000.00 MB
[2017.07.28-12.20.29:979][  0]LogMeshUtilities: Using QuadricMeshReduction for automatic static mesh reduction
[2017.07.28-12.20.30:104][  0]LogSimplygon: Simplygon DLL not present - disabling.
[2017.07.28-12.20.30:226][  0]LogMeshUtilities: Using SimplygonSwarm for distributed automatic mesh merging
[2017.07.28-12.20.30:226][  0]LogMeshUtilities: No automatic skeletal mesh reduction module available
[2017.07.28-12.20.30:226][  0]LogMeshUtilities: No automatic mesh merging module available
[2017.07.28-12.20.31:293][  0]LogNetVersion: RTS , NetCL: 3452394, EngineNetVer: 2, GameNetVer: 0 (Checksum: 2270150060)
[2017.07.28-12.20.34:123][  0]LogMoviePlayer: Initializing movie player
[2017.07.28-12.20.34:178][  0]LogWindowsTextInputMethodSystem:Display: IME system now deactivated.
[2017.07.28-12.20.34:852][  0]LogCollectionManager: Loaded 0 collections in 0.002812 seconds
[2017.07.28-12.20.34:955][  0]LogFileCache: Scanning file cache for directory 'C:/Users/Fucking WIN8/Documents/GitHub/RTS/RTS/Saved/Collections/' took 0.01s
[2017.07.28-12.20.34:955][  0]LogFileCache: Scanning file cache for directory 'C:/Users/Fucking WIN8/Documents/GitHub/RTS/RTS/Content/Developers/FuckingWIN8/Collections/' took 0.01s
[2017.07.28-12.20.34:955][  0]LogFileCache: Scanning file cache for directory 'C:/Users/Fucking WIN8/Documents/GitHub/RTS/RTS/Content/Collections/' took 0.01s
[2017.07.28-12.20.34:955][  0]LogCollectionManager: Rebuilt the object cache for 0 collections in 0.000002 seconds (found 0 objects)
[2017.07.28-12.20.34:955][  0]LogCollectionManager: Fixed up redirectors for 0 collections in 0.000057 seconds (updated 0 objects)
[2017.07.28-12.20.35:391][  0]LogTcpMessaging: Initializing TcpMessaging bridge
[2017.07.28-12.20.35:478][  0]LogUdpMessaging: Initializing bridge on interface 0.0.0.0:0 to multicast group 230.0.0.1:6666.
[2017.07.28-12.20.36:409][  0]SourceControl: Info Source control is disabled
[2017.07.28-12.20.36:409][  0]SourceControl: Info Source control is disabled
[2017.07.28-12.20.36:522][  0]SourceControl: Info Source control is disabled
[2017.07.28-12.20.37:146][  0]LogAndroidPermission: UAndroidPermissionCallbackProxy::GetInstance
[2017.07.28-12.20.38:233][  0]LogUObjectArray: 37220 objects as part of root set at end of initial load.
[2017.07.28-12.20.38:233][  0]LogUObjectAllocator: 8398840 out of 0 bytes used by permanent object pool.
[2017.07.28-12.20.38:233][  0]LogUObjectArray: CloseDisregardForGC: 0/0 objects in disregard for GC pool
[2017.07.28-12.20.38:477][  0]LogEngine: Initializing Engine...
[2017.07.28-12.20.38:478][  0]LogHMD: Failed to initialize OpenVR with code 110
[2017.07.28-12.20.38:761][  0]LogStats: UGameplayTagsManager::ConstructGameplayTagTree: Construct from data asset -  0.000 s
[2017.07.28-12.20.38:761][  0]LogStats: UGameplayTagsManager::ConstructGameplayTagTree: GameplayTagTreeChangedEvent.Broadcast -  0.000 s
[2017.07.28-12.20.38:780][  0]LogInit: XAudio2 using 'Speaker/HP (Realtek High Definition Audio)' : 2 channels at 48 kHz using 32 bits per sample (channel mask 0x3)
[2017.07.28-12.20.38:805][  0]LogInit: FAudioDevice initialized.
[2017.07.28-12.20.38:837][  0]LogInit: Texture streaming: Enabled
[2017.07.28-12.20.38:870][  0]LogMaterial: Uniform references updated for custom material expression Custom.
[2017.07.28-12.20.39:519][  0]LogSlateStyle:Warning: Unable to find Slate Widget Style 'NormalText'. Using FTextBlockStyle defaults instead.
[2017.07.28-12.20.39:519][  0]LogSlateStyle:Warning: Unable to find Slate Widget Style 'SpinBox'. Using FSpinBoxStyle defaults instead.
[2017.07.28-12.20.40:102][  0]LogInit:Display: Game Engine Initialized.
[2017.07.28-12.20.40:523][  0]LogInit:Display: Starting Game.
[2017.07.28-12.20.40:523][  0]LogNet: Browse: /Temp/Autosaves/Game/Maps/UEDPCMenuMap?Name=Player
[2017.07.28-12.20.40:523][  0]LogLoad: LoadMap: /Temp/Autosaves/Game/Maps/UEDPCMenuMap?Name=Player
[2017.07.28-12.20.40:577][  0]LogMemory: Platform Memory Stats for Windows
[2017.07.28-12.20.40:577][  0]LogMemory: Process Physical Memory: 803.26 MB used, 901.12 MB peak
[2017.07.28-12.20.40:577][  0]LogMemory: Process Virtual Memory: 821.63 MB used, 872.65 MB peak
[2017.07.28-12.20.40:577][  0]LogMemory: Physical Memory: 5568.23 MB used,  2503.54 MB free, 8071.77 MB total
[2017.07.28-12.20.40:577][  0]LogMemory: Virtual Memory: 1426.12 MB used,  2503.54 MB free, 134217728.00 MB total
[2017.07.28-12.20.40:577][  0]LogMemory: 
[2017.07.28-12.20.40:577][  0]Allocator Stats for TBB: (not implemented)
[2017.07.28-12.20.40:980][  0]LogAIModule: Creating AISystem for world MenuMap
[2017.07.28-12.20.40:980][  0]LogLoad: Game class is 'BP_GameMode_Menu_C'
[2017.07.28-12.20.40:982][  0]LogWorld: Bringing World /Temp/Autosaves/Game/Maps/UEDPCMenuMap.MenuMap up for play (max tick rate 0) at 2017.07.28-14.20.40
[2017.07.28-12.20.40:982][  0]LogWorld: Bringing up level for play took: 0.000883
[2017.07.28-12.20.41:044][  0]LogLoad: Took 0.520944 seconds to LoadMap(/Temp/Autosaves/Game/Maps/UEDPCMenuMap)
[2017.07.28-12.20.41:609][  0]LogRenderer: Reallocating scene render targets to support 1280x720 NumSamples 1 (Frame:1).
[2017.07.28-12.20.41:609][  0]LogLoad: (Engine Initialization) Total time: 29.56 seconds
[2017.07.28-12.20.41:609][  0]LogLoad: (Engine Initialization) Total Blueprint compile time: 0.17 seconds
[2017.07.28-12.20.41:609][  0]LogExternalProfiler: Found external profiler: VSPerf
[2017.07.28-12.20.41:609][  0]LogExternalProfiler: Using external profiler: VSPerf
[2017.07.28-12.20.41:628][  0]LogOcInput: OculusInput pre-init called
[2017.07.28-12.20.41:628][  0]LogHMD: Starting GearVRController plugin
[2017.07.28-12.20.58:231][382]LogNetVersion: RTS 1.0.0.0, NetCL: 3452394, EngineNetVer: 2, GameNetVer: 0 (Checksum: 2665052696)
[2017.07.28-12.20.58:238][382]LogInit: WinSock: I am Awesome-X1 (192.168.1.13:0)
[2017.07.28-12.20.58:459][382]LogPackageName: SearchForPackageOnDisk took   0.216s to resolve LobbyMap.umap.
[2017.07.28-12.20.58:571][382]LogPackageName: SearchForPackageOnDisk took   0.110s to resolve LobbyMap.umap.
[2017.07.28-12.20.58:571][382]LogNet: Browse: /Game/Maps/LobbyMap?listen
[2017.07.28-12.20.58:571][382]LogLoad: LoadMap: /Game/Maps/LobbyMap?listen
[2017.07.28-12.20.58:623][382]LogMemory: Platform Memory Stats for Windows
[2017.07.28-12.20.58:623][382]LogMemory: Process Physical Memory: 949.46 MB used, 990.63 MB peak
[2017.07.28-12.20.58:623][382]LogMemory: Process Virtual Memory: 925.10 MB used, 970.45 MB peak
[2017.07.28-12.20.58:623][382]LogMemory: Physical Memory: 5702.60 MB used,  2369.16 MB free, 8071.77 MB total
[2017.07.28-12.20.58:623][382]LogMemory: Virtual Memory: 1635.89 MB used,  2369.16 MB free, 134217728.00 MB total
[2017.07.28-12.20.58:623][382]LogMemory: 
[2017.07.28-12.20.58:623][382]Allocator Stats for TBB: (not implemented)
[2017.07.28-12.20.58:664][382]LogAIModule: Creating AISystem for world LobbyMap
[2017.07.28-12.20.58:664][382]LogLoad: Game class is 'BP_GameMode_Lobby_C'
[2017.07.28-12.20.58:665][382]LogTemp:Display: ParseSettings for GameNetDriver
[2017.07.28-12.20.58:665][382]LogTemp:Display: ParseSettings for IpNetDriver_0
[2017.07.28-12.20.58:665][382]LogTemp:Display: ParseSettings for GameNetDriver
[2017.07.28-12.20.58:665][382]LogInit: WinSock: Socket queue 131072 / 131072
[2017.07.28-12.20.58:665][382]PacketHandlerLog: Loaded PacketHandler component: Engine.EngineHandlerComponentFactory (StatelessConnectHandlerComponent)
[2017.07.28-12.20.58:665][382]LogNet: GameNetDriver IpNetDriver_0 IpNetDriver listening on port 7777
[2017.07.28-12.20.58:667][382]LogWorld: Bringing World /Game/Maps/LobbyMap.LobbyMap up for play (max tick rate 0) at 2017.07.28-14.20.58
[2017.07.28-12.20.58:667][382]LogWorld: Bringing up level for play took: 0.001119
[2017.07.28-12.20.58:668][382]LogGameMode: FindPlayerStart: PATHS NOT DEFINED or NO PLAYERSTART with positive rating
[2017.07.28-12.20.58:669][382]LogLoad: Took 0.098749 seconds to LoadMap(/Game/Maps/LobbyMap)
[2017.07.28-12.20.59:682][398]LogGameMode: ProcessServerTravel: /Game/Maps/World_01
[2017.07.28-12.21.03:654][478]LogEngine: Server switch level: /Game/Maps/World_01
[2017.07.28-12.21.03:654][478]LogNet: Browse: /Game/Maps/World_01?listen
[2017.07.28-12.21.03:706][478]LogLoad: LoadMap: /Game/Maps/World_01?listen
[2017.07.28-12.21.03:707][478]LogNet: World NetDriver shutdown IpNetDriver_0 [GameNetDriver]
[2017.07.28-12.21.03:707][478]LogNet: DestroyNamedNetDriver IpNetDriver_0 [GameNetDriver]
[2017.07.28-12.21.03:707][478]LogExit: GameNetDriver IpNetDriver_0 shut down
[2017.07.28-12.21.03:820][478]LogMemory: Platform Memory Stats for Windows
[2017.07.28-12.21.03:820][478]LogMemory: Process Physical Memory: 1017.36 MB used, 1019.84 MB peak
[2017.07.28-12.21.03:820][478]LogMemory: Process Virtual Memory: 991.69 MB used, 996.36 MB peak
[2017.07.28-12.21.03:820][478]LogMemory: Physical Memory: 5772.49 MB used,  2299.27 MB free, 8071.77 MB total
[2017.07.28-12.21.03:820][478]LogMemory: Virtual Memory: 1675.07 MB used,  2299.27 MB free, 134217728.00 MB total
[2017.07.28-12.21.03:820][478]LogMemory: 
[2017.07.28-12.21.03:820][478]Allocator Stats for TBB: (not implemented)
[2017.07.28-12.21.04:079][478]LogAIModule: Creating AISystem for world World_01
[2017.07.28-12.21.04:149][478]LogLoad: Game class is 'BP_GameMode_C'
[2017.07.28-12.21.04:150][478]LogTemp:Display: ParseSettings for GameNetDriver
[2017.07.28-12.21.04:150][478]LogTemp:Display: ParseSettings for IpNetDriver_1
[2017.07.28-12.21.04:150][478]LogTemp:Display: ParseSettings for GameNetDriver
[2017.07.28-12.21.04:150][478]LogInit: WinSock: Socket queue 131072 / 131072
[2017.07.28-12.21.04:150][478]PacketHandlerLog: Loaded PacketHandler component: Engine.EngineHandlerComponentFactory (StatelessConnectHandlerComponent)
[2017.07.28-12.21.04:150][478]LogNet: GameNetDriver IpNetDriver_1 IpNetDriver listening on port 7777
[2017.07.28-12.21.04:155][478]LogWorld: Bringing World /Game/Maps/World_01.World_01 up for play (max tick rate 0) at 2017.07.28-14.21.04
[2017.07.28-12.21.04:156][478]LogWorld: Bringing up level for play took: 0.004616
[2017.07.28-12.21.04:158][478]LogLoad: Took 0.452736 seconds to LoadMap(/Game/Maps/World_01)
[2017.07.28-12.21.11:248][590]LogWindowsTextInputMethodSystem:Display: IME system now deactivated.
[2017.07.28-12.21.11:254][591]LogEngine: All Windows Closed
[2017.07.28-12.21.11:254][591]LogWindows: FPlatformMisc::RequestExit(0)
[2017.07.28-12.21.11:494][592]LogNet: World NetDriver shutdown IpNetDriver_1 [GameNetDriver]
[2017.07.28-12.21.11:494][592]LogNet: DestroyNamedNetDriver IpNetDriver_1 [GameNetDriver]
[2017.07.28-12.21.11:494][592]LogExit: GameNetDriver IpNetDriver_1 shut down
[2017.07.28-12.21.11:501][592]LogExit: Preparing to exit.
[2017.07.28-12.21.11:501][592]LogMoviePlayer: Shutting down movie player
