Log file open, 07/28/17 16:01:11
LogInit:Display: Running engine for game: RTS
LogPlatformFile: Not using cached read wrapper
LogInit:Display: RandInit(1957515163) SRandInit(1957515164).
LogTaskGraph: Started task graph with 5 named threads and 6 total threads with 1 sets of task threads.
LogStats: Stats thread started at 0.450586
LogInit: Using libcurl 7.47.1
LogInit:  - built for x86_64-pc-win32
LogInit:  - supports SSL with OpenSSL/1.0.2g
LogInit:  - supports HTTP deflate (compression) using libz 1.2.8
LogInit:  - other features:
LogInit:      CURL_VERSION_SSL
LogInit:      CURL_VERSION_LIBZ
LogInit:      CURL_VERSION_IPV6
LogInit:      CURL_VERSION_ASYNCHDNS
LogInit:      CURL_VERSION_LARGEFILE
LogInit:      CURL_VERSION_IDN
LogInit:  CurlRequestOptions (configurable via config and command line):
LogInit:  - bVerifyPeer = false  - Libcurl will NOT verify peer certificate
LogInit:  - bUseHttpProxy = false  - Libcurl will NOT use HTTP proxy
LogInit:  - bDontReuseConnections = false  - Libcurl will reuse connections
LogInit:  - CertBundlePath = nullptr  - Libcurl will use whatever was configured at build time.
LogInit: WinSock: version 1.1 (2.2), MaxSocks=32767, MaxUdp=65467
LogInit: Build: ++UE4+Release-4.16-CL-3514769
LogInit: Engine Version: 4.16.2-3514769+++UE4+Release-4.16
LogInit: Compatible Engine Version: 4.16.0-3452394+++UE4+Release-4.16
LogInit: Net CL: 3452394
LogDevObjectVersion: Number of dev versions registered: 16
LogDevObjectVersion:   Dev-Blueprints (B0D832E4-1F89-4F0D-ACCF-7EB736FD4AA2): 9
LogDevObjectVersion:   Dev-Build (E1C64328-A22C-4D53-A36C-8E866417BD8C): 0
LogDevObjectVersion:   Dev-Core (375EC13C-06E4-48FB-B500-84F0262A717E): 2
LogDevObjectVersion:   Dev-Editor (E4B068ED-F494-42E9-A231-DA0B2E46BB41): 17
LogDevObjectVersion:   Dev-Framework (CFFC743F-43B0-4480-9391-14DF171D2073): 23
LogDevObjectVersion:   Dev-Mobile (B02B49B5-BB20-44E9-A304-32B752E40360): 0
LogDevObjectVersion:   Dev-Networking (A4E4105C-59A1-49B5-A7C5-40C4547EDFEE): 0
LogDevObjectVersion:   Dev-Online (39C831C9-5AE6-47DC-9A44-9C173E1C8E7C): 0
LogDevObjectVersion:   Dev-Physics (78F01B33-EBEA-4F98-B9B4-84EACCB95AA2): 0
LogDevObjectVersion:   Dev-Platform (6631380F-2D4D-43E0-8009-CF276956A95A): 0
LogDevObjectVersion:   Dev-Rendering (12F88B9F-8875-4AFC-A67C-D90C383ABD29): 15
LogDevObjectVersion:   Dev-Sequencer (7B5AE74C-D270-4C10-A958-57980B212A5A): 4
LogDevObjectVersion:   Dev-VR (D7296918-1DD6-4BDD-9DE2-64A83CC13884): 0
LogDevObjectVersion:   Dev-LoadTimes (C2A15278-BFE7-4AFE-6C17-90FF531DF755): 1
LogDevObjectVersion:   Private-Geometry (6EACA3D4-40EC-4CC1-B786-8BED09428FC5): 1
LogDevObjectVersion:   Dev-AnimPhys (29E575DD-E0A3-4627-9D10-D276232CDCEA): 3
LogInit: Compiled (64-bit): Jun 29 2017 02:03:24
LogInit: Compiled with Visual C++: 19.00.24215.01
LogInit: Build Configuration: Development
LogInit: Branch Name: ++UE4+Release-4.16
LogInit: Command line:  /Temp/Autosaves/Game/Maps/UEDPCWorld_01 -game -PIEVIACONSOLE -ResX=1280 -ResY=720  -Multiprocess -messaging -SessionName="Play in Standalone Game" -windowed 
LogInit: Base directory: C:/Program Files/Epic Games/UE_4.16/Engine/Binaries/Win64/
LogInit: Installed Engine Build: 1
LogInit: Presizing for max 8388607 objects, including 0 objects not considered by GC, pre-allocating 0 bytes for permanent pool.
LogInit: Object subsystem initialized
[2017.07.28-14.01.17:567][  0]LogInit: Selected Device Profile: [Windows]
[2017.07.28-14.01.17:567][  0]LogInit: Applying CVar settings loaded from the selected device profile: [Windows]
[2017.07.28-14.01.17:592][  0]LogInit: Computer: AWESOME-X1
[2017.07.28-14.01.17:592][  0]LogInit: User: FuckingWIN8
[2017.07.28-14.01.17:592][  0]LogInit: CPU Page size=4096, Cores=2
[2017.07.28-14.01.17:592][  0]LogInit: High frequency timer resolution =2.630635 MHz
[2017.07.28-14.01.17:596][  0]LogMemory: Memory total: Physical=7.9GB (8GB approx)
[2017.07.28-14.01.17:596][  0]LogMemory: Platform Memory Stats for Windows
[2017.07.28-14.01.17:596][  0]LogMemory: Process Physical Memory: 273.70 MB used, 273.70 MB peak
[2017.07.28-14.01.17:596][  0]LogMemory: Process Virtual Memory: 266.89 MB used, 266.89 MB peak
[2017.07.28-14.01.17:596][  0]LogMemory: Physical Memory: 6300.06 MB used,  1771.70 MB free, 8071.77 MB total
[2017.07.28-14.01.17:597][  0]LogMemory: Virtual Memory: 644.29 MB used,  1771.70 MB free, 134217728.00 MB total
[2017.07.28-14.01.18:467][  0]LogInit: Using OS detected language (da-DK).
[2017.07.28-14.01.18:467][  0]LogInit: Using OS detected locale (da-DK).
[2017.07.28-14.01.18:486][  0]LogTextLocalizationManager: No localization for 'da-DK' exists, so 'en' will be used for the language.
[2017.07.28-14.01.18:489][  0]LogTextLocalizationManager: No localization for 'da-DK' exists, so 'en' will be used for the locale.
[2017.07.28-14.01.22:673][  0]LogD3D11RHI: D3D11 adapters:
[2017.07.28-14.01.22:683][  0]LogD3D11RHI:    0. 'Intel(R) HD Graphics Family' (Feature Level 11_0)
[2017.07.28-14.01.22:683][  0]LogD3D11RHI:       112/0/2048 MB DedicatedVideo/DedicatedSystem/SharedSystem, Outputs:1, VendorId:0x8086
[2017.07.28-14.01.22:685][  0]LogD3D11RHI:    1. 'Microsoft Basic Render Driver' (Feature Level 11_0)
[2017.07.28-14.01.22:686][  0]LogD3D11RHI:       0/0/4035 MB DedicatedVideo/DedicatedSystem/SharedSystem, Outputs:0, VendorId:0x1414
[2017.07.28-14.01.22:686][  0]LogD3D11RHI: Chosen D3D11 Adapter: 0
[2017.07.28-14.01.22:696][  0]LogD3D11RHI: Creating new Direct3DDevice
[2017.07.28-14.01.22:696][  0]LogD3D11RHI:     GPU DeviceId: 0xa16 (for the marketing name, search the web for "GPU Device Id")
[2017.07.28-14.01.22:696][  0]LogWindows: EnumDisplayDevices:
[2017.07.28-14.01.22:697][  0]LogWindows:    0. 'Intel(R) HD Graphics Family' (P:1 D:1)
[2017.07.28-14.01.22:697][  0]LogWindows:    1. 'Intel(R) HD Graphics Family' (P:0 D:0)
[2017.07.28-14.01.22:698][  0]LogWindows:    2. 'Intel(R) HD Graphics Family' (P:0 D:0)
[2017.07.28-14.01.22:698][  0]LogWindows: DebugString: FoundDriverCount:3 
[2017.07.28-14.01.22:698][  0]LogD3D11RHI:     Adapter Name: Intel(R) HD Graphics Family
[2017.07.28-14.01.22:698][  0]LogD3D11RHI:   Driver Version: 20.19.15.4531 (internal:20.19.15.4531, unified:20.19.15.4531)
[2017.07.28-14.01.22:698][  0]LogD3D11RHI:      Driver Date: 9-29-2016
[2017.07.28-14.01.22:698][  0]LogRHI: Texture pool is 795 MB (70% of 1136 MB)
[2017.07.28-14.01.22:706][  0]LogD3D11RHI: Async texture creation enabled
[2017.07.28-14.01.22:714][  0]LogD3D11RHI: GPU Timing Frequency: 12.500000 (Debug: 2 0)
[2017.07.28-14.01.22:715][  0]LogShaderCompilers: Guid format shader working directory is -8 characters bigger than the processId version (../../../../../../Users/Fucking WIN8/Documents/GitHub/RTS/RTS/Intermediate/Shaders/WorkingDirectory/9344/).
[2017.07.28-14.01.22:715][  0]LogShaderCompilers: Cleaned the shader compiler working directory 'C:/Users/Fucking WIN8/AppData/Local/Temp/UnrealShaderWorkingDir/DFFB96B84C6FDFD2E48FEA9B65D5D256/'.
[2017.07.28-14.01.22:715][  0]LogShaderCompilers:Display: Using Local Shader Compiler.
[2017.07.28-14.01.25:236][  0]LogTemp:Display: Loaded TP WindowsClientTargetPlatform
[2017.07.28-14.01.25:459][  0]LogTemp:Display: Loaded TP WindowsNoEditorTargetPlatform
[2017.07.28-14.01.25:583][  0]LogTemp:Display: Loaded TP WindowsServerTargetPlatform
[2017.07.28-14.01.25:752][  0]LogTemp:Display: Loaded TP WindowsTargetPlatform
[2017.07.28-14.01.25:752][  0]LogTargetPlatformManager:Display: Building Assets For Windows
[2017.07.28-14.01.27:312][  0]LogDerivedDataCache:Display: Max Cache Size: 512 MB
[2017.07.28-14.01.27:507][  0]LogDerivedDataCache: Loaded boot cache 0.19s 90MB C:/Users/Fucking WIN8/AppData/Local/UnrealEngine/4.16/DerivedDataCache/Boot.ddc.
[2017.07.28-14.01.27:508][  0]LogDerivedDataCache:Display: Loaded Boot cache: C:/Users/Fucking WIN8/AppData/Local/UnrealEngine/4.16/DerivedDataCache/Boot.ddc
[2017.07.28-14.01.27:508][  0]LogDerivedDataCache: FDerivedDataBackendGraph:  Pak pak cache file ../../../../../../Users/Fucking WIN8/Documents/GitHub/RTS/RTS/DerivedDataCache/DDC.ddp not found, will not use a pak cache.
[2017.07.28-14.01.27:508][  0]LogDerivedDataCache: Unable to find inner node Pak for hierarchical cache Hierarchy.
[2017.07.28-14.01.27:508][  0]LogDerivedDataCache: FDerivedDataBackendGraph:  CompressedPak pak cache file ../../../../../../Users/Fucking WIN8/Documents/GitHub/RTS/RTS/DerivedDataCache/Compressed.ddp not found, will not use a pak cache.
[2017.07.28-14.01.27:508][  0]LogDerivedDataCache: Unable to find inner node CompressedPak for hierarchical cache Hierarchy.
[2017.07.28-14.01.27:552][  0]LogDerivedDataCache:Display: Pak cache opened for reading ../../../Engine/DerivedDataCache/Compressed.ddp.
[2017.07.28-14.01.27:565][  0]LogDerivedDataCache: Using Local data cache path C:/Users/Fucking WIN8/AppData/Local/UnrealEngine/Common/DerivedDataCache: Writable
[2017.07.28-14.01.27:585][  0]LogMaterial: Verifying Global Shaders for PCD3D_SM5
[2017.07.28-14.01.27:586][  0]LogSlate: Using Freetype 2.6.0
[2017.07.28-14.01.27:587][  0]LogSlate: SlateFontCache - WITH_FREETYPE: 1, WITH_HARFBUZZ: 1
[2017.07.28-14.01.27:587][  0]LogSlate: SlateFontCache - WITH_FREETYPE: 1, WITH_HARFBUZZ: 1
[2017.07.28-14.01.28:135][  0]LogAssetRegistry: FAssetRegistry took 0.0141 seconds to start up
[2017.07.28-14.01.28:145][  0]LogPackageLocalizationCache: Processed 4 localized package path(s) for 1 prioritized culture(s) in 0.009808 seconds
[2017.07.28-14.01.28:331][  0]LogInit: Selected Device Profile: [Windows]
[2017.07.28-14.01.28:682][  0]LogContentStreaming: Texture pool size is 1000.00 MB
[2017.07.28-14.01.29:352][  0]LogMeshUtilities: Using QuadricMeshReduction for automatic static mesh reduction
[2017.07.28-14.01.29:609][  0]LogSimplygon: Simplygon DLL not present - disabling.
[2017.07.28-14.01.29:899][  0]LogMeshUtilities: Using SimplygonSwarm for distributed automatic mesh merging
[2017.07.28-14.01.29:899][  0]LogMeshUtilities: No automatic skeletal mesh reduction module available
[2017.07.28-14.01.29:899][  0]LogMeshUtilities: No automatic mesh merging module available
[2017.07.28-14.01.32:054][  0]LogNetVersion: RTS , NetCL: 3452394, EngineNetVer: 2, GameNetVer: 0 (Checksum: 2270150060)
[2017.07.28-14.01.37:313][  0]LogMoviePlayer: Initializing movie player
[2017.07.28-14.01.37:402][  0]LogWindowsTextInputMethodSystem:Display: IME system now deactivated.
[2017.07.28-14.01.38:247][  0]LogCollectionManager: Loaded 0 collections in 0.006044 seconds
[2017.07.28-14.01.38:365][  0]LogFileCache: Scanning file cache for directory 'C:/Users/Fucking WIN8/Documents/GitHub/RTS/RTS/Saved/Collections/' took 0.01s
[2017.07.28-14.01.38:365][  0]LogFileCache: Scanning file cache for directory 'C:/Users/Fucking WIN8/Documents/GitHub/RTS/RTS/Content/Developers/FuckingWIN8/Collections/' took 0.01s
[2017.07.28-14.01.38:365][  0]LogFileCache: Scanning file cache for directory 'C:/Users/Fucking WIN8/Documents/GitHub/RTS/RTS/Content/Collections/' took 0.01s
[2017.07.28-14.01.38:365][  0]LogCollectionManager: Rebuilt the object cache for 0 collections in 0.000002 seconds (found 0 objects)
[2017.07.28-14.01.38:365][  0]LogCollectionManager: Fixed up redirectors for 0 collections in 0.000052 seconds (updated 0 objects)
[2017.07.28-14.01.38:869][  0]LogTcpMessaging: Initializing TcpMessaging bridge
[2017.07.28-14.01.38:962][  0]LogUdpMessaging: Initializing bridge on interface 0.0.0.0:0 to multicast group 230.0.0.1:6666.
[2017.07.28-14.01.40:055][  0]SourceControl: Info Source control is disabled
[2017.07.28-14.01.40:055][  0]SourceControl: Info Source control is disabled
[2017.07.28-14.01.40:189][  0]SourceControl: Info Source control is disabled
[2017.07.28-14.01.40:834][  0]LogAndroidPermission: UAndroidPermissionCallbackProxy::GetInstance
[2017.07.28-14.01.42:162][  0]LogUObjectArray: 37220 objects as part of root set at end of initial load.
[2017.07.28-14.01.42:162][  0]LogUObjectAllocator: 8398840 out of 0 bytes used by permanent object pool.
[2017.07.28-14.01.42:162][  0]LogUObjectArray: CloseDisregardForGC: 0/0 objects in disregard for GC pool
[2017.07.28-14.01.42:428][  0]LogEngine: Initializing Engine...
[2017.07.28-14.01.42:430][  0]LogHMD: Failed to initialize OpenVR with code 110
[2017.07.28-14.01.42:796][  0]LogStats: UGameplayTagsManager::ConstructGameplayTagTree: Construct from data asset -  0.000 s
[2017.07.28-14.01.42:797][  0]LogStats: UGameplayTagsManager::ConstructGameplayTagTree: GameplayTagTreeChangedEvent.Broadcast -  0.000 s
[2017.07.28-14.01.42:814][  0]LogInit: XAudio2 using 'Speaker/HP (Realtek High Definition Audio)' : 2 channels at 48 kHz using 32 bits per sample (channel mask 0x3)
[2017.07.28-14.01.42:837][  0]LogInit: FAudioDevice initialized.
[2017.07.28-14.01.42:876][  0]LogInit: Texture streaming: Enabled
[2017.07.28-14.01.42:919][  0]LogMaterial: Uniform references updated for custom material expression Custom.
[2017.07.28-14.01.43:687][  0]LogSlateStyle:Warning: Unable to find Slate Widget Style 'NormalText'. Using FTextBlockStyle defaults instead.
[2017.07.28-14.01.43:687][  0]LogSlateStyle:Warning: Unable to find Slate Widget Style 'SpinBox'. Using FSpinBoxStyle defaults instead.
[2017.07.28-14.01.44:371][  0]LogInit:Display: Game Engine Initialized.
[2017.07.28-14.01.44:838][  0]LogInit:Display: Starting Game.
[2017.07.28-14.01.44:838][  0]LogNet: Browse: /Temp/Autosaves/Game/Maps/UEDPCWorld_01?Name=Player
[2017.07.28-14.01.44:838][  0]LogLoad: LoadMap: /Temp/Autosaves/Game/Maps/UEDPCWorld_01?Name=Player
[2017.07.28-14.01.44:894][  0]LogMemory: Platform Memory Stats for Windows
[2017.07.28-14.01.44:894][  0]LogMemory: Process Physical Memory: 801.63 MB used, 901.21 MB peak
[2017.07.28-14.01.44:894][  0]LogMemory: Process Virtual Memory: 824.49 MB used, 877.23 MB peak
[2017.07.28-14.01.44:894][  0]LogMemory: Physical Memory: 6739.50 MB used,  1332.27 MB free, 8071.77 MB total
[2017.07.28-14.01.44:894][  0]LogMemory: Virtual Memory: 1428.68 MB used,  1332.27 MB free, 134217728.00 MB total
[2017.07.28-14.01.44:894][  0]LogMemory: 
[2017.07.28-14.01.44:894][  0]Allocator Stats for TBB: (not implemented)
[2017.07.28-14.01.45:566][  0]LogAIModule: Creating AISystem for world World_01
[2017.07.28-14.01.46:051][  0]LogLoad: Game class is 'BP_GameMode_C'
[2017.07.28-14.01.46:055][  0]LogWorld: Bringing World /Temp/Autosaves/Game/Maps/UEDPCWorld_01.World_01 up for play (max tick rate 0) at 2017.07.28-16.01.46
[2017.07.28-14.01.46:055][  0]LogWorld: Bringing up level for play took: 0.003155
[2017.07.28-14.01.46:135][  0]LogLoad: Took 1.297108 seconds to LoadMap(/Temp/Autosaves/Game/Maps/UEDPCWorld_01)
[2017.07.28-14.01.46:882][  0]LogRenderer: Reallocating scene render targets to support 1280x720 NumSamples 1 (Frame:1).
[2017.07.28-14.01.46:882][  0]LogLoad: (Engine Initialization) Total time: 42.61 seconds
[2017.07.28-14.01.46:882][  0]LogLoad: (Engine Initialization) Total Blueprint compile time: 0.39 seconds
[2017.07.28-14.01.46:882][  0]LogExternalProfiler: Found external profiler: VSPerf
[2017.07.28-14.01.46:882][  0]LogExternalProfiler: Using external profiler: VSPerf
[2017.07.28-14.01.46:900][  0]LogOcInput: OculusInput pre-init called
[2017.07.28-14.01.46:900][  0]LogHMD: Starting GearVRController plugin
[2017.07.28-14.01.56:903][135]LogWindowsTextInputMethodSystem:Display: IME system now deactivated.
[2017.07.28-14.01.56:909][136]LogEngine: All Windows Closed
[2017.07.28-14.01.56:909][136]LogWindows: FPlatformMisc::RequestExit(0)
[2017.07.28-14.01.57:441][137]LogExit: Preparing to exit.
[2017.07.28-14.01.57:441][137]LogMoviePlayer: Shutting down movie player
[2017.07.28-14.01.58:148][137]LogExit: Game engine shut down
[2017.07.28-14.01.58:235][137]LogObj: Freed 0b from 0 cluster array pools.
[2017.07.28-14.01.58:235][137]LogExit: Object subsystem successfully closed.
[2017.07.28-14.01.58:257][137]LogD3D11RHI: Shutdown
[2017.07.28-14.01.58:258][137]LogD3D11RHI: CleanupD3DDevice
[2017.07.28-14.01.58:400][137]LogD3D11RHI: ~FD3D11DynamicRHI
[2017.07.28-14.01.58:445][137]LogModuleManager: Shutting down and abandoning module SequenceRecorderSections (298)
[2017.07.28-14.01.58:445][137]LogModuleManager: Shutting down and abandoning module SequenceRecorder (296)
[2017.07.28-14.01.58:445][137]LogModuleManager: Shutting down and abandoning module AutomationController (294)
[2017.07.28-14.01.58:445][137]LogModuleManager: Shutting down and abandoning module AutomationWorker (292)
[2017.07.28-14.01.58:445][137]LogModuleManager: Shutting down and abandoning module Voice (290)
[2017.07.28-14.01.58:445][137]LogModuleManager: Shutting down and abandoning module AIModule (288)
[2017.07.28-14.01.58:445][137]LogModuleManager: Shutting down and abandoning module GameplayDebugger (287)
[2017.07.28-14.01.58:445][137]LogModuleManager: Shutting down and abandoning module AITestSuite (285)
[2017.07.28-14.01.58:445][137]LogModuleManager: Shutting down and abandoning module WmfMediaFactory (282)
[2017.07.28-14.01.58:445][137]LogModuleManager: Shutting down and abandoning module AvfMediaFactory (280)
[2017.07.28-14.01.58:445][137]LogModuleManager: Shutting down and abandoning module AndroidMediaFactory (278)
[2017.07.28-14.01.58:445][137]LogModuleManager: Shutting down and abandoning module Media (277)
[2017.07.28-14.01.58:445][137]LogModuleManager: Shutting down and abandoning module CharacterAI (274)
[2017.07.28-14.01.58:445][137]LogModuleManager: Shutting down and abandoning module SessionServices (272)
[2017.07.28-14.01.58:445][137]LogModuleManager: Shutting down and abandoning module MovieSceneCapture (270)
[2017.07.28-14.01.58:445][137]LogModuleManager: Shutting down and abandoning module MovieSceneTracks (268)
[2017.07.28-14.01.58:445][137]LogModuleManager: Shutting down and abandoning module MovieScene (266)
[2017.07.28-14.01.58:445][137]LogModuleManager: Shutting down and abandoning module GeometryCache (264)
[2017.07.28-14.01.58:445][137]LogModuleManager: Shutting down and abandoning module GeometryCacheEd (263)
[2017.07.28-14.01.58:445][137]LogModuleManager: Shutting down and abandoning module Niagara (260)
[2017.07.28-14.01.58:445][137]LogModuleManager: Shutting down and abandoning module NiagaraEditor (259)
[2017.07.28-14.01.58:446][137]LogModuleManager: Shutting down and abandoning module StreamingPauseRendering (256)
[2017.07.28-14.01.58:446][137]LogModuleManager: Shutting down and abandoning module PortalServices (254)
[2017.07.28-14.01.58:446][137]LogModuleManager: Shutting down and abandoning module PortalRpc (252)
[2017.07.28-14.01.58:446][137]LogModuleManager: Shutting down and abandoning module MessagingRpc (250)
[2017.07.28-14.01.58:446][137]LogModuleManager: Shutting down and abandoning module ProfilerService (248)
[2017.07.28-14.01.58:531][137]LogModuleManager: Shutting down and abandoning module TaskGraph (246)
[2017.07.28-14.01.58:532][137]LogModuleManager: Shutting down and abandoning module SteamVRController (244)
[2017.07.28-14.01.58:532][137]LogModuleManager: Shutting down and abandoning module SteamVR (242)
[2017.07.28-14.01.58:532][137]LogModuleManager: Shutting down and abandoning module ProceduralMeshComponent (240)
[2017.07.28-14.01.58:532][137]LogModuleManager: Shutting down and abandoning module OculusLibrary (238)
[2017.07.28-14.01.58:532][137]LogModuleManager: Shutting down and abandoning module OculusInput (236)
[2017.07.28-14.01.58:532][137]LogModuleManager: Shutting down and abandoning module MobilePatchingUtils (234)
[2017.07.28-14.01.58:532][137]LogModuleManager: Shutting down and abandoning module CustomMeshComponent (232)
[2017.07.28-14.01.58:532][137]LogModuleManager: Shutting down and abandoning module CableComponent (230)
[2017.07.28-14.01.58:532][137]LogModuleManager: Shutting down and abandoning module ArchVisCharacter (228)
[2017.07.28-14.01.58:532][137]LogModuleManager: Shutting down and abandoning module AndroidPermission (226)
[2017.07.28-14.01.58:532][137]LogModuleManager: Shutting down and abandoning module HTML5Networking (224)
[2017.07.28-14.01.58:532][137]LogModuleManager: Shutting down and abandoning module VisualStudioSourceCodeAccess (222)
[2017.07.28-14.01.58:532][137]LogModuleManager: Shutting down and abandoning module DesktopPlatform (221)
[2017.07.28-14.01.58:532][137]LogModuleManager: Shutting down and abandoning module HotReload (219)
[2017.07.28-14.01.58:532][137]LogModuleManager: Shutting down and abandoning module UObjectPlugin (216)
[2017.07.28-14.01.58:532][137]LogModuleManager: Shutting down and abandoning module SubversionSourceControl (214)
[2017.07.28-14.01.58:532][137]LogModuleManager: Shutting down and abandoning module PerforceSourceControl (212)
[2017.07.28-14.01.58:532][137]LogModuleManager: Shutting down and abandoning module SourceControl (211)
[2017.07.28-14.01.58:532][137]LogModuleManager: Shutting down and abandoning module PhysXVehiclesEditor (208)
[2017.07.28-14.01.58:532][137]LogModuleManager: Shutting down and abandoning module PhysXVehicles (206)
[2017.07.28-14.01.58:532][137]LogModuleManager: Shutting down and abandoning module LocationServicesBPLibrary (204)
[2017.07.28-14.01.58:532][137]LogModuleManager: Shutting down and abandoning module ImmediatePhysicsEditor (202)
[2017.07.28-14.01.58:532][137]LogModuleManager: Shutting down and abandoning module ImmediatePhysics (200)
[2017.07.28-14.01.58:532][137]LogModuleManager: Shutting down and abandoning module UdpMessaging (198)
[2017.07.28-14.01.58:633][137]LogModuleManager: Shutting down and abandoning module TcpMessaging (196)
[2017.07.28-14.01.58:878][137]LogModuleManager: Shutting down and abandoning module GameplayTagsEditor (194)
[2017.07.28-14.01.58:878][137]LogModuleManager: Shutting down and abandoning module FacialAnimation (192)
[2017.07.28-14.01.58:878][137]LogModuleManager: Shutting down and abandoning module AssetManagerEditor (190)
[2017.07.28-14.01.58:878][137]LogModuleManager: Shutting down and abandoning module GraphEditor (189)
[2017.07.28-14.01.58:879][137]LogModuleManager: Shutting down and abandoning module ContentBrowser (187)
[2017.07.28-14.01.58:879][137]LogModuleManager: Shutting down and abandoning module CollectionManager (186)
[2017.07.28-14.01.58:879][137]LogDirectoryWatcher: A directory notification for 'C:/Users/Fucking WIN8/Documents/GitHub/RTS/RTS/Content/Collections/' was aborted.
[2017.07.28-14.01.58:879][137]LogDirectoryWatcher: A directory notification for 'C:/Users/Fucking WIN8/Documents/GitHub/RTS/RTS/Content/Developers/FuckingWIN8/Collections/' was aborted.
[2017.07.28-14.01.58:879][137]LogDirectoryWatcher: A directory notification for 'C:/Users/Fucking WIN8/Documents/GitHub/RTS/RTS/Saved/Collections/' was aborted.
[2017.07.28-14.01.58:879][137]LogModuleManager: Shutting down and abandoning module DirectoryWatcher (185)
[2017.07.28-14.01.58:880][137]LogModuleManager: Shutting down and abandoning module LightPropagationVolumeRuntime (180)
[2017.07.28-14.01.58:880][137]LogModuleManager: Shutting down and abandoning module Paper2D (178)
[2017.07.28-14.01.58:880][137]LogModuleManager: Shutting down and abandoning module WindowsMoviePlayer (176)
[2017.07.28-14.01.58:880][137]LogModuleManager: Shutting down and abandoning module WmfMedia (174)
[2017.07.28-14.01.58:881][137]LogModuleManager: Shutting down and abandoning module ClothingSystemEditor (172)
[2017.07.28-14.01.58:881][137]LogModuleManager: Shutting down and abandoning module ClothingSystemRuntime (170)
[2017.07.28-14.01.58:881][137]LogModuleManager: Shutting down and abandoning module MediaAssets (168)
[2017.07.28-14.01.58:881][137]LogModuleManager: Shutting down and abandoning module GameLiveStreaming (166)
[2017.07.28-14.01.58:881][137]LogModuleManager: Shutting down and abandoning module VREditor (164)
[2017.07.28-14.01.58:881][137]LogModuleManager: Shutting down and abandoning module StringTableEditor (162)
[2017.07.28-14.01.58:881][137]LogModuleManager: Shutting down and abandoning module GameplayTasksEditor (160)
[2017.07.28-14.01.58:881][137]LogModuleManager: Shutting down and abandoning module BehaviorTreeEditor (158)
[2017.07.28-14.01.58:881][137]LogModuleManager: Shutting down and abandoning module FunctionalTesting (156)
[2017.07.28-14.01.58:881][137]LogModuleManager: Shutting down and abandoning module CollisionAnalyzer (154)
[2017.07.28-14.01.58:881][137]LogModuleManager: Shutting down and abandoning module UMG (152)
[2017.07.28-14.01.58:882][137]LogModuleManager: Shutting down and abandoning module UMGEditor (151)
[2017.07.28-14.01.58:882][137]LogModuleManager: Shutting down and abandoning module Sequencer (150)
[2017.07.28-14.01.58:882][137]LogModuleManager: Shutting down and abandoning module AssetTools (148)
[2017.07.28-14.01.58:882][137]LogModuleManager: Shutting down and abandoning module MessageLog (147)
[2017.07.28-14.01.58:882][137]LogModuleManager: Shutting down and abandoning module WorkspaceMenuStructure (146)
[2017.07.28-14.01.58:882][137]LogModuleManager: Shutting down and abandoning module SlateReflector (140)
[2017.07.28-14.01.58:882][137]LogModuleManager: Shutting down and abandoning module Slate (138)
[2017.07.28-14.01.58:882][137]LogModuleManager: Shutting down and abandoning module EditorStyle (136)
[2017.07.28-14.01.58:893][137]LogModuleManager: Shutting down and abandoning module Messaging (134)
[2017.07.28-14.01.58:893][137]LogModuleManager: Shutting down and abandoning module SourceCodeAccess (132)
[2017.07.28-14.01.58:893][137]LogModuleManager: Shutting down and abandoning module HeadMountedDisplay (130)
[2017.07.28-14.01.58:894][137]LogModuleManager: Shutting down and abandoning module XAudio2 (128)
[2017.07.28-14.01.58:894][137]LogModuleManager: Shutting down and abandoning module Networking (126)
[2017.07.28-14.01.58:894][137]LogModuleManager: Shutting down and abandoning module Core (124)
[2017.07.28-14.01.58:894][137]LogModuleManager: Shutting down and abandoning module KismetCompiler (122)
[2017.07.28-14.01.58:894][137]LogModuleManager: Shutting down and abandoning module LevelSequence (120)
[2017.07.28-14.01.58:894][137]LogModuleManager: Shutting down and abandoning module PhysXFormats (118)
[2017.07.28-14.01.58:894][137]LogModuleManager: Shutting down and abandoning module MeshUtilities (116)
[2017.07.28-14.01.58:894][137]LogModuleManager: Shutting down and abandoning module SimplygonSwarm (115)
[2017.07.28-14.01.58:894][137]LogModuleManager: Shutting down and abandoning module SimplygonMeshReduction (113)
[2017.07.28-14.01.58:894][137]LogModuleManager: Shutting down and abandoning module QuadricMeshReduction (111)
[2017.07.28-14.01.58:894][137]LogModuleManager: Shutting down and abandoning module AssetRegistry (108)
[2017.07.28-14.01.58:895][137]LogModuleManager: Shutting down and abandoning module DerivedDataCache (106)
[2017.07.28-14.01.59:258][137]LogDerivedDataCache: Shutdown
[2017.07.28-14.01.59:258][137]LogModuleManager: Shutting down and abandoning module TargetPlatform (104)
[2017.07.28-14.01.59:258][137]LogModuleManager: Shutting down and abandoning module VulkanShaderFormat (103)
[2017.07.28-14.01.59:258][137]LogModuleManager: Shutting down and abandoning module ShaderFormatVectorVM (101)
[2017.07.28-14.01.59:258][137]LogModuleManager: Shutting down and abandoning module ShaderFormatOpenGL (99)
[2017.07.28-14.01.59:258][137]LogModuleManager: Shutting down and abandoning module ShaderFormatD3D (97)
[2017.07.28-14.01.59:258][137]LogModuleManager: Shutting down and abandoning module MetalShaderFormat (95)
[2017.07.28-14.01.59:258][137]LogModuleManager: Shutting down and abandoning module TextureFormatUncompressed (93)
[2017.07.28-14.01.59:259][137]LogModuleManager: Shutting down and abandoning module TextureFormatPVR (91)
[2017.07.28-14.01.59:259][137]LogModuleManager: Shutting down and abandoning module TextureFormatDXT (89)
[2017.07.28-14.01.59:259][137]LogModuleManager: Shutting down and abandoning module TextureFormatIntelISPCTexComp (87)
[2017.07.28-14.01.59:259][137]LogModuleManager: Shutting down and abandoning module TextureFormatASTC (85)
[2017.07.28-14.01.59:259][137]LogModuleManager: Shutting down and abandoning module ImageWrapper (84)
[2017.07.28-14.01.59:260][137]LogModuleManager: Shutting down and abandoning module TextureFormatAndroid (81)
[2017.07.28-14.01.59:260][137]LogModuleManager: Shutting down and abandoning module AudioFormatOpus (79)
[2017.07.28-14.01.59:260][137]LogModuleManager: Shutting down and abandoning module AudioFormatOgg (77)
[2017.07.28-14.01.59:260][137]LogModuleManager: Shutting down and abandoning module AudioFormatADPCM (75)
[2017.07.28-14.01.59:260][137]LogModuleManager: Shutting down and abandoning module WindowsTargetPlatform (73)
[2017.07.28-14.01.59:260][137]LogModuleManager: Shutting down and abandoning module WindowsServerTargetPlatform (71)
[2017.07.28-14.01.59:260][137]LogModuleManager: Shutting down and abandoning module WindowsNoEditorTargetPlatform (69)
[2017.07.28-14.01.59:260][137]LogModuleManager: Shutting down and abandoning module WindowsClientTargetPlatform (67)
[2017.07.28-14.01.59:260][137]LogModuleManager: Shutting down and abandoning module InputCore (64)
[2017.07.28-14.01.59:260][137]LogModuleManager: Shutting down and abandoning module Settings (62)
[2017.07.28-14.01.59:260][137]LogModuleManager: Shutting down and abandoning module OculusRift (60)
[2017.07.28-14.01.59:260][137]LogModuleManager: Shutting down and abandoning module GearVRController (58)
[2017.07.28-14.01.59:260][137]LogModuleManager: Shutting down and abandoning module GearVR (56)
[2017.07.28-14.01.59:261][137]LogModuleManager: Shutting down and abandoning module ExampleDeviceProfileSelector (54)
[2017.07.28-14.01.59:261][137]LogModuleManager: Shutting down and abandoning module OnlineBlueprintSupport (52)
[2017.07.28-14.01.59:261][137]LogModuleManager: Shutting down and abandoning module OnlineSubsystem (48)
[2017.07.28-14.01.59:261][137]LogOnline:Display: OSS: FOnlineSubsystemNull::Shutdown()
[2017.07.28-14.01.59:261][137]LogOnline:Display: OSS: FOnlineAsyncTaskManager::Stop() ActiveTask:0000000000000000 Tasks[0/0]
[2017.07.28-14.01.59:262][137]LogOnline:Display: OSS: FOnlineAsyncTaskManager::Exit() started
[2017.07.28-14.01.59:262][137]LogOnline:Display: OSS: FOnlineAsyncTaskManager::Exit() finished
[2017.07.28-14.01.59:262][137]LogOnline:Display: Unloading online subsystem: NULL
[2017.07.28-14.01.59:263][137]LogModuleManager: Shutting down and abandoning module XMPP (43)
[2017.07.28-14.01.59:263][137]LogModuleManager: Shutting down and abandoning module HTTP (41)
[2017.07.28-14.01.59:289][137]LogModuleManager: Shutting down and abandoning module SSL (40)
[2017.07.28-14.01.59:295][137]LogModuleManager: Shutting down and abandoning module HTTPChunkInstaller (36)
[2017.07.28-14.01.59:296][137]LogModuleManager: Shutting down and abandoning module AnimationModifiers (34)
[2017.07.28-14.01.59:296][137]LogModuleManager: Shutting down and abandoning module PropertyEditor (33)
[2017.07.28-14.01.59:296][137]LogModuleManager: Shutting down and abandoning module AudioEditor (30)
[2017.07.28-14.01.59:296][137]LogModuleManager: Shutting down and abandoning module TextureCompressor (28)
[2017.07.28-14.01.59:296][137]LogModuleManager: Shutting down and abandoning module ShaderCore (26)
[2017.07.28-14.01.59:296][137]LogModuleManager: Shutting down and abandoning module Landscape (24)
[2017.07.28-14.01.59:296][137]LogModuleManager: Shutting down and abandoning module SlateRHIRenderer (22)
[2017.07.28-14.01.59:297][137]LogModuleManager: Shutting down and abandoning module OpenGLDrv (20)
[2017.07.28-14.01.59:297][137]LogModuleManager: Shutting down and abandoning module D3D11RHI (18)
[2017.07.28-14.01.59:297][137]LogModuleManager: Shutting down and abandoning module AnimGraphRuntime (16)
[2017.07.28-14.01.59:297][137]LogModuleManager: Shutting down and abandoning module Renderer (14)
[2017.07.28-14.01.59:297][137]LogModuleManager: Shutting down and abandoning module Engine (12)
[2017.07.28-14.01.59:297][137]LogModuleManager: Shutting down and abandoning module CoreUObject (10)
[2017.07.28-14.01.59:297][137]LogModuleManager: Shutting down and abandoning module NetworkFile (8)
[2017.07.28-14.01.59:297][137]LogModuleManager: Shutting down and abandoning module StreamingFile (6)
[2017.07.28-14.01.59:297][137]LogModuleManager: Shutting down and abandoning module SandboxFile (4)
[2017.07.28-14.01.59:297][137]LogModuleManager: Shutting down and abandoning module PakFile (2)
[2017.07.28-14.01.59:301][137]LogExit: Exiting.
[2017.07.28-14.01.59:311][137]Log file closed, 07/28/17 16:01:59
