Log file open, 07/28/17 13:28:48
LogInit:Display: Running engine for game: RTS
LogPlatformFile: Not using cached read wrapper
LogInit:Display: RandInit(-614516042) SRandInit(-614516042).
LogTaskGraph: Started task graph with 5 named threads and 6 total threads with 1 sets of task threads.
LogStats: Stats thread started at 0.254359
LogInit: Using libcurl 7.47.1
LogInit:  - built for x86_64-pc-win32
LogInit:  - supports SSL with OpenSSL/1.0.2g
LogInit:  - supports HTTP deflate (compression) using libz 1.2.8
LogInit:  - other features:
LogInit:      CURL_VERSION_SSL
LogInit:      CURL_VERSION_LIBZ
LogInit:      CURL_VERSION_IPV6
LogInit:      CURL_VERSION_ASYNCHDNS
LogInit:      CURL_VERSION_LARGEFILE
LogInit:      CURL_VERSION_IDN
LogInit:  CurlRequestOptions (configurable via config and command line):
LogInit:  - bVerifyPeer = false  - Libcurl will NOT verify peer certificate
LogInit:  - bUseHttpProxy = false  - Libcurl will NOT use HTTP proxy
LogInit:  - bDontReuseConnections = false  - Libcurl will reuse connections
LogInit:  - CertBundlePath = nullptr  - Libcurl will use whatever was configured at build time.
LogInit: WinSock: version 1.1 (2.2), MaxSocks=32767, MaxUdp=65467
LogInit: Build: ++UE4+Release-4.16-CL-3514769
LogInit: Engine Version: 4.16.2-3514769+++UE4+Release-4.16
LogInit: Compatible Engine Version: 4.16.0-3452394+++UE4+Release-4.16
LogInit: Net CL: 3452394
LogDevObjectVersion: Number of dev versions registered: 16
LogDevObjectVersion:   Dev-Blueprints (B0D832E4-1F89-4F0D-ACCF-7EB736FD4AA2): 9
LogDevObjectVersion:   Dev-Build (E1C64328-A22C-4D53-A36C-8E866417BD8C): 0
LogDevObjectVersion:   Dev-Core (375EC13C-06E4-48FB-B500-84F0262A717E): 2
LogDevObjectVersion:   Dev-Editor (E4B068ED-F494-42E9-A231-DA0B2E46BB41): 17
LogDevObjectVersion:   Dev-Framework (CFFC743F-43B0-4480-9391-14DF171D2073): 23
LogDevObjectVersion:   Dev-Mobile (B02B49B5-BB20-44E9-A304-32B752E40360): 0
LogDevObjectVersion:   Dev-Networking (A4E4105C-59A1-49B5-A7C5-40C4547EDFEE): 0
LogDevObjectVersion:   Dev-Online (39C831C9-5AE6-47DC-9A44-9C173E1C8E7C): 0
LogDevObjectVersion:   Dev-Physics (78F01B33-EBEA-4F98-B9B4-84EACCB95AA2): 0
LogDevObjectVersion:   Dev-Platform (6631380F-2D4D-43E0-8009-CF276956A95A): 0
LogDevObjectVersion:   Dev-Rendering (12F88B9F-8875-4AFC-A67C-D90C383ABD29): 15
LogDevObjectVersion:   Dev-Sequencer (7B5AE74C-D270-4C10-A958-57980B212A5A): 4
LogDevObjectVersion:   Dev-VR (D7296918-1DD6-4BDD-9DE2-64A83CC13884): 0
LogDevObjectVersion:   Dev-LoadTimes (C2A15278-BFE7-4AFE-6C17-90FF531DF755): 1
LogDevObjectVersion:   Private-Geometry (6EACA3D4-40EC-4CC1-B786-8BED09428FC5): 1
LogDevObjectVersion:   Dev-AnimPhys (29E575DD-E0A3-4627-9D10-D276232CDCEA): 3
LogInit: Compiled (64-bit): Jun 29 2017 02:03:24
LogInit: Compiled with Visual C++: 19.00.24215.01
LogInit: Build Configuration: Development
LogInit: Branch Name: ++UE4+Release-4.16
LogInit: Command line:  /Temp/Autosaves/Game/Maps/UEDPCMenuMap -game -PIEVIACONSOLE -ResX=1280 -ResY=720  -Multiprocess -messaging -SessionName="Play in Standalone Game" -windowed 
LogInit: Base directory: C:/Program Files/Epic Games/UE_4.16/Engine/Binaries/Win64/
LogInit: Installed Engine Build: 1
LogInit: Presizing for max 8388607 objects, including 0 objects not considered by GC, pre-allocating 0 bytes for permanent pool.
LogInit: Object subsystem initialized
[2017.07.28-11.28.52:761][  0]LogInit: Selected Device Profile: [Windows]
[2017.07.28-11.28.52:761][  0]LogInit: Applying CVar settings loaded from the selected device profile: [Windows]
[2017.07.28-11.28.52:780][  0]LogInit: Computer: AWESOME-X1
[2017.07.28-11.28.52:780][  0]LogInit: User: FuckingWIN8
[2017.07.28-11.28.52:780][  0]LogInit: CPU Page size=4096, Cores=2
[2017.07.28-11.28.52:780][  0]LogInit: High frequency timer resolution =2.630635 MHz
[2017.07.28-11.28.52:780][  0]LogMemory: Memory total: Physical=7.9GB (8GB approx)
[2017.07.28-11.28.52:780][  0]LogMemory: Platform Memory Stats for Windows
[2017.07.28-11.28.52:780][  0]LogMemory: Process Physical Memory: 273.48 MB used, 273.48 MB peak
[2017.07.28-11.28.52:781][  0]LogMemory: Process Virtual Memory: 266.95 MB used, 266.95 MB peak
[2017.07.28-11.28.52:781][  0]LogMemory: Physical Memory: 5407.66 MB used,  2664.11 MB free, 8071.77 MB total
[2017.07.28-11.28.52:781][  0]LogMemory: Virtual Memory: 644.29 MB used,  2664.11 MB free, 134217728.00 MB total
[2017.07.28-11.28.53:359][  0]LogInit: Using OS detected language (da-DK).
[2017.07.28-11.28.53:359][  0]LogInit: Using OS detected locale (da-DK).
[2017.07.28-11.28.53:373][  0]LogTextLocalizationManager: No localization for 'da-DK' exists, so 'en' will be used for the language.
[2017.07.28-11.28.53:374][  0]LogTextLocalizationManager: No localization for 'da-DK' exists, so 'en' will be used for the locale.
[2017.07.28-11.28.56:456][  0]LogD3D11RHI: D3D11 adapters:
[2017.07.28-11.28.56:467][  0]LogD3D11RHI:    0. 'Intel(R) HD Graphics Family' (Feature Level 11_0)
[2017.07.28-11.28.56:467][  0]LogD3D11RHI:       112/0/2048 MB DedicatedVideo/DedicatedSystem/SharedSystem, Outputs:1, VendorId:0x8086
[2017.07.28-11.28.56:469][  0]LogD3D11RHI:    1. 'Microsoft Basic Render Driver' (Feature Level 11_0)
[2017.07.28-11.28.56:469][  0]LogD3D11RHI:       0/0/4035 MB DedicatedVideo/DedicatedSystem/SharedSystem, Outputs:0, VendorId:0x1414
[2017.07.28-11.28.56:469][  0]LogD3D11RHI: Chosen D3D11 Adapter: 0
[2017.07.28-11.28.56:476][  0]LogD3D11RHI: Creating new Direct3DDevice
[2017.07.28-11.28.56:477][  0]LogD3D11RHI:     GPU DeviceId: 0xa16 (for the marketing name, search the web for "GPU Device Id")
[2017.07.28-11.28.56:477][  0]LogWindows: EnumDisplayDevices:
[2017.07.28-11.28.56:477][  0]LogWindows:    0. 'Intel(R) HD Graphics Family' (P:1 D:1)
[2017.07.28-11.28.56:477][  0]LogWindows:    1. 'Intel(R) HD Graphics Family' (P:0 D:0)
[2017.07.28-11.28.56:478][  0]LogWindows:    2. 'Intel(R) HD Graphics Family' (P:0 D:0)
[2017.07.28-11.28.56:478][  0]LogWindows: DebugString: FoundDriverCount:3 
[2017.07.28-11.28.56:478][  0]LogD3D11RHI:     Adapter Name: Intel(R) HD Graphics Family
[2017.07.28-11.28.56:478][  0]LogD3D11RHI:   Driver Version: 20.19.15.4531 (internal:20.19.15.4531, unified:20.19.15.4531)
[2017.07.28-11.28.56:478][  0]LogD3D11RHI:      Driver Date: 9-29-2016
[2017.07.28-11.28.56:478][  0]LogRHI: Texture pool is 795 MB (70% of 1136 MB)
[2017.07.28-11.28.56:485][  0]LogD3D11RHI: Async texture creation enabled
[2017.07.28-11.28.56:491][  0]LogD3D11RHI: GPU Timing Frequency: 12.500000 (Debug: 2 0)
[2017.07.28-11.28.56:492][  0]LogShaderCompilers: Guid format shader working directory is -9 characters bigger than the processId version (../../../../../../Users/Fucking WIN8/Documents/GitHub/RTS/RTS/Intermediate/Shaders/WorkingDirectory/22948/).
[2017.07.28-11.28.56:492][  0]LogShaderCompilers: Cleaned the shader compiler working directory 'C:/Users/Fucking WIN8/AppData/Local/Temp/UnrealShaderWorkingDir/EF30DC3542A8DBBDEA29F3A17A9FDA72/'.
[2017.07.28-11.28.56:492][  0]LogShaderCompilers:Display: Using Local Shader Compiler.
[2017.07.28-11.28.58:589][  0]LogTemp:Display: Loaded TP WindowsClientTargetPlatform
[2017.07.28-11.28.58:707][  0]LogTemp:Display: Loaded TP WindowsNoEditorTargetPlatform
[2017.07.28-11.28.58:832][  0]LogTemp:Display: Loaded TP WindowsServerTargetPlatform
[2017.07.28-11.28.58:956][  0]LogTemp:Display: Loaded TP WindowsTargetPlatform
[2017.07.28-11.28.58:956][  0]LogTargetPlatformManager:Display: Building Assets For Windows
[2017.07.28-11.29.00:296][  0]LogDerivedDataCache:Display: Max Cache Size: 512 MB
[2017.07.28-11.29.00:407][  0]LogDerivedDataCache: Loaded boot cache 0.11s 90MB C:/Users/Fucking WIN8/AppData/Local/UnrealEngine/4.16/DerivedDataCache/Boot.ddc.
[2017.07.28-11.29.00:407][  0]LogDerivedDataCache:Display: Loaded Boot cache: C:/Users/Fucking WIN8/AppData/Local/UnrealEngine/4.16/DerivedDataCache/Boot.ddc
[2017.07.28-11.29.00:407][  0]LogDerivedDataCache: FDerivedDataBackendGraph:  Pak pak cache file ../../../../../../Users/Fucking WIN8/Documents/GitHub/RTS/RTS/DerivedDataCache/DDC.ddp not found, will not use a pak cache.
[2017.07.28-11.29.00:407][  0]LogDerivedDataCache: Unable to find inner node Pak for hierarchical cache Hierarchy.
[2017.07.28-11.29.00:408][  0]LogDerivedDataCache: FDerivedDataBackendGraph:  CompressedPak pak cache file ../../../../../../Users/Fucking WIN8/Documents/GitHub/RTS/RTS/DerivedDataCache/Compressed.ddp not found, will not use a pak cache.
[2017.07.28-11.29.00:408][  0]LogDerivedDataCache: Unable to find inner node CompressedPak for hierarchical cache Hierarchy.
[2017.07.28-11.29.00:454][  0]LogDerivedDataCache:Display: Pak cache opened for reading ../../../Engine/DerivedDataCache/Compressed.ddp.
[2017.07.28-11.29.00:467][  0]LogDerivedDataCache: Using Local data cache path C:/Users/Fucking WIN8/AppData/Local/UnrealEngine/Common/DerivedDataCache: Writable
[2017.07.28-11.29.00:484][  0]LogMaterial: Verifying Global Shaders for PCD3D_SM5
[2017.07.28-11.29.00:484][  0]LogSlate: Using Freetype 2.6.0
[2017.07.28-11.29.00:485][  0]LogSlate: SlateFontCache - WITH_FREETYPE: 1, WITH_HARFBUZZ: 1
[2017.07.28-11.29.00:485][  0]LogSlate: SlateFontCache - WITH_FREETYPE: 1, WITH_HARFBUZZ: 1
[2017.07.28-11.29.00:995][  0]LogAssetRegistry: FAssetRegistry took 0.0063 seconds to start up
[2017.07.28-11.29.01:002][  0]LogPackageLocalizationCache: Processed 4 localized package path(s) for 1 prioritized culture(s) in 0.006973 seconds
[2017.07.28-11.29.01:163][  0]LogInit: Selected Device Profile: [Windows]
[2017.07.28-11.29.01:263][  0]LogContentStreaming: Texture pool size is 1000.00 MB
[2017.07.28-11.29.01:616][  0]LogMeshUtilities: Using QuadricMeshReduction for automatic static mesh reduction
[2017.07.28-11.29.01:738][  0]LogSimplygon: Simplygon DLL not present - disabling.
[2017.07.28-11.29.01:862][  0]LogMeshUtilities: Using SimplygonSwarm for distributed automatic mesh merging
[2017.07.28-11.29.01:862][  0]LogMeshUtilities: No automatic skeletal mesh reduction module available
[2017.07.28-11.29.01:862][  0]LogMeshUtilities: No automatic mesh merging module available
[2017.07.28-11.29.02:837][  0]LogNetVersion: RTS , NetCL: 3452394, EngineNetVer: 2, GameNetVer: 0 (Checksum: 2270150060)
[2017.07.28-11.29.05:622][  0]LogMoviePlayer: Initializing movie player
[2017.07.28-11.29.05:674][  0]LogWindowsTextInputMethodSystem:Display: IME system now deactivated.
[2017.07.28-11.29.06:281][  0]LogCollectionManager: Loaded 0 collections in 0.004538 seconds
[2017.07.28-11.29.06:375][  0]LogFileCache: Scanning file cache for directory 'C:/Users/Fucking WIN8/Documents/GitHub/RTS/RTS/Saved/Collections/' took 0.01s
[2017.07.28-11.29.06:375][  0]LogFileCache: Scanning file cache for directory 'C:/Users/Fucking WIN8/Documents/GitHub/RTS/RTS/Content/Developers/FuckingWIN8/Collections/' took 0.01s
[2017.07.28-11.29.06:375][  0]LogFileCache: Scanning file cache for directory 'C:/Users/Fucking WIN8/Documents/GitHub/RTS/RTS/Content/Collections/' took 0.01s
[2017.07.28-11.29.06:375][  0]LogCollectionManager: Rebuilt the object cache for 0 collections in 0.000002 seconds (found 0 objects)
[2017.07.28-11.29.06:375][  0]LogCollectionManager: Fixed up redirectors for 0 collections in 0.000055 seconds (updated 0 objects)
[2017.07.28-11.29.06:790][  0]LogTcpMessaging: Initializing TcpMessaging bridge
[2017.07.28-11.29.06:870][  0]LogUdpMessaging: Initializing bridge on interface 0.0.0.0:0 to multicast group 230.0.0.1:6666.
[2017.07.28-11.29.07:819][  0]SourceControl: Info Source control is disabled
[2017.07.28-11.29.07:819][  0]SourceControl: Info Source control is disabled
[2017.07.28-11.29.07:937][  0]SourceControl: Info Source control is disabled
[2017.07.28-11.29.08:450][  0]LogAndroidPermission: UAndroidPermissionCallbackProxy::GetInstance
[2017.07.28-11.29.09:547][  0]LogUObjectArray: 37220 objects as part of root set at end of initial load.
[2017.07.28-11.29.09:547][  0]LogUObjectAllocator: 8398840 out of 0 bytes used by permanent object pool.
[2017.07.28-11.29.09:547][  0]LogUObjectArray: CloseDisregardForGC: 0/0 objects in disregard for GC pool
[2017.07.28-11.29.09:766][  0]LogEngine: Initializing Engine...
[2017.07.28-11.29.09:767][  0]LogHMD: Failed to initialize OpenVR with code 110
[2017.07.28-11.29.10:128][  0]LogStats: UGameplayTagsManager::ConstructGameplayTagTree: Construct from data asset -  0.000 s
[2017.07.28-11.29.10:128][  0]LogStats: UGameplayTagsManager::ConstructGameplayTagTree: GameplayTagTreeChangedEvent.Broadcast -  0.000 s
[2017.07.28-11.29.10:142][  0]LogInit: XAudio2 using 'Speaker/HP (Realtek High Definition Audio)' : 2 channels at 48 kHz using 32 bits per sample (channel mask 0x3)
[2017.07.28-11.29.10:161][  0]LogInit: FAudioDevice initialized.
[2017.07.28-11.29.10:192][  0]LogInit: Texture streaming: Enabled
[2017.07.28-11.29.10:223][  0]LogMaterial: Uniform references updated for custom material expression Custom.
[2017.07.28-11.29.10:901][  0]LogSlateStyle:Warning: Unable to find Slate Widget Style 'NormalText'. Using FTextBlockStyle defaults instead.
[2017.07.28-11.29.10:901][  0]LogSlateStyle:Warning: Unable to find Slate Widget Style 'SpinBox'. Using FSpinBoxStyle defaults instead.
[2017.07.28-11.29.11:460][  0]LogInit:Display: Game Engine Initialized.
[2017.07.28-11.29.11:850][  0]LogInit:Display: Starting Game.
[2017.07.28-11.29.11:850][  0]LogNet: Browse: /Temp/Autosaves/Game/Maps/UEDPCMenuMap?Name=Player
[2017.07.28-11.29.11:851][  0]LogLoad: LoadMap: /Temp/Autosaves/Game/Maps/UEDPCMenuMap?Name=Player
[2017.07.28-11.29.11:903][  0]LogMemory: Platform Memory Stats for Windows
[2017.07.28-11.29.11:903][  0]LogMemory: Process Physical Memory: 797.72 MB used, 900.43 MB peak
[2017.07.28-11.29.11:903][  0]LogMemory: Process Virtual Memory: 816.24 MB used, 872.20 MB peak
[2017.07.28-11.29.11:903][  0]LogMemory: Physical Memory: 5948.84 MB used,  2122.92 MB free, 8071.77 MB total
[2017.07.28-11.29.11:903][  0]LogMemory: Virtual Memory: 1420.87 MB used,  2122.92 MB free, 134217728.00 MB total
[2017.07.28-11.29.11:903][  0]LogMemory: 
[2017.07.28-11.29.11:903][  0]Allocator Stats for TBB: (not implemented)
[2017.07.28-11.29.12:262][  0]LogAIModule: Creating AISystem for world MenuMap
[2017.07.28-11.29.12:263][  0]LogLoad: Game class is 'BP_GameMode_Menu_C'
[2017.07.28-11.29.12:264][  0]LogWorld: Bringing World /Temp/Autosaves/Game/Maps/UEDPCMenuMap.MenuMap up for play (max tick rate 0) at 2017.07.28-13.29.12
[2017.07.28-11.29.12:264][  0]LogWorld: Bringing up level for play took: 0.000950
[2017.07.28-11.29.12:332][  0]LogLoad: Took 0.481316 seconds to LoadMap(/Temp/Autosaves/Game/Maps/UEDPCMenuMap)
[2017.07.28-11.29.12:902][  0]LogRenderer: Reallocating scene render targets to support 1280x720 NumSamples 1 (Frame:1).
[2017.07.28-11.29.12:902][  0]LogLoad: (Engine Initialization) Total time: 29.53 seconds
[2017.07.28-11.29.12:902][  0]LogLoad: (Engine Initialization) Total Blueprint compile time: 0.15 seconds
[2017.07.28-11.29.12:902][  0]LogExternalProfiler: Found external profiler: VSPerf
[2017.07.28-11.29.12:902][  0]LogExternalProfiler: Using external profiler: VSPerf
[2017.07.28-11.29.12:921][  0]LogOcInput: OculusInput pre-init called
[2017.07.28-11.29.12:921][  0]LogHMD: Starting GearVRController plugin
[2017.07.28-11.29.16:847][ 92]LogInit: WinSock: I am Awesome-X1 (192.168.1.13:0)
[2017.07.28-11.29.18:285][125]LogOnline:Warning: OSS: Ignoring game search request while one is pending
[2017.07.28-11.29.21:871][207]LogScript:Warning: Attempted to access index 0 from array Temp_struct_Variable of length 0!
	BP_GameInstance_C /Engine/Transient.GameEngine_0:BP_GameInstance_C_0
	Function /Game/Blueprints/BP_GameInstance.BP_GameInstance_C:ExecuteUbergraph_BP_GameInstance:028C
[2017.07.28-11.29.21:871][207]LogScript:Warning: Script call stack:
	Function /Game/Blueprints/BP_GameInstance.BP_GameInstance_C:OnSuccess_88B5A99241FD1042DD492680170859E9
	Function /Game/Blueprints/BP_GameInstance.BP_GameInstance_C:ExecuteUbergraph_BP_GameInstance

[2017.07.28-11.29.21:872][207]LogBlueprintUserMessages: [BP_GameInstance_C_0] Could not join lobby
[2017.07.28-11.29.21:872][207]LogScript:Warning: Attempted to access index 0 from array Temp_struct_Variable of length 0!
	BP_GameInstance_C /Engine/Transient.GameEngine_0:BP_GameInstance_C_0
	Function /Game/Blueprints/BP_GameInstance.BP_GameInstance_C:ExecuteUbergraph_BP_GameInstance:028C
[2017.07.28-11.29.21:872][207]LogScript:Warning: Script call stack:
	Function /Game/Blueprints/BP_GameInstance.BP_GameInstance_C:OnSuccess_88B5A99241FD1042DD492680170859E9
	Function /Game/Blueprints/BP_GameInstance.BP_GameInstance_C:ExecuteUbergraph_BP_GameInstance

[2017.07.28-11.29.21:872][207]LogBlueprintUserMessages: [BP_GameInstance_C_0] Could not join lobby
[2017.07.28-11.29.34:551][497]LogBlueprintUserMessages: [BP_GameInstance_C_0] Lobby has been joined
[2017.07.28-11.29.34:552][497]LogNet: Browse: 192.168.1.14//Game/Maps/MenuMap
[2017.07.28-11.29.34:553][497]LogTemp:Display: ParseSettings for GameNetDriver
[2017.07.28-11.29.34:553][497]LogTemp:Display: ParseSettings for IpNetDriver_0
[2017.07.28-11.29.34:553][497]LogTemp:Display: ParseSettings for PendingNetDriver
[2017.07.28-11.29.34:553][497]LogInit: WinSock: Socket queue 32768 / 32768
[2017.07.28-11.29.34:554][497]PacketHandlerLog: Loaded PacketHandler component: Engine.EngineHandlerComponentFactory (StatelessConnectHandlerComponent)
[2017.07.28-11.29.34:555][497]LogNet: Game client on port 7777, rate 10000
[2017.07.28-11.29.34:555][497]LogNetVersion: RTS 1.0.0.0, NetCL: 3452394, EngineNetVer: 2, GameNetVer: 0 (Checksum: 2665052696)
[2017.07.28-11.29.34:555][497]LogNet: UPendingNetGame::InitNetDriver: Sending hello. [UNetConnection] RemoteAddr: 192.168.1.14:7777, Name: IpConnection_0, Driver: PendingNetDriver IpNetDriver_0, IsServer: NO, PC: NULL, Owner: NULL
[2017.07.28-11.29.34:598][498]LogHandshake: SendChallengeResponse. Timestamp: 32.652809, Cookie: 031024039231062023097009072199238166092067026049146026116198
[2017.07.28-11.29.34:684][500]LogNet: Welcomed by server (Level: /Game/Maps/LobbyMap, Game: /Game/Blueprints/Menu/BP_GameMode_Lobby.BP_GameMode_Lobby_C)
[2017.07.28-11.29.34:728][500]LogLoad: LoadMap: 192.168.1.14//Game/Maps/LobbyMap?game=/Game/Blueprints/Menu/BP_GameMode_Lobby.BP_GameMode_Lobby_C
[2017.07.28-11.29.34:846][500]LogMemory: Platform Memory Stats for Windows
[2017.07.28-11.29.34:846][500]LogMemory: Process Physical Memory: 949.50 MB used, 985.48 MB peak
[2017.07.28-11.29.34:846][500]LogMemory: Process Virtual Memory: 951.28 MB used, 993.50 MB peak
[2017.07.28-11.29.34:846][500]LogMemory: Physical Memory: 6059.67 MB used,  2012.10 MB free, 8071.77 MB total
[2017.07.28-11.29.34:846][500]LogMemory: Virtual Memory: 1637.82 MB used,  2012.10 MB free, 134217728.00 MB total
[2017.07.28-11.29.34:846][500]LogMemory: 
[2017.07.28-11.29.34:846][500]Allocator Stats for TBB: (not implemented)
[2017.07.28-11.29.34:902][500]LogAIModule: Creating AISystem for world LobbyMap
[2017.07.28-11.29.34:903][500]LogTemp:Display: ParseSettings for GameNetDriver
[2017.07.28-11.29.34:904][500]LogWorld: Bringing World /Game/Maps/LobbyMap.LobbyMap up for play (max tick rate 0) at 2017.07.28-13.29.34
[2017.07.28-11.29.34:904][500]LogWorld: Bringing up level for play took: 0.000625
[2017.07.28-11.29.34:905][500]LogLoad: Took 0.176378 seconds to LoadMap(/Game/Maps/LobbyMap)
[2017.07.28-11.29.41:380][625]LogNet:Warning: Network Failure: GameNetDriver[FailureReceived]: Host closed the connection.
[2017.07.28-11.29.41:380][625]LogNet: NetworkFailure: FailureReceived, Error: 'Host closed the connection.'
[2017.07.28-11.29.41:380][625]LogNet: UNetConnection::Close: [UNetConnection] RemoteAddr: 192.168.1.14:7777, Name: IpConnection_0, Driver: GameNetDriver IpNetDriver_0, IsServer: NO, PC: BP_PlayerController_Lobby_C_0, Owner: BP_PlayerController_Lobby_C_0, Channels: 10, Time: 2017.07.28-11.29.41
[2017.07.28-11.29.41:380][625]LogNet: UChannel::Close: Sending CloseBunch. ChIndex == 0. Name: [UChannel] ChIndex: 0, Closing: 0 [UNetConnection] RemoteAddr: 192.168.1.14:7777, Name: IpConnection_0, Driver: GameNetDriver IpNetDriver_0, IsServer: NO, PC: BP_PlayerController_Lobby_C_0, Owner: BP_PlayerController_Lobby_C_0
[2017.07.28-11.29.41:384][625]LogNet:Warning: Network Failure: GameNetDriver[ConnectionLost]: Your connection to the host has been lost.
[2017.07.28-11.29.41:384][625]LogNet: NetworkFailure: ConnectionLost, Error: 'Your connection to the host has been lost.'
[2017.07.28-11.29.41:429][626]LogNet: Browse: /Game/Maps/MenuMap?closed
[2017.07.28-11.29.41:429][626]LogNet: Failed; returning to Entry
[2017.07.28-11.29.41:479][626]LogLoad: LoadMap: /Game/Maps/MenuMap?closed
[2017.07.28-11.29.41:480][626]LogNet: World NetDriver shutdown IpNetDriver_0 [GameNetDriver]
[2017.07.28-11.29.41:480][626]LogNet: DestroyNamedNetDriver IpNetDriver_0 [GameNetDriver]
[2017.07.28-11.29.41:480][626]LogExit: GameNetDriver IpNetDriver_0 shut down
[2017.07.28-11.29.41:590][626]LogMemory: Platform Memory Stats for Windows
[2017.07.28-11.29.41:590][626]LogMemory: Process Physical Memory: 985.61 MB used, 1021.29 MB peak
[2017.07.28-11.29.41:590][626]LogMemory: Process Virtual Memory: 986.90 MB used, 1024.34 MB peak
[2017.07.28-11.29.41:590][626]LogMemory: Physical Memory: 6113.85 MB used,  1957.92 MB free, 8071.77 MB total
[2017.07.28-11.29.41:590][626]LogMemory: Virtual Memory: 1669.01 MB used,  1957.92 MB free, 134217728.00 MB total
[2017.07.28-11.29.41:590][626]LogMemory: 
[2017.07.28-11.29.41:590][626]Allocator Stats for TBB: (not implemented)
[2017.07.28-11.29.41:673][626]LogAIModule: Creating AISystem for world MenuMap
[2017.07.28-11.29.41:673][626]LogLoad: Game class is 'BP_GameMode_Menu_C'
[2017.07.28-11.29.41:674][626]LogWorld: Bringing World /Game/Maps/MenuMap.MenuMap up for play (max tick rate 0) at 2017.07.28-13.29.41
[2017.07.28-11.29.41:675][626]LogWorld: Bringing up level for play took: 0.000926
[2017.07.28-11.29.41:675][626]LogGameMode: FindPlayerStart: PATHS NOT DEFINED or NO PLAYERSTART with positive rating
[2017.07.28-11.29.41:678][626]LogLoad: Took 0.199153 seconds to LoadMap(/Game/Maps/MenuMap)
[2017.07.28-11.30.42:657][102]LogD3D11RHI: Timed out while waiting for GPU to catch up. (0.5 s)
[2017.07.28-11.30.43:352][103]LogD3D11RHI: Timed out while waiting for GPU to catch up. (0.5 s)
[2017.07.28-11.30.43:942][104]LogD3D11RHI: Timed out while waiting for GPU to catch up. (0.5 s)
[2017.07.28-11.30.50:052][239]LogScript:Warning: Attempted to access index 0 from array Temp_struct_Variable of length 0!
	BP_GameInstance_C /Engine/Transient.GameEngine_0:BP_GameInstance_C_0
	Function /Game/Blueprints/BP_GameInstance.BP_GameInstance_C:ExecuteUbergraph_BP_GameInstance:028C
[2017.07.28-11.30.50:053][239]LogScript:Warning: Script call stack:
	Function /Game/Blueprints/BP_GameInstance.BP_GameInstance_C:OnSuccess_88B5A99241FD1042DD492680170859E9
	Function /Game/Blueprints/BP_GameInstance.BP_GameInstance_C:ExecuteUbergraph_BP_GameInstance

[2017.07.28-11.30.50:053][239]LogOnline:Warning: OSS: Session (Game) already exists, can't join twice
[2017.07.28-11.30.50:053][239]LogBlueprintUserMessages: [BP_GameInstance_C_0] Could not join lobby
[2017.07.28-11.31.23:448][827]LogOnline:Warning: OSS: Cannot create session 'Game': session already exists.
[2017.07.28-11.31.23:448][827]LogBlueprintUserMessages: [BP_GameInstance_C_0] Could not create lobby
[2017.07.28-11.31.26:255][889]LogOnline:Warning: OSS: Cannot create session 'Game': session already exists.
[2017.07.28-11.31.26:256][889]LogBlueprintUserMessages: [BP_GameInstance_C_0] Could not create lobby
[2017.07.28-11.31.31:767][972]LogD3D11RHI: Timed out while waiting for GPU to catch up. (0.5 s)
[2017.07.28-11.31.32:271][973]LogWindowsTextInputMethodSystem:Display: IME system now deactivated.
[2017.07.28-11.31.32:277][974]LogEngine: All Windows Closed
[2017.07.28-11.31.32:277][974]LogWindows: FPlatformMisc::RequestExit(0)
[2017.07.28-11.31.33:044][975]LogExit: Preparing to exit.
[2017.07.28-11.31.33:044][975]LogMoviePlayer: Shutting down movie player
[2017.07.28-11.31.34:132][975]LogExit: Game engine shut down
[2017.07.28-11.31.34:217][975]LogObj: Freed 0b from 0 cluster array pools.
[2017.07.28-11.31.34:217][975]LogExit: Object subsystem successfully closed.
[2017.07.28-11.31.34:243][975]LogD3D11RHI: Shutdown
[2017.07.28-11.31.34:243][975]LogD3D11RHI: CleanupD3DDevice
[2017.07.28-11.31.34:341][975]LogD3D11RHI: ~FD3D11DynamicRHI
[2017.07.28-11.31.34:357][975]LogModuleManager: Shutting down and abandoning module SequenceRecorderSections (298)
[2017.07.28-11.31.34:357][975]LogModuleManager: Shutting down and abandoning module SequenceRecorder (296)
[2017.07.28-11.31.34:357][975]LogModuleManager: Shutting down and abandoning module AutomationController (294)
[2017.07.28-11.31.34:358][975]LogModuleManager: Shutting down and abandoning module AutomationWorker (292)
[2017.07.28-11.31.34:358][975]LogModuleManager: Shutting down and abandoning module Voice (290)
[2017.07.28-11.31.34:358][975]LogModuleManager: Shutting down and abandoning module AIModule (288)
[2017.07.28-11.31.34:358][975]LogModuleManager: Shutting down and abandoning module GameplayDebugger (287)
[2017.07.28-11.31.34:358][975]LogModuleManager: Shutting down and abandoning module AITestSuite (285)
[2017.07.28-11.31.34:358][975]LogModuleManager: Shutting down and abandoning module WmfMediaFactory (282)
[2017.07.28-11.31.34:358][975]LogModuleManager: Shutting down and abandoning module AvfMediaFactory (280)
[2017.07.28-11.31.34:358][975]LogModuleManager: Shutting down and abandoning module AndroidMediaFactory (278)
[2017.07.28-11.31.34:358][975]LogModuleManager: Shutting down and abandoning module Media (277)
[2017.07.28-11.31.34:358][975]LogModuleManager: Shutting down and abandoning module CharacterAI (274)
[2017.07.28-11.31.34:358][975]LogModuleManager: Shutting down and abandoning module SessionServices (272)
[2017.07.28-11.31.34:358][975]LogModuleManager: Shutting down and abandoning module MovieSceneCapture (270)
[2017.07.28-11.31.34:358][975]LogModuleManager: Shutting down and abandoning module MovieSceneTracks (268)
[2017.07.28-11.31.34:358][975]LogModuleManager: Shutting down and abandoning module MovieScene (266)
[2017.07.28-11.31.34:358][975]LogModuleManager: Shutting down and abandoning module GeometryCache (264)
[2017.07.28-11.31.34:358][975]LogModuleManager: Shutting down and abandoning module GeometryCacheEd (263)
[2017.07.28-11.31.34:358][975]LogModuleManager: Shutting down and abandoning module Niagara (260)
[2017.07.28-11.31.34:358][975]LogModuleManager: Shutting down and abandoning module NiagaraEditor (259)
[2017.07.28-11.31.34:358][975]LogModuleManager: Shutting down and abandoning module StreamingPauseRendering (256)
[2017.07.28-11.31.34:358][975]LogModuleManager: Shutting down and abandoning module PortalServices (254)
[2017.07.28-11.31.34:358][975]LogModuleManager: Shutting down and abandoning module PortalRpc (252)
[2017.07.28-11.31.34:358][975]LogModuleManager: Shutting down and abandoning module MessagingRpc (250)
[2017.07.28-11.31.34:358][975]LogModuleManager: Shutting down and abandoning module ProfilerService (248)
[2017.07.28-11.31.34:504][975]LogModuleManager: Shutting down and abandoning module TaskGraph (246)
[2017.07.28-11.31.34:505][975]LogModuleManager: Shutting down and abandoning module SteamVRController (244)
[2017.07.28-11.31.34:505][975]LogModuleManager: Shutting down and abandoning module SteamVR (242)
[2017.07.28-11.31.34:505][975]LogModuleManager: Shutting down and abandoning module ProceduralMeshComponent (240)
[2017.07.28-11.31.34:505][975]LogModuleManager: Shutting down and abandoning module OculusLibrary (238)
[2017.07.28-11.31.34:505][975]LogModuleManager: Shutting down and abandoning module OculusInput (236)
[2017.07.28-11.31.34:505][975]LogModuleManager: Shutting down and abandoning module MobilePatchingUtils (234)
[2017.07.28-11.31.34:505][975]LogModuleManager: Shutting down and abandoning module CustomMeshComponent (232)
[2017.07.28-11.31.34:505][975]LogModuleManager: Shutting down and abandoning module CableComponent (230)
[2017.07.28-11.31.34:505][975]LogModuleManager: Shutting down and abandoning module ArchVisCharacter (228)
[2017.07.28-11.31.34:505][975]LogModuleManager: Shutting down and abandoning module AndroidPermission (226)
[2017.07.28-11.31.34:505][975]LogModuleManager: Shutting down and abandoning module HTML5Networking (224)
[2017.07.28-11.31.34:505][975]LogModuleManager: Shutting down and abandoning module VisualStudioSourceCodeAccess (222)
[2017.07.28-11.31.34:505][975]LogModuleManager: Shutting down and abandoning module DesktopPlatform (221)
[2017.07.28-11.31.34:505][975]LogModuleManager: Shutting down and abandoning module HotReload (219)
[2017.07.28-11.31.34:505][975]LogModuleManager: Shutting down and abandoning module UObjectPlugin (216)
[2017.07.28-11.31.34:505][975]LogModuleManager: Shutting down and abandoning module SubversionSourceControl (214)
[2017.07.28-11.31.34:505][975]LogModuleManager: Shutting down and abandoning module PerforceSourceControl (212)
[2017.07.28-11.31.34:505][975]LogModuleManager: Shutting down and abandoning module SourceControl (211)
[2017.07.28-11.31.34:505][975]LogModuleManager: Shutting down and abandoning module PhysXVehiclesEditor (208)
[2017.07.28-11.31.34:505][975]LogModuleManager: Shutting down and abandoning module PhysXVehicles (206)
[2017.07.28-11.31.34:505][975]LogModuleManager: Shutting down and abandoning module LocationServicesBPLibrary (204)
[2017.07.28-11.31.34:505][975]LogModuleManager: Shutting down and abandoning module ImmediatePhysicsEditor (202)
[2017.07.28-11.31.34:505][975]LogModuleManager: Shutting down and abandoning module ImmediatePhysics (200)
[2017.07.28-11.31.34:505][975]LogModuleManager: Shutting down and abandoning module UdpMessaging (198)
[2017.07.28-11.31.34:605][975]LogModuleManager: Shutting down and abandoning module TcpMessaging (196)
[2017.07.28-11.31.34:706][975]LogModuleManager: Shutting down and abandoning module GameplayTagsEditor (194)
[2017.07.28-11.31.34:706][975]LogModuleManager: Shutting down and abandoning module FacialAnimation (192)
[2017.07.28-11.31.34:706][975]LogModuleManager: Shutting down and abandoning module AssetManagerEditor (190)
[2017.07.28-11.31.34:706][975]LogModuleManager: Shutting down and abandoning module GraphEditor (189)
[2017.07.28-11.31.34:706][975]LogModuleManager: Shutting down and abandoning module ContentBrowser (187)
[2017.07.28-11.31.34:706][975]LogModuleManager: Shutting down and abandoning module CollectionManager (186)
[2017.07.28-11.31.34:706][975]LogDirectoryWatcher: A directory notification for 'C:/Users/Fucking WIN8/Documents/GitHub/RTS/RTS/Content/Collections/' was aborted.
[2017.07.28-11.31.34:706][975]LogDirectoryWatcher: A directory notification for 'C:/Users/Fucking WIN8/Documents/GitHub/RTS/RTS/Content/Developers/FuckingWIN8/Collections/' was aborted.
[2017.07.28-11.31.34:706][975]LogDirectoryWatcher: A directory notification for 'C:/Users/Fucking WIN8/Documents/GitHub/RTS/RTS/Saved/Collections/' was aborted.
[2017.07.28-11.31.34:706][975]LogModuleManager: Shutting down and abandoning module DirectoryWatcher (185)
[2017.07.28-11.31.34:706][975]LogModuleManager: Shutting down and abandoning module LightPropagationVolumeRuntime (180)
[2017.07.28-11.31.34:706][975]LogModuleManager: Shutting down and abandoning module Paper2D (178)
[2017.07.28-11.31.34:706][975]LogModuleManager: Shutting down and abandoning module WindowsMoviePlayer (176)
[2017.07.28-11.31.34:706][975]LogModuleManager: Shutting down and abandoning module WmfMedia (174)
[2017.07.28-11.31.34:706][975]LogModuleManager: Shutting down and abandoning module ClothingSystemEditor (172)
[2017.07.28-11.31.34:706][975]LogModuleManager: Shutting down and abandoning module ClothingSystemRuntime (170)
[2017.07.28-11.31.34:707][975]LogModuleManager: Shutting down and abandoning module MediaAssets (168)
[2017.07.28-11.31.34:707][975]LogModuleManager: Shutting down and abandoning module GameLiveStreaming (166)
[2017.07.28-11.31.34:707][975]LogModuleManager: Shutting down and abandoning module VREditor (164)
[2017.07.28-11.31.34:707][975]LogModuleManager: Shutting down and abandoning module StringTableEditor (162)
[2017.07.28-11.31.34:707][975]LogModuleManager: Shutting down and abandoning module GameplayTasksEditor (160)
[2017.07.28-11.31.34:707][975]LogModuleManager: Shutting down and abandoning module BehaviorTreeEditor (158)
[2017.07.28-11.31.34:707][975]LogModuleManager: Shutting down and abandoning module FunctionalTesting (156)
[2017.07.28-11.31.34:707][975]LogModuleManager: Shutting down and abandoning module CollisionAnalyzer (154)
[2017.07.28-11.31.34:707][975]LogModuleManager: Shutting down and abandoning module UMG (152)
[2017.07.28-11.31.34:707][975]LogModuleManager: Shutting down and abandoning module UMGEditor (151)
[2017.07.28-11.31.34:707][975]LogModuleManager: Shutting down and abandoning module Sequencer (150)
[2017.07.28-11.31.34:707][975]LogModuleManager: Shutting down and abandoning module AssetTools (148)
[2017.07.28-11.31.34:707][975]LogModuleManager: Shutting down and abandoning module MessageLog (147)
[2017.07.28-11.31.34:707][975]LogModuleManager: Shutting down and abandoning module WorkspaceMenuStructure (146)
[2017.07.28-11.31.34:707][975]LogModuleManager: Shutting down and abandoning module SlateReflector (140)
[2017.07.28-11.31.34:707][975]LogModuleManager: Shutting down and abandoning module Slate (138)
[2017.07.28-11.31.34:707][975]LogModuleManager: Shutting down and abandoning module EditorStyle (136)
[2017.07.28-11.31.34:710][975]LogModuleManager: Shutting down and abandoning module Messaging (134)
[2017.07.28-11.31.34:710][975]LogModuleManager: Shutting down and abandoning module SourceCodeAccess (132)
[2017.07.28-11.31.34:710][975]LogModuleManager: Shutting down and abandoning module HeadMountedDisplay (130)
[2017.07.28-11.31.34:710][975]LogModuleManager: Shutting down and abandoning module XAudio2 (128)
[2017.07.28-11.31.34:710][975]LogModuleManager: Shutting down and abandoning module Networking (126)
[2017.07.28-11.31.34:710][975]LogModuleManager: Shutting down and abandoning module Core (124)
[2017.07.28-11.31.34:710][975]LogModuleManager: Shutting down and abandoning module KismetCompiler (122)
[2017.07.28-11.31.34:710][975]LogModuleManager: Shutting down and abandoning module LevelSequence (120)
[2017.07.28-11.31.34:710][975]LogModuleManager: Shutting down and abandoning module PhysXFormats (118)
[2017.07.28-11.31.34:710][975]LogModuleManager: Shutting down and abandoning module MeshUtilities (116)
[2017.07.28-11.31.34:710][975]LogModuleManager: Shutting down and abandoning module SimplygonSwarm (115)
[2017.07.28-11.31.34:710][975]LogModuleManager: Shutting down and abandoning module SimplygonMeshReduction (113)
[2017.07.28-11.31.34:710][975]LogModuleManager: Shutting down and abandoning module QuadricMeshReduction (111)
[2017.07.28-11.31.34:710][975]LogModuleManager: Shutting down and abandoning module AssetRegistry (108)
[2017.07.28-11.31.34:710][975]LogModuleManager: Shutting down and abandoning module DerivedDataCache (106)
[2017.07.28-11.31.34:757][975]LogDerivedDataCache: Shutdown
[2017.07.28-11.31.34:757][975]LogModuleManager: Shutting down and abandoning module TargetPlatform (104)
[2017.07.28-11.31.34:757][975]LogModuleManager: Shutting down and abandoning module VulkanShaderFormat (103)
[2017.07.28-11.31.34:757][975]LogModuleManager: Shutting down and abandoning module ShaderFormatVectorVM (101)
[2017.07.28-11.31.34:757][975]LogModuleManager: Shutting down and abandoning module ShaderFormatOpenGL (99)
[2017.07.28-11.31.34:757][975]LogModuleManager: Shutting down and abandoning module ShaderFormatD3D (97)
[2017.07.28-11.31.34:757][975]LogModuleManager: Shutting down and abandoning module MetalShaderFormat (95)
[2017.07.28-11.31.34:757][975]LogModuleManager: Shutting down and abandoning module TextureFormatUncompressed (93)
[2017.07.28-11.31.34:757][975]LogModuleManager: Shutting down and abandoning module TextureFormatPVR (91)
[2017.07.28-11.31.34:757][975]LogModuleManager: Shutting down and abandoning module TextureFormatDXT (89)
[2017.07.28-11.31.34:757][975]LogModuleManager: Shutting down and abandoning module TextureFormatIntelISPCTexComp (87)
[2017.07.28-11.31.34:757][975]LogModuleManager: Shutting down and abandoning module TextureFormatASTC (85)
[2017.07.28-11.31.34:757][975]LogModuleManager: Shutting down and abandoning module ImageWrapper (84)
[2017.07.28-11.31.34:757][975]LogModuleManager: Shutting down and abandoning module TextureFormatAndroid (81)
[2017.07.28-11.31.34:757][975]LogModuleManager: Shutting down and abandoning module AudioFormatOpus (79)
[2017.07.28-11.31.34:757][975]LogModuleManager: Shutting down and abandoning module AudioFormatOgg (77)
[2017.07.28-11.31.34:757][975]LogModuleManager: Shutting down and abandoning module AudioFormatADPCM (75)
[2017.07.28-11.31.34:757][975]LogModuleManager: Shutting down and abandoning module WindowsTargetPlatform (73)
[2017.07.28-11.31.34:757][975]LogModuleManager: Shutting down and abandoning module WindowsServerTargetPlatform (71)
[2017.07.28-11.31.34:757][975]LogModuleManager: Shutting down and abandoning module WindowsNoEditorTargetPlatform (69)
[2017.07.28-11.31.34:757][975]LogModuleManager: Shutting down and abandoning module WindowsClientTargetPlatform (67)
[2017.07.28-11.31.34:757][975]LogModuleManager: Shutting down and abandoning module InputCore (64)
[2017.07.28-11.31.34:757][975]LogModuleManager: Shutting down and abandoning module Settings (62)
[2017.07.28-11.31.34:757][975]LogModuleManager: Shutting down and abandoning module OculusRift (60)
[2017.07.28-11.31.34:757][975]LogModuleManager: Shutting down and abandoning module GearVRController (58)
[2017.07.28-11.31.34:757][975]LogModuleManager: Shutting down and abandoning module GearVR (56)
[2017.07.28-11.31.34:757][975]LogModuleManager: Shutting down and abandoning module ExampleDeviceProfileSelector (54)
[2017.07.28-11.31.34:757][975]LogModuleManager: Shutting down and abandoning module OnlineBlueprintSupport (52)
[2017.07.28-11.31.34:757][975]LogModuleManager: Shutting down and abandoning module OnlineSubsystem (48)
[2017.07.28-11.31.34:757][975]LogOnline:Display: OSS: FOnlineSubsystemNull::Shutdown()
[2017.07.28-11.31.34:757][975]LogOnline:Display: OSS: FOnlineAsyncTaskManager::Stop() ActiveTask:0000000000000000 Tasks[0/0]
[2017.07.28-11.31.34:758][975]LogOnline:Display: OSS: FOnlineAsyncTaskManager::Exit() started
[2017.07.28-11.31.34:758][975]LogOnline:Display: OSS: FOnlineAsyncTaskManager::Exit() finished
[2017.07.28-11.31.34:758][975]LogOnline:Display: Unloading online subsystem: NULL
[2017.07.28-11.31.34:758][975]LogModuleManager: Shutting down and abandoning module XMPP (43)
[2017.07.28-11.31.34:758][975]LogModuleManager: Shutting down and abandoning module HTTP (41)
[2017.07.28-11.31.34:766][975]LogModuleManager: Shutting down and abandoning module SSL (40)
[2017.07.28-11.31.34:769][975]LogModuleManager: Shutting down and abandoning module HTTPChunkInstaller (36)
[2017.07.28-11.31.34:769][975]LogModuleManager: Shutting down and abandoning module AnimationModifiers (34)
[2017.07.28-11.31.34:769][975]LogModuleManager: Shutting down and abandoning module PropertyEditor (33)
[2017.07.28-11.31.34:769][975]LogModuleManager: Shutting down and abandoning module AudioEditor (30)
[2017.07.28-11.31.34:769][975]LogModuleManager: Shutting down and abandoning module TextureCompressor (28)
[2017.07.28-11.31.34:769][975]LogModuleManager: Shutting down and abandoning module ShaderCore (26)
[2017.07.28-11.31.34:769][975]LogModuleManager: Shutting down and abandoning module Landscape (24)
[2017.07.28-11.31.34:769][975]LogModuleManager: Shutting down and abandoning module SlateRHIRenderer (22)
[2017.07.28-11.31.34:770][975]LogModuleManager: Shutting down and abandoning module OpenGLDrv (20)
[2017.07.28-11.31.34:770][975]LogModuleManager: Shutting down and abandoning module D3D11RHI (18)
[2017.07.28-11.31.34:770][975]LogModuleManager: Shutting down and abandoning module AnimGraphRuntime (16)
[2017.07.28-11.31.34:770][975]LogModuleManager: Shutting down and abandoning module Renderer (14)
[2017.07.28-11.31.34:770][975]LogModuleManager: Shutting down and abandoning module Engine (12)
[2017.07.28-11.31.34:770][975]LogModuleManager: Shutting down and abandoning module CoreUObject (10)
[2017.07.28-11.31.34:770][975]LogModuleManager: Shutting down and abandoning module NetworkFile (8)
[2017.07.28-11.31.34:770][975]LogModuleManager: Shutting down and abandoning module StreamingFile (6)
[2017.07.28-11.31.34:770][975]LogModuleManager: Shutting down and abandoning module SandboxFile (4)
[2017.07.28-11.31.34:770][975]LogModuleManager: Shutting down and abandoning module PakFile (2)
[2017.07.28-11.31.34:771][975]LogExit: Exiting.
[2017.07.28-11.31.34:773][975]Log file closed, 07/28/17 13:31:34
