<<<<<<< HEAD
﻿Log file open, 07/28/17 16:02:23
LogInit:Display: Running engine for game: RTS
LogPlatformFile: Not using cached read wrapper
LogInit:Display: RandInit(1635281268) SRandInit(1635281269).
LogTaskGraph: Started task graph with 5 named threads and 8 total threads with 1 sets of task threads.
LogStats: Stats thread started at 0.077077
=======
﻿Log file open, 07/28/17 16:02:16
LogInit:Display: Running engine for game: RTS
LogPlatformFile: Not using cached read wrapper
LogInit:Display: RandInit(2130308305) SRandInit(2130308305).
LogTaskGraph: Started task graph with 5 named threads and 6 total threads with 1 sets of task threads.
LogStats: Stats thread started at 0.216390
>>>>>>> 4ad186426901db4c79aeecd7dc97dd0435a1e129
LogInit: Using libcurl 7.47.1
LogInit:  - built for x86_64-pc-win32
LogInit:  - supports SSL with OpenSSL/1.0.2g
LogInit:  - supports HTTP deflate (compression) using libz 1.2.8
LogInit:  - other features:
LogInit:      CURL_VERSION_SSL
LogInit:      CURL_VERSION_LIBZ
LogInit:      CURL_VERSION_IPV6
LogInit:      CURL_VERSION_ASYNCHDNS
LogInit:      CURL_VERSION_LARGEFILE
LogInit:      CURL_VERSION_IDN
LogInit:  CurlRequestOptions (configurable via config and command line):
LogInit:  - bVerifyPeer = false  - Libcurl will NOT verify peer certificate
LogInit:  - bUseHttpProxy = false  - Libcurl will NOT use HTTP proxy
LogInit:  - bDontReuseConnections = false  - Libcurl will reuse connections
LogInit:  - CertBundlePath = nullptr  - Libcurl will use whatever was configured at build time.
LogInit: WinSock: version 1.1 (2.2), MaxSocks=32767, MaxUdp=65467
LogInit: Build: ++UE4+Release-4.16-CL-3514769
LogInit: Engine Version: 4.16.2-3514769+++UE4+Release-4.16
LogInit: Compatible Engine Version: 4.16.0-3452394+++UE4+Release-4.16
LogInit: Net CL: 3452394
LogDevObjectVersion: Number of dev versions registered: 16
LogDevObjectVersion:   Dev-Blueprints (B0D832E4-1F89-4F0D-ACCF-7EB736FD4AA2): 9
LogDevObjectVersion:   Dev-Build (E1C64328-A22C-4D53-A36C-8E866417BD8C): 0
LogDevObjectVersion:   Dev-Core (375EC13C-06E4-48FB-B500-84F0262A717E): 2
LogDevObjectVersion:   Dev-Editor (E4B068ED-F494-42E9-A231-DA0B2E46BB41): 17
LogDevObjectVersion:   Dev-Framework (CFFC743F-43B0-4480-9391-14DF171D2073): 23
LogDevObjectVersion:   Dev-Mobile (B02B49B5-BB20-44E9-A304-32B752E40360): 0
LogDevObjectVersion:   Dev-Networking (A4E4105C-59A1-49B5-A7C5-40C4547EDFEE): 0
LogDevObjectVersion:   Dev-Online (39C831C9-5AE6-47DC-9A44-9C173E1C8E7C): 0
LogDevObjectVersion:   Dev-Physics (78F01B33-EBEA-4F98-B9B4-84EACCB95AA2): 0
LogDevObjectVersion:   Dev-Platform (6631380F-2D4D-43E0-8009-CF276956A95A): 0
LogDevObjectVersion:   Dev-Rendering (12F88B9F-8875-4AFC-A67C-D90C383ABD29): 15
LogDevObjectVersion:   Dev-Sequencer (7B5AE74C-D270-4C10-A958-57980B212A5A): 4
LogDevObjectVersion:   Dev-VR (D7296918-1DD6-4BDD-9DE2-64A83CC13884): 0
LogDevObjectVersion:   Dev-LoadTimes (C2A15278-BFE7-4AFE-6C17-90FF531DF755): 1
LogDevObjectVersion:   Private-Geometry (6EACA3D4-40EC-4CC1-B786-8BED09428FC5): 1
LogDevObjectVersion:   Dev-AnimPhys (29E575DD-E0A3-4627-9D10-D276232CDCEA): 3
LogInit: Compiled (64-bit): Jun 29 2017 02:03:24
LogInit: Compiled with Visual C++: 19.00.24215.01
LogInit: Build Configuration: Development
LogInit: Branch Name: ++UE4+Release-4.16
LogInit: Command line:  /Temp/Autosaves/Game/Maps/UEDPCMenuMap -game -PIEVIACONSOLE -ResX=1280 -ResY=720  -Multiprocess -messaging -SessionName="Play in Standalone Game" -windowed 
LogInit: Base directory: C:/Program Files/Epic Games/UE_4.16/Engine/Binaries/Win64/
LogInit: Installed Engine Build: 1
LogInit: Presizing for max 8388607 objects, including 0 objects not considered by GC, pre-allocating 0 bytes for permanent pool.
LogInit: Object subsystem initialized
<<<<<<< HEAD
[2017.07.28-14.02.24:375][  0]LogInit: Selected Device Profile: [Windows]
[2017.07.28-14.02.24:375][  0]LogInit: Applying CVar settings loaded from the selected device profile: [Windows]
[2017.07.28-14.02.24:378][  0]LogInit: Computer: DESKTOP-DQLM8VC
[2017.07.28-14.02.24:378][  0]LogInit: User: jmj19
[2017.07.28-14.02.24:378][  0]LogInit: CPU Page size=4096, Cores=4
[2017.07.28-14.02.24:378][  0]LogInit: High frequency timer resolution =3.703126 MHz
[2017.07.28-14.02.24:378][  0]LogMemory: Memory total: Physical=15.9GB (16GB approx)
[2017.07.28-14.02.24:378][  0]LogMemory: Platform Memory Stats for Windows
[2017.07.28-14.02.24:378][  0]LogMemory: Process Physical Memory: 273.30 MB used, 273.30 MB peak
[2017.07.28-14.02.24:378][  0]LogMemory: Process Virtual Memory: 266.65 MB used, 266.65 MB peak
[2017.07.28-14.02.24:378][  0]LogMemory: Physical Memory: 9069.48 MB used,  7257.89 MB free, 16327.37 MB total
[2017.07.28-14.02.24:378][  0]LogMemory: Virtual Memory: 645.12 MB used,  7257.89 MB free, 134217728.00 MB total
[2017.07.28-14.02.24:431][  0]LogInit: Using OS detected language (da-DK).
[2017.07.28-14.02.24:431][  0]LogInit: Using OS detected locale (da-DK).
[2017.07.28-14.02.24:433][  0]LogTextLocalizationManager: No localization for 'da-DK' exists, so 'en' will be used for the language.
[2017.07.28-14.02.24:433][  0]LogTextLocalizationManager: No localization for 'da-DK' exists, so 'en' will be used for the locale.
[2017.07.28-14.02.24:981][  0]LogD3D11RHI: D3D11 adapters:
[2017.07.28-14.02.25:428][  0]LogD3D11RHI:    0. 'NVIDIA GeForce GTX 1080 Ti' (Feature Level 11_0)
[2017.07.28-14.02.25:428][  0]LogD3D11RHI:       11117/0/8163 MB DedicatedVideo/DedicatedSystem/SharedSystem, Outputs:1, VendorId:0x10de
[2017.07.28-14.02.25:428][  0]LogD3D11RHI:    1. 'Microsoft Basic Render Driver' (Feature Level 11_0)
[2017.07.28-14.02.25:428][  0]LogD3D11RHI:       0/0/8163 MB DedicatedVideo/DedicatedSystem/SharedSystem, Outputs:0, VendorId:0x1414
[2017.07.28-14.02.25:428][  0]LogD3D11RHI: Chosen D3D11 Adapter: 0
[2017.07.28-14.02.25:434][  0]LogD3D11RHI: Creating new Direct3DDevice
[2017.07.28-14.02.25:434][  0]LogD3D11RHI:     GPU DeviceId: 0x1b06 (for the marketing name, search the web for "GPU Device Id")
[2017.07.28-14.02.25:434][  0]LogWindows: EnumDisplayDevices:
[2017.07.28-14.02.25:434][  0]LogWindows:    0. 'NVIDIA GeForce GTX 1080 Ti' (P:1 D:1)
[2017.07.28-14.02.25:434][  0]LogWindows:    1. 'NVIDIA GeForce GTX 1080 Ti' (P:0 D:0)
[2017.07.28-14.02.25:434][  0]LogWindows:    2. 'NVIDIA GeForce GTX 1080 Ti' (P:0 D:0)
[2017.07.28-14.02.25:434][  0]LogWindows:    3. 'NVIDIA GeForce GTX 1080 Ti' (P:0 D:0)
[2017.07.28-14.02.25:434][  0]LogWindows: DebugString: FoundDriverCount:4 
[2017.07.28-14.02.25:434][  0]LogD3D11RHI:     Adapter Name: NVIDIA GeForce GTX 1080 Ti
[2017.07.28-14.02.25:434][  0]LogD3D11RHI:   Driver Version: 384.76 (internal:22.21.13.8476, unified:384.76)
[2017.07.28-14.02.25:434][  0]LogD3D11RHI:      Driver Date: 6-27-2017
[2017.07.28-14.02.25:434][  0]LogRHI: Texture pool is 1361 MB (70% of 1945 MB)
[2017.07.28-14.02.25:849][  0]LogD3D11RHI: Async texture creation enabled
[2017.07.28-14.02.25:926][  0]LogD3D11RHI: GPU Timing Frequency: 1000.000000 (Debug: 2 1)
[2017.07.28-14.02.25:968][  0]LogShaderCompilers: Guid format shader working directory is -10 characters bigger than the processId version (../../../../../../Users/jmj19/Documents/GitHub/RTS2/RTS/Intermediate/Shaders/WorkingDirectory/10904/).
[2017.07.28-14.02.25:968][  0]LogShaderCompilers: Cleaned the shader compiler working directory 'C:/Users/jmj19/AppData/Local/Temp/UnrealShaderWorkingDir/9B077C014A1A173F17BC6A8CDFBA4458/'.
[2017.07.28-14.02.25:968][  0]LogShaderCompilers:Display: Using Local Shader Compiler.
[2017.07.28-14.02.26:665][  0]LogTemp:Display: Loaded TP WindowsClientTargetPlatform
[2017.07.28-14.02.26:700][  0]LogTemp:Display: Loaded TP WindowsNoEditorTargetPlatform
[2017.07.28-14.02.26:735][  0]LogTemp:Display: Loaded TP WindowsServerTargetPlatform
[2017.07.28-14.02.26:770][  0]LogTemp:Display: Loaded TP WindowsTargetPlatform
[2017.07.28-14.02.26:770][  0]LogTargetPlatformManager:Display: Building Assets For Windows
[2017.07.28-14.02.27:109][  0]LogDerivedDataCache:Display: Max Cache Size: 512 MB
[2017.07.28-14.02.27:182][  0]LogDerivedDataCache: Loaded boot cache 0.07s 90MB C:/Users/jmj19/AppData/Local/UnrealEngine/4.16/DerivedDataCache/Boot.ddc.
[2017.07.28-14.02.27:182][  0]LogDerivedDataCache:Display: Loaded Boot cache: C:/Users/jmj19/AppData/Local/UnrealEngine/4.16/DerivedDataCache/Boot.ddc
[2017.07.28-14.02.27:182][  0]LogDerivedDataCache: FDerivedDataBackendGraph:  Pak pak cache file ../../../../../../Users/jmj19/Documents/GitHub/RTS2/RTS/DerivedDataCache/DDC.ddp not found, will not use a pak cache.
[2017.07.28-14.02.27:182][  0]LogDerivedDataCache: Unable to find inner node Pak for hierarchical cache Hierarchy.
[2017.07.28-14.02.27:182][  0]LogDerivedDataCache: FDerivedDataBackendGraph:  CompressedPak pak cache file ../../../../../../Users/jmj19/Documents/GitHub/RTS2/RTS/DerivedDataCache/Compressed.ddp not found, will not use a pak cache.
[2017.07.28-14.02.27:182][  0]LogDerivedDataCache: Unable to find inner node CompressedPak for hierarchical cache Hierarchy.
[2017.07.28-14.02.27:193][  0]LogDerivedDataCache:Display: Pak cache opened for reading ../../../Engine/DerivedDataCache/Compressed.ddp.
[2017.07.28-14.02.27:205][  0]LogDerivedDataCache: Using Local data cache path C:/Users/jmj19/AppData/Local/UnrealEngine/Common/DerivedDataCache: Writable
[2017.07.28-14.02.27:212][  0]LogMaterial: Verifying Global Shaders for PCD3D_SM5
[2017.07.28-14.02.27:212][  0]LogSlate: Using Freetype 2.6.0
[2017.07.28-14.02.27:212][  0]LogSlate: SlateFontCache - WITH_FREETYPE: 1, WITH_HARFBUZZ: 1
[2017.07.28-14.02.27:212][  0]LogSlate: SlateFontCache - WITH_FREETYPE: 1, WITH_HARFBUZZ: 1
[2017.07.28-14.02.27:386][  0]LogAssetRegistry: FAssetRegistry took 0.0028 seconds to start up
[2017.07.28-14.02.27:389][  0]LogPackageLocalizationCache: Processed 4 localized package path(s) for 1 prioritized culture(s) in 0.003000 seconds
[2017.07.28-14.02.27:449][  0]LogInit: Selected Device Profile: [Windows]
[2017.07.28-14.02.27:498][  0]LogContentStreaming: Texture pool size is 1000.00 MB
[2017.07.28-14.02.27:606][  0]LogMeshUtilities: Using QuadricMeshReduction for automatic static mesh reduction
[2017.07.28-14.02.27:637][  0]LogSimplygon: Simplygon DLL not present - disabling.
[2017.07.28-14.02.27:669][  0]LogMeshUtilities: Using SimplygonSwarm for distributed automatic mesh merging
[2017.07.28-14.02.27:669][  0]LogMeshUtilities: No automatic skeletal mesh reduction module available
[2017.07.28-14.02.27:669][  0]LogMeshUtilities: No automatic mesh merging module available
[2017.07.28-14.02.28:000][  0]LogNetVersion: RTS , NetCL: 3452394, EngineNetVer: 2, GameNetVer: 0 (Checksum: 2270150060)
[2017.07.28-14.02.28:761][  0]LogMoviePlayer: Initializing movie player
[2017.07.28-14.02.28:838][  0]LogWindowsTextInputMethodSystem:Display: IME system now deactivated.
[2017.07.28-14.02.29:216][  0]LogCollectionManager: Loaded 0 collections in 0.001334 seconds
[2017.07.28-14.02.29:271][  0]LogFileCache: Scanning file cache for directory 'C:/Users/jmj19/Documents/GitHub/RTS2/RTS/Saved/Collections/' took 0.01s
[2017.07.28-14.02.29:271][  0]LogFileCache: Scanning file cache for directory 'C:/Users/jmj19/Documents/GitHub/RTS2/RTS/Content/Developers/jmj19/Collections/' took 0.01s
[2017.07.28-14.02.29:271][  0]LogFileCache: Scanning file cache for directory 'C:/Users/jmj19/Documents/GitHub/RTS2/RTS/Content/Collections/' took 0.01s
[2017.07.28-14.02.29:271][  0]LogCollectionManager: Rebuilt the object cache for 0 collections in 0.000001 seconds (found 0 objects)
[2017.07.28-14.02.29:271][  0]LogCollectionManager: Fixed up redirectors for 0 collections in 0.000033 seconds (updated 0 objects)
[2017.07.28-14.02.29:437][  0]LogTcpMessaging: Initializing TcpMessaging bridge
[2017.07.28-14.02.29:476][  0]LogUdpMessaging: Initializing bridge on interface 0.0.0.0:0 to multicast group 230.0.0.1:6666.
[2017.07.28-14.02.29:899][  0]SourceControl: Info Source control is disabled
[2017.07.28-14.02.29:899][  0]SourceControl: Info Source control is disabled
[2017.07.28-14.02.29:931][  0]SourceControl: Info Source control is disabled
[2017.07.28-14.02.30:072][  0]LogAndroidPermission: UAndroidPermissionCallbackProxy::GetInstance
[2017.07.28-14.02.30:358][  0]LogUObjectArray: 37220 objects as part of root set at end of initial load.
[2017.07.28-14.02.30:358][  0]LogUObjectAllocator: 8398840 out of 0 bytes used by permanent object pool.
[2017.07.28-14.02.30:358][  0]LogUObjectArray: CloseDisregardForGC: 0/0 objects in disregard for GC pool
[2017.07.28-14.02.30:433][  0]LogEngine: Initializing Engine...
[2017.07.28-14.02.30:433][  0]LogHMD: Failed to initialize OpenVR with code 110
[2017.07.28-14.02.30:570][  0]LogStats: UGameplayTagsManager::ConstructGameplayTagTree: Construct from data asset -  0.000 s
[2017.07.28-14.02.30:570][  0]LogStats: UGameplayTagsManager::ConstructGameplayTagTree: GameplayTagTreeChangedEvent.Broadcast -  0.000 s
[2017.07.28-14.02.30:579][  0]LogInit: XAudio2 using 'Højttalere (G510 Gaming Keyboard)' : 2 channels at 48 kHz using 16 bits per sample (channel mask 0x3)
[2017.07.28-14.02.30:590][  0]LogInit: FAudioDevice initialized.
[2017.07.28-14.02.30:611][  0]LogInit: Texture streaming: Enabled
[2017.07.28-14.02.30:620][  0]LogMaterial: Uniform references updated for custom material expression Custom.
[2017.07.28-14.02.30:796][  0]LogSlateStyle:Warning: Unable to find Slate Widget Style 'NormalText'. Using FTextBlockStyle defaults instead.
[2017.07.28-14.02.30:796][  0]LogSlateStyle:Warning: Unable to find Slate Widget Style 'SpinBox'. Using FSpinBoxStyle defaults instead.
[2017.07.28-14.02.30:951][  0]LogInit:Display: Game Engine Initialized.
[2017.07.28-14.02.31:056][  0]LogInit:Display: Starting Game.
[2017.07.28-14.02.31:056][  0]LogNet: Browse: /Temp/Autosaves/Game/Maps/UEDPCMenuMap?Name=Player
[2017.07.28-14.02.31:056][  0]LogLoad: LoadMap: /Temp/Autosaves/Game/Maps/UEDPCMenuMap?Name=Player
[2017.07.28-14.02.31:067][  0]LogMemory: Platform Memory Stats for Windows
[2017.07.28-14.02.31:067][  0]LogMemory: Process Physical Memory: 808.46 MB used, 915.31 MB peak
[2017.07.28-14.02.31:067][  0]LogMemory: Process Virtual Memory: 913.46 MB used, 974.18 MB peak
[2017.07.28-14.02.31:067][  0]LogMemory: Physical Memory: 9554.27 MB used,  6773.10 MB free, 16327.37 MB total
[2017.07.28-14.02.31:067][  0]LogMemory: Virtual Memory: 1582.46 MB used,  6773.10 MB free, 134217728.00 MB total
[2017.07.28-14.02.31:067][  0]LogMemory: 
[2017.07.28-14.02.31:067][  0]Allocator Stats for TBB: (not implemented)
[2017.07.28-14.02.31:173][  0]LogAIModule: Creating AISystem for world MenuMap
[2017.07.28-14.02.31:173][  0]LogLoad: Game class is 'BP_GameMode_Menu_C'
[2017.07.28-14.02.31:174][  0]LogWorld: Bringing World /Temp/Autosaves/Game/Maps/UEDPCMenuMap.MenuMap up for play (max tick rate 0) at 2017.07.28-16.02.31
[2017.07.28-14.02.31:174][  0]LogWorld: Bringing up level for play took: 0.000397
[2017.07.28-14.02.31:199][  0]LogLoad: Took 0.143341 seconds to LoadMap(/Temp/Autosaves/Game/Maps/UEDPCMenuMap)
[2017.07.28-14.02.31:334][  0]LogRenderer: Reallocating scene render targets to support 1280x720 NumSamples 1 (Frame:1).
[2017.07.28-14.02.31:334][  0]LogLoad: (Engine Initialization) Total time: 8.04 seconds
[2017.07.28-14.02.31:334][  0]LogLoad: (Engine Initialization) Total Blueprint compile time: 0.05 seconds
[2017.07.28-14.02.31:334][  0]LogExternalProfiler: No external profilers were discovered.  External profiling features will not be available.
[2017.07.28-14.02.31:350][  0]LogOcInput: OculusInput pre-init called
[2017.07.28-14.02.31:350][  0]LogHMD: Starting GearVRController plugin
[2017.07.28-14.02.38:455][440]LogNetVersion: RTS 1.0.0.0, NetCL: 3452394, EngineNetVer: 2, GameNetVer: 0 (Checksum: 2665052696)
[2017.07.28-14.02.38:456][440]LogInit: WinSock: I am DESKTOP-DQLM8VC (192.168.1.14:0)
[2017.07.28-14.02.38:500][440]LogPackageName: SearchForPackageOnDisk took   0.042s to resolve LobbyMap.umap.
[2017.07.28-14.02.38:541][440]LogPackageName: SearchForPackageOnDisk took   0.041s to resolve LobbyMap.umap.
[2017.07.28-14.02.38:541][440]LogNet: Browse: /Game/Maps/LobbyMap?listen
[2017.07.28-14.02.38:541][440]LogLoad: LoadMap: /Game/Maps/LobbyMap?listen
[2017.07.28-14.02.38:554][440]LogMemory: Platform Memory Stats for Windows
[2017.07.28-14.02.38:554][440]LogMemory: Process Physical Memory: 743.00 MB used, 915.31 MB peak
[2017.07.28-14.02.38:554][440]LogMemory: Process Virtual Memory: 963.15 MB used, 1123.20 MB peak
[2017.07.28-14.02.38:554][440]LogMemory: Physical Memory: 9461.97 MB used,  6865.40 MB free, 16327.37 MB total
[2017.07.28-14.02.38:554][440]LogMemory: Virtual Memory: 1751.79 MB used,  6865.40 MB free, 134217728.00 MB total
[2017.07.28-14.02.38:554][440]LogMemory: 
[2017.07.28-14.02.38:554][440]Allocator Stats for TBB: (not implemented)
[2017.07.28-14.02.38:572][440]LogAIModule: Creating AISystem for world LobbyMap
[2017.07.28-14.02.38:572][440]LogLoad: Game class is 'BP_GameMode_Lobby_C'
[2017.07.28-14.02.38:573][440]LogTemp:Display: ParseSettings for GameNetDriver
[2017.07.28-14.02.38:573][440]LogTemp:Display: ParseSettings for IpNetDriver_0
[2017.07.28-14.02.38:573][440]LogTemp:Display: ParseSettings for GameNetDriver
[2017.07.28-14.02.38:574][440]LogInit: WinSock: Socket queue 131072 / 131072
[2017.07.28-14.02.38:574][440]PacketHandlerLog: Loaded PacketHandler component: Engine.EngineHandlerComponentFactory (StatelessConnectHandlerComponent)
[2017.07.28-14.02.38:574][440]LogNet: GameNetDriver IpNetDriver_0 IpNetDriver listening on port 7777
[2017.07.28-14.02.38:575][440]LogWorld: Bringing World /Game/Maps/LobbyMap.LobbyMap up for play (max tick rate 0) at 2017.07.28-16.02.38
[2017.07.28-14.02.38:575][440]LogWorld: Bringing up level for play took: 0.000410
[2017.07.28-14.02.38:576][440]LogGameMode: FindPlayerStart: PATHS NOT DEFINED or NO PLAYERSTART with positive rating
[2017.07.28-14.02.38:577][440]LogLoad: Took 0.034933 seconds to LoadMap(/Game/Maps/LobbyMap)
[2017.07.28-14.02.55:967][515]LogNet: NotifyAcceptingConnection accepted from: 192.168.1.13:55505
[2017.07.28-14.02.55:967][515]LogHandshake: SendConnectChallenge. Timestamp: 17.536032, Cookie: 132143102067044213244221149028251194028186230008061018063144
[2017.07.28-14.02.56:000][517]LogNet: NotifyAcceptingConnection accepted from: 192.168.1.13:55505
[2017.07.28-14.02.56:000][517]LogNet: Server accepting post-challenge connection from: 192.168.1.13:55505
[2017.07.28-14.02.56:000][517]PacketHandlerLog: Loaded PacketHandler component: Engine.EngineHandlerComponentFactory (StatelessConnectHandlerComponent)
[2017.07.28-14.02.56:001][517]LogNet: NotifyAcceptedConnection: Name: LobbyMap, TimeStamp: 07/28/17 16:02:56, [UNetConnection] RemoteAddr: 192.168.1.13:55505, Name: IpConnection_0, Driver: GameNetDriver IpNetDriver_0, IsServer: YES, PC: NULL, Owner: NULL
[2017.07.28-14.02.56:001][517]LogNet: AddClientConnection: Added client connection: [UNetConnection] RemoteAddr: 192.168.1.13:55505, Name: IpConnection_0, Driver: GameNetDriver IpNetDriver_0, IsServer: YES, PC: NULL, Owner: NULL
[2017.07.28-14.02.56:001][517]LogNet: NotifyAcceptingChannel Control 0 server World /Game/Maps/LobbyMap.LobbyMap: Accepted
[2017.07.28-14.02.56:001][517]LogNet: Remote platform little endian=1
[2017.07.28-14.02.56:001][517]LogNet: This platform little endian=1
[2017.07.28-14.02.56:048][520]LogNet: Login request: /Game/Maps/MenuMap?Name=Awesome-X1-827D60514D24B839916BBEAC2EB2B24B userId: Awesome-X1-827D60514D24B839916BBEAC2EB2B24B
[2017.07.28-14.02.56:097][523]LogNet: Client netspeed is 10000
[2017.07.28-14.02.56:387][541]LogNet: Join request: /Game/Maps/MenuMap?Name=Awesome-X1-827D60514D24B839916BBEAC2EB2B24B?SplitscreenCount=1
[2017.07.28-14.02.56:388][541]LogGameMode: FindPlayerStart: PATHS NOT DEFINED or NO PLAYERSTART with positive rating
[2017.07.28-14.02.56:400][541]LogNet: Join succeeded: Awesome-X1-827D60514
[2017.07.28-14.03.13:967][629]LogGameMode: ProcessServerTravel: /Game/Maps/World_01
[2017.07.28-14.03.14:030][633]LogNet: UChannel::ReceivedSequencedBunch: Bunch.bClose == true. ChIndex == 0. Calling ConditionalCleanUp.
[2017.07.28-14.03.14:030][633]LogNet: UChannel::CleanUp: ChIndex == 0. Closing connection. [UChannel] ChIndex: 0, Closing: 0 [UNetConnection] RemoteAddr: 192.168.1.13:55505, Name: IpConnection_0, Driver: GameNetDriver IpNetDriver_0, IsServer: YES, PC: BP_PlayerController_Lobby_C_1, Owner: BP_PlayerController_Lobby_C_1
[2017.07.28-14.03.14:030][633]LogNet: UNetConnection::Close: [UNetConnection] RemoteAddr: 192.168.1.13:55505, Name: IpConnection_0, Driver: GameNetDriver IpNetDriver_0, IsServer: YES, PC: BP_PlayerController_Lobby_C_1, Owner: BP_PlayerController_Lobby_C_1, Channels: 10, Time: 2017.07.28-14.03.14
[2017.07.28-14.03.14:031][633]LogNet: UChannel::Close: Sending CloseBunch. ChIndex == 0. Name: [UChannel] ChIndex: 0, Closing: 0 [UNetConnection] RemoteAddr: 192.168.1.13:55505, Name: IpConnection_0, Driver: GameNetDriver IpNetDriver_0, IsServer: YES, PC: BP_PlayerController_Lobby_C_1, Owner: BP_PlayerController_Lobby_C_1
[2017.07.28-14.03.14:047][634]LogNet: NotifyAcceptingConnection: Server LobbyMap refused
[2017.07.28-14.03.15:095][699]LogNet: NotifyAcceptingConnection: Server LobbyMap refused
[2017.07.28-14.03.16:143][764]LogNet: NotifyAcceptingConnection: Server LobbyMap refused
[2017.07.28-14.03.17:176][828]LogNet: NotifyAcceptingConnection: Server LobbyMap refused
[2017.07.28-14.03.17:950][876]LogEngine: Server switch level: /Game/Maps/World_01
[2017.07.28-14.03.17:950][876]LogNet: Browse: /Game/Maps/World_01?listen
[2017.07.28-14.03.17:950][876]LogLoad: LoadMap: /Game/Maps/World_01?listen
[2017.07.28-14.03.17:950][876]LogNet: World NetDriver shutdown IpNetDriver_0 [GameNetDriver]
[2017.07.28-14.03.17:950][876]LogNet: DestroyNamedNetDriver IpNetDriver_0 [GameNetDriver]
[2017.07.28-14.03.17:951][876]LogExit: GameNetDriver IpNetDriver_0 shut down
[2017.07.28-14.03.17:977][876]LogMemory: Platform Memory Stats for Windows
[2017.07.28-14.03.17:977][876]LogMemory: Process Physical Memory: 708.98 MB used, 915.31 MB peak
[2017.07.28-14.03.17:977][876]LogMemory: Process Virtual Memory: 984.62 MB used, 1123.20 MB peak
[2017.07.28-14.03.17:977][876]LogMemory: Physical Memory: 8980.16 MB used,  7347.21 MB free, 16327.37 MB total
[2017.07.28-14.03.17:977][876]LogMemory: Virtual Memory: 1710.47 MB used,  7347.21 MB free, 134217728.00 MB total
[2017.07.28-14.03.17:977][876]LogMemory: 
[2017.07.28-14.03.17:977][876]Allocator Stats for TBB: (not implemented)
[2017.07.28-14.03.18:087][876]LogAIModule: Creating AISystem for world World_01
[2017.07.28-14.03.18:248][876]LogLoad: Game class is 'BP_GameMode_C'
[2017.07.28-14.03.18:249][876]LogTemp:Display: ParseSettings for GameNetDriver
[2017.07.28-14.03.18:249][876]LogTemp:Display: ParseSettings for IpNetDriver_1
[2017.07.28-14.03.18:249][876]LogTemp:Display: ParseSettings for GameNetDriver
[2017.07.28-14.03.18:249][876]LogInit: WinSock: Socket queue 131072 / 131072
[2017.07.28-14.03.18:249][876]PacketHandlerLog: Loaded PacketHandler component: Engine.EngineHandlerComponentFactory (StatelessConnectHandlerComponent)
[2017.07.28-14.03.18:249][876]LogNet: GameNetDriver IpNetDriver_1 IpNetDriver listening on port 7777
[2017.07.28-14.03.18:250][876]LogWorld: Bringing World /Game/Maps/World_01.World_01 up for play (max tick rate 0) at 2017.07.28-16.03.18
[2017.07.28-14.03.18:250][876]LogWorld: Bringing up level for play took: 0.000852
[2017.07.28-14.03.18:253][876]LogLoad: Took 0.302867 seconds to LoadMap(/Game/Maps/World_01)
[2017.07.28-14.03.19:271][940]LogNet: NotifyAcceptingConnection accepted from: 192.168.1.13:57823
[2017.07.28-14.03.19:271][940]LogHandshake: SendConnectChallenge. Timestamp: 1.336722, Cookie: 102087184195221093051074018174085248051174178048089059080210
[2017.07.28-14.03.19:335][944]LogNet: NotifyAcceptingConnection accepted from: 192.168.1.13:57823
[2017.07.28-14.03.19:335][944]LogNet: Server accepting post-challenge connection from: 192.168.1.13:57823
[2017.07.28-14.03.19:335][944]PacketHandlerLog: Loaded PacketHandler component: Engine.EngineHandlerComponentFactory (StatelessConnectHandlerComponent)
[2017.07.28-14.03.19:335][944]LogNet: NotifyAcceptedConnection: Name: World_01, TimeStamp: 07/28/17 16:03:19, [UNetConnection] RemoteAddr: 192.168.1.13:57823, Name: IpConnection_1, Driver: GameNetDriver IpNetDriver_1, IsServer: YES, PC: NULL, Owner: NULL
[2017.07.28-14.03.19:335][944]LogNet: AddClientConnection: Added client connection: [UNetConnection] RemoteAddr: 192.168.1.13:57823, Name: IpConnection_1, Driver: GameNetDriver IpNetDriver_1, IsServer: YES, PC: NULL, Owner: NULL
[2017.07.28-14.03.19:335][944]LogNet: NotifyAcceptingChannel Control 0 server World /Game/Maps/World_01.World_01: Accepted
[2017.07.28-14.03.19:335][944]LogNet: Remote platform little endian=1
[2017.07.28-14.03.19:335][944]LogNet: This platform little endian=1
[2017.07.28-14.03.19:384][947]LogNet: Login request: /Game/Maps/World_01?game=/Game/Blueprints/Menu/BP_GameMode_Lobby.BP_GameMode_Lobby_C?Name=Awesome-X1-827D60514D24B839916BBEAC2EB2B24B userId: Awesome-X1-827D60514D24B839916BBEAC2EB2B24B
[2017.07.28-14.03.19:432][950]LogNet: Client netspeed is 10000
[2017.07.28-14.03.19:867][977]LogNet: Join request: /Game/Maps/World_01?game=/Game/Blueprints/Menu/BP_GameMode_Lobby.BP_GameMode_Lobby_C?Name=Awesome-X1-827D60514D24B839916BBEAC2EB2B24B?SplitscreenCount=1
[2017.07.28-14.03.19:873][977]LogNet: Join succeeded: Awesome-X1-827D60514
[2017.07.28-14.03.56:387][229]LogEngine: All Windows Closed
[2017.07.28-14.03.56:387][229]LogWindows: FPlatformMisc::RequestExit(0)
[2017.07.28-14.03.56:450][230]LogNet: World NetDriver shutdown IpNetDriver_1 [GameNetDriver]
[2017.07.28-14.03.56:450][230]LogNet: DestroyNamedNetDriver IpNetDriver_1 [GameNetDriver]
[2017.07.28-14.03.56:450][230]LogNet: UNetConnection::Cleanup: Closing open connection. [UNetConnection] RemoteAddr: 192.168.1.13:57823, Name: IpConnection_1, Driver: GameNetDriver IpNetDriver_1, IsServer: YES, PC: BP_PlayerController_C_1, Owner: BP_PlayerController_C_1
[2017.07.28-14.03.56:450][230]LogNet: UNetConnection::Close: [UNetConnection] RemoteAddr: 192.168.1.13:57823, Name: IpConnection_1, Driver: GameNetDriver IpNetDriver_1, IsServer: YES, PC: BP_PlayerController_C_1, Owner: BP_PlayerController_C_1, Channels: 10, Time: 2017.07.28-14.03.56
[2017.07.28-14.03.56:450][230]LogNet: UChannel::Close: Sending CloseBunch. ChIndex == 0. Name: [UChannel] ChIndex: 0, Closing: 0 [UNetConnection] RemoteAddr: 192.168.1.13:57823, Name: IpConnection_1, Driver: GameNetDriver IpNetDriver_1, IsServer: YES, PC: BP_PlayerController_C_1, Owner: BP_PlayerController_C_1
[2017.07.28-14.03.56:451][230]LogExit: GameNetDriver IpNetDriver_1 shut down
[2017.07.28-14.03.56:452][230]LogExit: Preparing to exit.
[2017.07.28-14.03.56:452][230]LogMoviePlayer: Shutting down movie player
[2017.07.28-14.03.57:647][230]LogExit: Game engine shut down
[2017.07.28-14.03.57:711][230]LogObj: Freed 0b from 0 cluster array pools.
[2017.07.28-14.03.57:711][230]LogExit: Object subsystem successfully closed.
[2017.07.28-14.03.57:731][230]LogD3D11RHI: Shutdown
[2017.07.28-14.03.57:731][230]LogD3D11RHI: CleanupD3DDevice
[2017.07.28-14.03.57:774][230]LogD3D11RHI: ~FD3D11DynamicRHI
[2017.07.28-14.03.57:780][230]LogModuleManager: Shutting down and abandoning module SequenceRecorderSections (298)
[2017.07.28-14.03.57:780][230]LogModuleManager: Shutting down and abandoning module SequenceRecorder (296)
[2017.07.28-14.03.57:780][230]LogModuleManager: Shutting down and abandoning module AutomationController (294)
[2017.07.28-14.03.57:780][230]LogModuleManager: Shutting down and abandoning module AutomationWorker (292)
[2017.07.28-14.03.57:780][230]LogModuleManager: Shutting down and abandoning module Voice (290)
[2017.07.28-14.03.57:780][230]LogModuleManager: Shutting down and abandoning module AIModule (288)
[2017.07.28-14.03.57:780][230]LogModuleManager: Shutting down and abandoning module GameplayDebugger (287)
[2017.07.28-14.03.57:780][230]LogModuleManager: Shutting down and abandoning module AITestSuite (285)
[2017.07.28-14.03.57:780][230]LogModuleManager: Shutting down and abandoning module WmfMediaFactory (282)
[2017.07.28-14.03.57:780][230]LogModuleManager: Shutting down and abandoning module AvfMediaFactory (280)
[2017.07.28-14.03.57:780][230]LogModuleManager: Shutting down and abandoning module AndroidMediaFactory (278)
[2017.07.28-14.03.57:780][230]LogModuleManager: Shutting down and abandoning module Media (277)
[2017.07.28-14.03.57:780][230]LogModuleManager: Shutting down and abandoning module CharacterAI (274)
[2017.07.28-14.03.57:780][230]LogModuleManager: Shutting down and abandoning module SessionServices (272)
[2017.07.28-14.03.57:780][230]LogModuleManager: Shutting down and abandoning module MovieSceneCapture (270)
[2017.07.28-14.03.57:780][230]LogModuleManager: Shutting down and abandoning module MovieSceneTracks (268)
[2017.07.28-14.03.57:780][230]LogModuleManager: Shutting down and abandoning module MovieScene (266)
[2017.07.28-14.03.57:780][230]LogModuleManager: Shutting down and abandoning module GeometryCache (264)
[2017.07.28-14.03.57:780][230]LogModuleManager: Shutting down and abandoning module GeometryCacheEd (263)
[2017.07.28-14.03.57:780][230]LogModuleManager: Shutting down and abandoning module Niagara (260)
[2017.07.28-14.03.57:780][230]LogModuleManager: Shutting down and abandoning module NiagaraEditor (259)
[2017.07.28-14.03.57:781][230]LogModuleManager: Shutting down and abandoning module StreamingPauseRendering (256)
[2017.07.28-14.03.57:781][230]LogModuleManager: Shutting down and abandoning module PortalServices (254)
[2017.07.28-14.03.57:781][230]LogModuleManager: Shutting down and abandoning module PortalRpc (252)
[2017.07.28-14.03.57:781][230]LogModuleManager: Shutting down and abandoning module MessagingRpc (250)
[2017.07.28-14.03.57:781][230]LogModuleManager: Shutting down and abandoning module ProfilerService (248)
[2017.07.28-14.03.57:976][230]LogModuleManager: Shutting down and abandoning module TaskGraph (246)
[2017.07.28-14.03.57:976][230]LogModuleManager: Shutting down and abandoning module SteamVRController (244)
[2017.07.28-14.03.57:976][230]LogModuleManager: Shutting down and abandoning module SteamVR (242)
[2017.07.28-14.03.57:976][230]LogModuleManager: Shutting down and abandoning module ProceduralMeshComponent (240)
[2017.07.28-14.03.57:976][230]LogModuleManager: Shutting down and abandoning module OculusLibrary (238)
[2017.07.28-14.03.57:976][230]LogModuleManager: Shutting down and abandoning module OculusInput (236)
[2017.07.28-14.03.57:976][230]LogModuleManager: Shutting down and abandoning module MobilePatchingUtils (234)
[2017.07.28-14.03.57:977][230]LogModuleManager: Shutting down and abandoning module CustomMeshComponent (232)
[2017.07.28-14.03.57:977][230]LogModuleManager: Shutting down and abandoning module CableComponent (230)
[2017.07.28-14.03.57:977][230]LogModuleManager: Shutting down and abandoning module ArchVisCharacter (228)
[2017.07.28-14.03.57:977][230]LogModuleManager: Shutting down and abandoning module AndroidPermission (226)
[2017.07.28-14.03.57:977][230]LogModuleManager: Shutting down and abandoning module HTML5Networking (224)
[2017.07.28-14.03.57:977][230]LogModuleManager: Shutting down and abandoning module VisualStudioSourceCodeAccess (222)
[2017.07.28-14.03.57:977][230]LogModuleManager: Shutting down and abandoning module DesktopPlatform (221)
[2017.07.28-14.03.57:977][230]LogModuleManager: Shutting down and abandoning module HotReload (219)
[2017.07.28-14.03.57:977][230]LogModuleManager: Shutting down and abandoning module UObjectPlugin (216)
[2017.07.28-14.03.57:977][230]LogModuleManager: Shutting down and abandoning module SubversionSourceControl (214)
[2017.07.28-14.03.57:977][230]LogModuleManager: Shutting down and abandoning module PerforceSourceControl (212)
[2017.07.28-14.03.57:977][230]LogModuleManager: Shutting down and abandoning module SourceControl (211)
[2017.07.28-14.03.57:977][230]LogModuleManager: Shutting down and abandoning module PhysXVehiclesEditor (208)
[2017.07.28-14.03.57:977][230]LogModuleManager: Shutting down and abandoning module PhysXVehicles (206)
[2017.07.28-14.03.57:977][230]LogModuleManager: Shutting down and abandoning module LocationServicesBPLibrary (204)
[2017.07.28-14.03.57:977][230]LogModuleManager: Shutting down and abandoning module ImmediatePhysicsEditor (202)
[2017.07.28-14.03.57:977][230]LogModuleManager: Shutting down and abandoning module ImmediatePhysics (200)
[2017.07.28-14.03.57:977][230]LogModuleManager: Shutting down and abandoning module UdpMessaging (198)
[2017.07.28-14.03.58:078][230]LogModuleManager: Shutting down and abandoning module TcpMessaging (196)
[2017.07.28-14.03.58:452][230]LogModuleManager: Shutting down and abandoning module GameplayTagsEditor (194)
[2017.07.28-14.03.58:452][230]LogModuleManager: Shutting down and abandoning module FacialAnimation (192)
[2017.07.28-14.03.58:452][230]LogModuleManager: Shutting down and abandoning module AssetManagerEditor (190)
[2017.07.28-14.03.58:453][230]LogModuleManager: Shutting down and abandoning module GraphEditor (189)
[2017.07.28-14.03.58:453][230]LogModuleManager: Shutting down and abandoning module ContentBrowser (187)
[2017.07.28-14.03.58:453][230]LogModuleManager: Shutting down and abandoning module CollectionManager (186)
[2017.07.28-14.03.58:453][230]LogDirectoryWatcher: A directory notification for 'C:/Users/jmj19/Documents/GitHub/RTS2/RTS/Content/Collections/' was aborted.
[2017.07.28-14.03.58:453][230]LogDirectoryWatcher: A directory notification for 'C:/Users/jmj19/Documents/GitHub/RTS2/RTS/Content/Developers/jmj19/Collections/' was aborted.
[2017.07.28-14.03.58:453][230]LogDirectoryWatcher: A directory notification for 'C:/Users/jmj19/Documents/GitHub/RTS2/RTS/Saved/Collections/' was aborted.
[2017.07.28-14.03.58:453][230]LogModuleManager: Shutting down and abandoning module DirectoryWatcher (185)
[2017.07.28-14.03.58:454][230]LogModuleManager: Shutting down and abandoning module LightPropagationVolumeRuntime (180)
[2017.07.28-14.03.58:454][230]LogModuleManager: Shutting down and abandoning module Paper2D (178)
[2017.07.28-14.03.58:454][230]LogModuleManager: Shutting down and abandoning module WindowsMoviePlayer (176)
[2017.07.28-14.03.58:454][230]LogModuleManager: Shutting down and abandoning module WmfMedia (174)
[2017.07.28-14.03.58:455][230]LogModuleManager: Shutting down and abandoning module ClothingSystemEditor (172)
[2017.07.28-14.03.58:455][230]LogModuleManager: Shutting down and abandoning module ClothingSystemRuntime (170)
[2017.07.28-14.03.58:455][230]LogModuleManager: Shutting down and abandoning module MediaAssets (168)
[2017.07.28-14.03.58:455][230]LogModuleManager: Shutting down and abandoning module GameLiveStreaming (166)
[2017.07.28-14.03.58:455][230]LogModuleManager: Shutting down and abandoning module VREditor (164)
[2017.07.28-14.03.58:455][230]LogModuleManager: Shutting down and abandoning module StringTableEditor (162)
[2017.07.28-14.03.58:455][230]LogModuleManager: Shutting down and abandoning module GameplayTasksEditor (160)
[2017.07.28-14.03.58:455][230]LogModuleManager: Shutting down and abandoning module BehaviorTreeEditor (158)
[2017.07.28-14.03.58:455][230]LogModuleManager: Shutting down and abandoning module FunctionalTesting (156)
[2017.07.28-14.03.58:455][230]LogModuleManager: Shutting down and abandoning module CollisionAnalyzer (154)
[2017.07.28-14.03.58:455][230]LogModuleManager: Shutting down and abandoning module UMG (152)
[2017.07.28-14.03.58:455][230]LogModuleManager: Shutting down and abandoning module UMGEditor (151)
[2017.07.28-14.03.58:455][230]LogModuleManager: Shutting down and abandoning module Sequencer (150)
[2017.07.28-14.03.58:455][230]LogModuleManager: Shutting down and abandoning module AssetTools (148)
[2017.07.28-14.03.58:456][230]LogModuleManager: Shutting down and abandoning module MessageLog (147)
[2017.07.28-14.03.58:456][230]LogModuleManager: Shutting down and abandoning module WorkspaceMenuStructure (146)
[2017.07.28-14.03.58:456][230]LogModuleManager: Shutting down and abandoning module SlateReflector (140)
[2017.07.28-14.03.58:456][230]LogModuleManager: Shutting down and abandoning module Slate (138)
[2017.07.28-14.03.58:456][230]LogModuleManager: Shutting down and abandoning module EditorStyle (136)
[2017.07.28-14.03.58:462][230]LogModuleManager: Shutting down and abandoning module Messaging (134)
[2017.07.28-14.03.58:462][230]LogModuleManager: Shutting down and abandoning module SourceCodeAccess (132)
[2017.07.28-14.03.58:462][230]LogModuleManager: Shutting down and abandoning module HeadMountedDisplay (130)
[2017.07.28-14.03.58:462][230]LogModuleManager: Shutting down and abandoning module XAudio2 (128)
[2017.07.28-14.03.58:462][230]LogModuleManager: Shutting down and abandoning module Networking (126)
[2017.07.28-14.03.58:462][230]LogModuleManager: Shutting down and abandoning module Core (124)
[2017.07.28-14.03.58:462][230]LogModuleManager: Shutting down and abandoning module KismetCompiler (122)
[2017.07.28-14.03.58:462][230]LogModuleManager: Shutting down and abandoning module LevelSequence (120)
[2017.07.28-14.03.58:462][230]LogModuleManager: Shutting down and abandoning module PhysXFormats (118)
[2017.07.28-14.03.58:462][230]LogModuleManager: Shutting down and abandoning module MeshUtilities (116)
[2017.07.28-14.03.58:462][230]LogModuleManager: Shutting down and abandoning module SimplygonSwarm (115)
[2017.07.28-14.03.58:462][230]LogModuleManager: Shutting down and abandoning module SimplygonMeshReduction (113)
[2017.07.28-14.03.58:462][230]LogModuleManager: Shutting down and abandoning module QuadricMeshReduction (111)
[2017.07.28-14.03.58:462][230]LogModuleManager: Shutting down and abandoning module AssetRegistry (108)
[2017.07.28-14.03.58:463][230]LogModuleManager: Shutting down and abandoning module DerivedDataCache (106)
[2017.07.28-14.03.58:756][230]LogDerivedDataCache: Shutdown
[2017.07.28-14.03.58:756][230]LogModuleManager: Shutting down and abandoning module TargetPlatform (104)
[2017.07.28-14.03.58:756][230]LogModuleManager: Shutting down and abandoning module VulkanShaderFormat (103)
[2017.07.28-14.03.58:756][230]LogModuleManager: Shutting down and abandoning module ShaderFormatVectorVM (101)
[2017.07.28-14.03.58:756][230]LogModuleManager: Shutting down and abandoning module ShaderFormatOpenGL (99)
[2017.07.28-14.03.58:756][230]LogModuleManager: Shutting down and abandoning module ShaderFormatD3D (97)
[2017.07.28-14.03.58:756][230]LogModuleManager: Shutting down and abandoning module MetalShaderFormat (95)
[2017.07.28-14.03.58:756][230]LogModuleManager: Shutting down and abandoning module TextureFormatUncompressed (93)
[2017.07.28-14.03.58:756][230]LogModuleManager: Shutting down and abandoning module TextureFormatPVR (91)
[2017.07.28-14.03.58:756][230]LogModuleManager: Shutting down and abandoning module TextureFormatDXT (89)
[2017.07.28-14.03.58:756][230]LogModuleManager: Shutting down and abandoning module TextureFormatIntelISPCTexComp (87)
[2017.07.28-14.03.58:756][230]LogModuleManager: Shutting down and abandoning module TextureFormatASTC (85)
[2017.07.28-14.03.58:756][230]LogModuleManager: Shutting down and abandoning module ImageWrapper (84)
[2017.07.28-14.03.58:756][230]LogModuleManager: Shutting down and abandoning module TextureFormatAndroid (81)
[2017.07.28-14.03.58:756][230]LogModuleManager: Shutting down and abandoning module AudioFormatOpus (79)
[2017.07.28-14.03.58:756][230]LogModuleManager: Shutting down and abandoning module AudioFormatOgg (77)
[2017.07.28-14.03.58:756][230]LogModuleManager: Shutting down and abandoning module AudioFormatADPCM (75)
[2017.07.28-14.03.58:756][230]LogModuleManager: Shutting down and abandoning module WindowsTargetPlatform (73)
[2017.07.28-14.03.58:756][230]LogModuleManager: Shutting down and abandoning module WindowsServerTargetPlatform (71)
[2017.07.28-14.03.58:756][230]LogModuleManager: Shutting down and abandoning module WindowsNoEditorTargetPlatform (69)
[2017.07.28-14.03.58:756][230]LogModuleManager: Shutting down and abandoning module WindowsClientTargetPlatform (67)
[2017.07.28-14.03.58:756][230]LogModuleManager: Shutting down and abandoning module InputCore (64)
[2017.07.28-14.03.58:756][230]LogModuleManager: Shutting down and abandoning module Settings (62)
[2017.07.28-14.03.58:756][230]LogModuleManager: Shutting down and abandoning module OculusRift (60)
[2017.07.28-14.03.58:756][230]LogModuleManager: Shutting down and abandoning module GearVRController (58)
[2017.07.28-14.03.58:756][230]LogModuleManager: Shutting down and abandoning module GearVR (56)
[2017.07.28-14.03.58:756][230]LogModuleManager: Shutting down and abandoning module ExampleDeviceProfileSelector (54)
[2017.07.28-14.03.58:756][230]LogModuleManager: Shutting down and abandoning module OnlineBlueprintSupport (52)
[2017.07.28-14.03.58:757][230]LogModuleManager: Shutting down and abandoning module OnlineSubsystem (48)
[2017.07.28-14.03.58:757][230]LogOnline:Display: OSS: FOnlineSubsystemNull::Shutdown()
[2017.07.28-14.03.58:757][230]LogOnline:Display: OSS: FOnlineAsyncTaskManager::Stop() ActiveTask:0000000000000000 Tasks[0/0]
[2017.07.28-14.03.58:757][230]LogOnline:Display: OSS: FOnlineAsyncTaskManager::Exit() started
[2017.07.28-14.03.58:757][230]LogOnline:Display: OSS: FOnlineAsyncTaskManager::Exit() finished
[2017.07.28-14.03.58:757][230]LogOnline:Display: Unloading online subsystem: NULL
[2017.07.28-14.03.58:757][230]LogModuleManager: Shutting down and abandoning module XMPP (43)
[2017.07.28-14.03.58:758][230]LogModuleManager: Shutting down and abandoning module HTTP (41)
[2017.07.28-14.03.58:783][230]LogModuleManager: Shutting down and abandoning module SSL (40)
[2017.07.28-14.03.58:787][230]LogModuleManager: Shutting down and abandoning module HTTPChunkInstaller (36)
[2017.07.28-14.03.58:787][230]LogModuleManager: Shutting down and abandoning module AnimationModifiers (34)
[2017.07.28-14.03.58:787][230]LogModuleManager: Shutting down and abandoning module PropertyEditor (33)
[2017.07.28-14.03.58:787][230]LogModuleManager: Shutting down and abandoning module AudioEditor (30)
[2017.07.28-14.03.58:787][230]LogModuleManager: Shutting down and abandoning module TextureCompressor (28)
[2017.07.28-14.03.58:787][230]LogModuleManager: Shutting down and abandoning module ShaderCore (26)
[2017.07.28-14.03.58:787][230]LogModuleManager: Shutting down and abandoning module Landscape (24)
[2017.07.28-14.03.58:787][230]LogModuleManager: Shutting down and abandoning module SlateRHIRenderer (22)
[2017.07.28-14.03.58:788][230]LogModuleManager: Shutting down and abandoning module OpenGLDrv (20)
[2017.07.28-14.03.58:788][230]LogModuleManager: Shutting down and abandoning module D3D11RHI (18)
[2017.07.28-14.03.58:788][230]LogModuleManager: Shutting down and abandoning module AnimGraphRuntime (16)
[2017.07.28-14.03.58:788][230]LogModuleManager: Shutting down and abandoning module Renderer (14)
[2017.07.28-14.03.58:788][230]LogModuleManager: Shutting down and abandoning module Engine (12)
[2017.07.28-14.03.58:788][230]LogModuleManager: Shutting down and abandoning module CoreUObject (10)
[2017.07.28-14.03.58:788][230]LogModuleManager: Shutting down and abandoning module NetworkFile (8)
[2017.07.28-14.03.58:788][230]LogModuleManager: Shutting down and abandoning module StreamingFile (6)
[2017.07.28-14.03.58:788][230]LogModuleManager: Shutting down and abandoning module SandboxFile (4)
[2017.07.28-14.03.58:788][230]LogModuleManager: Shutting down and abandoning module PakFile (2)
[2017.07.28-14.03.58:791][230]LogExit: Exiting.
[2017.07.28-14.03.58:794][230]Log file closed, 07/28/17 16:03:58
=======
[2017.07.28-14.02.20:393][  0]LogInit: Selected Device Profile: [Windows]
[2017.07.28-14.02.20:393][  0]LogInit: Applying CVar settings loaded from the selected device profile: [Windows]
[2017.07.28-14.02.20:410][  0]LogInit: Computer: AWESOME-X1
[2017.07.28-14.02.20:410][  0]LogInit: User: FuckingWIN8
[2017.07.28-14.02.20:410][  0]LogInit: CPU Page size=4096, Cores=2
[2017.07.28-14.02.20:410][  0]LogInit: High frequency timer resolution =2.630635 MHz
[2017.07.28-14.02.20:411][  0]LogMemory: Memory total: Physical=7.9GB (8GB approx)
[2017.07.28-14.02.20:411][  0]LogMemory: Platform Memory Stats for Windows
[2017.07.28-14.02.20:411][  0]LogMemory: Process Physical Memory: 273.43 MB used, 273.43 MB peak
[2017.07.28-14.02.20:412][  0]LogMemory: Process Virtual Memory: 267.00 MB used, 267.00 MB peak
[2017.07.28-14.02.20:412][  0]LogMemory: Physical Memory: 6179.58 MB used,  1892.18 MB free, 8071.77 MB total
[2017.07.28-14.02.20:412][  0]LogMemory: Virtual Memory: 644.29 MB used,  1892.18 MB free, 134217728.00 MB total
[2017.07.28-14.02.21:012][  0]LogInit: Using OS detected language (da-DK).
[2017.07.28-14.02.21:012][  0]LogInit: Using OS detected locale (da-DK).
[2017.07.28-14.02.21:024][  0]LogTextLocalizationManager: No localization for 'da-DK' exists, so 'en' will be used for the language.
[2017.07.28-14.02.21:026][  0]LogTextLocalizationManager: No localization for 'da-DK' exists, so 'en' will be used for the locale.
[2017.07.28-14.02.24:205][  0]LogD3D11RHI: D3D11 adapters:
[2017.07.28-14.02.24:214][  0]LogD3D11RHI:    0. 'Intel(R) HD Graphics Family' (Feature Level 11_0)
[2017.07.28-14.02.24:214][  0]LogD3D11RHI:       112/0/2048 MB DedicatedVideo/DedicatedSystem/SharedSystem, Outputs:1, VendorId:0x8086
[2017.07.28-14.02.24:217][  0]LogD3D11RHI:    1. 'Microsoft Basic Render Driver' (Feature Level 11_0)
[2017.07.28-14.02.24:217][  0]LogD3D11RHI:       0/0/4035 MB DedicatedVideo/DedicatedSystem/SharedSystem, Outputs:0, VendorId:0x1414
[2017.07.28-14.02.24:217][  0]LogD3D11RHI: Chosen D3D11 Adapter: 0
[2017.07.28-14.02.24:228][  0]LogD3D11RHI: Creating new Direct3DDevice
[2017.07.28-14.02.24:228][  0]LogD3D11RHI:     GPU DeviceId: 0xa16 (for the marketing name, search the web for "GPU Device Id")
[2017.07.28-14.02.24:228][  0]LogWindows: EnumDisplayDevices:
[2017.07.28-14.02.24:228][  0]LogWindows:    0. 'Intel(R) HD Graphics Family' (P:1 D:1)
[2017.07.28-14.02.24:229][  0]LogWindows:    1. 'Intel(R) HD Graphics Family' (P:0 D:0)
[2017.07.28-14.02.24:229][  0]LogWindows:    2. 'Intel(R) HD Graphics Family' (P:0 D:0)
[2017.07.28-14.02.24:230][  0]LogWindows: DebugString: FoundDriverCount:3 
[2017.07.28-14.02.24:230][  0]LogD3D11RHI:     Adapter Name: Intel(R) HD Graphics Family
[2017.07.28-14.02.24:230][  0]LogD3D11RHI:   Driver Version: 20.19.15.4531 (internal:20.19.15.4531, unified:20.19.15.4531)
[2017.07.28-14.02.24:230][  0]LogD3D11RHI:      Driver Date: 9-29-2016
[2017.07.28-14.02.24:230][  0]LogRHI: Texture pool is 795 MB (70% of 1136 MB)
[2017.07.28-14.02.24:238][  0]LogD3D11RHI: Async texture creation enabled
[2017.07.28-14.02.24:247][  0]LogD3D11RHI: GPU Timing Frequency: 12.500000 (Debug: 2 0)
[2017.07.28-14.02.24:249][  0]LogShaderCompilers: Guid format shader working directory is -9 characters bigger than the processId version (../../../../../../Users/Fucking WIN8/Documents/GitHub/RTS/RTS/Intermediate/Shaders/WorkingDirectory/14764/).
[2017.07.28-14.02.24:250][  0]LogShaderCompilers: Cleaned the shader compiler working directory 'C:/Users/Fucking WIN8/AppData/Local/Temp/UnrealShaderWorkingDir/243CF6BE495C05C8A112F7AA2DDE5D7E/'.
[2017.07.28-14.02.24:250][  0]LogShaderCompilers:Display: Using Local Shader Compiler.
[2017.07.28-14.02.27:663][  0]LogTemp:Display: Loaded TP WindowsClientTargetPlatform
[2017.07.28-14.02.27:864][  0]LogTemp:Display: Loaded TP WindowsNoEditorTargetPlatform
[2017.07.28-14.02.28:060][  0]LogTemp:Display: Loaded TP WindowsServerTargetPlatform
[2017.07.28-14.02.28:304][  0]LogTemp:Display: Loaded TP WindowsTargetPlatform
[2017.07.28-14.02.28:305][  0]LogTargetPlatformManager:Display: Building Assets For Windows
[2017.07.28-14.02.30:461][  0]LogDerivedDataCache:Display: Max Cache Size: 512 MB
[2017.07.28-14.02.30:608][  0]LogDerivedDataCache: Loaded boot cache 0.15s 90MB C:/Users/Fucking WIN8/AppData/Local/UnrealEngine/4.16/DerivedDataCache/Boot.ddc.
[2017.07.28-14.02.30:608][  0]LogDerivedDataCache:Display: Loaded Boot cache: C:/Users/Fucking WIN8/AppData/Local/UnrealEngine/4.16/DerivedDataCache/Boot.ddc
[2017.07.28-14.02.30:608][  0]LogDerivedDataCache: FDerivedDataBackendGraph:  Pak pak cache file ../../../../../../Users/Fucking WIN8/Documents/GitHub/RTS/RTS/DerivedDataCache/DDC.ddp not found, will not use a pak cache.
[2017.07.28-14.02.30:609][  0]LogDerivedDataCache: Unable to find inner node Pak for hierarchical cache Hierarchy.
[2017.07.28-14.02.30:609][  0]LogDerivedDataCache: FDerivedDataBackendGraph:  CompressedPak pak cache file ../../../../../../Users/Fucking WIN8/Documents/GitHub/RTS/RTS/DerivedDataCache/Compressed.ddp not found, will not use a pak cache.
[2017.07.28-14.02.30:609][  0]LogDerivedDataCache: Unable to find inner node CompressedPak for hierarchical cache Hierarchy.
[2017.07.28-14.02.30:669][  0]LogDerivedDataCache:Display: Pak cache opened for reading ../../../Engine/DerivedDataCache/Compressed.ddp.
[2017.07.28-14.02.30:683][  0]LogDerivedDataCache: Using Local data cache path C:/Users/Fucking WIN8/AppData/Local/UnrealEngine/Common/DerivedDataCache: Writable
[2017.07.28-14.02.30:709][  0]LogMaterial: Verifying Global Shaders for PCD3D_SM5
[2017.07.28-14.02.30:710][  0]LogSlate: Using Freetype 2.6.0
[2017.07.28-14.02.30:711][  0]LogSlate: SlateFontCache - WITH_FREETYPE: 1, WITH_HARFBUZZ: 1
[2017.07.28-14.02.30:711][  0]LogSlate: SlateFontCache - WITH_FREETYPE: 1, WITH_HARFBUZZ: 1
[2017.07.28-14.02.31:428][  0]LogAssetRegistry: FAssetRegistry took 0.0147 seconds to start up
[2017.07.28-14.02.31:440][  0]LogPackageLocalizationCache: Processed 4 localized package path(s) for 1 prioritized culture(s) in 0.011580 seconds
[2017.07.28-14.02.31:694][  0]LogInit: Selected Device Profile: [Windows]
[2017.07.28-14.02.31:833][  0]LogContentStreaming: Texture pool size is 1000.00 MB
[2017.07.28-14.02.32:369][  0]LogMeshUtilities: Using QuadricMeshReduction for automatic static mesh reduction
[2017.07.28-14.02.32:556][  0]LogSimplygon: Simplygon DLL not present - disabling.
[2017.07.28-14.02.32:758][  0]LogMeshUtilities: Using SimplygonSwarm for distributed automatic mesh merging
[2017.07.28-14.02.32:758][  0]LogMeshUtilities: No automatic skeletal mesh reduction module available
[2017.07.28-14.02.32:758][  0]LogMeshUtilities: No automatic mesh merging module available
[2017.07.28-14.02.34:377][  0]LogNetVersion: RTS , NetCL: 3452394, EngineNetVer: 2, GameNetVer: 0 (Checksum: 2270150060)
[2017.07.28-14.02.37:934][  0]LogMoviePlayer: Initializing movie player
[2017.07.28-14.02.37:989][  0]LogWindowsTextInputMethodSystem:Display: IME system now deactivated.
[2017.07.28-14.02.38:671][  0]LogCollectionManager: Loaded 0 collections in 0.005110 seconds
[2017.07.28-14.02.38:770][  0]LogFileCache: Scanning file cache for directory 'C:/Users/Fucking WIN8/Documents/GitHub/RTS/RTS/Saved/Collections/' took 0.01s
[2017.07.28-14.02.38:770][  0]LogFileCache: Scanning file cache for directory 'C:/Users/Fucking WIN8/Documents/GitHub/RTS/RTS/Content/Developers/FuckingWIN8/Collections/' took 0.01s
[2017.07.28-14.02.38:770][  0]LogFileCache: Scanning file cache for directory 'C:/Users/Fucking WIN8/Documents/GitHub/RTS/RTS/Content/Collections/' took 0.01s
[2017.07.28-14.02.38:770][  0]LogCollectionManager: Rebuilt the object cache for 0 collections in 0.000004 seconds (found 0 objects)
[2017.07.28-14.02.38:770][  0]LogCollectionManager: Fixed up redirectors for 0 collections in 0.000080 seconds (updated 0 objects)
[2017.07.28-14.02.39:262][  0]LogTcpMessaging: Initializing TcpMessaging bridge
[2017.07.28-14.02.39:366][  0]LogUdpMessaging: Initializing bridge on interface 0.0.0.0:0 to multicast group 230.0.0.1:6666.
[2017.07.28-14.02.40:361][  0]SourceControl: Info Source control is disabled
[2017.07.28-14.02.40:361][  0]SourceControl: Info Source control is disabled
[2017.07.28-14.02.40:493][  0]SourceControl: Info Source control is disabled
[2017.07.28-14.02.41:178][  0]LogAndroidPermission: UAndroidPermissionCallbackProxy::GetInstance
[2017.07.28-14.02.42:390][  0]LogUObjectArray: 37220 objects as part of root set at end of initial load.
[2017.07.28-14.02.42:390][  0]LogUObjectAllocator: 8398840 out of 0 bytes used by permanent object pool.
[2017.07.28-14.02.42:390][  0]LogUObjectArray: CloseDisregardForGC: 0/0 objects in disregard for GC pool
[2017.07.28-14.02.42:625][  0]LogEngine: Initializing Engine...
[2017.07.28-14.02.42:626][  0]LogHMD: Failed to initialize OpenVR with code 110
[2017.07.28-14.02.42:921][  0]LogStats: UGameplayTagsManager::ConstructGameplayTagTree: Construct from data asset -  0.000 s
[2017.07.28-14.02.42:921][  0]LogStats: UGameplayTagsManager::ConstructGameplayTagTree: GameplayTagTreeChangedEvent.Broadcast -  0.000 s
[2017.07.28-14.02.42:945][  0]LogInit: XAudio2 using 'Speaker/HP (Realtek High Definition Audio)' : 2 channels at 48 kHz using 32 bits per sample (channel mask 0x3)
[2017.07.28-14.02.42:970][  0]LogInit: FAudioDevice initialized.
[2017.07.28-14.02.43:001][  0]LogInit: Texture streaming: Enabled
[2017.07.28-14.02.43:040][  0]LogMaterial: Uniform references updated for custom material expression Custom.
[2017.07.28-14.02.43:760][  0]LogSlateStyle:Warning: Unable to find Slate Widget Style 'NormalText'. Using FTextBlockStyle defaults instead.
[2017.07.28-14.02.43:760][  0]LogSlateStyle:Warning: Unable to find Slate Widget Style 'SpinBox'. Using FSpinBoxStyle defaults instead.
[2017.07.28-14.02.44:410][  0]LogInit:Display: Game Engine Initialized.
[2017.07.28-14.02.44:867][  0]LogInit:Display: Starting Game.
[2017.07.28-14.02.44:867][  0]LogNet: Browse: /Temp/Autosaves/Game/Maps/UEDPCMenuMap?Name=Player
[2017.07.28-14.02.44:867][  0]LogLoad: LoadMap: /Temp/Autosaves/Game/Maps/UEDPCMenuMap?Name=Player
[2017.07.28-14.02.44:929][  0]LogMemory: Platform Memory Stats for Windows
[2017.07.28-14.02.44:930][  0]LogMemory: Process Physical Memory: 801.77 MB used, 900.43 MB peak
[2017.07.28-14.02.44:930][  0]LogMemory: Process Virtual Memory: 824.30 MB used, 876.93 MB peak
[2017.07.28-14.02.44:930][  0]LogMemory: Physical Memory: 5802.41 MB used,  2269.35 MB free, 8071.77 MB total
[2017.07.28-14.02.44:930][  0]LogMemory: Virtual Memory: 1428.68 MB used,  2269.35 MB free, 134217728.00 MB total
[2017.07.28-14.02.44:930][  0]LogMemory: 
[2017.07.28-14.02.44:930][  0]Allocator Stats for TBB: (not implemented)
[2017.07.28-14.02.45:369][  0]LogAIModule: Creating AISystem for world MenuMap
[2017.07.28-14.02.45:369][  0]LogLoad: Game class is 'BP_GameMode_Menu_C'
[2017.07.28-14.02.45:371][  0]LogWorld: Bringing World /Temp/Autosaves/Game/Maps/UEDPCMenuMap.MenuMap up for play (max tick rate 0) at 2017.07.28-16.02.45
[2017.07.28-14.02.45:371][  0]LogWorld: Bringing up level for play took: 0.000833
[2017.07.28-14.02.45:448][  0]LogLoad: Took 0.580330 seconds to LoadMap(/Temp/Autosaves/Game/Maps/UEDPCMenuMap)
[2017.07.28-14.02.46:136][  0]LogRenderer: Reallocating scene render targets to support 1280x720 NumSamples 1 (Frame:1).
[2017.07.28-14.02.46:136][  0]LogLoad: (Engine Initialization) Total time: 35.95 seconds
[2017.07.28-14.02.46:136][  0]LogLoad: (Engine Initialization) Total Blueprint compile time: 0.21 seconds
[2017.07.28-14.02.46:136][  0]LogExternalProfiler: Found external profiler: VSPerf
[2017.07.28-14.02.46:136][  0]LogExternalProfiler: Using external profiler: VSPerf
[2017.07.28-14.02.46:154][  0]LogOcInput: OculusInput pre-init called
[2017.07.28-14.02.46:154][  0]LogHMD: Starting GearVRController plugin
[2017.07.28-14.02.49:703][ 85]LogInit: WinSock: I am Awesome-X1 (192.168.1.13:0)
[2017.07.28-14.02.54:746][200]LogBlueprintUserMessages: [BP_GameInstance_C_0] Lobby has been joined
[2017.07.28-14.02.54:746][200]LogNet: Browse: 192.168.1.14//Game/Maps/MenuMap
[2017.07.28-14.02.54:747][200]LogTemp:Display: ParseSettings for GameNetDriver
[2017.07.28-14.02.54:747][200]LogTemp:Display: ParseSettings for IpNetDriver_0
[2017.07.28-14.02.54:747][200]LogTemp:Display: ParseSettings for PendingNetDriver
[2017.07.28-14.02.54:747][200]LogInit: WinSock: Socket queue 32768 / 32768
[2017.07.28-14.02.54:749][200]PacketHandlerLog: Loaded PacketHandler component: Engine.EngineHandlerComponentFactory (StatelessConnectHandlerComponent)
[2017.07.28-14.02.54:749][200]LogNet: Game client on port 7777, rate 10000
[2017.07.28-14.02.54:750][200]LogNetVersion: RTS 1.0.0.0, NetCL: 3452394, EngineNetVer: 2, GameNetVer: 0 (Checksum: 2665052696)
[2017.07.28-14.02.54:750][200]LogNet: UPendingNetGame::InitNetDriver: Sending hello. [UNetConnection] RemoteAddr: 192.168.1.14:7777, Name: IpConnection_0, Driver: PendingNetDriver IpNetDriver_0, IsServer: NO, PC: NULL, Owner: NULL
[2017.07.28-14.02.54:786][201]LogHandshake: SendChallengeResponse. Timestamp: 17.536032, Cookie: 132143102067044213244221149028251194028186230008061018063144
[2017.07.28-14.02.54:882][203]LogNet: Welcomed by server (Level: /Game/Maps/LobbyMap, Game: /Game/Blueprints/Menu/BP_GameMode_Lobby.BP_GameMode_Lobby_C)
[2017.07.28-14.02.54:923][203]LogLoad: LoadMap: 192.168.1.14//Game/Maps/LobbyMap?game=/Game/Blueprints/Menu/BP_GameMode_Lobby.BP_GameMode_Lobby_C
[2017.07.28-14.02.55:084][203]LogMemory: Platform Memory Stats for Windows
[2017.07.28-14.02.55:084][203]LogMemory: Process Physical Memory: 946.28 MB used, 982.38 MB peak
[2017.07.28-14.02.55:084][203]LogMemory: Process Virtual Memory: 928.66 MB used, 980.11 MB peak
[2017.07.28-14.02.55:084][203]LogMemory: Physical Memory: 5822.02 MB used,  2249.74 MB free, 8071.77 MB total
[2017.07.28-14.02.55:084][203]LogMemory: Virtual Memory: 1638.45 MB used,  2249.74 MB free, 134217728.00 MB total
[2017.07.28-14.02.55:084][203]LogMemory: 
[2017.07.28-14.02.55:084][203]Allocator Stats for TBB: (not implemented)
[2017.07.28-14.02.55:158][203]LogAIModule: Creating AISystem for world LobbyMap
[2017.07.28-14.02.55:159][203]LogTemp:Display: ParseSettings for GameNetDriver
[2017.07.28-14.02.55:160][203]LogWorld: Bringing World /Game/Maps/LobbyMap.LobbyMap up for play (max tick rate 0) at 2017.07.28-16.02.55
[2017.07.28-14.02.55:161][203]LogWorld: Bringing up level for play took: 0.000956
[2017.07.28-14.02.55:161][203]LogLoad: Took 0.239066 seconds to LoadMap(/Game/Maps/LobbyMap)
[2017.07.28-14.02.59:567][285]Command not recognized: ServerTravel /Game/Maps/World_01
[2017.07.28-14.03.05:365][401]Command not recognized: ServerTravel /Game/Maps/World_01
[2017.07.28-14.03.12:816][550]LogNet: Browse: 192.168.1.14//Game/Maps/World_01?game=/Game/Blueprints/Menu/BP_GameMode_Lobby.BP_GameMode_Lobby_C
[2017.07.28-14.03.12:816][550]LogNet: World NetDriver shutdown IpNetDriver_0 [GameNetDriver]
[2017.07.28-14.03.12:816][550]LogNet: DestroyNamedNetDriver IpNetDriver_0 [GameNetDriver]
[2017.07.28-14.03.12:816][550]LogNet: UNetConnection::Close: [UNetConnection] RemoteAddr: 192.168.1.14:7777, Name: IpConnection_0, Driver: GameNetDriver IpNetDriver_0, IsServer: NO, PC: BP_PlayerController_Lobby_C_0, Owner: BP_PlayerController_Lobby_C_0, Channels: 10, Time: 2017.07.28-14.03.12
[2017.07.28-14.03.12:816][550]LogNet: UChannel::Close: Sending CloseBunch. ChIndex == 0. Name: [UChannel] ChIndex: 0, Closing: 0 [UNetConnection] RemoteAddr: 192.168.1.14:7777, Name: IpConnection_0, Driver: GameNetDriver IpNetDriver_0, IsServer: NO, PC: BP_PlayerController_Lobby_C_0, Owner: BP_PlayerController_Lobby_C_0
[2017.07.28-14.03.12:817][550]LogExit: GameNetDriver IpNetDriver_0 shut down
[2017.07.28-14.03.12:817][550]LogTemp:Display: ParseSettings for GameNetDriver
[2017.07.28-14.03.12:818][550]LogTemp:Display: ParseSettings for IpNetDriver_1
[2017.07.28-14.03.12:818][550]LogTemp:Display: ParseSettings for PendingNetDriver
[2017.07.28-14.03.12:818][550]LogInit: WinSock: Socket queue 32768 / 32768
[2017.07.28-14.03.12:819][550]PacketHandlerLog: Loaded PacketHandler component: Engine.EngineHandlerComponentFactory (StatelessConnectHandlerComponent)
[2017.07.28-14.03.12:820][550]LogNet: Game client on port 7777, rate 10000
[2017.07.28-14.03.12:820][550]LogNet: UPendingNetGame::InitNetDriver: Sending hello. [UNetConnection] RemoteAddr: 192.168.1.14:7777, Name: IpConnection_1, Driver: PendingNetDriver IpNetDriver_1, IsServer: NO, PC: NULL, Owner: NULL
[2017.07.28-14.03.12:821][550]LogWorld:Warning: SetActiveLevelCollection attempted to use an out of date NetDriver: GameNetDriver
[2017.07.28-14.03.12:866][551]LogWorld:Warning: SetActiveLevelCollection attempted to use an out of date NetDriver: GameNetDriver
[2017.07.28-14.03.12:913][552]LogWorld:Warning: SetActiveLevelCollection attempted to use an out of date NetDriver: GameNetDriver
[2017.07.28-14.03.12:965][553]LogWorld:Warning: SetActiveLevelCollection attempted to use an out of date NetDriver: GameNetDriver
[2017.07.28-14.03.13:015][554]LogWorld:Warning: SetActiveLevelCollection attempted to use an out of date NetDriver: GameNetDriver
[2017.07.28-14.03.13:065][555]LogWorld:Warning: SetActiveLevelCollection attempted to use an out of date NetDriver: GameNetDriver
[2017.07.28-14.03.13:113][556]LogWorld:Warning: SetActiveLevelCollection attempted to use an out of date NetDriver: GameNetDriver
[2017.07.28-14.03.13:163][557]LogWorld:Warning: SetActiveLevelCollection attempted to use an out of date NetDriver: GameNetDriver
[2017.07.28-14.03.13:212][558]LogWorld:Warning: SetActiveLevelCollection attempted to use an out of date NetDriver: GameNetDriver
[2017.07.28-14.03.13:264][559]LogWorld:Warning: SetActiveLevelCollection attempted to use an out of date NetDriver: GameNetDriver
[2017.07.28-14.03.13:314][560]LogWorld:Warning: SetActiveLevelCollection attempted to use an out of date NetDriver: GameNetDriver
[2017.07.28-14.03.13:359][561]LogWorld:Warning: SetActiveLevelCollection attempted to use an out of date NetDriver: GameNetDriver
[2017.07.28-14.03.13:414][562]LogWorld:Warning: SetActiveLevelCollection attempted to use an out of date NetDriver: GameNetDriver
[2017.07.28-14.03.13:465][563]LogWorld:Warning: SetActiveLevelCollection attempted to use an out of date NetDriver: GameNetDriver
[2017.07.28-14.03.13:514][564]LogWorld:Warning: SetActiveLevelCollection attempted to use an out of date NetDriver: GameNetDriver
[2017.07.28-14.03.13:566][565]LogWorld:Warning: SetActiveLevelCollection attempted to use an out of date NetDriver: GameNetDriver
[2017.07.28-14.03.13:614][566]LogWorld:Warning: SetActiveLevelCollection attempted to use an out of date NetDriver: GameNetDriver
[2017.07.28-14.03.13:663][567]LogWorld:Warning: SetActiveLevelCollection attempted to use an out of date NetDriver: GameNetDriver
[2017.07.28-14.03.13:709][568]LogWorld:Warning: SetActiveLevelCollection attempted to use an out of date NetDriver: GameNetDriver
[2017.07.28-14.03.13:767][569]LogWorld:Warning: SetActiveLevelCollection attempted to use an out of date NetDriver: GameNetDriver
[2017.07.28-14.03.13:818][570]LogWorld:Warning: SetActiveLevelCollection attempted to use an out of date NetDriver: GameNetDriver
[2017.07.28-14.03.13:869][571]LogWorld:Warning: SetActiveLevelCollection attempted to use an out of date NetDriver: GameNetDriver
[2017.07.28-14.03.13:918][572]LogWorld:Warning: SetActiveLevelCollection attempted to use an out of date NetDriver: GameNetDriver
[2017.07.28-14.03.13:969][573]LogWorld:Warning: SetActiveLevelCollection attempted to use an out of date NetDriver: GameNetDriver
[2017.07.28-14.03.14:020][574]LogWorld:Warning: SetActiveLevelCollection attempted to use an out of date NetDriver: GameNetDriver
[2017.07.28-14.03.14:069][575]LogWorld:Warning: SetActiveLevelCollection attempted to use an out of date NetDriver: GameNetDriver
[2017.07.28-14.03.14:118][576]LogWorld:Warning: SetActiveLevelCollection attempted to use an out of date NetDriver: GameNetDriver
[2017.07.28-14.03.14:166][577]LogWorld:Warning: SetActiveLevelCollection attempted to use an out of date NetDriver: GameNetDriver
[2017.07.28-14.03.14:215][578]LogWorld:Warning: SetActiveLevelCollection attempted to use an out of date NetDriver: GameNetDriver
[2017.07.28-14.03.14:265][579]LogWorld:Warning: SetActiveLevelCollection attempted to use an out of date NetDriver: GameNetDriver
[2017.07.28-14.03.14:313][580]LogWorld:Warning: SetActiveLevelCollection attempted to use an out of date NetDriver: GameNetDriver
[2017.07.28-14.03.14:362][581]LogWorld:Warning: SetActiveLevelCollection attempted to use an out of date NetDriver: GameNetDriver
[2017.07.28-14.03.14:415][582]LogWorld:Warning: SetActiveLevelCollection attempted to use an out of date NetDriver: GameNetDriver
[2017.07.28-14.03.14:465][583]LogWorld:Warning: SetActiveLevelCollection attempted to use an out of date NetDriver: GameNetDriver
[2017.07.28-14.03.14:517][584]LogWorld:Warning: SetActiveLevelCollection attempted to use an out of date NetDriver: GameNetDriver
[2017.07.28-14.03.14:568][585]LogWorld:Warning: SetActiveLevelCollection attempted to use an out of date NetDriver: GameNetDriver
[2017.07.28-14.03.14:619][586]LogWorld:Warning: SetActiveLevelCollection attempted to use an out of date NetDriver: GameNetDriver
[2017.07.28-14.03.14:668][587]LogWorld:Warning: SetActiveLevelCollection attempted to use an out of date NetDriver: GameNetDriver
[2017.07.28-14.03.14:719][588]LogWorld:Warning: SetActiveLevelCollection attempted to use an out of date NetDriver: GameNetDriver
[2017.07.28-14.03.14:768][589]LogWorld:Warning: SetActiveLevelCollection attempted to use an out of date NetDriver: GameNetDriver
[2017.07.28-14.03.14:817][590]LogWorld:Warning: SetActiveLevelCollection attempted to use an out of date NetDriver: GameNetDriver
[2017.07.28-14.03.14:867][591]LogWorld:Warning: SetActiveLevelCollection attempted to use an out of date NetDriver: GameNetDriver
[2017.07.28-14.03.14:917][592]LogWorld:Warning: SetActiveLevelCollection attempted to use an out of date NetDriver: GameNetDriver
[2017.07.28-14.03.14:965][593]LogWorld:Warning: SetActiveLevelCollection attempted to use an out of date NetDriver: GameNetDriver
[2017.07.28-14.03.15:016][594]LogWorld:Warning: SetActiveLevelCollection attempted to use an out of date NetDriver: GameNetDriver
[2017.07.28-14.03.15:064][595]LogWorld:Warning: SetActiveLevelCollection attempted to use an out of date NetDriver: GameNetDriver
[2017.07.28-14.03.15:113][596]LogWorld:Warning: SetActiveLevelCollection attempted to use an out of date NetDriver: GameNetDriver
[2017.07.28-14.03.15:163][597]LogWorld:Warning: SetActiveLevelCollection attempted to use an out of date NetDriver: GameNetDriver
[2017.07.28-14.03.15:214][598]LogWorld:Warning: SetActiveLevelCollection attempted to use an out of date NetDriver: GameNetDriver
[2017.07.28-14.03.15:264][599]LogWorld:Warning: SetActiveLevelCollection attempted to use an out of date NetDriver: GameNetDriver
[2017.07.28-14.03.15:314][600]LogWorld:Warning: SetActiveLevelCollection attempted to use an out of date NetDriver: GameNetDriver
[2017.07.28-14.03.15:366][601]LogWorld:Warning: SetActiveLevelCollection attempted to use an out of date NetDriver: GameNetDriver
[2017.07.28-14.03.15:411][602]LogWorld:Warning: SetActiveLevelCollection attempted to use an out of date NetDriver: GameNetDriver
[2017.07.28-14.03.15:467][603]LogWorld:Warning: SetActiveLevelCollection attempted to use an out of date NetDriver: GameNetDriver
[2017.07.28-14.03.15:516][604]LogWorld:Warning: SetActiveLevelCollection attempted to use an out of date NetDriver: GameNetDriver
[2017.07.28-14.03.15:564][605]LogWorld:Warning: SetActiveLevelCollection attempted to use an out of date NetDriver: GameNetDriver
[2017.07.28-14.03.15:613][606]LogWorld:Warning: SetActiveLevelCollection attempted to use an out of date NetDriver: GameNetDriver
[2017.07.28-14.03.15:662][607]LogWorld:Warning: SetActiveLevelCollection attempted to use an out of date NetDriver: GameNetDriver
[2017.07.28-14.03.15:708][608]LogWorld:Warning: SetActiveLevelCollection attempted to use an out of date NetDriver: GameNetDriver
[2017.07.28-14.03.15:763][609]LogWorld:Warning: SetActiveLevelCollection attempted to use an out of date NetDriver: GameNetDriver
[2017.07.28-14.03.15:810][610]LogWorld:Warning: SetActiveLevelCollection attempted to use an out of date NetDriver: GameNetDriver
[2017.07.28-14.03.15:863][611]LogWorld:Warning: SetActiveLevelCollection attempted to use an out of date NetDriver: GameNetDriver
[2017.07.28-14.03.15:914][612]LogWorld:Warning: SetActiveLevelCollection attempted to use an out of date NetDriver: GameNetDriver
[2017.07.28-14.03.15:963][613]LogWorld:Warning: SetActiveLevelCollection attempted to use an out of date NetDriver: GameNetDriver
[2017.07.28-14.03.16:014][614]LogWorld:Warning: SetActiveLevelCollection attempted to use an out of date NetDriver: GameNetDriver
[2017.07.28-14.03.16:064][615]LogWorld:Warning: SetActiveLevelCollection attempted to use an out of date NetDriver: GameNetDriver
[2017.07.28-14.03.16:112][616]LogWorld:Warning: SetActiveLevelCollection attempted to use an out of date NetDriver: GameNetDriver
[2017.07.28-14.03.16:163][617]LogWorld:Warning: SetActiveLevelCollection attempted to use an out of date NetDriver: GameNetDriver
[2017.07.28-14.03.16:215][618]LogWorld:Warning: SetActiveLevelCollection attempted to use an out of date NetDriver: GameNetDriver
[2017.07.28-14.03.16:263][619]LogWorld:Warning: SetActiveLevelCollection attempted to use an out of date NetDriver: GameNetDriver
[2017.07.28-14.03.16:313][620]LogWorld:Warning: SetActiveLevelCollection attempted to use an out of date NetDriver: GameNetDriver
[2017.07.28-14.03.16:363][621]LogWorld:Warning: SetActiveLevelCollection attempted to use an out of date NetDriver: GameNetDriver
[2017.07.28-14.03.16:413][622]LogWorld:Warning: SetActiveLevelCollection attempted to use an out of date NetDriver: GameNetDriver
[2017.07.28-14.03.16:465][623]LogWorld:Warning: SetActiveLevelCollection attempted to use an out of date NetDriver: GameNetDriver
[2017.07.28-14.03.16:515][624]LogWorld:Warning: SetActiveLevelCollection attempted to use an out of date NetDriver: GameNetDriver
[2017.07.28-14.03.16:566][625]LogWorld:Warning: SetActiveLevelCollection attempted to use an out of date NetDriver: GameNetDriver
[2017.07.28-14.03.16:616][626]LogWorld:Warning: SetActiveLevelCollection attempted to use an out of date NetDriver: GameNetDriver
[2017.07.28-14.03.16:664][627]LogWorld:Warning: SetActiveLevelCollection attempted to use an out of date NetDriver: GameNetDriver
[2017.07.28-14.03.16:709][628]LogWorld:Warning: SetActiveLevelCollection attempted to use an out of date NetDriver: GameNetDriver
[2017.07.28-14.03.16:764][629]LogWorld:Warning: SetActiveLevelCollection attempted to use an out of date NetDriver: GameNetDriver
[2017.07.28-14.03.16:813][630]LogWorld:Warning: SetActiveLevelCollection attempted to use an out of date NetDriver: GameNetDriver
[2017.07.28-14.03.16:862][631]LogWorld:Warning: SetActiveLevelCollection attempted to use an out of date NetDriver: GameNetDriver
[2017.07.28-14.03.16:913][632]LogWorld:Warning: SetActiveLevelCollection attempted to use an out of date NetDriver: GameNetDriver
[2017.07.28-14.03.16:962][633]LogWorld:Warning: SetActiveLevelCollection attempted to use an out of date NetDriver: GameNetDriver
[2017.07.28-14.03.17:014][634]LogWorld:Warning: SetActiveLevelCollection attempted to use an out of date NetDriver: GameNetDriver
[2017.07.28-14.03.17:057][635]LogWorld:Warning: SetActiveLevelCollection attempted to use an out of date NetDriver: GameNetDriver
[2017.07.28-14.03.17:112][636]LogWorld:Warning: SetActiveLevelCollection attempted to use an out of date NetDriver: GameNetDriver
[2017.07.28-14.03.17:162][637]LogWorld:Warning: SetActiveLevelCollection attempted to use an out of date NetDriver: GameNetDriver
[2017.07.28-14.03.17:211][638]LogWorld:Warning: SetActiveLevelCollection attempted to use an out of date NetDriver: GameNetDriver
[2017.07.28-14.03.17:262][639]LogWorld:Warning: SetActiveLevelCollection attempted to use an out of date NetDriver: GameNetDriver
[2017.07.28-14.03.17:311][640]LogWorld:Warning: SetActiveLevelCollection attempted to use an out of date NetDriver: GameNetDriver
[2017.07.28-14.03.17:364][641]LogWorld:Warning: SetActiveLevelCollection attempted to use an out of date NetDriver: GameNetDriver
[2017.07.28-14.03.17:414][642]LogWorld:Warning: SetActiveLevelCollection attempted to use an out of date NetDriver: GameNetDriver
[2017.07.28-14.03.17:462][643]LogWorld:Warning: SetActiveLevelCollection attempted to use an out of date NetDriver: GameNetDriver
[2017.07.28-14.03.17:512][644]LogWorld:Warning: SetActiveLevelCollection attempted to use an out of date NetDriver: GameNetDriver
[2017.07.28-14.03.17:564][645]LogWorld:Warning: SetActiveLevelCollection attempted to use an out of date NetDriver: GameNetDriver
[2017.07.28-14.03.17:613][646]LogWorld:Warning: SetActiveLevelCollection attempted to use an out of date NetDriver: GameNetDriver
[2017.07.28-14.03.17:662][647]LogWorld:Warning: SetActiveLevelCollection attempted to use an out of date NetDriver: GameNetDriver
[2017.07.28-14.03.17:708][648]LogWorld:Warning: SetActiveLevelCollection attempted to use an out of date NetDriver: GameNetDriver
[2017.07.28-14.03.17:762][649]LogWorld:Warning: SetActiveLevelCollection attempted to use an out of date NetDriver: GameNetDriver
[2017.07.28-14.03.17:814][650]LogWorld:Warning: SetActiveLevelCollection attempted to use an out of date NetDriver: GameNetDriver
[2017.07.28-14.03.17:863][651]LogWorld:Warning: SetActiveLevelCollection attempted to use an out of date NetDriver: GameNetDriver
[2017.07.28-14.03.17:912][652]LogWorld:Warning: SetActiveLevelCollection attempted to use an out of date NetDriver: GameNetDriver
[2017.07.28-14.03.17:960][653]LogWorld:Warning: SetActiveLevelCollection attempted to use an out of date NetDriver: GameNetDriver
[2017.07.28-14.03.18:011][654]LogWorld:Warning: SetActiveLevelCollection attempted to use an out of date NetDriver: GameNetDriver
[2017.07.28-14.03.18:057][655]LogWorld:Warning: SetActiveLevelCollection attempted to use an out of date NetDriver: GameNetDriver
[2017.07.28-14.03.18:114][656]LogHandshake: SendChallengeResponse. Timestamp: 1.336722, Cookie: 102087184195221093051074018174085248051174178048089059080210
[2017.07.28-14.03.18:118][656]LogWorld:Warning: SetActiveLevelCollection attempted to use an out of date NetDriver: GameNetDriver
[2017.07.28-14.03.18:164][657]LogWorld:Warning: SetActiveLevelCollection attempted to use an out of date NetDriver: GameNetDriver
[2017.07.28-14.03.18:211][658]LogNet: Welcomed by server (Level: /Game/Maps/World_01, Game: /Game/Blueprints/BP_GameMode.BP_GameMode_C)
[2017.07.28-14.03.18:260][658]LogLoad: LoadMap: 192.168.1.14//Game/Maps/World_01?game=/Game/Blueprints/BP_GameMode.BP_GameMode_C
[2017.07.28-14.03.18:381][658]LogMemory: Platform Memory Stats for Windows
[2017.07.28-14.03.18:381][658]LogMemory: Process Physical Memory: 967.30 MB used, 1017.62 MB peak
[2017.07.28-14.03.18:381][658]LogMemory: Process Virtual Memory: 947.63 MB used, 1000.08 MB peak
[2017.07.28-14.03.18:381][658]LogMemory: Physical Memory: 5854.00 MB used,  2217.77 MB free, 8071.77 MB total
[2017.07.28-14.03.18:381][658]LogMemory: Virtual Memory: 1665.64 MB used,  2217.77 MB free, 134217728.00 MB total
[2017.07.28-14.03.18:381][658]LogMemory: 
[2017.07.28-14.03.18:381][658]Allocator Stats for TBB: (not implemented)
[2017.07.28-14.03.18:632][658]LogAIModule: Creating AISystem for world World_01
[2017.07.28-14.03.18:632][658]LogTemp:Display: ParseSettings for GameNetDriver
[2017.07.28-14.03.18:638][658]LogWorld: Bringing World /Game/Maps/World_01.World_01 up for play (max tick rate 0) at 2017.07.28-16.03.18
[2017.07.28-14.03.18:638][658]LogWorld: Bringing up level for play took: 0.005474
[2017.07.28-14.03.18:653][658]LogLoad: Took 0.392751 seconds to LoadMap(/Game/Maps/World_01)
[2017.07.28-14.03.55:294][244]LogNet:Warning: Network Failure: GameNetDriver[FailureReceived]: Host closed the connection.
[2017.07.28-14.03.55:294][244]LogNet: NetworkFailure: FailureReceived, Error: 'Host closed the connection.'
[2017.07.28-14.03.55:294][244]LogNet: UNetConnection::Close: [UNetConnection] RemoteAddr: 192.168.1.14:7777, Name: IpConnection_1, Driver: GameNetDriver IpNetDriver_1, IsServer: NO, PC: BP_PlayerController_C_0, Owner: BP_PlayerController_C_0, Channels: 9, Time: 2017.07.28-14.03.55
[2017.07.28-14.03.55:294][244]LogNet: UChannel::Close: Sending CloseBunch. ChIndex == 0. Name: [UChannel] ChIndex: 0, Closing: 0 [UNetConnection] RemoteAddr: 192.168.1.14:7777, Name: IpConnection_1, Driver: GameNetDriver IpNetDriver_1, IsServer: NO, PC: BP_PlayerController_C_0, Owner: BP_PlayerController_C_0
[2017.07.28-14.03.55:295][244]LogNet:Warning: Network Failure: GameNetDriver[ConnectionLost]: Your connection to the host has been lost.
[2017.07.28-14.03.55:295][244]LogNet: NetworkFailure: ConnectionLost, Error: 'Your connection to the host has been lost.'
[2017.07.28-14.03.55:349][245]LogNet: Browse: /Game/Maps/MenuMap?closed
[2017.07.28-14.03.55:349][245]LogNet: Failed; returning to Entry
[2017.07.28-14.03.55:412][245]LogLoad: LoadMap: /Game/Maps/MenuMap?closed
[2017.07.28-14.03.55:413][245]LogNet: World NetDriver shutdown IpNetDriver_1 [GameNetDriver]
[2017.07.28-14.03.55:413][245]LogNet: DestroyNamedNetDriver IpNetDriver_1 [GameNetDriver]
[2017.07.28-14.03.55:413][245]LogExit: GameNetDriver IpNetDriver_1 shut down
[2017.07.28-14.03.55:583][245]LogMemory: Platform Memory Stats for Windows
[2017.07.28-14.03.55:583][245]LogMemory: Process Physical Memory: 1045.61 MB used, 1093.59 MB peak
[2017.07.28-14.03.55:583][245]LogMemory: Process Virtual Memory: 1029.49 MB used, 1079.73 MB peak
[2017.07.28-14.03.55:583][245]LogMemory: Physical Memory: 5940.67 MB used,  2131.09 MB free, 8071.77 MB total
[2017.07.28-14.03.55:583][245]LogMemory: Virtual Memory: 1744.51 MB used,  2131.09 MB free, 134217728.00 MB total
[2017.07.28-14.03.55:583][245]LogMemory: 
[2017.07.28-14.03.55:583][245]Allocator Stats for TBB: (not implemented)
[2017.07.28-14.03.55:664][245]LogAIModule: Creating AISystem for world MenuMap
[2017.07.28-14.03.55:665][245]LogLoad: Game class is 'BP_GameMode_Menu_C'
[2017.07.28-14.03.55:666][245]LogWorld: Bringing World /Game/Maps/MenuMap.MenuMap up for play (max tick rate 0) at 2017.07.28-16.03.55
[2017.07.28-14.03.55:666][245]LogWorld: Bringing up level for play took: 0.000873
[2017.07.28-14.03.55:667][245]LogGameMode: FindPlayerStart: PATHS NOT DEFINED or NO PLAYERSTART with positive rating
[2017.07.28-14.03.55:671][245]LogLoad: Took 0.258989 seconds to LoadMap(/Game/Maps/MenuMap)
[2017.07.28-14.04.01:284][369]LogOnline:Warning: OSS: Cannot create session 'Game': session already exists.
[2017.07.28-14.04.01:284][369]LogBlueprintUserMessages: [BP_GameInstance_C_0] Could not create lobby
[2017.07.28-14.04.12:646][605]LogWindowsTextInputMethodSystem:Display: IME system now deactivated.
[2017.07.28-14.04.12:651][606]LogEngine: All Windows Closed
[2017.07.28-14.04.12:651][606]LogWindows: FPlatformMisc::RequestExit(0)
[2017.07.28-14.04.13:668][607]LogExit: Preparing to exit.
[2017.07.28-14.04.13:668][607]LogMoviePlayer: Shutting down movie player
[2017.07.28-14.04.14:590][607]LogExit: Game engine shut down
[2017.07.28-14.04.14:700][607]LogObj: Freed 0b from 0 cluster array pools.
[2017.07.28-14.04.14:700][607]LogExit: Object subsystem successfully closed.
[2017.07.28-14.04.14:715][607]LogD3D11RHI: Shutdown
[2017.07.28-14.04.14:715][607]LogD3D11RHI: CleanupD3DDevice
[2017.07.28-14.04.14:938][607]LogD3D11RHI: ~FD3D11DynamicRHI
[2017.07.28-14.04.14:967][607]LogModuleManager: Shutting down and abandoning module SequenceRecorderSections (298)
[2017.07.28-14.04.14:967][607]LogModuleManager: Shutting down and abandoning module SequenceRecorder (296)
[2017.07.28-14.04.14:967][607]LogModuleManager: Shutting down and abandoning module AutomationController (294)
[2017.07.28-14.04.14:968][607]LogModuleManager: Shutting down and abandoning module AutomationWorker (292)
[2017.07.28-14.04.14:968][607]LogModuleManager: Shutting down and abandoning module Voice (290)
[2017.07.28-14.04.14:968][607]LogModuleManager: Shutting down and abandoning module AIModule (288)
[2017.07.28-14.04.14:968][607]LogModuleManager: Shutting down and abandoning module GameplayDebugger (287)
[2017.07.28-14.04.14:968][607]LogModuleManager: Shutting down and abandoning module AITestSuite (285)
[2017.07.28-14.04.14:968][607]LogModuleManager: Shutting down and abandoning module WmfMediaFactory (282)
[2017.07.28-14.04.14:968][607]LogModuleManager: Shutting down and abandoning module AvfMediaFactory (280)
[2017.07.28-14.04.14:968][607]LogModuleManager: Shutting down and abandoning module AndroidMediaFactory (278)
[2017.07.28-14.04.14:968][607]LogModuleManager: Shutting down and abandoning module Media (277)
[2017.07.28-14.04.14:968][607]LogModuleManager: Shutting down and abandoning module CharacterAI (274)
[2017.07.28-14.04.14:968][607]LogModuleManager: Shutting down and abandoning module SessionServices (272)
[2017.07.28-14.04.14:968][607]LogModuleManager: Shutting down and abandoning module MovieSceneCapture (270)
[2017.07.28-14.04.14:968][607]LogModuleManager: Shutting down and abandoning module MovieSceneTracks (268)
[2017.07.28-14.04.14:968][607]LogModuleManager: Shutting down and abandoning module MovieScene (266)
[2017.07.28-14.04.14:968][607]LogModuleManager: Shutting down and abandoning module GeometryCache (264)
[2017.07.28-14.04.14:968][607]LogModuleManager: Shutting down and abandoning module GeometryCacheEd (263)
[2017.07.28-14.04.14:968][607]LogModuleManager: Shutting down and abandoning module Niagara (260)
[2017.07.28-14.04.14:968][607]LogModuleManager: Shutting down and abandoning module NiagaraEditor (259)
[2017.07.28-14.04.14:968][607]LogModuleManager: Shutting down and abandoning module StreamingPauseRendering (256)
[2017.07.28-14.04.14:968][607]LogModuleManager: Shutting down and abandoning module PortalServices (254)
[2017.07.28-14.04.14:968][607]LogModuleManager: Shutting down and abandoning module PortalRpc (252)
[2017.07.28-14.04.14:968][607]LogModuleManager: Shutting down and abandoning module MessagingRpc (250)
[2017.07.28-14.04.14:968][607]LogModuleManager: Shutting down and abandoning module ProfilerService (248)
[2017.07.28-14.04.15:207][607]LogModuleManager: Shutting down and abandoning module TaskGraph (246)
[2017.07.28-14.04.15:207][607]LogModuleManager: Shutting down and abandoning module SteamVRController (244)
[2017.07.28-14.04.15:207][607]LogModuleManager: Shutting down and abandoning module SteamVR (242)
[2017.07.28-14.04.15:207][607]LogModuleManager: Shutting down and abandoning module ProceduralMeshComponent (240)
[2017.07.28-14.04.15:207][607]LogModuleManager: Shutting down and abandoning module OculusLibrary (238)
[2017.07.28-14.04.15:207][607]LogModuleManager: Shutting down and abandoning module OculusInput (236)
[2017.07.28-14.04.15:207][607]LogModuleManager: Shutting down and abandoning module MobilePatchingUtils (234)
[2017.07.28-14.04.15:207][607]LogModuleManager: Shutting down and abandoning module CustomMeshComponent (232)
[2017.07.28-14.04.15:207][607]LogModuleManager: Shutting down and abandoning module CableComponent (230)
[2017.07.28-14.04.15:207][607]LogModuleManager: Shutting down and abandoning module ArchVisCharacter (228)
[2017.07.28-14.04.15:207][607]LogModuleManager: Shutting down and abandoning module AndroidPermission (226)
[2017.07.28-14.04.15:207][607]LogModuleManager: Shutting down and abandoning module HTML5Networking (224)
[2017.07.28-14.04.15:207][607]LogModuleManager: Shutting down and abandoning module VisualStudioSourceCodeAccess (222)
[2017.07.28-14.04.15:207][607]LogModuleManager: Shutting down and abandoning module DesktopPlatform (221)
[2017.07.28-14.04.15:207][607]LogModuleManager: Shutting down and abandoning module HotReload (219)
[2017.07.28-14.04.15:208][607]LogModuleManager: Shutting down and abandoning module UObjectPlugin (216)
[2017.07.28-14.04.15:208][607]LogModuleManager: Shutting down and abandoning module SubversionSourceControl (214)
[2017.07.28-14.04.15:208][607]LogModuleManager: Shutting down and abandoning module PerforceSourceControl (212)
[2017.07.28-14.04.15:208][607]LogModuleManager: Shutting down and abandoning module SourceControl (211)
[2017.07.28-14.04.15:208][607]LogModuleManager: Shutting down and abandoning module PhysXVehiclesEditor (208)
[2017.07.28-14.04.15:208][607]LogModuleManager: Shutting down and abandoning module PhysXVehicles (206)
[2017.07.28-14.04.15:208][607]LogModuleManager: Shutting down and abandoning module LocationServicesBPLibrary (204)
[2017.07.28-14.04.15:208][607]LogModuleManager: Shutting down and abandoning module ImmediatePhysicsEditor (202)
[2017.07.28-14.04.15:208][607]LogModuleManager: Shutting down and abandoning module ImmediatePhysics (200)
[2017.07.28-14.04.15:208][607]LogModuleManager: Shutting down and abandoning module UdpMessaging (198)
[2017.07.28-14.04.15:309][607]LogModuleManager: Shutting down and abandoning module TcpMessaging (196)
[2017.07.28-14.04.15:410][607]LogModuleManager: Shutting down and abandoning module GameplayTagsEditor (194)
[2017.07.28-14.04.15:410][607]LogModuleManager: Shutting down and abandoning module FacialAnimation (192)
[2017.07.28-14.04.15:410][607]LogModuleManager: Shutting down and abandoning module AssetManagerEditor (190)
[2017.07.28-14.04.15:410][607]LogModuleManager: Shutting down and abandoning module GraphEditor (189)
[2017.07.28-14.04.15:410][607]LogModuleManager: Shutting down and abandoning module ContentBrowser (187)
[2017.07.28-14.04.15:410][607]LogModuleManager: Shutting down and abandoning module CollectionManager (186)
[2017.07.28-14.04.15:410][607]LogDirectoryWatcher: A directory notification for 'C:/Users/Fucking WIN8/Documents/GitHub/RTS/RTS/Content/Collections/' was aborted.
[2017.07.28-14.04.15:410][607]LogDirectoryWatcher: A directory notification for 'C:/Users/Fucking WIN8/Documents/GitHub/RTS/RTS/Content/Developers/FuckingWIN8/Collections/' was aborted.
[2017.07.28-14.04.15:410][607]LogDirectoryWatcher: A directory notification for 'C:/Users/Fucking WIN8/Documents/GitHub/RTS/RTS/Saved/Collections/' was aborted.
[2017.07.28-14.04.15:410][607]LogModuleManager: Shutting down and abandoning module DirectoryWatcher (185)
[2017.07.28-14.04.15:410][607]LogModuleManager: Shutting down and abandoning module LightPropagationVolumeRuntime (180)
[2017.07.28-14.04.15:410][607]LogModuleManager: Shutting down and abandoning module Paper2D (178)
[2017.07.28-14.04.15:410][607]LogModuleManager: Shutting down and abandoning module WindowsMoviePlayer (176)
[2017.07.28-14.04.15:410][607]LogModuleManager: Shutting down and abandoning module WmfMedia (174)
[2017.07.28-14.04.15:411][607]LogModuleManager: Shutting down and abandoning module ClothingSystemEditor (172)
[2017.07.28-14.04.15:411][607]LogModuleManager: Shutting down and abandoning module ClothingSystemRuntime (170)
[2017.07.28-14.04.15:411][607]LogModuleManager: Shutting down and abandoning module MediaAssets (168)
[2017.07.28-14.04.15:411][607]LogModuleManager: Shutting down and abandoning module GameLiveStreaming (166)
[2017.07.28-14.04.15:411][607]LogModuleManager: Shutting down and abandoning module VREditor (164)
[2017.07.28-14.04.15:411][607]LogModuleManager: Shutting down and abandoning module StringTableEditor (162)
[2017.07.28-14.04.15:411][607]LogModuleManager: Shutting down and abandoning module GameplayTasksEditor (160)
[2017.07.28-14.04.15:411][607]LogModuleManager: Shutting down and abandoning module BehaviorTreeEditor (158)
[2017.07.28-14.04.15:411][607]LogModuleManager: Shutting down and abandoning module FunctionalTesting (156)
[2017.07.28-14.04.15:411][607]LogModuleManager: Shutting down and abandoning module CollisionAnalyzer (154)
[2017.07.28-14.04.15:411][607]LogModuleManager: Shutting down and abandoning module UMG (152)
[2017.07.28-14.04.15:411][607]LogModuleManager: Shutting down and abandoning module UMGEditor (151)
[2017.07.28-14.04.15:411][607]LogModuleManager: Shutting down and abandoning module Sequencer (150)
[2017.07.28-14.04.15:411][607]LogModuleManager: Shutting down and abandoning module AssetTools (148)
[2017.07.28-14.04.15:411][607]LogModuleManager: Shutting down and abandoning module MessageLog (147)
[2017.07.28-14.04.15:411][607]LogModuleManager: Shutting down and abandoning module WorkspaceMenuStructure (146)
[2017.07.28-14.04.15:411][607]LogModuleManager: Shutting down and abandoning module SlateReflector (140)
[2017.07.28-14.04.15:411][607]LogModuleManager: Shutting down and abandoning module Slate (138)
[2017.07.28-14.04.15:411][607]LogModuleManager: Shutting down and abandoning module EditorStyle (136)
[2017.07.28-14.04.15:415][607]LogModuleManager: Shutting down and abandoning module Messaging (134)
[2017.07.28-14.04.15:415][607]LogModuleManager: Shutting down and abandoning module SourceCodeAccess (132)
[2017.07.28-14.04.15:415][607]LogModuleManager: Shutting down and abandoning module HeadMountedDisplay (130)
[2017.07.28-14.04.15:415][607]LogModuleManager: Shutting down and abandoning module XAudio2 (128)
[2017.07.28-14.04.15:415][607]LogModuleManager: Shutting down and abandoning module Networking (126)
[2017.07.28-14.04.15:415][607]LogModuleManager: Shutting down and abandoning module Core (124)
[2017.07.28-14.04.15:415][607]LogModuleManager: Shutting down and abandoning module KismetCompiler (122)
[2017.07.28-14.04.15:415][607]LogModuleManager: Shutting down and abandoning module LevelSequence (120)
[2017.07.28-14.04.15:415][607]LogModuleManager: Shutting down and abandoning module PhysXFormats (118)
[2017.07.28-14.04.15:415][607]LogModuleManager: Shutting down and abandoning module MeshUtilities (116)
[2017.07.28-14.04.15:415][607]LogModuleManager: Shutting down and abandoning module SimplygonSwarm (115)
[2017.07.28-14.04.15:415][607]LogModuleManager: Shutting down and abandoning module SimplygonMeshReduction (113)
[2017.07.28-14.04.15:415][607]LogModuleManager: Shutting down and abandoning module QuadricMeshReduction (111)
[2017.07.28-14.04.15:415][607]LogModuleManager: Shutting down and abandoning module AssetRegistry (108)
[2017.07.28-14.04.15:416][607]LogModuleManager: Shutting down and abandoning module DerivedDataCache (106)
[2017.07.28-14.04.15:867][607]LogDerivedDataCache: Shutdown
[2017.07.28-14.04.15:867][607]LogModuleManager: Shutting down and abandoning module TargetPlatform (104)
[2017.07.28-14.04.15:867][607]LogModuleManager: Shutting down and abandoning module VulkanShaderFormat (103)
[2017.07.28-14.04.15:867][607]LogModuleManager: Shutting down and abandoning module ShaderFormatVectorVM (101)
[2017.07.28-14.04.15:867][607]LogModuleManager: Shutting down and abandoning module ShaderFormatOpenGL (99)
[2017.07.28-14.04.15:867][607]LogModuleManager: Shutting down and abandoning module ShaderFormatD3D (97)
[2017.07.28-14.04.15:867][607]LogModuleManager: Shutting down and abandoning module MetalShaderFormat (95)
[2017.07.28-14.04.15:867][607]LogModuleManager: Shutting down and abandoning module TextureFormatUncompressed (93)
[2017.07.28-14.04.15:867][607]LogModuleManager: Shutting down and abandoning module TextureFormatPVR (91)
[2017.07.28-14.04.15:867][607]LogModuleManager: Shutting down and abandoning module TextureFormatDXT (89)
[2017.07.28-14.04.15:867][607]LogModuleManager: Shutting down and abandoning module TextureFormatIntelISPCTexComp (87)
[2017.07.28-14.04.15:867][607]LogModuleManager: Shutting down and abandoning module TextureFormatASTC (85)
[2017.07.28-14.04.15:867][607]LogModuleManager: Shutting down and abandoning module ImageWrapper (84)
[2017.07.28-14.04.15:867][607]LogModuleManager: Shutting down and abandoning module TextureFormatAndroid (81)
[2017.07.28-14.04.15:867][607]LogModuleManager: Shutting down and abandoning module AudioFormatOpus (79)
[2017.07.28-14.04.15:867][607]LogModuleManager: Shutting down and abandoning module AudioFormatOgg (77)
[2017.07.28-14.04.15:867][607]LogModuleManager: Shutting down and abandoning module AudioFormatADPCM (75)
[2017.07.28-14.04.15:867][607]LogModuleManager: Shutting down and abandoning module WindowsTargetPlatform (73)
[2017.07.28-14.04.15:867][607]LogModuleManager: Shutting down and abandoning module WindowsServerTargetPlatform (71)
[2017.07.28-14.04.15:867][607]LogModuleManager: Shutting down and abandoning module WindowsNoEditorTargetPlatform (69)
[2017.07.28-14.04.15:867][607]LogModuleManager: Shutting down and abandoning module WindowsClientTargetPlatform (67)
[2017.07.28-14.04.15:867][607]LogModuleManager: Shutting down and abandoning module InputCore (64)
[2017.07.28-14.04.15:867][607]LogModuleManager: Shutting down and abandoning module Settings (62)
[2017.07.28-14.04.15:867][607]LogModuleManager: Shutting down and abandoning module OculusRift (60)
[2017.07.28-14.04.15:867][607]LogModuleManager: Shutting down and abandoning module GearVRController (58)
[2017.07.28-14.04.15:867][607]LogModuleManager: Shutting down and abandoning module GearVR (56)
[2017.07.28-14.04.15:867][607]LogModuleManager: Shutting down and abandoning module ExampleDeviceProfileSelector (54)
[2017.07.28-14.04.15:867][607]LogModuleManager: Shutting down and abandoning module OnlineBlueprintSupport (52)
[2017.07.28-14.04.15:867][607]LogModuleManager: Shutting down and abandoning module OnlineSubsystem (48)
[2017.07.28-14.04.15:867][607]LogOnline:Display: OSS: FOnlineSubsystemNull::Shutdown()
[2017.07.28-14.04.15:867][607]LogOnline:Display: OSS: FOnlineAsyncTaskManager::Stop() ActiveTask:0000000000000000 Tasks[0/0]
[2017.07.28-14.04.15:868][607]LogOnline:Display: OSS: FOnlineAsyncTaskManager::Exit() started
[2017.07.28-14.04.15:868][607]LogOnline:Display: OSS: FOnlineAsyncTaskManager::Exit() finished
[2017.07.28-14.04.15:868][607]LogOnline:Display: Unloading online subsystem: NULL
[2017.07.28-14.04.15:868][607]LogModuleManager: Shutting down and abandoning module XMPP (43)
[2017.07.28-14.04.15:868][607]LogModuleManager: Shutting down and abandoning module HTTP (41)
[2017.07.28-14.04.15:881][607]LogModuleManager: Shutting down and abandoning module SSL (40)
[2017.07.28-14.04.15:884][607]LogModuleManager: Shutting down and abandoning module HTTPChunkInstaller (36)
[2017.07.28-14.04.15:884][607]LogModuleManager: Shutting down and abandoning module AnimationModifiers (34)
[2017.07.28-14.04.15:884][607]LogModuleManager: Shutting down and abandoning module PropertyEditor (33)
[2017.07.28-14.04.15:884][607]LogModuleManager: Shutting down and abandoning module AudioEditor (30)
[2017.07.28-14.04.15:884][607]LogModuleManager: Shutting down and abandoning module TextureCompressor (28)
[2017.07.28-14.04.15:884][607]LogModuleManager: Shutting down and abandoning module ShaderCore (26)
[2017.07.28-14.04.15:884][607]LogModuleManager: Shutting down and abandoning module Landscape (24)
[2017.07.28-14.04.15:884][607]LogModuleManager: Shutting down and abandoning module SlateRHIRenderer (22)
[2017.07.28-14.04.15:884][607]LogModuleManager: Shutting down and abandoning module OpenGLDrv (20)
[2017.07.28-14.04.15:884][607]LogModuleManager: Shutting down and abandoning module D3D11RHI (18)
[2017.07.28-14.04.15:884][607]LogModuleManager: Shutting down and abandoning module AnimGraphRuntime (16)
[2017.07.28-14.04.15:885][607]LogModuleManager: Shutting down and abandoning module Renderer (14)
[2017.07.28-14.04.15:885][607]LogModuleManager: Shutting down and abandoning module Engine (12)
[2017.07.28-14.04.15:885][607]LogModuleManager: Shutting down and abandoning module CoreUObject (10)
[2017.07.28-14.04.15:885][607]LogModuleManager: Shutting down and abandoning module NetworkFile (8)
[2017.07.28-14.04.15:885][607]LogModuleManager: Shutting down and abandoning module StreamingFile (6)
[2017.07.28-14.04.15:885][607]LogModuleManager: Shutting down and abandoning module SandboxFile (4)
[2017.07.28-14.04.15:885][607]LogModuleManager: Shutting down and abandoning module PakFile (2)
[2017.07.28-14.04.15:886][607]LogExit: Exiting.
[2017.07.28-14.04.15:889][607]Log file closed, 07/28/17 16:04:15
>>>>>>> 4ad186426901db4c79aeecd7dc97dd0435a1e129
