Log file open, 07/28/17 12:11:57
LogInit:Display: Running engine for game: RTS
LogPlatformFile: Not using cached read wrapper
LogInit:Display: RandInit(139698910) SRandInit(139698910).
LogTaskGraph: Started task graph with 5 named threads and 6 total threads with 1 sets of task threads.
LogStats: Stats thread started at 0.132517
LogInit: Using libcurl 7.47.1
LogInit:  - built for x86_64-pc-win32
LogInit:  - supports SSL with OpenSSL/1.0.2g
LogInit:  - supports HTTP deflate (compression) using libz 1.2.8
LogInit:  - other features:
LogInit:      CURL_VERSION_SSL
LogInit:      CURL_VERSION_LIBZ
LogInit:      CURL_VERSION_IPV6
LogInit:      CURL_VERSION_ASYNCHDNS
LogInit:      CURL_VERSION_LARGEFILE
LogInit:      CURL_VERSION_IDN
LogInit:  CurlRequestOptions (configurable via config and command line):
LogInit:  - bVerifyPeer = false  - Libcurl will NOT verify peer certificate
LogInit:  - bUseHttpProxy = false  - Libcurl will NOT use HTTP proxy
LogInit:  - bDontReuseConnections = false  - Libcurl will reuse connections
LogInit:  - CertBundlePath = nullptr  - Libcurl will use whatever was configured at build time.
LogInit: WinSock: version 1.1 (2.2), MaxSocks=32767, MaxUdp=65467
LogInit: Build: ++UE4+Release-4.16-CL-3514769
LogInit: Engine Version: 4.16.2-3514769+++UE4+Release-4.16
LogInit: Compatible Engine Version: 4.16.0-3452394+++UE4+Release-4.16
LogInit: Net CL: 3452394
LogDevObjectVersion: Number of dev versions registered: 16
LogDevObjectVersion:   Dev-Blueprints (B0D832E4-1F89-4F0D-ACCF-7EB736FD4AA2): 9
LogDevObjectVersion:   Dev-Build (E1C64328-A22C-4D53-A36C-8E866417BD8C): 0
LogDevObjectVersion:   Dev-Core (375EC13C-06E4-48FB-B500-84F0262A717E): 2
LogDevObjectVersion:   Dev-Editor (E4B068ED-F494-42E9-A231-DA0B2E46BB41): 17
LogDevObjectVersion:   Dev-Framework (CFFC743F-43B0-4480-9391-14DF171D2073): 23
LogDevObjectVersion:   Dev-Mobile (B02B49B5-BB20-44E9-A304-32B752E40360): 0
LogDevObjectVersion:   Dev-Networking (A4E4105C-59A1-49B5-A7C5-40C4547EDFEE): 0
LogDevObjectVersion:   Dev-Online (39C831C9-5AE6-47DC-9A44-9C173E1C8E7C): 0
LogDevObjectVersion:   Dev-Physics (78F01B33-EBEA-4F98-B9B4-84EACCB95AA2): 0
LogDevObjectVersion:   Dev-Platform (6631380F-2D4D-43E0-8009-CF276956A95A): 0
LogDevObjectVersion:   Dev-Rendering (12F88B9F-8875-4AFC-A67C-D90C383ABD29): 15
LogDevObjectVersion:   Dev-Sequencer (7B5AE74C-D270-4C10-A958-57980B212A5A): 4
LogDevObjectVersion:   Dev-VR (D7296918-1DD6-4BDD-9DE2-64A83CC13884): 0
LogDevObjectVersion:   Dev-LoadTimes (C2A15278-BFE7-4AFE-6C17-90FF531DF755): 1
LogDevObjectVersion:   Private-Geometry (6EACA3D4-40EC-4CC1-B786-8BED09428FC5): 1
LogDevObjectVersion:   Dev-AnimPhys (29E575DD-E0A3-4627-9D10-D276232CDCEA): 3
LogInit: Compiled (64-bit): Jun 29 2017 02:03:24
LogInit: Compiled with Visual C++: 19.00.24215.01
LogInit: Build Configuration: Development
LogInit: Branch Name: ++UE4+Release-4.16
LogInit: Command line:  
LogInit: Base directory: C:/Program Files/Epic Games/UE_4.16/Engine/Binaries/Win64/
LogInit: Installed Engine Build: 1
LogInit: Presizing for max 8388607 objects, including 0 objects not considered by GC, pre-allocating 0 bytes for permanent pool.
LogInit: Object subsystem initialized
[2017.07.28-10.12.01:152][  0]LogInit: Selected Device Profile: [Windows]
[2017.07.28-10.12.01:152][  0]LogInit: Applying CVar settings loaded from the selected device profile: [Windows]
[2017.07.28-10.12.01:309][  0]LogInit: Computer: AWESOME-X1
[2017.07.28-10.12.01:309][  0]LogInit: User: FuckingWIN8
[2017.07.28-10.12.01:309][  0]LogInit: CPU Page size=4096, Cores=2
[2017.07.28-10.12.01:309][  0]LogInit: High frequency timer resolution =2.630635 MHz
[2017.07.28-10.12.01:310][  0]LogMemory: Memory total: Physical=7.9GB (8GB approx)
[2017.07.28-10.12.01:310][  0]LogMemory: Platform Memory Stats for Windows
[2017.07.28-10.12.01:310][  0]LogMemory: Process Physical Memory: 272.68 MB used, 272.68 MB peak
[2017.07.28-10.12.01:310][  0]LogMemory: Process Virtual Memory: 258.85 MB used, 258.85 MB peak
[2017.07.28-10.12.01:310][  0]LogMemory: Physical Memory: 4836.88 MB used,  3234.88 MB free, 8071.77 MB total
[2017.07.28-10.12.01:311][  0]LogMemory: Virtual Memory: 636.29 MB used,  3234.88 MB free, 134217728.00 MB total
[2017.07.28-10.12.01:864][  0]LogInit: Using OS detected language (da-DK).
[2017.07.28-10.12.01:864][  0]LogInit: Using OS detected locale (da-DK).
[2017.07.28-10.12.02:182][  0]LogTextLocalizationManager: No localization for 'da-DK' exists, so 'en' will be used for the language.
[2017.07.28-10.12.02:184][  0]LogTextLocalizationManager: No localization for 'da-DK' exists, so 'en' will be used for the locale.
[2017.07.28-10.12.17:894][  0]LogD3D11RHI: D3D11 adapters:
[2017.07.28-10.12.17:923][  0]LogD3D11RHI:    0. 'Intel(R) HD Graphics Family' (Feature Level 11_0)
[2017.07.28-10.12.17:923][  0]LogD3D11RHI:       112/0/2048 MB DedicatedVideo/DedicatedSystem/SharedSystem, Outputs:1, VendorId:0x8086
[2017.07.28-10.12.17:933][  0]LogD3D11RHI:    1. 'Microsoft Basic Render Driver' (Feature Level 11_0)
[2017.07.28-10.12.17:933][  0]LogD3D11RHI:       0/0/4035 MB DedicatedVideo/DedicatedSystem/SharedSystem, Outputs:0, VendorId:0x1414
[2017.07.28-10.12.17:933][  0]LogD3D11RHI: Chosen D3D11 Adapter: 0
[2017.07.28-10.12.17:953][  0]LogD3D11RHI: Creating new Direct3DDevice
[2017.07.28-10.12.17:953][  0]LogD3D11RHI:     GPU DeviceId: 0xa16 (for the marketing name, search the web for "GPU Device Id")
[2017.07.28-10.12.17:953][  0]LogWindows: EnumDisplayDevices:
[2017.07.28-10.12.17:954][  0]LogWindows:    0. 'Intel(R) HD Graphics Family' (P:1 D:1)
[2017.07.28-10.12.17:955][  0]LogWindows:    1. 'Intel(R) HD Graphics Family' (P:0 D:0)
[2017.07.28-10.12.17:956][  0]LogWindows:    2. 'Intel(R) HD Graphics Family' (P:0 D:0)
[2017.07.28-10.12.17:956][  0]LogWindows: DebugString: FoundDriverCount:3 
[2017.07.28-10.12.17:956][  0]LogD3D11RHI:     Adapter Name: Intel(R) HD Graphics Family
[2017.07.28-10.12.17:956][  0]LogD3D11RHI:   Driver Version: 20.19.15.4531 (internal:20.19.15.4531, unified:20.19.15.4531)
[2017.07.28-10.12.17:956][  0]LogD3D11RHI:      Driver Date: 9-29-2016
[2017.07.28-10.12.17:956][  0]LogRHI: Texture pool is 795 MB (70% of 1136 MB)
[2017.07.28-10.12.17:973][  0]LogD3D11RHI: Async texture creation enabled
[2017.07.28-10.12.17:999][  0]LogD3D11RHI: GPU Timing Frequency: 12.500000 (Debug: 2 0)
[2017.07.28-10.12.18:003][  0]LogShaderCompilers: Guid format shader working directory is -7 characters bigger than the processId version (../../../../../../Users/Fucking WIN8/Documents/GitHub/RTS/RTS/Intermediate/Shaders/WorkingDirectory/700/).
[2017.07.28-10.12.18:003][  0]LogShaderCompilers: Cleaned the shader compiler working directory 'C:/Users/Fucking WIN8/AppData/Local/Temp/UnrealShaderWorkingDir/830B13364C6DB779B02E6680D20DD91D/'.
[2017.07.28-10.12.18:003][  0]LogShaderCompilers:Display: Using Local Shader Compiler.
[2017.07.28-10.12.30:422][  0]LogTemp:Display: Loaded TP AllDesktopTargetPlatform
[2017.07.28-10.12.30:804][  0]LogTemp:Display: Loaded TP MacClientTargetPlatform
[2017.07.28-10.12.31:308][  0]LogTemp:Display: Loaded TP MacNoEditorTargetPlatform
[2017.07.28-10.12.31:676][  0]LogTemp:Display: Loaded TP MacServerTargetPlatform
[2017.07.28-10.12.32:031][  0]LogTemp:Display: Loaded TP MacTargetPlatform
[2017.07.28-10.12.32:421][  0]LogTemp:Display: Loaded TP WindowsClientTargetPlatform
[2017.07.28-10.12.32:783][  0]LogTemp:Display: Loaded TP WindowsNoEditorTargetPlatform
[2017.07.28-10.12.33:177][  0]LogTemp:Display: Loaded TP WindowsServerTargetPlatform
[2017.07.28-10.12.33:678][  0]LogTemp:Display: Loaded TP WindowsTargetPlatform
[2017.07.28-10.12.34:122][  0]LogTemp:Display: Loaded TP AndroidTargetPlatform
[2017.07.28-10.12.34:504][  0]LogTemp:Display: Loaded TP Android_ASTCTargetPlatform
[2017.07.28-10.12.34:880][  0]LogTemp:Display: Loaded TP Android_ATCTargetPlatform
[2017.07.28-10.12.35:227][  0]LogTemp:Display: Loaded TP Android_DXTTargetPlatform
[2017.07.28-10.12.35:613][  0]LogTemp:Display: Loaded TP Android_ETC1TargetPlatform
[2017.07.28-10.12.36:054][  0]LogTemp:Display: Loaded TP Android_ETC2TargetPlatform
[2017.07.28-10.12.36:818][  0]LogTemp:Display: Loaded TP Android_MultiTargetPlatform
[2017.07.28-10.12.36:818][  0]LogTemp:Display: Loaded TP Android_PVRTCTargetPlatform
[2017.07.28-10.12.37:098][  0]LogTemp:Display: Loaded TP HTML5TargetPlatform
[2017.07.28-10.12.37:681][  0]LogTemp:Display: Loaded TP IOSTargetPlatform
[2017.07.28-10.12.37:901][  0]LogTemp:Display: Loaded TP TVOSTargetPlatform
[2017.07.28-10.12.38:234][  0]LogTemp:Display: Loaded TP LinuxClientTargetPlatform
[2017.07.28-10.12.38:612][  0]LogTemp:Display: Loaded TP LinuxNoEditorTargetPlatform
[2017.07.28-10.12.38:986][  0]LogTemp:Display: Loaded TP LinuxServerTargetPlatform
[2017.07.28-10.12.39:426][  0]LogTemp:Display: Loaded TP LinuxTargetPlatform
[2017.07.28-10.12.39:427][  0]LogTargetPlatformManager:Display: Building Assets For Windows
[2017.07.28-10.12.44:426][  0]LogDerivedDataCache:Display: Max Cache Size: 512 MB
[2017.07.28-10.12.45:639][  0]LogDerivedDataCache: Loaded boot cache 1.20s 90MB C:/Users/Fucking WIN8/AppData/Local/UnrealEngine/4.16/DerivedDataCache/Boot.ddc.
[2017.07.28-10.12.45:639][  0]LogDerivedDataCache:Display: Loaded Boot cache: C:/Users/Fucking WIN8/AppData/Local/UnrealEngine/4.16/DerivedDataCache/Boot.ddc
[2017.07.28-10.12.45:640][  0]LogDerivedDataCache: FDerivedDataBackendGraph:  Pak pak cache file ../../../../../../Users/Fucking WIN8/Documents/GitHub/RTS/RTS/DerivedDataCache/DDC.ddp not found, will not use a pak cache.
[2017.07.28-10.12.45:640][  0]LogDerivedDataCache: Unable to find inner node Pak for hierarchical cache Hierarchy.
[2017.07.28-10.12.45:640][  0]LogDerivedDataCache: FDerivedDataBackendGraph:  CompressedPak pak cache file ../../../../../../Users/Fucking WIN8/Documents/GitHub/RTS/RTS/DerivedDataCache/Compressed.ddp not found, will not use a pak cache.
[2017.07.28-10.12.45:640][  0]LogDerivedDataCache: Unable to find inner node CompressedPak for hierarchical cache Hierarchy.
[2017.07.28-10.12.45:780][  0]LogDerivedDataCache:Display: Pak cache opened for reading ../../../Engine/DerivedDataCache/Compressed.ddp.
[2017.07.28-10.12.45:797][  0]LogDerivedDataCache: Using Local data cache path C:/Users/Fucking WIN8/AppData/Local/UnrealEngine/Common/DerivedDataCache: Writable
[2017.07.28-10.12.45:862][  0]LogMaterial: Verifying Global Shaders for PCD3D_SM5
[2017.07.28-10.12.45:863][  0]LogSlate: Using Freetype 2.6.0
[2017.07.28-10.12.45:922][  0]LogSlate: SlateFontCache - WITH_FREETYPE: 1, WITH_HARFBUZZ: 1
[2017.07.28-10.12.45:922][  0]LogSlate: SlateFontCache - WITH_FREETYPE: 1, WITH_HARFBUZZ: 1
[2017.07.28-10.12.49:491][  0]LogInit: Selected Device Profile: [Windows]
[2017.07.28-10.12.50:537][  0]LogContentStreaming: Texture pool size is 0.00 MB
[2017.07.28-10.12.51:977][  0]LogMeshUtilities: Using QuadricMeshReduction for automatic static mesh reduction
[2017.07.28-10.12.52:368][  0]LogSimplygon: Simplygon DLL not present - disabling.
[2017.07.28-10.12.52:730][  0]LogMeshUtilities: Using SimplygonSwarm for distributed automatic mesh merging
[2017.07.28-10.12.52:730][  0]LogMeshUtilities: No automatic skeletal mesh reduction module available
[2017.07.28-10.12.52:730][  0]LogMeshUtilities: No automatic mesh merging module available
[2017.07.28-10.12.56:946][  0]LogNetVersion: RTS , NetCL: 3452394, EngineNetVer: 2, GameNetVer: 0 (Checksum: 2270150060)
[2017.07.28-10.12.57:370][  0]LogAssetRegistry: FAssetRegistry took 0.0586 seconds to start up
[2017.07.28-10.12.57:811][  0]LogPackageLocalizationCache: Processed 4 localized package path(s) for 1 prioritized culture(s) in 0.237494 seconds
[2017.07.28-10.12.57:853][  0]LogUObjectArray: 34194 objects as part of root set at end of initial load.
[2017.07.28-10.12.57:853][  0]LogUObjectAllocator: 7260424 out of 0 bytes used by permanent object pool.
[2017.07.28-10.12.57:853][  0]LogUObjectArray: CloseDisregardForGC: 0/0 objects in disregard for GC pool
[2017.07.28-10.13.23:346][  0]LogTcpMessaging: Initializing TcpMessaging bridge
[2017.07.28-10.13.23:571][  0]LogUdpMessaging: Initializing bridge on interface 0.0.0.0:0 to multicast group 230.0.0.1:6666.
[2017.07.28-10.13.27:715][  0]LogMaterial: Uniform references updated for custom material expression Custom.
[2017.07.28-10.13.30:658][  0]SourceControl: Info Source control is disabled
[2017.07.28-10.13.31:151][  0]SourceControl: Info Source control is disabled
[2017.07.28-10.13.31:555][  0]SourceControl: Info Source control is disabled
[2017.07.28-10.13.31:910][  0]SourceControl: Info Source control is disabled
[2017.07.28-10.13.36:991][  0]LogAndroidPermission: UAndroidPermissionCallbackProxy::GetInstance
[2017.07.28-10.13.41:477][  0]LogEngine: Initializing Engine...
[2017.07.28-10.13.41:480][  0]LogHMD: Failed to initialize OpenVR with code 110
[2017.07.28-10.13.42:834][  0]LogStats: UGameplayTagsManager::ConstructGameplayTagTree: Construct from data asset -  0.000 s
[2017.07.28-10.13.42:834][  0]LogStats: UGameplayTagsManager::ConstructGameplayTagTree: GameplayTagTreeChangedEvent.Broadcast -  0.000 s
[2017.07.28-10.13.43:873][  0]LogAIModule: Creating AISystem for world Untitled
[2017.07.28-10.13.43:919][  0]LogInit: XAudio2 using 'Speaker/HP (Realtek High Definition Audio)' : 2 channels at 48 kHz using 32 bits per sample (channel mask 0x3)
[2017.07.28-10.13.44:008][  0]LogInit: FAudioDevice initialized.
[2017.07.28-10.13.44:241][  0]LogDerivedDataCache: Saved boot cache 0.23s 90MB C:/Users/Fucking WIN8/AppData/Local/UnrealEngine/4.16/DerivedDataCache/Boot.ddc.
[2017.07.28-10.13.44:294][  0]LogInit: Texture streaming: Enabled
[2017.07.28-10.13.45:248][  0]LogEngineSessionManager: EngineSessionManager initialized
[2017.07.28-10.13.47:164][  0]LogInit: Transaction tracking system initialized
[2017.07.28-10.13.50:015][  0]BlueprintLog: New page: Editor Load
[2017.07.28-10.13.53:007][  0]LocalizationService: Info Localization service is disabled
[2017.07.28-10.13.54:956][  0]LogConsoleResponse:Display: 
[2017.07.28-10.13.55:512][  0]LogCook:Display: Max memory allowance for cook 16384mb min free memory 0mb
[2017.07.28-10.13.55:512][  0]LogCook:Display: Mobile HDR setting 1
[2017.07.28-10.13.55:664][  0]LogFileCache: Scanning file cache for directory 'C:/Users/Fucking WIN8/Documents/GitHub/RTS/RTS/Content/' took 0.03s
[2017.07.28-10.13.59:310][  0]SourceControl: Info Source control is disabled
[2017.07.28-10.13.59:310][  0]Cmd: MAP LOAD FILE="../../../Engine/Content/Maps/Templates/Template_Default.umap" TEMPLATE=1 SHOWPROGRESS=1 FEATURELEVEL=3
[2017.07.28-10.13.59:320][  0]LightingResults: New page: Lighting Build
[2017.07.28-10.13.59:438][  0]MapCheck: New page: Map Check
[2017.07.28-10.13.59:438][  0]LightingResults: New page: Lighting Build
[2017.07.28-10.14.00:013][  0]LogAIModule: Creating AISystem for world Untitled_1
[2017.07.28-10.14.00:014][  0]LogActorComponent: RegisterComponentWithWorld: (/Temp/Untitled_1.Untitled_1:PersistentLevel.WorldSettings_1.StaticMeshComponent0) Trying to register component with IsPendingKill() == true. Aborting.
[2017.07.28-10.14.00:024][  0]LogEditorServer: Finished looking for orphan Actors (0.001 secs)
[2017.07.28-10.14.00:078][  0]Cmd: MAP CHECKDEP NOCLEARLOG
[2017.07.28-10.14.00:179][  0]MapCheck: Info Map check complete: 0 Error(s), 0 Warning(s), took 101.109ms to complete.
[2017.07.28-10.14.00:179][  0]LogFileHelpers: Loading map 'Template_Default' took 0.870
[2017.07.28-10.14.00:476][  0]LogCollectionManager: Loaded 0 collections in 0.014262 seconds
[2017.07.28-10.14.00:637][  0]LogFileCache: Scanning file cache for directory 'C:/Users/Fucking WIN8/Documents/GitHub/RTS/RTS/Saved/Collections/' took 0.01s
[2017.07.28-10.14.00:637][  0]LogFileCache: Scanning file cache for directory 'C:/Users/Fucking WIN8/Documents/GitHub/RTS/RTS/Content/Developers/FuckingWIN8/Collections/' took 0.01s
[2017.07.28-10.14.00:637][  0]LogFileCache: Scanning file cache for directory 'C:/Users/Fucking WIN8/Documents/GitHub/RTS/RTS/Content/Collections/' took 0.02s
[2017.07.28-10.14.00:637][  0]LogCollectionManager: Rebuilt the GUID cache for 0 collections in 0.000002 seconds
[2017.07.28-10.14.00:658][  0]LogContentBrowser: Native class hierarchy populated in 0.0203 seconds. Added 2329 classes and 491 folders.
[2017.07.28-10.14.00:816][  0]LogContentBrowser: Native class hierarchy updated for 'WidgetCarousel' in 0.0014 seconds. Added 0 classes and 0 folders.
[2017.07.28-10.14.01:372][  0]LogContentBrowser: Native class hierarchy updated for 'AddContentDialog' in 0.0008 seconds. Added 0 classes and 0 folders.
[2017.07.28-10.14.01:478][  0]LogContentBrowser: Native class hierarchy updated for 'SceneOutliner' in 0.0014 seconds. Added 1 classes and 2 folders.
[2017.07.28-10.14.01:746][  0]LogCrashTracker: Crashtracker disabled due to settings.
[2017.07.28-10.14.03:718][  0]LogSlate: Only BGRA pngs, bmps or icos are supported in by External Image Picker
[2017.07.28-10.14.03:770][  0]LogSlate: Took 0.000290 seconds to synchronously load lazily loaded font '../../../Engine/Content/Slate/Fonts/Roboto-Regular.ttf' (155K)
[2017.07.28-10.14.03:787][  0]LogSlate: Took 0.012431 seconds to synchronously load lazily loaded font '../../../Engine/Content/Slate/Fonts/Roboto-Bold.ttf' (160K)
[2017.07.28-10.14.03:818][  0]LogSlate: Took 0.014079 seconds to synchronously load lazily loaded font '../../../Engine/Content/Editor/Slate/Fonts/FontAwesome.ttf' (139K)
[2017.07.28-10.14.04:118][  0]LogTemp: Executing iPhonePackager certificates Engine -bundlename com.YourCompany.RTS
[2017.07.28-10.14.04:118][  0]LogTemp: CWD: C:\Program Files\Epic Games\UE_4.16\Engine\Binaries\DotNET\IOS
[2017.07.28-10.14.04:118][  0]LogTemp: Initial Dir: C:\Program Files\Epic Games\UE_4.16
[2017.07.28-10.14.04:118][  0]LogTemp: Env CWD: C:\Program Files\Epic Games\UE_4.16\Engine\Binaries\DotNET\IOS
[2017.07.28-10.14.04:118][  0]LogTemp: BranchPath = AWESOME-X1/C/Program Files/Epic Games/UE_4.16/Engine/Binaries --- GameBranchPath = AWESOME-X1/C/Program Files/Epic Games/UE_4.16/Engine/Binaries
[2017.07.28-10.14.04:118][  0]LogTemp: IPP ERROR: Could not find provision directory 'C:\Users\Fucking WIN8\AppData\Local/Apple Computer/MobileDevice/Provisioning Profiles/'.
[2017.07.28-10.14.04:118][  0]LogRenderer: Reallocating scene render targets to support 804x340 NumSamples 1 (Frame:1).
[2017.07.28-10.14.05:311][  0]LogUObjectGlobals:Warning: Failed to find object 'Class None.'
[2017.07.28-10.14.05:437][  0]LogContentBrowser: Native class hierarchy updated for 'HierarchicalLODOutliner' in 0.0015 seconds. Added 1 classes and 2 folders.
[2017.07.28-10.14.05:438][  0]LogLoad: (Engine Initialization) Total time: 133.26 seconds
[2017.07.28-10.14.05:438][  0]LogLoad: (Engine Initialization) Total Blueprint compile time: 0.61 seconds
[2017.07.28-10.14.05:438][  0]LogExternalProfiler: Found external profiler: VSPerf
[2017.07.28-10.14.05:438][  0]LogExternalProfiler: Using external profiler: VSPerf
[2017.07.28-10.14.05:779][  0]LogOcInput: OculusInput pre-init called
[2017.07.28-10.14.05:779][  0]LogHMD: Starting GearVRController plugin
[2017.07.28-10.14.05:798][  0]LogContentStreaming: Texture pool size now 1000 MB
[2017.07.28-10.14.06:454][  2]LogAssetRegistry: Asset discovery search completed in 69.1120 seconds
[2017.07.28-10.14.06:460][  2]LogCollectionManager: Rebuilt the object cache for 0 collections in 0.000002 seconds (found 0 objects)
[2017.07.28-10.14.06:460][  2]LogCollectionManager: Fixed up redirectors for 0 collections in 0.000123 seconds (updated 0 objects)
[2017.07.28-10.14.06:795][  3]LogSlate: Took 0.000388 seconds to synchronously load lazily loaded font '../../../Engine/Content/Slate/Fonts/Roboto-Light.ttf' (159K)
[2017.07.28-10.14.09:878][ 56]LogSlate: Took 0.000625 seconds to synchronously load lazily loaded font '../../../Engine/Content/Slate/Fonts/Roboto-Light.ttf' (159K)
[2017.07.28-10.14.17:000][138]LogSlate: Took 0.001035 seconds to synchronously load lazily loaded font '../../../Engine/Content/Slate/Fonts/Roboto-Light.ttf' (159K)
[2017.07.28-10.14.17:276][138]LogAIModule: Creating AISystem for world MenuMap
[2017.07.28-10.14.17:344][138]Cmd: MAP LOAD FILE="../../../../../../Users/Fucking WIN8/Documents/GitHub/RTS/RTS/Content/Maps/MenuMap.umap" TEMPLATE=0 SHOWPROGRESS=1 FEATURELEVEL=3
[2017.07.28-10.14.17:345][138]LightingResults: New page: Lighting Build
[2017.07.28-10.14.17:346][138]LoadErrors: New page: Loading map: MenuMap.umap
[2017.07.28-10.14.17:347][138]MapCheck: New page: Map Check
[2017.07.28-10.14.17:347][138]LightingResults: New page: Lighting Build
[2017.07.28-10.14.17:495][138]LogEditorServer: Finished looking for orphan Actors (0.000 secs)
[2017.07.28-10.14.17:591][138]Cmd: MAP CHECKDEP NOCLEARLOG
[2017.07.28-10.14.17:746][138]MapCheck: Info Map check complete: 0 Error(s), 0 Warning(s), took 153.849ms to complete.
[2017.07.28-10.14.17:747][138]LogFileHelpers: Loading map 'MenuMap' took 0.404
[2017.07.28-10.14.23:613][194]LogTemp: Repeting last play command: New Editor Window (PIE)
[2017.07.28-10.14.23:764][194]LogPlayLevel: PlayLevel: No blueprints needed recompiling
[2017.07.28-10.14.23:764][194]LogOnline:Display: OSS: FOnlineSubsystemNull::Shutdown()
[2017.07.28-10.14.23:764][194]LogOnline:Display: OSS: FOnlineAsyncTaskManager::Stop() ActiveTask:0000000000000000 Tasks[0/0]
[2017.07.28-10.14.23:783][194]LogOnline:Display: OSS: FOnlineAsyncTaskManager::Exit() started
[2017.07.28-10.14.23:784][194]LogOnline:Display: OSS: FOnlineAsyncTaskManager::Exit() finished
[2017.07.28-10.14.23:784][194]PIE: New page: PIE session: MenuMap (Jul 28, 2017, 2:14:23 PM)
[2017.07.28-10.14.23:786][194]LogPlayLevel: Creating play world package: /Game/Maps/UEDPIE_0_MenuMap
[2017.07.28-10.14.23:789][194]LogPlayLevel: PIE: StaticDuplicateObject took: (0.002375s)
[2017.07.28-10.14.23:791][194]LogAIModule: Creating AISystem for world MenuMap
[2017.07.28-10.14.23:791][194]LogPlayLevel: PIE: World Init took: (0.002543s)
[2017.07.28-10.14.23:792][194]LogPlayLevel: PIE: Created PIE world by copying editor world from /Game/Maps/MenuMap.MenuMap to /Game/Maps/UEDPIE_0_MenuMap.MenuMap (0.005720s)
[2017.07.28-10.14.23:876][194]LogInit: XAudio2 using 'Speaker/HP (Realtek High Definition Audio)' : 2 channels at 48 kHz using 32 bits per sample (channel mask 0x3)
[2017.07.28-10.14.23:901][194]LogInit: FAudioDevice initialized.
[2017.07.28-10.14.23:973][194]LogLoad: Game class is 'BP_GameMode_Menu_C'
[2017.07.28-10.14.23:977][194]LogWorld: Bringing World /Game/Maps/UEDPIE_0_MenuMap.MenuMap up for play (max tick rate 60) at 2017.07.28-12.14.23
[2017.07.28-10.14.23:977][194]LogWorld: Bringing up level for play took: 0.002178
[2017.07.28-10.14.24:258][194]LogContentBrowser: Native class hierarchy updated for 'MovieSceneCapture' in 0.0014 seconds. Added 11 classes and 0 folders.
[2017.07.28-10.14.24:270][194]PIE: Info Play in editor start time for /Game/Maps/UEDPIE_0_MenuMap 0.604
[2017.07.28-10.14.24:317][194]LogRenderer: Reallocating scene render targets to support 1292x756 NumSamples 1 (Frame:1).
[2017.07.28-10.14.29:897][250]LogD3D11RHI: Timed out while waiting for GPU to catch up. (0.5 s)
[2017.07.28-10.14.30:708][251]LogD3D11RHI: Timed out while waiting for GPU to catch up. (0.5 s)
[2017.07.28-10.14.31:575][252]LogD3D11RHI: Timed out while waiting for GPU to catch up. (0.5 s)
[2017.07.28-10.14.32:575][253]LogD3D11RHI: Timed out while waiting for GPU to catch up. (0.5 s)
[2017.07.28-10.14.38:489][299]LogInit: WinSock: I am Awesome-X1 (192.168.1.13:0)
[2017.07.28-10.14.39:981][326]LogOnline:Warning: OSS: Ignoring game search request while one is pending
[2017.07.28-10.14.43:500][390]LogScript:Warning: Attempted to access index 0 from array Temp_struct_Variable of length 0!
	BP_GameInstance_C /Engine/Transient.UnrealEdEngine_0:BP_GameInstance_C_0
	Function /Game/Blueprints/BP_GameInstance.BP_GameInstance_C:ExecuteUbergraph_BP_GameInstance:020D
[2017.07.28-10.14.43:502][390]LogBlueprintUserMessages: [BP_GameInstance_C_0] Could not join lobby
[2017.07.28-10.14.43:503][390]LogNet: Browse: 192.168.1.13//Engine/Maps/Entry
[2017.07.28-10.14.43:504][390]LogTemp:Display: ParseSettings for GameNetDriver
[2017.07.28-10.14.43:504][390]LogTemp:Display: ParseSettings for IpNetDriver_0
[2017.07.28-10.14.43:504][390]LogTemp:Display: ParseSettings for PendingNetDriver
[2017.07.28-10.14.43:505][390]LogInit: WinSock: Socket queue 32768 / 32768
[2017.07.28-10.14.43:509][390]PacketHandlerLog: Loaded PacketHandler component: Engine.EngineHandlerComponentFactory (StatelessConnectHandlerComponent)
[2017.07.28-10.14.43:511][390]LogNet: Game client on port 7777, rate 10000
[2017.07.28-10.14.43:512][390]LogNetVersion: RTS 1.0.0.0, NetCL: 3452394, EngineNetVer: 2, GameNetVer: 0 (Checksum: 2665052696)
[2017.07.28-10.14.43:513][390]LogNet: UPendingNetGame::InitNetDriver: Sending hello. [UNetConnection] RemoteAddr: 192.168.1.13:7777, Name: IpConnection_0, Driver: PendingNetDriver IpNetDriver_0, IsServer: NO, PC: NULL, Owner: NULL
[2017.07.28-10.14.43:722][394]LogHandshake: SendChallengeResponse. Timestamp: 11.102751, Cookie: 107126125218184007246149189124219210191125202216071207236184
[2017.07.28-10.14.45:369][423]LogNet: Welcomed by server (Level: /Game/Maps/UEDPIE_0_LobbyMap, Game: /Script/Engine.GameModeBase)
[2017.07.28-10.14.45:425][423]LogLoad: LoadMap: 192.168.1.13//Game/Maps/UEDPIE_0_LobbyMap?game=/Script/Engine.GameModeBase
[2017.07.28-10.14.45:539][423]Cmd: MEM
[2017.07.28-10.14.45:643][423]LogMemory: Platform Memory Stats for Windows
[2017.07.28-10.14.45:643][423]LogMemory: Process Physical Memory: 1565.38 MB used, 1614.79 MB peak
[2017.07.28-10.14.45:643][423]LogMemory: Process Virtual Memory: 1523.78 MB used, 1579.81 MB peak
[2017.07.28-10.14.45:643][423]LogMemory: Physical Memory: 6253.14 MB used,  1818.63 MB free, 8071.77 MB total
[2017.07.28-10.14.45:643][423]LogMemory: Virtual Memory: 2352.35 MB used,  1818.63 MB free, 134217728.00 MB total
[2017.07.28-10.14.45:643][423]LogMemory: 
[2017.07.28-10.14.45:644][423]Allocator Stats for TBB: (not implemented)
[2017.07.28-10.14.45:646][423]LogLinker:Warning: Can't find file '/Game/Maps/UEDPIE_0_LobbyMap'
[2017.07.28-10.14.45:649][423]LogNet: Browse: /Engine/Maps/Entry?Name=Player
[2017.07.28-10.14.45:649][423]LogLoad: LoadMap: /Engine/Maps/Entry?Name=Player
[2017.07.28-10.14.45:731][423]Cmd: MEM
[2017.07.28-10.14.45:799][423]LogMemory: Platform Memory Stats for Windows
[2017.07.28-10.14.45:799][423]LogMemory: Process Physical Memory: 1565.93 MB used, 1614.79 MB peak
[2017.07.28-10.14.45:799][423]LogMemory: Process Virtual Memory: 1523.78 MB used, 1579.81 MB peak
[2017.07.28-10.14.45:799][423]LogMemory: Physical Memory: 6255.16 MB used,  1816.61 MB free, 8071.77 MB total
[2017.07.28-10.14.45:799][423]LogMemory: Virtual Memory: 2352.35 MB used,  1816.61 MB free, 134217728.00 MB total
[2017.07.28-10.14.45:799][423]LogMemory: 
[2017.07.28-10.14.45:799][423]Allocator Stats for TBB: (not implemented)
[2017.07.28-10.14.46:379][423]LogAIModule: Creating AISystem for world Entry
[2017.07.28-10.14.46:380][423]LogLoad: Game class is 'GameModeBase'
[2017.07.28-10.14.46:383][423]LogActorComponent: RegisterComponentWithWorld: (/Engine/Maps/UEDPIE_0_Entry.Entry:PersistentLevel.WorldInfo_1.StaticMeshComponent0) Trying to register component with IsPendingKill() == true. Aborting.
[2017.07.28-10.14.46:385][423]LogWorld: Bringing World /Engine/Maps/UEDPIE_0_Entry.Entry up for play (max tick rate 60) at 2017.07.28-12.14.46
[2017.07.28-10.14.46:386][423]LogWorld: Bringing up level for play took: 0.004489
[2017.07.28-10.14.46:392][423]LogLoad: Took 0.742653 seconds to LoadMap(/Engine/Maps/Entry)
[2017.07.28-10.14.46:392][423]LogNet:Warning: Travel Failure: [LoadMapFailure]: Failed to load package '/Game/Maps/UEDPIE_0_LobbyMap'
[2017.07.28-10.14.46:392][423]LogNet:Warning: TravelFailure: LoadMapFailure, Reason for Failure: 'Failed to load package '/Game/Maps/UEDPIE_0_LobbyMap''. Shutting down PIE.
[2017.07.28-10.14.46:392][423]PIE:Warning: Warning TravelFailure: LoadMapFailure, Reason for Failure: 'Failed to load package '/Game/Maps/UEDPIE_0_LobbyMap''. Shutting down PIE.
[2017.07.28-10.14.46:478][423]LogOnline:Display: OSS: FOnlineSubsystemNull::Shutdown()
[2017.07.28-10.14.46:478][423]LogOnline:Display: OSS: FOnlineAsyncTaskManager::Stop() ActiveTask:0000000000000000 Tasks[0/0]
[2017.07.28-10.14.46:480][423]LogOnline:Display: OSS: FOnlineAsyncTaskManager::Exit() started
[2017.07.28-10.14.46:481][423]LogOnline:Display: OSS: FOnlineAsyncTaskManager::Exit() finished
[2017.07.28-10.14.46:481][423]LogPlayLevel:Display: Shutting down PIE online subsystems
[2017.07.28-10.14.46:543][423]LogNet: UChannel::CleanUp: ChIndex == 0. Closing connection. [UChannel] ChIndex: 0, Closing: 0 [UNetConnection] RemoteAddr: 192.168.1.13:7777, Name: IpConnection_0, Driver: PendingNetDriver IpNetDriver_0, IsServer: NO, PC: NULL, Owner: NULL
[2017.07.28-10.14.46:543][423]LogNet: UNetConnection::Close: [UNetConnection] RemoteAddr: 192.168.1.13:7777, Name: IpConnection_0, Driver: PendingNetDriver IpNetDriver_0, IsServer: NO, PC: NULL, Owner: NULL, Channels: 2, Time: 2017.07.28-10.14.46
[2017.07.28-10.14.46:544][423]LogNet: UChannel::Close: Sending CloseBunch. ChIndex == 0. Name: [UChannel] ChIndex: 0, Closing: 0 [UNetConnection] RemoteAddr: 192.168.1.13:7777, Name: IpConnection_0, Driver: PendingNetDriver IpNetDriver_0, IsServer: NO, PC: NULL, Owner: NULL
[2017.07.28-10.14.46:552][423]LogExit: PendingNetDriver None shut down
[2017.07.28-10.14.46:636][424]LogPlayLevel:Display: Destroying online subsystem :Context_1
[2017.07.28-10.14.46:636][424]LogOnline:Display: OSS: FOnlineSubsystemNull::Shutdown()
[2017.07.28-10.15.33:631][342]LogWindowsTextInputMethodSystem:Display: IME system now deactivated.
[2017.07.28-10.15.33:923][343]Cmd: QUIT_EDITOR
[2017.07.28-10.15.34:752][343]LogExit: Preparing to exit.
[2017.07.28-10.15.36:064][343]LogDirectoryWatcher: A directory notification for 'C:/Users/Fucking WIN8/Documents/GitHub/RTS/RTS/Content/' was aborted.
[2017.07.28-10.15.36:181][343]LogExit: Editor shut down
[2017.07.28-10.15.36:201][343]LogExit: Transaction tracking system shut down
[2017.07.28-10.15.36:639][343]LogObj: Freed 0b from 0 cluster array pools.
[2017.07.28-10.15.36:640][343]LogExit: Object subsystem successfully closed.
[2017.07.28-10.15.36:697][343]LogD3D11RHI: Shutdown
[2017.07.28-10.15.36:697][343]LogD3D11RHI: CleanupD3DDevice
[2017.07.28-10.15.37:180][343]LogD3D11RHI: ~FD3D11DynamicRHI
[2017.07.28-10.15.37:226][343]LogModuleManager: Shutting down and abandoning module MovieSceneCapture (530)
[2017.07.28-10.15.37:226][343]LogModuleManager: Shutting down and abandoning module Voice (528)
[2017.07.28-10.15.37:226][343]LogModuleManager: Shutting down and abandoning module HierarchicalLODOutliner (526)
[2017.07.28-10.15.37:226][343]LogModuleManager: Shutting down and abandoning module ExternalImagePicker (524)
[2017.07.28-10.15.37:226][343]LogModuleManager: Shutting down and abandoning module CrashTracker (522)
[2017.07.28-10.15.37:226][343]LogModuleManager: Shutting down and abandoning module SceneOutliner (520)
[2017.07.28-10.15.37:226][343]LogModuleManager: Shutting down and abandoning module AddContentDialog (518)
[2017.07.28-10.15.37:226][343]LogDirectoryWatcher: A directory notification for 'C:/Program Files/Epic Games/UE_4.16/FeaturePacks/' was aborted.
[2017.07.28-10.15.37:228][343]LogModuleManager: Shutting down and abandoning module WidgetCarousel (517)
[2017.07.28-10.15.37:228][343]LogModuleManager: Shutting down and abandoning module EditorWidgets (514)
[2017.07.28-10.15.37:229][343]LogModuleManager: Shutting down and abandoning module CollectionManager (512)
[2017.07.28-10.15.37:229][343]LogDirectoryWatcher: A directory notification for 'C:/Users/Fucking WIN8/Documents/GitHub/RTS/RTS/Content/Collections/' was aborted.
[2017.07.28-10.15.37:229][343]LogDirectoryWatcher: A directory notification for 'C:/Users/Fucking WIN8/Documents/GitHub/RTS/RTS/Content/Developers/FuckingWIN8/Collections/' was aborted.
[2017.07.28-10.15.37:229][343]LogDirectoryWatcher: A directory notification for 'C:/Users/Fucking WIN8/Documents/GitHub/RTS/RTS/Saved/Collections/' was aborted.
[2017.07.28-10.15.37:229][343]LogModuleManager: Shutting down and abandoning module StatsViewer (510)
[2017.07.28-10.15.37:229][343]LogModuleManager: Shutting down and abandoning module FoliageEdit (508)
[2017.07.28-10.15.37:229][343]LogModuleManager: Shutting down and abandoning module LandscapeEditor (506)
[2017.07.28-10.15.37:229][343]LogModuleManager: Shutting down and abandoning module MeshPaintMode (504)
[2017.07.28-10.15.37:229][343]LogModuleManager: Shutting down and abandoning module SceneDepthPickerMode (502)
[2017.07.28-10.15.37:229][343]LogModuleManager: Shutting down and abandoning module ActorPickerMode (500)
[2017.07.28-10.15.37:229][343]LogModuleManager: Shutting down and abandoning module GeometryMode (498)
[2017.07.28-10.15.37:229][343]LogModuleManager: Shutting down and abandoning module TextureAlignMode (496)
[2017.07.28-10.15.37:229][343]LogModuleManager: Shutting down and abandoning module BspMode (494)
[2017.07.28-10.15.37:229][343]LogModuleManager: Shutting down and abandoning module HardwareSurvey (492)
[2017.07.28-10.15.37:229][343]LogModuleManager: Shutting down and abandoning module SequenceRecorderSections (490)
[2017.07.28-10.15.37:229][343]LogModuleManager: Shutting down and abandoning module AutomationWorker (488)
[2017.07.28-10.15.37:229][343]LogModuleManager: Shutting down and abandoning module MatineeToLevelSequence (486)
[2017.07.28-10.15.37:229][343]LogModuleManager: Shutting down and abandoning module LevelSequenceEditor (484)
[2017.07.28-10.15.37:230][343]LogModuleManager: Shutting down and abandoning module PlacementMode (483)
[2017.07.28-10.15.37:230][343]LogModuleManager: Shutting down and abandoning module WmfMediaFactory (480)
[2017.07.28-10.15.37:230][343]LogModuleManager: Shutting down and abandoning module WmfMediaEditor (478)
[2017.07.28-10.15.37:230][343]LogModuleManager: Shutting down and abandoning module AvfMediaFactory (476)
[2017.07.28-10.15.37:230][343]LogModuleManager: Shutting down and abandoning module AvfMediaEditor (474)
[2017.07.28-10.15.37:230][343]LogModuleManager: Shutting down and abandoning module AndroidMediaFactory (472)
[2017.07.28-10.15.37:230][343]LogModuleManager: Shutting down and abandoning module Media (471)
[2017.07.28-10.15.37:230][343]LogModuleManager: Shutting down and abandoning module AndroidMediaEditor (468)
[2017.07.28-10.15.37:230][343]LogModuleManager: Shutting down and abandoning module CharacterAI (466)
[2017.07.28-10.15.37:230][343]LogModuleManager: Shutting down and abandoning module AudioCapture (464)
[2017.07.28-10.15.37:230][343]LogModuleManager: Shutting down and abandoning module SequenceRecorder (463)
[2017.07.28-10.15.37:230][343]LogModuleManager: Shutting down and abandoning module SmartSnapping (460)
[2017.07.28-10.15.37:230][343]LogModuleManager: Shutting down and abandoning module SessionServices (458)
[2017.07.28-10.15.37:230][343]LogModuleManager: Shutting down and abandoning module ViewportSnapping (456)
[2017.07.28-10.15.37:231][343]LogModuleManager: Shutting down and abandoning module ViewportInteraction (454)
[2017.07.28-10.15.37:231][343]LogModuleManager: Shutting down and abandoning module ClothPainter (452)
[2017.07.28-10.15.37:231][343]LogModuleManager: Shutting down and abandoning module LogVisualizer (450)
[2017.07.28-10.15.37:231][343]LogModuleManager: Shutting down and abandoning module IntroTutorials (448)
[2017.07.28-10.15.37:231][343]LogModuleManager: Shutting down and abandoning module GameProjectGeneration (447)
[2017.07.28-10.15.37:231][343]LogModuleManager: Shutting down and abandoning module EditorLiveStreaming (444)
[2017.07.28-10.15.37:231][343]LogModuleManager: Shutting down and abandoning module IOSPlatformEditor (442)
[2017.07.28-10.15.37:231][343]LogModuleManager: Shutting down and abandoning module HTML5PlatformEditor (440)
[2017.07.28-10.15.37:231][343]LogModuleManager: Shutting down and abandoning module AndroidPlatformEditor (438)
[2017.07.28-10.15.37:231][343]LogModuleManager: Shutting down and abandoning module AndroidDeviceDetection (437)
[2017.07.28-10.15.37:794][343]LogModuleManager: Shutting down and abandoning module IOSRuntimeSettings (434)
[2017.07.28-10.15.37:794][343]LogModuleManager: Shutting down and abandoning module AndroidRuntimeSettings (432)
[2017.07.28-10.15.37:794][343]LogModuleManager: Shutting down and abandoning module InputBindingEditor (430)
[2017.07.28-10.15.37:794][343]LogModuleManager: Shutting down and abandoning module MergeActors (428)
[2017.07.28-10.15.37:794][343]LogModuleManager: Shutting down and abandoning module SizeMap (426)
[2017.07.28-10.15.37:794][343]LogModuleManager: Shutting down and abandoning module TreeMap (424)
[2017.07.28-10.15.37:794][343]LogModuleManager: Shutting down and abandoning module ReferenceViewer (422)
[2017.07.28-10.15.37:794][343]LogModuleManager: Shutting down and abandoning module LocalizationDashboard (420)
[2017.07.28-10.15.37:794][343]LogModuleManager: Shutting down and abandoning module LocalizationService (419)
[2017.07.28-10.15.37:794][343]LogModuleManager: Shutting down and abandoning module HardwareTargeting (416)
[2017.07.28-10.15.37:794][343]LogModuleManager: Shutting down and abandoning module DeviceProfileEditor (414)
[2017.07.28-10.15.37:794][343]LogModuleManager: Shutting down and abandoning module UndoHistory (412)
[2017.07.28-10.15.37:794][343]LogModuleManager: Shutting down and abandoning module UserFeedback (410)
[2017.07.28-10.15.37:794][343]LogModuleManager: Shutting down and abandoning module XmlParser (408)
[2017.07.28-10.15.37:794][343]LogModuleManager: Shutting down and abandoning module Blutility (406)
[2017.07.28-10.15.37:798][343]LogModuleManager: Shutting down and abandoning module ProjectSettingsViewer (404)
[2017.07.28-10.15.37:798][343]LogModuleManager: Shutting down and abandoning module ProjectTargetPlatformEditor (403)
[2017.07.28-10.15.37:799][343]LogModuleManager: Shutting down and abandoning module EditorSettingsViewer (400)
[2017.07.28-10.15.37:799][343]LogModuleManager: Shutting down and abandoning module SettingsEditor (398)
[2017.07.28-10.15.37:799][343]LogModuleManager: Shutting down and abandoning module ProjectLauncher (396)
[2017.07.28-10.15.37:799][343]LogModuleManager: Shutting down and abandoning module SessionFrontend (394)
[2017.07.28-10.15.37:799][343]LogModuleManager: Shutting down and abandoning module ProfilerClient (392)
[2017.07.28-10.15.37:799][343]LogModuleManager: Shutting down and abandoning module DeviceManager (390)
[2017.07.28-10.15.37:799][343]LogModuleManager: Shutting down and abandoning module TargetDeviceServices (389)
[2017.07.28-10.15.38:005][343]LogModuleManager: Shutting down and abandoning module AutomationController (386)
[2017.07.28-10.15.38:005][343]LogModuleManager: Shutting down and abandoning module AutomationWindow (384)
[2017.07.28-10.15.38:005][343]LogModuleManager: Shutting down and abandoning module Layers (382)
[2017.07.28-10.15.38:005][343]LogModuleManager: Shutting down and abandoning module ComponentVisualizers (380)
[2017.07.28-10.15.38:005][343]LogModuleManager: Shutting down and abandoning module DetailCustomizations (378)
[2017.07.28-10.15.38:005][343]LogModuleManager: Shutting down and abandoning module PackagesDialog (376)
[2017.07.28-10.15.38:005][343]LogModuleManager: Shutting down and abandoning module Persona (374)
[2017.07.28-10.15.38:005][343]LogModuleManager: Shutting down and abandoning module AdvancedPreviewScene (373)
[2017.07.28-10.15.38:005][343]LogModuleManager: Shutting down and abandoning module AnimGraph (371)
[2017.07.28-10.15.38:005][343]LogModuleManager: Shutting down and abandoning module Kismet (368)
[2017.07.28-10.15.38:007][343]LogModuleManager: Shutting down and abandoning module ClassViewer (366)
[2017.07.28-10.15.38:007][343]LogModuleManager: Shutting down and abandoning module Toolbox (364)
[2017.07.28-10.15.38:007][343]LogModuleManager: Shutting down and abandoning module ModuleUI (362)
[2017.07.28-10.15.38:007][343]LogModuleManager: Shutting down and abandoning module MovieSceneTools (360)
[2017.07.28-10.15.38:007][343]LogModuleManager: Shutting down and abandoning module OutputLog (358)
[2017.07.28-10.15.38:007][343]LogModuleManager: Shutting down and abandoning module GammaUI (356)
[2017.07.28-10.15.38:007][343]LogModuleManager: Shutting down and abandoning module Documentation (354)
[2017.07.28-10.15.38:007][343]LogModuleManager: Shutting down and abandoning module MovieSceneTracks (352)
[2017.07.28-10.15.38:007][343]LogModuleManager: Shutting down and abandoning module MovieScene (350)
[2017.07.28-10.15.38:007][343]LogModuleManager: Shutting down and abandoning module Niagara (348)
[2017.07.28-10.15.38:007][343]LogModuleManager: Shutting down and abandoning module NiagaraEditor (347)
[2017.07.28-10.15.38:007][343]LogModuleManager: Shutting down and abandoning module StreamingPauseRendering (344)
[2017.07.28-10.15.38:007][343]LogModuleManager: Shutting down and abandoning module AnalyticsET (342)
[2017.07.28-10.15.38:007][343]LogModuleManager: Shutting down and abandoning module PortalServices (340)
[2017.07.28-10.15.38:007][343]LogModuleManager: Shutting down and abandoning module PortalRpc (338)
[2017.07.28-10.15.38:007][343]LogModuleManager: Shutting down and abandoning module MessagingRpc (336)
[2017.07.28-10.15.38:007][343]LogModuleManager: Shutting down and abandoning module AIModule (334)
[2017.07.28-10.15.38:007][343]LogModuleManager: Shutting down and abandoning module GameplayDebugger (333)
[2017.07.28-10.15.38:007][343]LogModuleManager: Shutting down and abandoning module AITestSuite (331)
[2017.07.28-10.15.38:008][343]LogModuleManager: Shutting down and abandoning module ProfilerService (328)
[2017.07.28-10.15.38:244][343]LogModuleManager: Shutting down and abandoning module TaskGraph (326)
[2017.07.28-10.15.38:244][343]LogModuleManager: Shutting down and abandoning module SteamVRController (324)
[2017.07.28-10.15.38:244][343]LogModuleManager: Shutting down and abandoning module SteamVR (322)
[2017.07.28-10.15.38:244][343]LogModuleManager: Shutting down and abandoning module ProceduralMeshComponentEditor (320)
[2017.07.28-10.15.38:244][343]LogModuleManager: Shutting down and abandoning module ProceduralMeshComponent (318)
[2017.07.28-10.15.38:244][343]LogModuleManager: Shutting down and abandoning module OculusLibrary (316)
[2017.07.28-10.15.38:244][343]LogModuleManager: Shutting down and abandoning module OculusInput (314)
[2017.07.28-10.15.38:244][343]LogModuleManager: Shutting down and abandoning module MobilePatchingUtils (312)
[2017.07.28-10.15.38:244][343]LogModuleManager: Shutting down and abandoning module CustomMeshComponent (310)
[2017.07.28-10.15.38:244][343]LogModuleManager: Shutting down and abandoning module CableComponent (308)
[2017.07.28-10.15.38:244][343]LogModuleManager: Shutting down and abandoning module ArchVisCharacter (306)
[2017.07.28-10.15.38:244][343]LogModuleManager: Shutting down and abandoning module AndroidPermission (304)
[2017.07.28-10.15.38:244][343]LogModuleManager: Shutting down and abandoning module MediaPlayerEditor (302)
[2017.07.28-10.15.38:244][343]LogModuleManager: Shutting down and abandoning module HTML5Networking (300)
[2017.07.28-10.15.38:244][343]LogModuleManager: Shutting down and abandoning module AlembicImporter (298)
[2017.07.28-10.15.38:244][343]LogModuleManager: Shutting down and abandoning module AlembicLibrary (297)
[2017.07.28-10.15.38:244][343]LogModuleManager: Shutting down and abandoning module GeometryCache (296)
[2017.07.28-10.15.38:244][343]LogModuleManager: Shutting down and abandoning module GeometryCacheEd (295)
[2017.07.28-10.15.38:244][343]LogModuleManager: Shutting down and abandoning module SuperSearchEditor (290)
[2017.07.28-10.15.38:244][343]LogModuleManager: Shutting down and abandoning module SuperSearch (289)
[2017.07.28-10.15.38:244][343]LogModuleManager: Shutting down and abandoning module SpeedTreeImporter (286)
[2017.07.28-10.15.38:244][343]LogModuleManager: Shutting down and abandoning module PluginBrowser (284)
[2017.07.28-10.15.38:244][343]LogModuleManager: Shutting down and abandoning module MobileLauncherProfileWizard (282)
[2017.07.28-10.15.38:244][343]LogModuleManager: Shutting down and abandoning module VisualStudioSourceCodeAccess (280)
[2017.07.28-10.15.38:244][343]LogModuleManager: Shutting down and abandoning module DesktopPlatform (279)
[2017.07.28-10.15.38:244][343]LogModuleManager: Shutting down and abandoning module UObjectPlugin (276)
[2017.07.28-10.15.38:244][343]LogModuleManager: Shutting down and abandoning module SubversionSourceControl (274)
[2017.07.28-10.15.38:245][343]LogModuleManager: Shutting down and abandoning module PerforceSourceControl (272)
[2017.07.28-10.15.38:245][343]LogModuleManager: Shutting down and abandoning module GitSourceControl (270)
[2017.07.28-10.15.38:245][343]LogModuleManager: Shutting down and abandoning module SourceControl (269)
[2017.07.28-10.15.38:245][343]LogModuleManager: Shutting down and abandoning module LightPropagationVolumeEditor (266)
[2017.07.28-10.15.38:245][343]LogModuleManager: Shutting down and abandoning module PaperTiledImporter (264)
[2017.07.28-10.15.38:245][343]LogModuleManager: Shutting down and abandoning module PaperSpriteSheetImporter (262)
[2017.07.28-10.15.38:245][343]LogModuleManager: Shutting down and abandoning module Paper2DEditor (260)
[2017.07.28-10.15.38:245][343]LogModuleManager: Shutting down and abandoning module MeshPaint (259)
[2017.07.28-10.15.38:245][343]LogModuleManager: Shutting down and abandoning module LevelEditor (257)
[2017.07.28-10.15.38:247][343]LogModuleManager: Shutting down and abandoning module PixelInspectorModule (256)
[2017.07.28-10.15.38:247][343]LogModuleManager: Shutting down and abandoning module MainFrame (254)
[2017.07.28-10.15.38:247][343]LogModuleManager: Shutting down and abandoning module HotReload (253)
[2017.07.28-10.15.38:249][343]LogModuleManager: Shutting down and abandoning module PhysXVehiclesEditor (248)
[2017.07.28-10.15.38:249][343]LogModuleManager: Shutting down and abandoning module PhysXVehicles (246)
[2017.07.28-10.15.38:249][343]LogModuleManager: Shutting down and abandoning module LocationServicesBPLibrary (244)
[2017.07.28-10.15.38:249][343]LogModuleManager: Shutting down and abandoning module ImmediatePhysicsEditor (242)
[2017.07.28-10.15.38:249][343]LogModuleManager: Shutting down and abandoning module ImmediatePhysics (240)
[2017.07.28-10.15.38:249][343]LogModuleManager: Shutting down and abandoning module UdpMessaging (238)
[2017.07.28-10.15.38:350][343]LogModuleManager: Shutting down and abandoning module TcpMessaging (236)
[2017.07.28-10.15.38:452][343]LogModuleManager: Shutting down and abandoning module GameplayTagsEditor (234)
[2017.07.28-10.15.38:452][343]LogModuleManager: Shutting down and abandoning module FacialAnimationEditor (232)
[2017.07.28-10.15.38:452][343]LogModuleManager: Shutting down and abandoning module FacialAnimation (230)
[2017.07.28-10.15.38:452][343]LogModuleManager: Shutting down and abandoning module AssetManagerEditor (228)
[2017.07.28-10.15.38:452][343]LogModuleManager: Shutting down and abandoning module GraphEditor (227)
[2017.07.28-10.15.38:453][343]LogModuleManager: Shutting down and abandoning module ContentBrowser (225)
[2017.07.28-10.15.38:454][343]LogModuleManager: Shutting down and abandoning module LightPropagationVolumeRuntime (222)
[2017.07.28-10.15.38:455][343]LogModuleManager: Shutting down and abandoning module Paper2D (220)
[2017.07.28-10.15.38:455][343]LogModuleManager: Shutting down and abandoning module WindowsMoviePlayer (218)
[2017.07.28-10.15.38:455][343]LogModuleManager: Shutting down and abandoning module WmfMedia (216)
[2017.07.28-10.15.38:455][343]LogModuleManager: Shutting down and abandoning module ClothingSystemEditor (214)
[2017.07.28-10.15.38:455][343]LogModuleManager: Shutting down and abandoning module ClothingSystemRuntime (212)
[2017.07.28-10.15.38:455][343]LogModuleManager: Shutting down and abandoning module MediaAssets (210)
[2017.07.28-10.15.38:455][343]LogModuleManager: Shutting down and abandoning module GameLiveStreaming (208)
[2017.07.28-10.15.38:455][343]LogModuleManager: Shutting down and abandoning module VREditor (206)
[2017.07.28-10.15.38:455][343]LogModuleManager: Shutting down and abandoning module StringTableEditor (204)
[2017.07.28-10.15.38:455][343]LogModuleManager: Shutting down and abandoning module GameplayTasksEditor (202)
[2017.07.28-10.15.38:455][343]LogModuleManager: Shutting down and abandoning module BehaviorTreeEditor (200)
[2017.07.28-10.15.38:455][343]LogModuleManager: Shutting down and abandoning module FunctionalTesting (198)
[2017.07.28-10.15.38:455][343]LogModuleManager: Shutting down and abandoning module CollisionAnalyzer (196)
[2017.07.28-10.15.38:455][343]LogModuleManager: Shutting down and abandoning module UMG (194)
[2017.07.28-10.15.38:455][343]LogModuleManager: Shutting down and abandoning module UMGEditor (193)
[2017.07.28-10.15.38:455][343]LogModuleManager: Shutting down and abandoning module Sequencer (192)
[2017.07.28-10.15.38:455][343]LogModuleManager: Shutting down and abandoning module AssetTools (190)
[2017.07.28-10.15.38:456][343]LogModuleManager: Shutting down and abandoning module MessageLog (189)
[2017.07.28-10.15.38:456][343]LogModuleManager: Shutting down and abandoning module WorkspaceMenuStructure (188)
[2017.07.28-10.15.38:456][343]LogModuleManager: Shutting down and abandoning module SlateReflector (182)
[2017.07.28-10.15.38:456][343]LogModuleManager: Shutting down and abandoning module Slate (180)
[2017.07.28-10.15.38:456][343]LogModuleManager: Shutting down and abandoning module EditorStyle (178)
[2017.07.28-10.15.38:460][343]LogModuleManager: Shutting down and abandoning module SourceCodeAccess (176)
[2017.07.28-10.15.38:460][343]LogModuleManager: Shutting down and abandoning module HeadMountedDisplay (174)
[2017.07.28-10.15.38:460][343]LogModuleManager: Shutting down and abandoning module XAudio2 (172)
[2017.07.28-10.15.38:460][343]LogModuleManager: Shutting down and abandoning module Networking (170)
[2017.07.28-10.15.38:460][343]LogModuleManager: Shutting down and abandoning module Core (168)
[2017.07.28-10.15.38:460][343]LogModuleManager: Shutting down and abandoning module AssetRegistry (166)
[2017.07.28-10.15.38:725][343]LogDirectoryWatcher: A directory notification for '../../../Engine/Content/' was aborted.
[2017.07.28-10.15.38:725][343]LogDirectoryWatcher: A directory notification for '../../../../../../Users/Fucking WIN8/Documents/GitHub/RTS/RTS/Content/' was aborted.
[2017.07.28-10.15.38:725][343]LogDirectoryWatcher: A directory notification for '../../../Engine/Plugins/2D/Paper2D/Content/' was aborted.
[2017.07.28-10.15.38:725][343]LogDirectoryWatcher: A directory notification for '../../../Engine/Plugins/Runtime/GearVR/Content/' was aborted.
[2017.07.28-10.15.38:730][343]LogModuleManager: Shutting down and abandoning module DirectoryWatcher (165)
[2017.07.28-10.15.38:731][343]LogModuleManager: Shutting down and abandoning module KismetCompiler (162)
[2017.07.28-10.15.38:731][343]LogModuleManager: Shutting down and abandoning module LevelSequence (160)
[2017.07.28-10.15.38:731][343]LogModuleManager: Shutting down and abandoning module PhysXFormats (158)
[2017.07.28-10.15.38:731][343]LogModuleManager: Shutting down and abandoning module MeshUtilities (156)
[2017.07.28-10.15.38:731][343]LogModuleManager: Shutting down and abandoning module SimplygonSwarm (155)
[2017.07.28-10.15.38:731][343]LogModuleManager: Shutting down and abandoning module SimplygonMeshReduction (153)
[2017.07.28-10.15.38:731][343]LogModuleManager: Shutting down and abandoning module QuadricMeshReduction (151)
[2017.07.28-10.15.38:731][343]LogModuleManager: Shutting down and abandoning module DerivedDataCache (148)
[2017.07.28-10.15.38:804][343]LogDerivedDataCache: Shutdown
[2017.07.28-10.15.38:804][343]LogModuleManager: Shutting down and abandoning module TargetPlatform (146)
[2017.07.28-10.15.38:804][343]LogModuleManager: Shutting down and abandoning module VulkanShaderFormat (145)
[2017.07.28-10.15.38:804][343]LogModuleManager: Shutting down and abandoning module ShaderFormatVectorVM (143)
[2017.07.28-10.15.38:804][343]LogModuleManager: Shutting down and abandoning module ShaderFormatOpenGL (141)
[2017.07.28-10.15.38:804][343]LogModuleManager: Shutting down and abandoning module ShaderFormatD3D (139)
[2017.07.28-10.15.38:804][343]LogModuleManager: Shutting down and abandoning module MetalShaderFormat (137)
[2017.07.28-10.15.38:804][343]LogModuleManager: Shutting down and abandoning module TextureFormatUncompressed (135)
[2017.07.28-10.15.38:804][343]LogModuleManager: Shutting down and abandoning module TextureFormatPVR (133)
[2017.07.28-10.15.38:804][343]LogModuleManager: Shutting down and abandoning module TextureFormatDXT (131)
[2017.07.28-10.15.38:804][343]LogModuleManager: Shutting down and abandoning module TextureFormatIntelISPCTexComp (129)
[2017.07.28-10.15.38:805][343]LogModuleManager: Shutting down and abandoning module TextureFormatASTC (127)
[2017.07.28-10.15.38:805][343]LogModuleManager: Shutting down and abandoning module ImageWrapper (126)
[2017.07.28-10.15.38:805][343]LogModuleManager: Shutting down and abandoning module TextureFormatAndroid (123)
[2017.07.28-10.15.38:805][343]LogModuleManager: Shutting down and abandoning module AudioFormatOpus (121)
[2017.07.28-10.15.38:805][343]LogModuleManager: Shutting down and abandoning module AudioFormatOgg (119)
[2017.07.28-10.15.38:805][343]LogModuleManager: Shutting down and abandoning module AudioFormatADPCM (117)
[2017.07.28-10.15.38:805][343]LogModuleManager: Shutting down and abandoning module LinuxTargetPlatform (115)
[2017.07.28-10.15.38:805][343]LogModuleManager: Shutting down and abandoning module LinuxServerTargetPlatform (113)
[2017.07.28-10.15.38:805][343]LogModuleManager: Shutting down and abandoning module LinuxNoEditorTargetPlatform (111)
[2017.07.28-10.15.38:805][343]LogModuleManager: Shutting down and abandoning module LinuxClientTargetPlatform (109)
[2017.07.28-10.15.38:805][343]LogModuleManager: Shutting down and abandoning module TVOSTargetPlatform (107)
[2017.07.28-10.15.38:805][343]LogModuleManager: Shutting down and abandoning module Messaging (105)
[2017.07.28-10.15.38:805][343]LogModuleManager: Shutting down and abandoning module IOSTargetPlatform (103)
[2017.07.28-10.15.38:805][343]LogModuleManager: Shutting down and abandoning module HTML5TargetPlatform (101)
[2017.07.28-10.15.38:805][343]LogModuleManager: Shutting down and abandoning module Android_PVRTCTargetPlatform (99)
[2017.07.28-10.15.38:805][343]LogModuleManager: Shutting down and abandoning module Android_MultiTargetPlatform (97)
[2017.07.28-10.15.38:805][343]LogModuleManager: Shutting down and abandoning module Android_ETC2TargetPlatform (95)
[2017.07.28-10.15.38:805][343]LogModuleManager: Shutting down and abandoning module Android_ETC1TargetPlatform (93)
[2017.07.28-10.15.38:805][343]LogModuleManager: Shutting down and abandoning module Android_DXTTargetPlatform (91)
[2017.07.28-10.15.38:805][343]LogModuleManager: Shutting down and abandoning module Android_ATCTargetPlatform (89)
[2017.07.28-10.15.38:805][343]LogModuleManager: Shutting down and abandoning module Android_ASTCTargetPlatform (87)
[2017.07.28-10.15.38:805][343]LogModuleManager: Shutting down and abandoning module AndroidTargetPlatform (85)
[2017.07.28-10.15.38:805][343]LogModuleManager: Shutting down and abandoning module WindowsTargetPlatform (83)
[2017.07.28-10.15.38:805][343]LogModuleManager: Shutting down and abandoning module WindowsServerTargetPlatform (81)
[2017.07.28-10.15.38:805][343]LogModuleManager: Shutting down and abandoning module WindowsNoEditorTargetPlatform (79)
[2017.07.28-10.15.38:805][343]LogModuleManager: Shutting down and abandoning module WindowsClientTargetPlatform (77)
[2017.07.28-10.15.38:805][343]LogModuleManager: Shutting down and abandoning module MacTargetPlatform (75)
[2017.07.28-10.15.38:805][343]LogModuleManager: Shutting down and abandoning module MacServerTargetPlatform (73)
[2017.07.28-10.15.38:805][343]LogModuleManager: Shutting down and abandoning module MacNoEditorTargetPlatform (71)
[2017.07.28-10.15.38:805][343]LogModuleManager: Shutting down and abandoning module MacClientTargetPlatform (69)
[2017.07.28-10.15.38:805][343]LogModuleManager: Shutting down and abandoning module AllDesktopTargetPlatform (67)
[2017.07.28-10.15.38:805][343]LogModuleManager: Shutting down and abandoning module InputCore (64)
[2017.07.28-10.15.38:805][343]LogModuleManager: Shutting down and abandoning module Settings (62)
[2017.07.28-10.15.38:805][343]LogModuleManager: Shutting down and abandoning module OculusRift (60)
[2017.07.28-10.15.38:805][343]LogModuleManager: Shutting down and abandoning module GearVRController (58)
[2017.07.28-10.15.38:805][343]LogModuleManager: Shutting down and abandoning module GearVR (56)
[2017.07.28-10.15.38:805][343]LogModuleManager: Shutting down and abandoning module ExampleDeviceProfileSelector (54)
[2017.07.28-10.15.38:805][343]LogModuleManager: Shutting down and abandoning module OnlineBlueprintSupport (52)
[2017.07.28-10.15.38:805][343]LogModuleManager: Shutting down and abandoning module OnlineSubsystem (48)
[2017.07.28-10.15.38:805][343]LogOnline:Display: OSS: FOnlineSubsystemNull::Shutdown()
[2017.07.28-10.15.38:805][343]LogOnline:Display: OSS: FOnlineAsyncTaskManager::Stop() ActiveTask:0000000000000000 Tasks[0/0]
[2017.07.28-10.15.38:806][343]LogOnline:Display: OSS: FOnlineAsyncTaskManager::Exit() started
[2017.07.28-10.15.38:806][343]LogOnline:Display: OSS: FOnlineAsyncTaskManager::Exit() finished
[2017.07.28-10.15.38:806][343]LogOnline:Display: Unloading online subsystem: NULL
[2017.07.28-10.15.38:806][343]LogModuleManager: Shutting down and abandoning module XMPP (43)
[2017.07.28-10.15.38:806][343]LogModuleManager: Shutting down and abandoning module HTTP (41)
[2017.07.28-10.15.38:806][343]LogHttp:Display: Http module shutting down, but needs to wait on 1 outstanding Http requests:
[2017.07.28-10.15.38:806][343]LogHttp:Display: 	verb=[POST] url=[https://datarouter.ol.epicgames.com/datarouter/api/v1/public/data?SessionID=%7B50936AE5-443B-B430-146A-F9B268E54648%7D&AppID=UEEditor.Rocket.Release&AppVersion=4.16.2-3514769%2B%2B%2BUE4%2BRelease-4.16&UserID=9cdb6abd4f65134a51c37098b934dbff%7C6ce5f8b521c2485a8192789e2da115f6%7C46d3f44d-63df-4a07-8aa5-53a73837930d&AppEnvironment=datacollector-binary&UploadType=eteventstream] status=Processing
[2017.07.28-10.15.38:826][343]LogModuleManager: Shutting down and abandoning module SSL (40)
[2017.07.28-10.15.38:832][343]LogModuleManager: Shutting down and abandoning module HTTPChunkInstaller (36)
[2017.07.28-10.15.38:832][343]LogModuleManager: Shutting down and abandoning module AnimationModifiers (34)
[2017.07.28-10.15.38:836][343]LogModuleManager: Shutting down and abandoning module PropertyEditor (33)
[2017.07.28-10.15.38:836][343]LogModuleManager: Shutting down and abandoning module AudioEditor (30)
[2017.07.28-10.15.38:836][343]LogModuleManager: Shutting down and abandoning module TextureCompressor (28)
[2017.07.28-10.15.38:836][343]LogModuleManager: Shutting down and abandoning module ShaderCore (26)
[2017.07.28-10.15.38:836][343]LogModuleManager: Shutting down and abandoning module Landscape (24)
[2017.07.28-10.15.38:836][343]LogModuleManager: Shutting down and abandoning module SlateRHIRenderer (22)
[2017.07.28-10.15.38:837][343]LogModuleManager: Shutting down and abandoning module OpenGLDrv (20)
[2017.07.28-10.15.38:837][343]LogModuleManager: Shutting down and abandoning module D3D11RHI (18)
[2017.07.28-10.15.38:837][343]LogModuleManager: Shutting down and abandoning module AnimGraphRuntime (16)
[2017.07.28-10.15.38:837][343]LogModuleManager: Shutting down and abandoning module Renderer (14)
[2017.07.28-10.15.38:837][343]LogModuleManager: Shutting down and abandoning module Engine (12)
[2017.07.28-10.15.38:838][343]LogModuleManager: Shutting down and abandoning module CoreUObject (10)
[2017.07.28-10.15.38:838][343]LogModuleManager: Shutting down and abandoning module NetworkFile (8)
[2017.07.28-10.15.38:838][343]LogModuleManager: Shutting down and abandoning module StreamingFile (6)
[2017.07.28-10.15.38:838][343]LogModuleManager: Shutting down and abandoning module SandboxFile (4)
[2017.07.28-10.15.38:838][343]LogModuleManager: Shutting down and abandoning module PakFile (2)
[2017.07.28-10.15.38:839][343]LogExit: Exiting.
[2017.07.28-10.15.38:881][343]Log file closed, 07/28/17 12:15:38
