Log file open, 07/28/17 13:32:27
LogInit:Display: Running engine for game: RTS
LogPlatformFile: Not using cached read wrapper
LogInit:Display: RandInit(-1616213778) SRandInit(-1616213778).
LogTaskGraph: Started task graph with 5 named threads and 8 total threads with 1 sets of task threads.
LogStats: Stats thread started at 0.114274
LogInit: Using libcurl 7.47.1
LogInit:  - built for x86_64-pc-win32
LogInit:  - supports SSL with OpenSSL/1.0.2g
LogInit:  - supports HTTP deflate (compression) using libz 1.2.8
LogInit:  - other features:
LogInit:      CURL_VERSION_SSL
LogInit:      CURL_VERSION_LIBZ
LogInit:      CURL_VERSION_IPV6
LogInit:      CURL_VERSION_ASYNCHDNS
LogInit:      CURL_VERSION_LARGEFILE
LogInit:      CURL_VERSION_IDN
LogInit:  CurlRequestOptions (configurable via config and command line):
LogInit:  - bVerifyPeer = false  - Libcurl will NOT verify peer certificate
LogInit:  - bUseHttpProxy = false  - Libcurl will NOT use HTTP proxy
LogInit:  - bDontReuseConnections = false  - Libcurl will reuse connections
LogInit:  - CertBundlePath = nullptr  - Libcurl will use whatever was configured at build time.
LogInit: WinSock: version 1.1 (2.2), MaxSocks=32767, MaxUdp=65467
LogInit: Build: ++UE4+Release-4.16-CL-3514769
LogInit: Engine Version: 4.16.2-3514769+++UE4+Release-4.16
LogInit: Compatible Engine Version: 4.16.0-3452394+++UE4+Release-4.16
LogInit: Net CL: 3452394
LogDevObjectVersion: Number of dev versions registered: 16
LogDevObjectVersion:   Dev-Blueprints (B0D832E4-1F89-4F0D-ACCF-7EB736FD4AA2): 9
LogDevObjectVersion:   Dev-Build (E1C64328-A22C-4D53-A36C-8E866417BD8C): 0
LogDevObjectVersion:   Dev-Core (375EC13C-06E4-48FB-B500-84F0262A717E): 2
LogDevObjectVersion:   Dev-Editor (E4B068ED-F494-42E9-A231-DA0B2E46BB41): 17
LogDevObjectVersion:   Dev-Framework (CFFC743F-43B0-4480-9391-14DF171D2073): 23
LogDevObjectVersion:   Dev-Mobile (B02B49B5-BB20-44E9-A304-32B752E40360): 0
LogDevObjectVersion:   Dev-Networking (A4E4105C-59A1-49B5-A7C5-40C4547EDFEE): 0
LogDevObjectVersion:   Dev-Online (39C831C9-5AE6-47DC-9A44-9C173E1C8E7C): 0
LogDevObjectVersion:   Dev-Physics (78F01B33-EBEA-4F98-B9B4-84EACCB95AA2): 0
LogDevObjectVersion:   Dev-Platform (6631380F-2D4D-43E0-8009-CF276956A95A): 0
LogDevObjectVersion:   Dev-Rendering (12F88B9F-8875-4AFC-A67C-D90C383ABD29): 15
LogDevObjectVersion:   Dev-Sequencer (7B5AE74C-D270-4C10-A958-57980B212A5A): 4
LogDevObjectVersion:   Dev-VR (D7296918-1DD6-4BDD-9DE2-64A83CC13884): 0
LogDevObjectVersion:   Dev-LoadTimes (C2A15278-BFE7-4AFE-6C17-90FF531DF755): 1
LogDevObjectVersion:   Private-Geometry (6EACA3D4-40EC-4CC1-B786-8BED09428FC5): 1
LogDevObjectVersion:   Dev-AnimPhys (29E575DD-E0A3-4627-9D10-D276232CDCEA): 3
LogInit: Compiled (64-bit): Jun 29 2017 02:03:24
LogInit: Compiled with Visual C++: 19.00.24215.01
LogInit: Build Configuration: Development
LogInit: Branch Name: ++UE4+Release-4.16
LogInit: Command line:  /Temp/Autosaves/Game/Maps/UEDPCMenuMap -game -PIEVIACONSOLE -ResX=1280 -ResY=720  -Multiprocess -messaging -SessionName="Play in Standalone Game" -windowed 
LogInit: Base directory: C:/Program Files/Epic Games/UE_4.16/Engine/Binaries/Win64/
LogInit: Installed Engine Build: 1
LogInit: Presizing for max 8388607 objects, including 0 objects not considered by GC, pre-allocating 0 bytes for permanent pool.
LogInit: Object subsystem initialized
[2017.07.28-11.32.27:553][  0]LogInit: Selected Device Profile: [Windows]
[2017.07.28-11.32.27:553][  0]LogInit: Applying CVar settings loaded from the selected device profile: [Windows]
[2017.07.28-11.32.27:556][  0]LogInit: Computer: DESKTOP-DQLM8VC
[2017.07.28-11.32.27:556][  0]LogInit: User: jmj19
[2017.07.28-11.32.27:556][  0]LogInit: CPU Page size=4096, Cores=4
[2017.07.28-11.32.27:556][  0]LogInit: High frequency timer resolution =3.703126 MHz
[2017.07.28-11.32.27:556][  0]LogMemory: Memory total: Physical=15.9GB (16GB approx)
[2017.07.28-11.32.27:556][  0]LogMemory: Platform Memory Stats for Windows
[2017.07.28-11.32.27:556][  0]LogMemory: Process Physical Memory: 273.37 MB used, 273.37 MB peak
[2017.07.28-11.32.27:556][  0]LogMemory: Process Virtual Memory: 266.70 MB used, 266.70 MB peak
[2017.07.28-11.32.27:556][  0]LogMemory: Physical Memory: 8135.41 MB used,  8191.95 MB free, 16327.37 MB total
[2017.07.28-11.32.27:556][  0]LogMemory: Virtual Memory: 645.12 MB used,  8191.95 MB free, 134217728.00 MB total
[2017.07.28-11.32.27:608][  0]LogInit: Using OS detected language (da-DK).
[2017.07.28-11.32.27:608][  0]LogInit: Using OS detected locale (da-DK).
[2017.07.28-11.32.27:610][  0]LogTextLocalizationManager: No localization for 'da-DK' exists, so 'en' will be used for the language.
[2017.07.28-11.32.27:610][  0]LogTextLocalizationManager: No localization for 'da-DK' exists, so 'en' will be used for the locale.
[2017.07.28-11.32.28:158][  0]LogD3D11RHI: D3D11 adapters:
[2017.07.28-11.32.28:595][  0]LogD3D11RHI:    0. 'NVIDIA GeForce GTX 1080 Ti' (Feature Level 11_0)
[2017.07.28-11.32.28:595][  0]LogD3D11RHI:       11117/0/8163 MB DedicatedVideo/DedicatedSystem/SharedSystem, Outputs:1, VendorId:0x10de
[2017.07.28-11.32.28:596][  0]LogD3D11RHI:    1. 'Microsoft Basic Render Driver' (Feature Level 11_0)
[2017.07.28-11.32.28:596][  0]LogD3D11RHI:       0/0/8163 MB DedicatedVideo/DedicatedSystem/SharedSystem, Outputs:0, VendorId:0x1414
[2017.07.28-11.32.28:596][  0]LogD3D11RHI: Chosen D3D11 Adapter: 0
[2017.07.28-11.32.28:600][  0]LogD3D11RHI: Creating new Direct3DDevice
[2017.07.28-11.32.28:600][  0]LogD3D11RHI:     GPU DeviceId: 0x1b06 (for the marketing name, search the web for "GPU Device Id")
[2017.07.28-11.32.28:600][  0]LogWindows: EnumDisplayDevices:
[2017.07.28-11.32.28:600][  0]LogWindows:    0. 'NVIDIA GeForce GTX 1080 Ti' (P:1 D:1)
[2017.07.28-11.32.28:601][  0]LogWindows:    1. 'NVIDIA GeForce GTX 1080 Ti' (P:0 D:0)
[2017.07.28-11.32.28:601][  0]LogWindows:    2. 'NVIDIA GeForce GTX 1080 Ti' (P:0 D:0)
[2017.07.28-11.32.28:601][  0]LogWindows:    3. 'NVIDIA GeForce GTX 1080 Ti' (P:0 D:0)
[2017.07.28-11.32.28:601][  0]LogWindows: DebugString: FoundDriverCount:4 
[2017.07.28-11.32.28:601][  0]LogD3D11RHI:     Adapter Name: NVIDIA GeForce GTX 1080 Ti
[2017.07.28-11.32.28:601][  0]LogD3D11RHI:   Driver Version: 384.76 (internal:22.21.13.8476, unified:384.76)
[2017.07.28-11.32.28:601][  0]LogD3D11RHI:      Driver Date: 6-27-2017
[2017.07.28-11.32.28:601][  0]LogRHI: Texture pool is 1361 MB (70% of 1945 MB)
[2017.07.28-11.32.29:019][  0]LogD3D11RHI: Async texture creation enabled
[2017.07.28-11.32.29:101][  0]LogD3D11RHI: GPU Timing Frequency: 1000.000000 (Debug: 2 2)
[2017.07.28-11.32.29:143][  0]LogShaderCompilers: Guid format shader working directory is -10 characters bigger than the processId version (../../../../../../Users/jmj19/Documents/GitHub/RTS2/RTS/Intermediate/Shaders/WorkingDirectory/21040/).
[2017.07.28-11.32.29:143][  0]LogShaderCompilers: Cleaned the shader compiler working directory 'C:/Users/jmj19/AppData/Local/Temp/UnrealShaderWorkingDir/5975F66044B8C016DB6C0D965C5FE6A9/'.
[2017.07.28-11.32.29:143][  0]LogShaderCompilers:Display: Using Local Shader Compiler.
[2017.07.28-11.32.30:020][  0]LogTemp:Display: Loaded TP WindowsClientTargetPlatform
[2017.07.28-11.32.30:054][  0]LogTemp:Display: Loaded TP WindowsNoEditorTargetPlatform
[2017.07.28-11.32.30:090][  0]LogTemp:Display: Loaded TP WindowsServerTargetPlatform
[2017.07.28-11.32.30:125][  0]LogTemp:Display: Loaded TP WindowsTargetPlatform
[2017.07.28-11.32.30:125][  0]LogTargetPlatformManager:Display: Building Assets For Windows
[2017.07.28-11.32.30:456][  0]LogDerivedDataCache:Display: Max Cache Size: 512 MB
[2017.07.28-11.32.30:529][  0]LogDerivedDataCache: Loaded boot cache 0.07s 90MB C:/Users/jmj19/AppData/Local/UnrealEngine/4.16/DerivedDataCache/Boot.ddc.
[2017.07.28-11.32.30:529][  0]LogDerivedDataCache:Display: Loaded Boot cache: C:/Users/jmj19/AppData/Local/UnrealEngine/4.16/DerivedDataCache/Boot.ddc
[2017.07.28-11.32.30:529][  0]LogDerivedDataCache: FDerivedDataBackendGraph:  Pak pak cache file ../../../../../../Users/jmj19/Documents/GitHub/RTS2/RTS/DerivedDataCache/DDC.ddp not found, will not use a pak cache.
[2017.07.28-11.32.30:529][  0]LogDerivedDataCache: Unable to find inner node Pak for hierarchical cache Hierarchy.
[2017.07.28-11.32.30:529][  0]LogDerivedDataCache: FDerivedDataBackendGraph:  CompressedPak pak cache file ../../../../../../Users/jmj19/Documents/GitHub/RTS2/RTS/DerivedDataCache/Compressed.ddp not found, will not use a pak cache.
[2017.07.28-11.32.30:529][  0]LogDerivedDataCache: Unable to find inner node CompressedPak for hierarchical cache Hierarchy.
[2017.07.28-11.32.30:541][  0]LogDerivedDataCache:Display: Pak cache opened for reading ../../../Engine/DerivedDataCache/Compressed.ddp.
[2017.07.28-11.32.30:552][  0]LogDerivedDataCache: Using Local data cache path C:/Users/jmj19/AppData/Local/UnrealEngine/Common/DerivedDataCache: Writable
[2017.07.28-11.32.30:559][  0]LogMaterial: Verifying Global Shaders for PCD3D_SM5
[2017.07.28-11.32.30:559][  0]LogSlate: Using Freetype 2.6.0
[2017.07.28-11.32.30:560][  0]LogSlate: SlateFontCache - WITH_FREETYPE: 1, WITH_HARFBUZZ: 1
[2017.07.28-11.32.30:560][  0]LogSlate: SlateFontCache - WITH_FREETYPE: 1, WITH_HARFBUZZ: 1
[2017.07.28-11.32.30:733][  0]LogAssetRegistry: FAssetRegistry took 0.0026 seconds to start up
[2017.07.28-11.32.30:737][  0]LogPackageLocalizationCache: Processed 4 localized package path(s) for 1 prioritized culture(s) in 0.003259 seconds
[2017.07.28-11.32.30:794][  0]LogInit: Selected Device Profile: [Windows]
[2017.07.28-11.32.30:840][  0]LogContentStreaming: Texture pool size is 1000.00 MB
[2017.07.28-11.32.30:948][  0]LogMeshUtilities: Using QuadricMeshReduction for automatic static mesh reduction
[2017.07.28-11.32.30:978][  0]LogSimplygon: Simplygon DLL not present - disabling.
[2017.07.28-11.32.31:009][  0]LogMeshUtilities: Using SimplygonSwarm for distributed automatic mesh merging
[2017.07.28-11.32.31:009][  0]LogMeshUtilities: No automatic skeletal mesh reduction module available
[2017.07.28-11.32.31:009][  0]LogMeshUtilities: No automatic mesh merging module available
[2017.07.28-11.32.31:342][  0]LogNetVersion: RTS , NetCL: 3452394, EngineNetVer: 2, GameNetVer: 0 (Checksum: 2270150060)
[2017.07.28-11.32.32:078][  0]LogMoviePlayer: Initializing movie player
[2017.07.28-11.32.32:123][  0]LogWindowsTextInputMethodSystem:Display: IME system now deactivated.
[2017.07.28-11.32.32:298][  0]LogCollectionManager: Loaded 0 collections in 0.000915 seconds
[2017.07.28-11.32.32:344][  0]LogFileCache: Scanning file cache for directory 'C:/Users/jmj19/Documents/GitHub/RTS2/RTS/Saved/Collections/' took 0.01s
[2017.07.28-11.32.32:344][  0]LogFileCache: Scanning file cache for directory 'C:/Users/jmj19/Documents/GitHub/RTS2/RTS/Content/Developers/jmj19/Collections/' took 0.01s
[2017.07.28-11.32.32:344][  0]LogFileCache: Scanning file cache for directory 'C:/Users/jmj19/Documents/GitHub/RTS2/RTS/Content/Collections/' took 0.01s
[2017.07.28-11.32.32:344][  0]LogCollectionManager: Rebuilt the object cache for 0 collections in 0.000001 seconds (found 0 objects)
[2017.07.28-11.32.32:344][  0]LogCollectionManager: Fixed up redirectors for 0 collections in 0.000023 seconds (updated 0 objects)
[2017.07.28-11.32.32:519][  0]LogTcpMessaging: Initializing TcpMessaging bridge
[2017.07.28-11.32.32:554][  0]LogUdpMessaging: Initializing bridge on interface 0.0.0.0:0 to multicast group 230.0.0.1:6666.
[2017.07.28-11.32.32:966][  0]SourceControl: Info Source control is disabled
[2017.07.28-11.32.32:966][  0]SourceControl: Info Source control is disabled
[2017.07.28-11.32.32:997][  0]SourceControl: Info Source control is disabled
[2017.07.28-11.32.33:137][  0]LogAndroidPermission: UAndroidPermissionCallbackProxy::GetInstance
[2017.07.28-11.32.33:421][  0]LogUObjectArray: 37220 objects as part of root set at end of initial load.
[2017.07.28-11.32.33:421][  0]LogUObjectAllocator: 8398848 out of 0 bytes used by permanent object pool.
[2017.07.28-11.32.33:421][  0]LogUObjectArray: CloseDisregardForGC: 0/0 objects in disregard for GC pool
[2017.07.28-11.32.33:496][  0]LogEngine: Initializing Engine...
[2017.07.28-11.32.33:496][  0]LogHMD: Failed to initialize OpenVR with code 110
[2017.07.28-11.32.33:630][  0]LogStats: UGameplayTagsManager::ConstructGameplayTagTree: Construct from data asset -  0.000 s
[2017.07.28-11.32.33:630][  0]LogStats: UGameplayTagsManager::ConstructGameplayTagTree: GameplayTagTreeChangedEvent.Broadcast -  0.000 s
[2017.07.28-11.32.33:640][  0]LogInit: XAudio2 using 'Højttalere (G510 Gaming Keyboard)' : 2 channels at 48 kHz using 16 bits per sample (channel mask 0x3)
[2017.07.28-11.32.33:650][  0]LogInit: FAudioDevice initialized.
[2017.07.28-11.32.33:671][  0]LogInit: Texture streaming: Enabled
[2017.07.28-11.32.33:681][  0]LogMaterial: Uniform references updated for custom material expression Custom.
[2017.07.28-11.32.33:855][  0]LogSlateStyle:Warning: Unable to find Slate Widget Style 'NormalText'. Using FTextBlockStyle defaults instead.
[2017.07.28-11.32.33:855][  0]LogSlateStyle:Warning: Unable to find Slate Widget Style 'SpinBox'. Using FSpinBoxStyle defaults instead.
[2017.07.28-11.32.34:010][  0]LogInit:Display: Game Engine Initialized.
[2017.07.28-11.32.34:111][  0]LogInit:Display: Starting Game.
[2017.07.28-11.32.34:111][  0]LogNet: Browse: /Temp/Autosaves/Game/Maps/UEDPCMenuMap?Name=Player
[2017.07.28-11.32.34:111][  0]LogLoad: LoadMap: /Temp/Autosaves/Game/Maps/UEDPCMenuMap?Name=Player
[2017.07.28-11.32.34:123][  0]LogMemory: Platform Memory Stats for Windows
[2017.07.28-11.32.34:123][  0]LogMemory: Process Physical Memory: 811.39 MB used, 911.75 MB peak
[2017.07.28-11.32.34:123][  0]LogMemory: Process Virtual Memory: 916.58 MB used, 970.83 MB peak
[2017.07.28-11.32.34:123][  0]LogMemory: Physical Memory: 8452.89 MB used,  7874.47 MB free, 16327.37 MB total
[2017.07.28-11.32.34:123][  0]LogMemory: Virtual Memory: 1586.00 MB used,  7874.47 MB free, 134217728.00 MB total
[2017.07.28-11.32.34:123][  0]LogMemory: 
[2017.07.28-11.32.34:123][  0]Allocator Stats for TBB: (not implemented)
[2017.07.28-11.32.34:228][  0]LogAIModule: Creating AISystem for world MenuMap
[2017.07.28-11.32.34:228][  0]LogLoad: Game class is 'BP_GameMode_Menu_C'
[2017.07.28-11.32.34:229][  0]LogWorld: Bringing World /Temp/Autosaves/Game/Maps/UEDPCMenuMap.MenuMap up for play (max tick rate 0) at 2017.07.28-13.32.34
[2017.07.28-11.32.34:229][  0]LogWorld: Bringing up level for play took: 0.000378
[2017.07.28-11.32.34:245][  0]LogLoad: Took 0.133738 seconds to LoadMap(/Temp/Autosaves/Game/Maps/UEDPCMenuMap)
[2017.07.28-11.32.34:413][  0]LogRenderer: Reallocating scene render targets to support 1280x720 NumSamples 1 (Frame:1).
[2017.07.28-11.32.34:413][  0]LogLoad: (Engine Initialization) Total time: 7.95 seconds
[2017.07.28-11.32.34:413][  0]LogLoad: (Engine Initialization) Total Blueprint compile time: 0.05 seconds
[2017.07.28-11.32.34:413][  0]LogExternalProfiler: No external profilers were discovered.  External profiling features will not be available.
[2017.07.28-11.32.34:430][  0]LogOcInput: OculusInput pre-init called
[2017.07.28-11.32.34:430][  0]LogHMD: Starting GearVRController plugin
[2017.07.28-11.32.48:250][856]LogInit: WinSock: I am DESKTOP-DQLM8VC (192.168.1.14:0)
[2017.07.28-11.32.53:247][165]LogScript:Warning: Attempted to access index 0 from array Temp_struct_Variable of length 0!
	BP_GameInstance_C /Engine/Transient.GameEngine_0:BP_GameInstance_C_0
	Function /Game/Blueprints/BP_GameInstance.BP_GameInstance_C:ExecuteUbergraph_BP_GameInstance:028C
[2017.07.28-11.32.53:247][165]LogScript:Warning: Script call stack:
	Function /Game/Blueprints/BP_GameInstance.BP_GameInstance_C:OnSuccess_88B5A99241FD1042DD492680170859E9
	Function /Game/Blueprints/BP_GameInstance.BP_GameInstance_C:ExecuteUbergraph_BP_GameInstance

[2017.07.28-11.32.53:247][165]LogBlueprintUserMessages: [BP_GameInstance_C_0] Could not join lobby
[2017.07.28-11.33.03:162][779]LogBlueprintUserMessages: [BP_GameInstance_C_0] Lobby has been joined
[2017.07.28-11.33.03:177][779]LogNet: Browse: 192.168.1.13//Game/Maps/MenuMap
[2017.07.28-11.33.03:177][779]LogTemp:Display: ParseSettings for GameNetDriver
[2017.07.28-11.33.03:177][779]LogTemp:Display: ParseSettings for IpNetDriver_0
[2017.07.28-11.33.03:177][779]LogTemp:Display: ParseSettings for PendingNetDriver
[2017.07.28-11.33.03:177][779]LogInit: WinSock: Socket queue 32768 / 32768
[2017.07.28-11.33.03:178][779]PacketHandlerLog: Loaded PacketHandler component: Engine.EngineHandlerComponentFactory (StatelessConnectHandlerComponent)
[2017.07.28-11.33.03:178][779]LogNet: Game client on port 7777, rate 10000
[2017.07.28-11.33.03:178][779]LogNetVersion: RTS 1.0.0.0, NetCL: 3452394, EngineNetVer: 2, GameNetVer: 0 (Checksum: 2665052696)
[2017.07.28-11.33.03:178][779]LogNet: UPendingNetGame::InitNetDriver: Sending hello. [UNetConnection] RemoteAddr: 192.168.1.13:7777, Name: IpConnection_0, Driver: PendingNetDriver IpNetDriver_0, IsServer: NO, PC: NULL, Owner: NULL
[2017.07.28-11.33.03:209][781]LogHandshake: SendChallengeResponse. Timestamp: 47.929260, Cookie: 107026093071168157202109021056018185194189007130047106158213
[2017.07.28-11.33.03:306][787]LogNet: Welcomed by server (Level: /Game/Maps/LobbyMap, Game: /Game/Blueprints/Menu/BP_GameMode_Lobby.BP_GameMode_Lobby_C)
[2017.07.28-11.33.03:307][787]LogLoad: LoadMap: 192.168.1.13//Game/Maps/LobbyMap?game=/Game/Blueprints/Menu/BP_GameMode_Lobby.BP_GameMode_Lobby_C
[2017.07.28-11.33.03:353][787]LogMemory: Platform Memory Stats for Windows
[2017.07.28-11.33.03:353][787]LogMemory: Process Physical Memory: 740.61 MB used, 911.75 MB peak
[2017.07.28-11.33.03:353][787]LogMemory: Process Virtual Memory: 961.35 MB used, 1124.55 MB peak
[2017.07.28-11.33.03:353][787]LogMemory: Physical Memory: 8345.52 MB used,  7981.85 MB free, 16327.37 MB total
[2017.07.28-11.33.03:353][787]LogMemory: Virtual Memory: 1726.52 MB used,  7981.85 MB free, 134217728.00 MB total
[2017.07.28-11.33.03:353][787]LogMemory: 
[2017.07.28-11.33.03:353][787]Allocator Stats for TBB: (not implemented)
[2017.07.28-11.33.03:388][787]LogAIModule: Creating AISystem for world LobbyMap
[2017.07.28-11.33.03:388][787]LogTemp:Display: ParseSettings for GameNetDriver
[2017.07.28-11.33.03:389][787]LogWorld: Bringing World /Game/Maps/LobbyMap.LobbyMap up for play (max tick rate 0) at 2017.07.28-13.33.03
[2017.07.28-11.33.03:389][787]LogWorld: Bringing up level for play took: 0.000392
[2017.07.28-11.33.03:390][787]LogLoad: Took 0.082632 seconds to LoadMap(/Game/Maps/LobbyMap)
[2017.07.28-11.33.07:859][ 63]LogNet:Warning: Network Failure: GameNetDriver[FailureReceived]: Host closed the connection.
[2017.07.28-11.33.07:859][ 63]LogNet: NetworkFailure: FailureReceived, Error: 'Host closed the connection.'
[2017.07.28-11.33.07:859][ 63]LogNet: UNetConnection::Close: [UNetConnection] RemoteAddr: 192.168.1.13:7777, Name: IpConnection_0, Driver: GameNetDriver IpNetDriver_0, IsServer: NO, PC: BP_PlayerController_Lobby_C_0, Owner: BP_PlayerController_Lobby_C_0, Channels: 10, Time: 2017.07.28-11.33.07
[2017.07.28-11.33.07:859][ 63]LogNet: UChannel::Close: Sending CloseBunch. ChIndex == 0. Name: [UChannel] ChIndex: 0, Closing: 0 [UNetConnection] RemoteAddr: 192.168.1.13:7777, Name: IpConnection_0, Driver: GameNetDriver IpNetDriver_0, IsServer: NO, PC: BP_PlayerController_Lobby_C_0, Owner: BP_PlayerController_Lobby_C_0
[2017.07.28-11.33.07:859][ 63]LogNet:Warning: Network Failure: GameNetDriver[ConnectionLost]: Your connection to the host has been lost.
[2017.07.28-11.33.07:859][ 63]LogNet: NetworkFailure: ConnectionLost, Error: 'Your connection to the host has been lost.'
[2017.07.28-11.33.07:875][ 64]LogNet: Browse: /Game/Maps/MenuMap?closed
[2017.07.28-11.33.07:875][ 64]LogNet: Failed; returning to Entry
[2017.07.28-11.33.07:875][ 64]LogLoad: LoadMap: /Game/Maps/MenuMap?closed
[2017.07.28-11.33.07:876][ 64]LogNet: World NetDriver shutdown IpNetDriver_0 [GameNetDriver]
[2017.07.28-11.33.07:876][ 64]LogNet: DestroyNamedNetDriver IpNetDriver_0 [GameNetDriver]
[2017.07.28-11.33.07:876][ 64]LogExit: GameNetDriver IpNetDriver_0 shut down
[2017.07.28-11.33.07:917][ 64]LogMemory: Platform Memory Stats for Windows
[2017.07.28-11.33.07:917][ 64]LogMemory: Process Physical Memory: 755.04 MB used, 911.75 MB peak
[2017.07.28-11.33.07:917][ 64]LogMemory: Process Virtual Memory: 989.21 MB used, 1124.55 MB peak
[2017.07.28-11.33.07:917][ 64]LogMemory: Physical Memory: 8354.00 MB used,  7973.36 MB free, 16327.37 MB total
[2017.07.28-11.33.07:917][ 64]LogMemory: Virtual Memory: 1705.83 MB used,  7973.36 MB free, 134217728.00 MB total
[2017.07.28-11.33.07:917][ 64]LogMemory: 
[2017.07.28-11.33.07:917][ 64]Allocator Stats for TBB: (not implemented)
[2017.07.28-11.33.07:957][ 64]LogAIModule: Creating AISystem for world MenuMap
[2017.07.28-11.33.07:957][ 64]LogLoad: Game class is 'BP_GameMode_Menu_C'
[2017.07.28-11.33.07:958][ 64]LogWorld: Bringing World /Game/Maps/MenuMap.MenuMap up for play (max tick rate 0) at 2017.07.28-13.33.07
[2017.07.28-11.33.07:958][ 64]LogWorld: Bringing up level for play took: 0.000422
[2017.07.28-11.33.07:959][ 64]LogGameMode: FindPlayerStart: PATHS NOT DEFINED or NO PLAYERSTART with positive rating
[2017.07.28-11.33.07:961][ 64]LogLoad: Took 0.085191 seconds to LoadMap(/Game/Maps/MenuMap)
[2017.07.28-11.34.18:675][436]LogEngine: All Windows Closed
[2017.07.28-11.34.18:675][436]LogWindows: FPlatformMisc::RequestExit(0)
[2017.07.28-11.34.19:516][437]LogExit: Preparing to exit.
[2017.07.28-11.34.19:516][437]LogMoviePlayer: Shutting down movie player
